# Bundle file v0.3
27 186
5.3200000000e+02 0.0000000000e+00 0.0000000000e+00
9.9973871127e-01 -3.9471279192e-03 -2.2515091888e-02
3.9526491257e-03 9.9999216811e-01 2.0072480078e-04
2.2514123266e-02 -2.8966661192e-04 9.9974648304e-01
-3.5146040165e-02 1.7849557081e-01 5.4093355939e-01
5.3200000000e+02 0.0000000000e+00 0.0000000000e+00
9.4593489750e-01 1.4623842144e-01 -2.8951941867e-01
-1.2906546525e-01 9.8859087011e-01 7.7654344427e-02
2.9757230276e-01 -3.6088995868e-02 9.5401693329e-01
-6.6095457573e-01 4.2188870199e-01 3.4205721018e-01
0 0 0
0 0 0
0 0 0
0 0 0
0 0 0
0 0 0
0 0 0
0 0 0
0 0 0
0 0 0
0 0 0
0 0 0
0 0 0
0 0 0
0 0 0
0 0 0
0 0 0
0 0 0
0 0 0
0 0 0
0 0 0
0 0 0
0 0 0
0 0 0
0 0 0
0 0 0
0 0 0
0 0 0
0 0 0
0 0 0
0 0 0
0 0 0
0 0 0
0 0 0
0 0 0
0 0 0
0 0 0
0 0 0
0 0 0
0 0 0
0 0 0
0 0 0
0 0 0
0 0 0
0 0 0
5.3200000000e+02 0.0000000000e+00 0.0000000000e+00
8.9711955688e-01 -3.0817675867e-01 3.1654950022e-01
3.0821238979e-01 9.4993256648e-01 5.1315123632e-02
-3.1651480763e-01 5.1528676975e-02 9.4718697837e-01
7.5454888561e-01 4.3653151975e-01 5.2471757051e-01
5.3200000000e+02 0.0000000000e+00 0.0000000000e+00
9.9115632000e-01 -5.7708326956e-02 -1.1949434433e-01
6.4709894476e-02 9.9635599658e-01 5.5563995917e-02
1.1585240129e-01 -6.2805072130e-02 9.9127884272e-01
-2.1694368956e-01 3.9537269085e-01 6.7744469544e-01
5.3200000000e+02 0.0000000000e+00 0.0000000000e+00
9.1619075300e-01 -3.0221933180e-01 2.6316910835e-01
2.6563230147e-01 9.4970070136e-01 1.6585553427e-01
-3.0005663552e-01 -8.2049090903e-02 9.5038621737e-01
6.2010647187e-01 6.0207947270e-01 4.2721303253e-01
0 0 0
0 0 0
0 0 0
0 0 0
0 0 0
0 0 0
0 0 0
0 0 0
0 0 0
0 0 0
0 0 0
0 0 0
0 0 0
0 0 0
0 0 0
0 0 0
0 0 0
0 0 0
0 0 0
0 0 0
0 0 0
0 0 0
0 0 0
0 0 0
0 0 0
0 0 0
0 0 0
0 0 0
0 0 0
0 0 0
0 0 0
0 0 0
0 0 0
0 0 0
0 0 0
0 0 0
0 0 0
0 0 0
0 0 0
0 0 0
0 0 0
0 0 0
0 0 0
0 0 0
0 0 0
5.3200000000e+02 0.0000000000e+00 0.0000000000e+00
8.4926508379e-01 1.9338684983e-01 -4.9127420425e-01
-4.1957609869e-02 9.5228043995e-01 3.0232684740e-01
5.2629685200e-01 -2.3614294399e-01 8.1685257763e-01
-1.0943949191e+00 7.6525667735e-01 3.8256657653e-02
5.3200000000e+02 0.0000000000e+00 0.0000000000e+00
9.9101347339e-01 -3.8188994460e-02 -1.2819475912e-01
6.2838421199e-02 9.7895827215e-01 1.9414436435e-01
1.1808314184e-01 -2.0045523712e-01 9.7256057371e-01
-2.5962191652e-01 6.8382228920e-01 4.2716936565e-01
0 0 0
0 0 0
0 0 0
0 0 0
0 0 0
0 0 0
0 0 0
0 0 0
0 0 0
0 0 0
-4.7361726301e-02 -6.4559375912e-02 -2.2533933838e+00
105 100 55
2 0 1 -32.7500 30.9500 1 1 -60.8000 87.8500
-4.7361726301e-02 -6.4559375912e-02 -2.2533933838e+00
105 100 55
2 0 2 -32.7500 30.9500 1 0 -60.8000 87.8500
-2.7089910003e-02 8.1126118612e-02 -2.1317299148e+00
32 41 33
2 0 7 -17.9900 188.6300 1 5 -58.9600 247.3300
-2.7089910003e-02 8.1126118612e-02 -2.1317299148e+00
32 41 33
2 0 8 -17.9900 188.6300 1 6 -58.9600 247.3300
-3.3069334859e-02 -7.0178325159e-02 -2.1771317165e+00
113 99 59
4 0 9 -21.9600 27.2000 1 11 -70.6000 97.1900 12 9 12.3500 144.2900 24 9 -13.7200 106.3700
4.7692226316e-02 -9.3103560938e-02 -2.2556358796e+00
19 19 17
5 0 13 57.9900 0.1000 1 15 17.4300 57.0000 12 13 109.1700 110.8700 23 17 31.5500 -87.3200 24 14 71.1900 68.6200
-1.4038522780e-01 -9.5364405172e-02 -2.2212710520e+00
18 17 14
5 0 14 -125.4500 -1.0600 1 18 -150.9200 77.3600 12 11 -94.5900 99.0400 23 18 -129.7900 -73.2000 24 13 -107.3300 63.2000
-1.2333988847e-01 1.9662380201e-02 -2.1225504216e+00
31 36 30
3 0 16 -117.9900 124.3100 1 19 -155.8900 199.7900 12 15 -101.5200 249.3600
1.7306276375e-02 -6.1523021582e-02 -2.1891301556e+00
40 47 36
4 0 35 26.8300 34.2400 1 24 -22.8500 97.3700 12 23 69.7500 155.6200 23 31 -16.8800 -35.6500
-9.3894382842e-02 -4.0296005161e-02 -2.1412523108e+00
106 98 55
5 0 37 -84.9100 62.2100 1 42 -132.8000 136.7000 12 33 -61.8100 180.8600 23 76 -125.5000 -4.5900 24 46 -78.5800 140.5900
-9.3421407779e-02 -3.9994845329e-02 -2.1387256752e+00
106 98 55
3 0 38 -84.9100 62.2100 1 43 -132.8000 136.7000 12 34 -61.8100 180.8600
1.3519146920e-02 -8.9000047204e-02 -2.2223110004e+00
100 90 49
6 0 50 25.5400 7.5400 1 36 -18.6000 69.5500 12 31 69.5600 119.3100 23 40 -12.2900 -73.4900 24 42 36.1900 77.5900 13 61 69.6900 67.5200
-9.2899580896e-02 -8.8962142528e-02 -2.1966795435e+00
108 99 55
6 0 51 -82.6400 7.5800 1 37 -117.1000 82.7800 12 29 -49.4900 114.1600 24 40 -67.4300 76.6000 11 26 1.4500 146.3600 13 35 -19.3000 50.8200
-1.3058216674e-01 -6.8281144430e-02 -2.1998556899e+00
85 78 54
6 0 66 -118.5500 26.4600 1 60 -145.7400 104.4900 12 49 -89.4700 133.8200 23 106 -127.7800 -43.2100 24 64 -103.2800 94.6100 11 40 -43.6300 154.5100
-6.5789473145e-02 -3.3777926412e-02 -2.1211438459e+00
112 77 44
4 0 68 -58.7800 69.5700 1 63 -113.2000 144.6700 24 69 -54.4000 155.4900 13 63 9.3900 130.2700
-6.6410130121e-02 -3.3396834746e-02 -2.1223635555e+00
112 77 44
2 0 69 -58.7800 69.5700 1 64 -113.2000 144.6700
-1.1441834803e-01 -9.0391764759e-02 -2.2030350652e+00
16 17 12
7 0 91 -101.9800 5.5700 1 75 -134.2600 82.4000 12 64 -71.9100 109.7300 23 146 -117.9100 -66.0000 24 99 -87.7300 72.1900 11 71 -19.9500 137.8000 13 72 -41.5400 43.5700
8.6858027617e-03 -3.5498967226e-02 -2.1398883444e+00
97 92 49
5 0 124 19.1800 66.6800 1 128 -40.4500 133.1400 12 113 53.3100 196.0200 23 271 -44.5400 0.9800 13 144 74.1300 139.4100
3.8909660278e-03 -2.9335949751e-02 -2.1355776410e+00
83 37 21
7 0 125 14.4600 72.7700 1 134 -45.3000 139.8500 12 116 47.1200 203.2000 23 273 -49.7500 8.3600 24 132 16.2700 160.9800 11 132 95.3200 249.9600 13 146 69.3100 145.4100
4.3413989040e-03 -2.9710984981e-02 -2.1338722063e+00
83 37 21
5 0 126 14.4600 72.7700 1 135 -45.3000 139.8500 12 117 47.1200 203.2000 23 274 -49.7500 8.3600 24 133 16.2700 160.9800
-2.1105875790e-02 -9.9745987323e-03 -2.1175046418e+00
75 35 10
7 0 128 -11.8800 94.9700 1 118 -70.9100 164.3500 12 128 15.0700 227.8000 23 278 -74.7800 32.5600 24 134 -11.5100 184.1100 11 136 71.9900 267.7100 13 151 45.6900 164.0400
-2.1105875790e-02 -9.9745987323e-03 -2.1175046418e+00
75 35 10
7 0 129 -11.8800 94.9700 1 119 -70.9100 164.3500 12 129 15.0700 227.8000 23 279 -74.7800 32.5600 24 135 -11.5100 184.1100 11 137 71.9900 267.7100 13 152 45.6900 164.0400
-5.4592944097e-02 -9.8472886902e-03 -2.1098720210e+00
82 32 24
7 0 130 -47.5200 95.3800 1 142 -103.4800 168.8000 12 126 -24.6800 226.7000 23 282 -104.6800 35.1200 24 136 -46.0400 183.8200 11 134 42.3600 260.9500 13 148 15.8500 159.9100
-5.4620160959e-02 -9.7579026097e-03 -2.1099194348e+00
82 32 24
5 0 131 -47.5200 95.3800 1 143 -103.4800 168.8000 12 127 -24.6800 226.7000 23 283 -104.6800 35.1200 24 137 -46.0400 183.8200
-6.6263436941e-02 -9.8844249530e-03 -2.1078813741e+00
84 34 15
5 0 132 -59.8000 95.4100 1 144 -114.5200 169.6100 12 125 -38.4000 226.0800 23 284 -114.8200 35.7200 24 138 -58.0100 183.7700
-4.5096996304e-02 -6.0380291884e-03 -2.1085907169e+00
96 89 53
2 0 135 -37.4300 99.8800 1 120 -94.8000 171.8800
-6.8769218558e-02 1.6241284285e-03 -2.0990480192e+00
83 34 20
6 0 137 -62.9500 108.0600 1 152 -118.1100 182.5700 12 133 -43.6600 241.4000 23 289 -118.9000 49.8200 11 138 28.1700 273.6300 13 153 1.5900 171.7900
-3.3393184808e-02 -3.9608410087e-02 -2.1336482288e+00
84 36 14
6 0 144 -24.3700 62.1500 1 169 -80.8200 133.9200 12 143 4.8700 188.4600 24 154 -20.5900 148.5500 11 159 64.4400 229.1100 13 176 38.0900 127.9800
-3.3549239036e-02 -3.9581190680e-02 -2.1338755346e+00
84 36 14
4 0 145 -24.3700 62.1500 1 170 -80.8200 133.9200 12 144 4.8700 188.4600 23 342 -81.9000 -0.1000
-5.9792755892e-02 -3.9538133990e-02 -2.1282438938e+00
88 35 20
7 0 146 -52.2100 62.5600 1 174 -106.2000 137.1700 12 141 -25.9500 186.9100 23 345 -104.8500 1.7100 24 155 -47.6000 148.4100 11 124 41.0500 223.4400 13 139 14.5700 124.1600
-2.8276624801e-02 -3.5782565009e-02 -2.1331779516e+00
108 94 53
4 0 152 -18.9100 66.3800 1 131 -75.9400 137.0100 12 111 10.3800 193.5500 24 158 -15.8400 152.5900
-2.8241527197e-02 -3.5781411178e-02 -2.1327319359e+00
108 94 53
2 0 153 -18.9100 66.3800 1 132 -75.9400 137.0100
-4.6570200239e-02 -3.5828236419e-02 -2.1286834855e+00
108 95 58
4 0 154 -38.0600 66.3200 1 136 -93.5600 139.4300 12 108 -11.1300 192.8900 24 160 -34.3900 152.8700
-6.3866363782e-02 -2.9956389106e-02 -2.1206686045e+00
101 88 51
7 0 160 -56.7100 72.8500 1 176 -110.9000 147.6600 12 152 -32.5500 199.4500 23 356 -110.1400 13.2600 24 165 -53.0000 159.5900 11 165 36.3300 234.9500 13 184 9.8600 134.9300
-5.8801679938e-02 -2.8990301084e-02 -2.1220047159e+00
84 35 21
4 0 161 -51.1900 74.0700 1 138 -105.9700 148.3400 23 358 -105.5800 13.4900 24 167 -47.7800 160.9000
-6.8881430526e-02 -2.7152183770e-02 -2.1183681726e+00
82 30 16
6 0 164 -61.9900 75.9300 1 139 -115.6300 151.3000 12 118 -38.7500 203.4100 23 277 -114.6800 16.9200 24 168 -58.3700 162.9600 13 143 5.0500 137.2300
-3.9871406346e-02 -1.0637480038e-02 -2.1136823883e+00
79 31 10
7 0 165 -31.7500 94.5500 1 140 -89.1700 165.9500 12 123 -7.1300 225.9500 23 280 -91.4200 33.0600 24 169 -30.9600 182.8100 11 135 55.6600 263.4700 13 149 29.1400 160.9900
-3.9789912813e-02 -1.0805173908e-02 -2.1133757470e+00
79 31 10
6 0 166 -31.7500 94.5500 1 141 -89.1700 165.9500 12 124 -7.1300 225.9500 23 281 -91.4200 33.0600 24 170 -30.9600 182.8100 13 150 29.1400 160.9900
-6.0282190302e-02 -9.5223174096e-03 -2.1080534010e+00
100 86 67
2 0 167 -53.3200 96.0900 1 177 -109.1600 169.9800
-3.3800163453e-02 -3.6233759899e-04 -2.1084619543e+00
100 80 47
6 0 169 -25.5900 105.7400 1 179 -83.8400 176.2200 12 155 -1.5300 239.9800 23 362 -87.3500 44.3600 11 174 59.8800 278.0900 13 193 33.4500 174.2000
-5.2255762528e-02 -2.5142408213e-04 -2.1048456561e+00
92 89 51
2 0 170 -45.1100 106.3900 1 181 -101.7100 178.8300
-1.9462361989e-02 2.4378300746e-03 -2.1101059304e+00
76 34 19
6 0 172 -10.3600 108.2600 1 146 -69.9200 177.4800 12 135 15.3300 244.4800 23 286 -74.8100 46.5100 11 139 72.0600 284.4600 13 157 45.7100 179.4000
-3.8232228598e-02 1.9865274841e-03 -2.1049322599e+00
83 30 19
3 0 174 -30.5400 108.6900 1 147 -88.5300 179.4400 12 134 -7.2600 243.6700
-5.7397968023e-02 7.8284948973e-04 -2.1015167090e+00
80 32 18
5 0 175 -50.7800 107.9000 1 149 -107.2000 181.1200 12 130 -30.0400 240.3700 23 287 -108.9300 48.3900 13 154 12.1200 172.5700
-5.7397968023e-02 7.8284948973e-04 -2.1015167090e+00
80 32 18
5 0 176 -50.7800 107.9000 1 150 -107.2000 181.1200 12 131 -30.0400 240.3700 23 288 -108.9300 48.3900 13 155 12.1200 172.5700
-1.5506216703e-02 -3.8393813695e-02 -2.1368823636e+00
82 32 11
2 0 181 -5.7100 63.2900 1 165 -63.5000 132.6800
-6.5378012980e-02 -3.7643993836e-02 -2.1256578578e+00
107 96 57
6 0 184 -58.1400 64.3100 1 194 -111.8800 139.9500 23 432 -110.3100 4.7200 24 193 -53.4800 150.1000 11 156 35.6900 224.6000 13 172 9.3000 125.3700
-6.5378012980e-02 -3.7643993836e-02 -2.1256578578e+00
107 96 57
6 0 185 -58.1400 64.3100 1 195 -111.8800 139.9500 23 433 -110.3100 4.7200 24 194 -53.4800 150.1000 11 157 35.6900 224.6000 13 173 9.3000 125.3700
1.3846797613e-02 -3.2915769438e-02 -2.1389493392e+00
78 31 14
6 0 188 24.5100 69.3100 1 171 -35.7600 135.6400 12 150 59.0800 199.5200 23 350 -40.3500 4.1200 24 163 26.4000 157.2300 13 189 78.2100 142.5600
-4.6860953302e-02 2.7488645300e-03 -2.1032647809e+00
81 33 16
5 0 190 -39.6200 109.4100 1 182 -97.0000 181.3100 23 437 -99.6100 49.1700 11 182 48.0200 279.4200 13 195 21.2800 176.1600
4.7672751586e-01 -3.3191831977e-01 -2.2087183394e+00
143 124 49
4 0 198 483.2200 -230.4400 1 189 385.7000 -224.9700 23 337 373.6700 -354.7400 24 234 518.4700 -121.3100
1.1631005979e-02 -3.9806115204e-02 -2.1440682503e+00
84 46 16
7 0 201 22.3700 61.3900 1 212 -36.9200 127.5400 12 168 57.6300 189.9000 23 513 -41.4200 -3.7700 24 209 25.1400 148.7900 11 180 102.7400 238.4200 13 214 77.0600 134.5500
1.5452040842e-02 -3.8206863923e-02 -2.1425850014e+00
103 78 53
5 0 202 25.8700 63.1700 1 193 -33.5900 129.0700 12 177 61.3300 192.4800 23 423 -38.1800 -2.5200 24 210 28.3600 150.9100
1.8365675567e-02 -3.2102613467e-02 -2.1384551764e+00
105 77 53
4 0 203 29.0000 69.9300 1 214 -31.4800 135.3800 12 178 63.5900 200.7800 24 212 30.7300 158.2300
-1.9294799968e-02 -3.5363421560e-02 -2.1344175435e+00
116 77 58
2 0 220 -9.5900 67.0100 1 215 -67.4000 135.9900
3.4134238269e-03 -2.1928897189e-01 -2.2805549668e+00
26 27 19
3 0 19 15.8200 -119.8900 12 20 71.4800 -27.8800 24 29 38.8600 -55.5000
3.4134238269e-03 -2.1928897189e-01 -2.2805549668e+00
26 27 19
3 0 20 15.8200 -119.8900 12 21 71.4800 -27.8800 24 30 38.8600 -55.5000
6.5843074329e-02 -3.1302585959e-02 -2.2140229757e+00
32 41 30
3 0 22 77.6300 64.5100 12 24 121.4400 188.1300 24 21 81.7500 137.0900
7.1651794607e-02 2.4046356753e-02 -2.1665162258e+00
33 39 35
2 0 23 83.8200 125.1300 12 16 120.7900 260.6700
1.2752184636e-02 -1.8479907964e-03 -2.1162818962e+00
81 25 18
3 0 39 22.3800 103.6100 12 25 53.0800 240.5400 24 34 21.9100 194.7200
1.0482427796e-02 -1.7196955097e-01 -2.2846247996e+00
44 46 39
5 0 42 23.1500 -74.5400 12 28 76.3900 21.8800 24 36 42.7600 -13.6600 11 39 91.1000 78.3700 13 41 71.5500 -21.4300
3.4011361104e-02 -1.3797020028e-01 -2.2674306483e+00
166 148 99
3 0 45 45.2300 -42.4800 12 39 97.5600 61.7800 24 38 61.7900 23.1000
-1.3967694434e-01 -1.3482855635e-01 -2.2492457680e+00
168 156 98
2 0 46 -122.8900 -40.0900 24 37 -99.8800 19.9300
1.3572197839e-02 -8.9057305111e-02 -2.2242126917e+00
100 90 49
5 0 49 25.5400 7.5400 12 30 69.5600 119.3100 24 41 36.1900 77.5900 11 53 90.0600 169.9600 13 42 68.9400 67.1300
8.0655819304e-02 -6.7795818900e-02 -2.2387671556e+00
172 157 101
3 0 52 88.5100 26.4600 12 32 141.6500 144.2000 24 32 101.4500 98.9300
3.7135311118e-02 -3.9763855654e-02 -2.1683505407e+00
102 92 59
3 0 54 48.3900 59.6800 12 36 87.8600 186.5700 24 47 51.9200 142.4700
8.5683956686e-02 -6.6367208092e-03 -2.1884801398e+00
180 166 106
2 0 55 96.7000 91.5100 12 42 140.0000 222.3600
-6.6877471562e-02 1.2905182097e-01 -2.1093896999e+00
57 74 58
2 0 57 -59.3300 242.0600 12 70 -48.6900 382.5600
-1.6908183063e-01 -1.0297420206e-01 -2.2298282904e+00
173 161 104
3 0 65 -152.1600 -8.2200 12 41 -122.7700 87.2200 24 63 -131.6000 51.6400
8.3531527349e-02 -5.1790638316e-03 -2.1942609229e+00
179 165 104
3 0 70 94.7100 92.3300 12 56 138.3400 222.7100 24 84 96.8100 169.3700
-6.7836509119e-02 1.3081259815e-01 -2.1146878084e+00
56 72 58
2 0 74 -60.3700 242.6500 12 69 -48.6900 382.5600
4.7740334435e-02 -6.7408370831e-02 -2.2340793272e+00
82 76 48
3 0 83 58.3300 26.5900 23 69 25.9800 -58.1600 24 81 68.7800 98.1400
-8.9406148272e-02 2.4367467636e-02 -2.0942979150e+00
150 140 99
2 0 98 -84.8800 133.4400 12 81 -69.1200 266.8300
7.0120118975e-02 -1.0178874737e-01 -2.2479843215e+00
164 148 94
4 0 109 78.5300 -6.1400 12 74 132.7400 104.5800 11 73 134.5900 168.7800 13 100 114.6600 63.3300
7.5612429822e-02 -1.5537433556e-02 -2.1970231267e+00
45 50 44
2 0 111 85.9800 81.5100 12 77 130.2200 209.6500
5.8229860244e-02 5.8427210177e-02 -2.1761062836e+00
59 71 50
2 0 113 69.3800 158.3000 12 98 104.4400 294.5000
-1.3942694702e-01 5.4392482577e-02 -2.1299462839e+00
58 64 49
2 0 115 -133.7900 159.3600 12 136 -120.2100 284.5500
2.2188347891e-02 -1.3046772929e-01 -2.2624483474e+00
52 59 42
4 0 121 33.9400 -34.2000 12 89 83.8200 68.5900 24 129 50.0500 29.0200 13 98 77.6700 24.9600
6.6449588119e-02 -7.5359630370e-02 -2.2404187178e+00
42 46 28
5 0 123 76.3700 19.6600 12 91 126.3600 135.3400 24 112 87.4800 90.6100 11 107 125.2700 193.7000 13 119 107.2500 87.4500
5.9612849619e-02 3.9456354030e-05 -2.1754786078e+00
38 39 31
2 0 134 71.5000 99.6800 12 92 109.5400 230.4400
-3.8787295851e-02 -3.9934746333e-03 -2.1094011278e+00
80 33 20
2 0 136 -30.8100 101.9800 23 285 -91.5300 40.4300
1.9329101986e-02 -3.7183552602e-02 -2.1448688562e+00
86 34 14
6 0 148 30.3800 63.8400 12 110 66.0800 193.1100 23 270 -34.4000 -2.6600 24 157 32.7800 152.0500 11 131 108.4000 243.8000 13 188 83.3200 138.8600
-5.6568815547e-02 -3.4843827150e-02 -2.1255139613e+00
105 91 57
6 0 156 -48.6700 67.0900 12 149 -23.1000 193.4700 23 355 -102.8300 7.8400 24 162 -44.8400 154.0500 11 163 43.3300 230.1900 13 179 16.9500 129.7000
-4.1331050529e-02 -3.4109771222e-02 -2.1297613039e+00
82 30 17
2 0 157 -32.7600 68.2700 24 197 -29.1600 154.5300
-3.2180168583e-02 -2.5866967045e-02 -2.1251167142e+00
85 34 16
5 0 162 -23.2200 76.6800 12 120 4.2100 206.0700 23 275 -82.5000 15.5800 11 173 63.8200 246.9800 13 191 37.7200 144.3300
-2.8700316927e-02 1.0036216503e-03 -2.1083804213e+00
79 34 17
2 0 171 -20.2600 107.4300 12 157 4.2100 242.0200
-4.6976896021e-02 3.1159451008e-03 -2.1034074768e+00
81 33 16
3 0 191 -39.6200 109.4100 23 438 -99.6100 49.1700 11 183 48.0200 279.4200
4.7743644254e-01 -3.3069920161e-01 -2.2131023192e+00
143 124 49
2 0 199 483.2200 -230.4400 24 235 518.4700 -121.3100
2.1592887093e-02 -3.0725979687e-02 -2.1367548922e+00
83 47 22
2 0 204 32.4400 71.6100 12 169 66.9800 203.1300
-3.4059059966e-02 -6.8954291533e-02 -2.1825457433e+00
111 102 65
3 1 10 -70.6000 97.1900 23 13 -63.4900 -42.9100 24 8 -13.7200 106.3700
1.3574013430e-02 -2.1715909496e-03 -2.1168576045e+00
75 27 11
2 1 26 -38.3300 168.6300 23 34 -45.1400 39.7000
1.3574013430e-02 -2.1715909496e-03 -2.1168576045e+00
75 27 11
2 1 27 -38.3300 168.6300 23 35 -45.1400 39.7000
-1.6351903614e-01 -6.8683343034e-02 -2.1931320367e+00
179 166 111
2 1 39 -176.5500 108.0700 23 42 -155.9500 -42.2300
5.0331350773e-02 -1.1402882815e-01 -2.2776408527e+00
47 56 40
3 1 51 23.0000 34.5900 23 68 38.5800 -113.4900 24 62 77.9000 44.2100
-6.1662842922e-02 -5.9988554010e-02 -2.1695969652e+00
111 104 65
3 1 61 -97.3100 110.5700 12 52 -21.0200 154.5500 24 66 -41.4900 115.5900
2.3724233380e-02 -1.2538449361e-01 -2.3011021518e+00
158 148 97
2 1 72 5.0300 23.1100 23 102 25.9700 -127.1900
-7.5747344749e-02 -7.2377347469e-02 -2.1875187681e+00
39 47 38
2 1 76 -104.5100 97.9400 23 148 -94.6900 -46.2800
-1.5014521022e-01 -7.6371566582e-02 -2.1996520339e+00
42 47 34
2 1 97 -164.5100 98.3200 23 227 -144.0800 -50.5400
-8.9166854460e-02 2.4761511606e-02 -2.0959363868e+00
154 143 99
3 1 100 -134.0000 207.1100 12 80 -69.1200 266.8300 24 115 -83.9100 219.3000
-6.6733393260e-02 -5.5738380500e-02 -2.1663260936e+00
108 102 67
2 1 114 -102.0600 115.1200 23 191 -94.4000 -24.2500
-7.0748080162e-02 -3.9317744640e-02 -2.1275678993e+00
83 38 17
3 1 133 -116.2100 138.5300 12 106 -38.4900 186.5900 24 153 -58.0400 147.9200
-4.6637594119e-02 -3.5584244228e-02 -2.1292290855e+00
106 89 51
3 1 137 -93.5600 139.4300 12 109 -11.1300 192.8900 24 161 -34.3900 152.8700
-2.9113971939e-02 -1.0132880780e-03 -2.1105504015e+00
77 33 20
2 1 145 -78.9900 175.5100 12 154 4.3600 238.6800
-6.9365097272e-02 1.7751222556e-03 -2.1009091074e+00
78 32 17
2 1 151 -118.1100 182.5700 12 132 -43.6600 241.4000
-1.1557751896e-02 -3.3450756094e-02 -2.1627634903e+00
77 34 15
4 1 164 -54.4500 132.1000 12 146 36.6000 192.0600 11 179 72.1600 232.2600 13 211 46.0100 130.4800
-2.4252104932e-02 -3.8916133302e-02 -2.1350891595e+00
84 36 14
2 1 166 -72.0700 133.1500 23 341 -73.7900 -0.0300
-3.3817299872e-02 -3.2576438046e-04 -2.1084791588e+00
96 79 50
5 1 180 -83.8400 176.2200 12 156 -1.5300 239.9800 23 363 -87.3500 44.3600 11 175 59.8800 278.0900 13 194 33.4500 174.2000
2.2056213803e-02 -3.0523179093e-02 -2.1373551913e+00
77 48 18
2 1 217 -28.1700 136.7300 23 516 -33.8700 6.1300
-8.1961299454e-02 -6.5877601025e-02 -2.1527746144e+00
35 39 36
2 12 22 -44.6700 150.1700 24 33 -64.8900 113.6600
5.0906726465e-02 -1.1263330191e-01 -2.2781719418e+00
46 54 39
2 12 40 114.9500 87.5300 24 39 76.9800 44.8800
-7.1286782194e-01 8.8130237795e-01 -3.8198633015e+00
168 155 103
2 12 43 -264.5000 435.6000 23 112 151.7600 133.5100
-1.3805701024e-01 -1.3052039872e-01 -2.2587227931e+00
175 159 104
2 12 46 -82.5800 56.7700 24 58 -98.5400 21.1200
3.7788517082e-03 -7.3003643929e-02 -2.1993810753e+00
37 45 32
3 12 50 56.8400 141.3300 23 70 -26.8800 -51.4700 24 82 23.5600 97.8700
-1.4730572106e-01 -5.3888904320e-02 -2.1877723942e+00
47 50 43
2 12 51 -110.7400 149.7800 24 65 -120.9900 109.5500
1.6699433870e-02 -5.4265731482e-02 -2.1829952918e+00
29 31 28
3 12 55 66.4900 165.1400 23 73 -20.6200 -30.3200 24 68 35.3400 123.1000
1.3550110357e+00 2.0306926116e+00 -6.1382053477e+00
75 58 36
3 12 71 524.8700 581.7700 24 89 507.0400 365.6400 13 66 -103.7500 435.6600
-1.3548265016e-01 -1.9237189976e-01 -2.3011922637e+00
131 122 63
2 12 73 -69.8100 -12.0100 24 96 -86.9400 -43.6500
-1.5531869333e-01 3.9835104171e-03 -2.1692868548e+00
174 163 104
2 12 78 -126.0600 216.2900 24 83 -133.9900 167.9100
-1.3979817921e-01 5.5224854914e-02 -2.1338409429e+00
66 75 57
2 12 83 -119.7000 284.2500 24 174 -127.3300 228.8300
-1.3023773597e-01 -1.3847355841e-01 -2.2794687561e+00
29 35 24
2 12 88 -71.0900 46.1200 24 111 -87.1600 9.7100
3.0224754393e-02 -1.3003541787e-01 -2.2682834962e+00
162 149 99
2 12 90 93.6900 69.2300 24 130 57.9000 30.2500
-1.3984332335e-01 4.3561388092e-02 -2.1316686705e+00
60 65 48
2 12 93 -119.8100 271.8800 24 140 -127.2000 218.8700
7.8883649005e-02 5.6933050471e-02 -2.1784437145e+00
64 76 53
2 12 97 128.1500 294.4900 24 175 89.2000 232.1200
-7.0680888701e-02 -3.9438029781e-02 -2.1273575829e+00
86 34 17
3 12 105 -38.4900 186.5900 23 348 -114.1400 2.8300 24 152 -58.0400 147.9200
3.9229367317e-03 -4.0240935813e-02 -2.1375693018e+00
89 40 21
2 12 107 47.6500 190.4700 24 156 16.5900 149.6000
-2.8421861294e-02 -3.5351866834e-02 -2.1348713349e+00
100 87 53
2 12 112 10.3800 193.5500 24 159 -15.8400 152.5900
-3.2253628592e-02 -2.5888292752e-02 -2.1251768207e+00
84 35 23
2 12 121 4.2100 206.0700 23 276 -82.5000 15.5800
2.1662932172e-02 -1.3507810173e-01 -2.2819856752e+00
159 149 94
2 12 140 85.9500 61.2200 24 127 51.4000 21.8200
-1.0471509466e-02 -3.6928601202e-02 -2.1363708018e+00
102 87 54
3 12 148 30.9600 193.4600 23 344 -61.9000 0.8600 24 196 2.1800 151.9000
-1.0558249754e-01 6.3820017159e-02 -2.0990171014e+00
181 165 105
2 23 29 -135.0500 103.4100 24 25 -100.8400 253.6700
-6.1296756138e-01 9.0653742400e-01 -3.8777023636e+00
24 21 12
2 23 232 204.7800 137.7200 24 143 -187.3700 274.6800
-5.1313971878e-02 -1.4969444321e-02 -2.2014049143e+00
93 40 16
2 23 340 -57.8000 -1.0400 24 192 -29.7700 149.4100
-1.0283923274e-02 -3.7264464050e-02 -2.1359982944e+00
107 87 55
2 23 343 -61.9000 0.8600 24 195 2.1800 151.9000
-1.4825232987e-02 -3.9455325922e-02 -2.1373568892e+00
93 44 21
2 23 424 -65.2700 -1.7400 24 190 -2.0700 149.2200
6.1571306099e-02 1.6539649699e-01 -2.6853646621e+00
180 163 105
2 0 24 62.9300 181.5700 11 97 -77.5400 306.4800
-1.3506992184e-01 -1.2795897524e-01 -2.2624856836e+00
165 152 96
3 0 107 -115.2100 -35.1600 11 86 -47.9200 81.4100 13 81 -63.9400 -9.1400
6.8692265252e-02 -1.0160697487e-01 -2.2463761476e+00
162 148 94
2 0 142 77.8500 -5.7400 13 136 114.0000 63.4700
-3.2069667567e-02 -2.5799016901e-02 -2.1253956946e+00
85 34 16
3 0 163 -23.2200 76.6800 11 172 63.8200 246.9800 13 190 37.7200 144.3300
-1.3208149742e+00 1.0175008853e+00 -3.9846406069e+00
34 31 22
3 1 70 -259.9300 465.4100 12 62 -520.6700 440.8700 24 88 -478.2300 274.5900
-1.3280620263e+00 1.0622945560e+00 -4.0592941293e+00
158 137 100
2 1 109 -245.5800 471.1799 24 118 -465.0500 280.4500
-1.4422884868e-01 1.4162550697e-01 -2.1306872410e+00
175 161 101
2 12 4 -130.8600 377.2000 11 3 -109.1000 399.9000
-2.6928570446e-02 7.6032853334e-02 -2.1243058678e+00
31 37 35
2 12 8 3.7500 326.0100 11 5 35.2800 352.8900
8.9151240460e-03 -3.5705661321e-02 -2.1407244868e+00
97 83 52
2 12 114 53.3100 196.0200 13 145 74.1300 139.4100
-5.8914873146e-02 -2.8061315818e-02 -2.1202567344e+00
89 34 17
3 12 115 -26.7000 201.9200 11 130 40.4900 238.2800 13 142 14.2200 137.6200
-5.1290409931e-02 -3.9405621106e-02 -2.1295223124e+00
87 39 19
2 12 142 -15.8100 187.9300 13 175 22.2700 126.0800
-1.5364424431e-02 -3.8473138966e-02 -2.1377955462e+00
84 41 19
2 12 145 25.7600 190.4500 11 164 79.8400 233.6500
-2.3627240079e-02 -3.1376142165e-02 -2.1315643492e+00
85 33 19
3 12 151 14.9900 199.2100 11 171 71.5100 241.5300 13 187 45.8800 138.6100
-2.8719435719e-02 8.0744204890e-04 -2.1079059547e+00
82 31 18
2 12 159 4.2100 242.0200 13 199 37.3600 177.4000
3.3852234337e-02 -1.8811892716e-01 -2.2870803780e+00
157 145 90
3 24 31 65.7900 -26.6700 11 38 113.7900 70.6900 13 31 97.1500 -32.1800
2.2482994508e-01 -9.0296335353e-02 -1.4877755689e+00
100 87 42
2 24 76 261.1600 460.6799 13 94 719.8500 438.2300
2.2482994508e-01 -9.0296335353e-02 -1.4877755689e+00
100 87 42
2 24 77 261.1600 460.6799 13 93 719.8500 438.2300
5.5049760619e-02 -1.6734386129e-01 -2.2813283644e+00
168 157 95
2 11 8 128.6300 95.6100 13 10 109.8500 -6.1400
-1.4726142954e-01 -9.2614770031e-02 -2.2050007414e+00
15 14 12
2 11 10 -54.9500 123.8600 13 15 -70.0900 31.8700
-3.5334430633e-02 -7.1070553734e-02 -2.1786410124e+00
105 104 56
2 11 11 55.6900 184.2800 13 16 32.9500 85.2900
6.0550031096e-02 -9.0742122151e-02 -2.2691533847e+00
16 17 14
2 11 14 114.3900 171.4800 13 28 96.6800 66.9100
-1.0203900042e-01 -1.5090745192e-01 -2.2301307263e+00
82 77 53
2 11 19 -0.3600 73.6400 13 26 -16.8900 -18.0700
-1.0920018636e-01 -1.5141444962e-01 -2.2190599258e+00
82 75 51
2 11 25 -2.6000 73.3300 13 32 -21.1900 -18.8500
-9.6205019524e-02 -8.9926474274e-02 -2.1848182470e+00
99 95 52
2 11 27 1.4500 146.3600 13 36 -19.3000 50.8200
-8.8518762172e-02 -6.4297029356e-02 -2.1546096992e+00
27 38 24
2 11 28 11.1200 181.9700 13 37 -12.2600 85.1900
-1.7610104659e-01 -5.4355752282e-02 -2.1804462687e+00
179 162 105
2 11 41 -88.5300 160.9500 13 44 -104.4100 67.3200
8.9555507923e-02 -6.8318632258e-02 -2.2592671217e+00
174 162 104
2 11 42 136.6200 202.4500 13 45 117.6900 95.8100
-6.8456473453e-02 4.2331818653e-02 -2.1184432616e+00
26 37 25
2 11 45 7.5700 311.5200 13 74 -16.8500 205.5500
-1.3609073469e-01 -1.3928209494e-01 -2.2320930920e+00
19 23 19
2 11 60 -36.5000 75.5800 13 70 -52.6400 -16.6600
-1.6845180367e-01 -1.0859416613e-01 -2.2039577948e+00
52 60 40
2 11 61 -69.4300 101.8900 13 71 -85.7100 10.6300
-1.0138927374e-01 -4.6679735995e-02 -2.1253505838e+00
103 96 56
2 11 62 2.5900 203.7800 13 73 -22.1400 107.8300
-1.7508750156e-01 -7.6789483214e-02 -2.1782058770e+00
29 30 23
2 11 72 -79.5400 137.5300 13 99 -95.6600 46.5700
9.0312018169e-03 -7.3269924197e-02 -2.2071165283e+00
48 51 38
2 11 75 87.1800 188.2200 13 85 65.0700 85.9200
-1.0858544772e-01 7.6774210181e-02 -2.1818529199e+00
60 65 40
2 11 77 -67.6900 315.8900 13 106 -78.6100 210.9700
7.4326527513e-02 6.4303428144e-02 -2.1809581264e+00
172 151 105
2 11 78 112.8200 349.9500 13 75 90.1600 236.2300
-1.5010953807e-01 -1.3150534434e-01 -2.2162051071e+00
158 149 94
2 11 87 -47.9200 81.4100 13 82 -63.9400 -9.1400
-1.6560426819e-01 -1.2537865629e-01 -2.1825297856e+00
50 56 38
2 11 88 -54.5500 88.5800 13 83 -72.8400 -0.0400
-1.6445459955e-01 -6.2508381288e-02 -2.1812805861e+00
51 59 41
2 11 91 -74.6200 155.2000 13 118 -90.5500 62.3700
-8.7354283197e-02 2.4697849036e-02 -2.0974944485e+00
146 140 102
2 11 93 1.7600 293.1600 13 104 -23.5300 191.5200
4.4115482303e-02 1.3004670675e-01 -2.1694051672e+00
52 61 55
2 11 101 66.5500 412.4600 13 125 48.5900 296.9900
-1.5207943277e-01 -1.6739464406e-01 -2.2850830133e+00
148 136 85
2 11 105 -58.8100 35.3800 13 117 -70.6200 -56.8800
-1.7768413443e-01 -1.1622243421e-01 -2.1961407807e+00
166 157 100
2 11 120 -73.5200 92.6000 13 134 -90.5900 2.4600
-7.0689601316e-02 -3.9595570976e-02 -2.1241208920e+00
81 39 17
2 11 122 31.6400 220.8000 13 137 5.1400 122.2800
-7.0689601316e-02 -3.9595570976e-02 -2.1241208920e+00
81 39 17
2 11 123 31.6400 220.8000 13 138 5.1400 122.2800
-1.5761030100e-01 -1.0342884809e-03 -2.1637177466e+00
172 157 100
2 11 125 -83.7700 226.3500 13 140 -98.7700 129.3100
-9.2885613697e-02 4.1392676961e-02 -2.1344127242e+00
54 54 42
2 11 141 -23.0400 298.3400 13 160 -43.3500 194.5300
-6.3151881564e-02 1.1353348266e-01 -2.1246429618e+00
57 70 50
2 11 145 -15.6000 386.2800 13 200 -33.8800 276.0900
-1.7240848480e-01 -1.1779314014e-01 -2.1954191993e+00
64 65 39
2 11 155 -67.4700 92.7400 13 171 -84.9900 2.3700
-4.2237629212e-02 -3.4775230232e-02 -2.1396169947e+00
101 85 52
2 11 160 52.3200 230.1500 13 178 25.9700 128.9400
-5.3310378153e-02 -3.3314611736e-02 -2.1333237703e+00
97 88 49
2 11 162 43.3300 230.1900 13 180 16.9500 129.7000
9.4530074505e-03 -3.6994866537e-02 -2.1570515280e+00
86 39 16
2 11 169 95.5800 237.1600 13 183 69.5100 133.9500
1.6453780851e-02 -1.5610727820e-01 -2.2675887452e+00
81 74 36
2 11 196 96.8300 97.7700 13 208 78.0200 -2.4200
