# Bundle file v0.3
9 273
0 0 0
0 0 0
0 0 0
0 0 0
0 0 0
0 0 0
0 0 0
0 0 0
0 0 0
0 0 0
0 0 0
0 0 0
0 0 0
0 0 0
0 0 0
0 0 0
0 0 0
0 0 0
0 0 0
0 0 0
0 0 0
0 0 0
0 0 0
0 0 0
0 0 0
0 0 0
0 0 0
0 0 0
0 0 0
0 0 0
6.6080306000e+02 0.0000000000e+00 0.0000000000e+00
1.0000000000e+00 0.0000000000e+00 0.0000000000e+00
0.0000000000e+00 1.0000000000e+00 0.0000000000e+00
0.0000000000e+00 0.0000000000e+00 1.0000000000e+00
-0.0000000000e+00 -0.0000000000e+00 -0.0000000000e+00
6.6080306000e+02 0.0000000000e+00 0.0000000000e+00
9.9712211968e-01 5.1936113322e-02 5.5227878713e-02
-4.9161807854e-02 9.9751541280e-01 -5.0459071210e-02
-5.7711308274e-02 4.7598753680e-02 9.9719795605e-01
5.8545529041e-01 -7.0160398024e-01 -4.0619448278e-01
0 0 0
0 0 0
0 0 0
0 0 0
0 0 0
1.9414080138e+00 -1.1751521839e+00 -6.8710844660e+00
203 182 70
2 6 344 186.6000 -113.1100 7 508 185.2800 -144.2900
2.2289668347e+00 -9.0425305416e-01 -6.3327907436e+00
221 195 83
2 6 524 232.6400 -94.3100 7 515 231.1000 -133.6500
2.2289668347e+00 -9.0425305416e-01 -6.3327907436e+00
221 195 83
2 6 523 232.6400 -94.3100 7 514 231.1000 -133.6500
2.2439493458e+00 -8.9123098342e-01 -6.2838121455e+00
177 153 51
2 6 791 235.9500 -93.7400 7 766 234.6000 -133.5900
2.2533064815e+00 -7.9029426223e-01 -6.3192780353e+00
214 189 76
2 6 531 235.6400 -82.6300 7 526 234.7100 -123.2100
2.2370274542e+00 -8.2854698710e-01 -6.3118209651e+00
215 192 85
2 6 793 234.1800 -86.7600 7 775 233.2600 -126.9300
2.2130901344e+00 -1.0064758820e+00 -6.3898598776e+00
212 189 70
2 6 345 228.6400 -104.2700 7 355 227.0900 -141.5900
2.2537313539e+00 -7.0705117055e-01 -6.2663004646e+00
215 190 73
2 6 347 237.6400 -74.5800 7 360 237.4500 -116.4200
1.9475581842e+00 -1.1368357351e+00 -6.8835418152e+00
41 28 0
2 6 784 186.9300 -109.1600 7 757 185.5800 -140.7200
1.9475581842e+00 -1.1368357351e+00 -6.8835418152e+00
41 28 0
2 6 785 186.9300 -109.1600 7 758 185.5800 -140.7200
2.5720308753e+00 -3.7565970361e-01 -5.4837225081e+00
234 192 195
2 6 547 309.9200 -45.2800 7 534 309.3400 -101.2900
2.5638976800e+00 -4.2728089972e-01 -5.5001896734e+00
240 179 181
2 6 808 308.0100 -51.3500 7 792 307.1300 -106.4600
-9.4449082433e-01 5.2261350658e-01 -4.5688233108e+00
22 27 46
2 6 51 -136.5200 75.6700 7 55 -78.7900 13.0000
-9.4449082433e-01 5.2261350658e-01 -4.5688233108e+00
22 27 46
2 6 52 -136.5200 75.6700 7 56 -78.7900 13.0000
-9.4449082433e-01 5.2261350658e-01 -4.5688233108e+00
22 27 46
2 6 53 -136.5200 75.6700 7 57 -78.7900 13.0000
-9.0680597513e-01 -2.4572053145e-01 -5.0368241877e+00
23 24 28
2 6 67 -118.7600 -32.0200 7 73 -75.0000 -79.6900
8.6925244321e-01 5.7410297850e-02 -5.6236727361e+00
210 177 196
2 6 47 101.8400 6.4900 7 51 125.1200 -43.7100
4.2704993595e-02 3.5394938954e-01 -5.4765721630e+00
144 19 27
2 6 50 5.2000 42.7500 7 83 38.7800 -8.4300
-9.9066042850e-01 6.3984351872e-01 -4.5889699474e+00
201 211 244
2 6 80 -142.6700 92.1200 7 87 -84.0300 29.3000
1.0338251286e+00 -1.1254617850e-03 -5.4377655631e+00
173 109 126
2 6 136 125.8900 0.0800 7 103 147.3800 -53.9900
1.0080393356e+00 5.8175513216e-01 -5.4934757266e+00
213 193 208
2 6 75 121.3200 70.0300 7 84 147.1100 11.8300
1.0080393356e+00 5.8175513216e-01 -5.4934757266e+00
213 193 208
2 6 76 121.3200 70.0300 7 85 147.1100 11.8300
3.5728398307e-01 5.0132883060e-01 -5.3810829964e+00
73 2 3
2 6 103 43.5100 61.2500 7 111 77.2200 6.3200
-9.2974275858e-01 3.9329621542e-01 -4.6323241979e+00
190 201 238
2 6 74 -132.4400 56.2900 7 110 -77.1900 -4.1700
4.5386054443e-01 1.0207866672e+00 -5.5529377497e+00
163 18 29
2 6 111 53.8700 121.3600 7 115 87.6900 64.2300
2.3813192328e+00 -1.1687918231e+00 -6.0034024977e+00
202 197 105
2 6 129 262.0300 -128.7200 7 132 257.7300 -168.6600
-1.6287338825e-02 4.5704466366e-01 -5.4912093146e+00
224 55 94
2 6 141 -1.9600 55.0000 7 207 32.6700 3.6300
-1.6287338825e-02 4.5704466366e-01 -5.4912093146e+00
224 55 94
2 6 142 -1.9600 55.0000 7 208 32.6700 3.6300
8.2844165918e-01 5.7441856253e-01 -5.4818466611e+00
95 0 2
2 6 147 99.7500 69.1500 7 151 127.8000 12.1200
-6.2144615216e-01 4.4719850956e-01 -4.6224860788e+00
108 54 70
2 6 146 -88.6900 64.0700 7 149 -35.6500 0.9600
1.4516799247e-01 6.6421069112e-01 -5.3845025641e+00
218 203 221
2 6 151 17.7300 81.4400 7 153 53.7800 25.9800
3.9454945223e-01 1.1138719355e+00 -5.5582249915e+00
171 150 172
2 6 157 46.6800 132.2400 7 161 81.7300 75.0500
2.5674964531e+00 -4.9421108562e-01 -5.5041274148e+00
226 182 185
2 6 183 308.2200 -59.3500 7 191 306.7500 -113.6000
2.5674964531e+00 -4.9421108562e-01 -5.5041274148e+00
226 182 185
2 6 184 308.2200 -59.3500 7 192 306.7500 -113.6000
9.6752354539e-01 1.6297319275e-01 -5.7071707738e+00
99 3 5
2 6 138 112.1800 19.0000 7 142 133.5300 -32.2400
-5.3307598192e-01 3.1220844048e-01 -4.5462989169e+00
156 98 112
2 6 203 -77.4400 45.4200 7 271 -24.4800 -18.2100
1.0502231601e+00 6.7207866580e-01 -5.5030408831e+00
45 10 7
2 6 213 125.7400 80.4100 7 152 152.5700 22.0300
1.0425324786e-01 5.8979842953e-01 -5.3797280390e+00
82 11 26
2 6 208 12.9700 72.5900 7 285 48.4300 17.4500
-6.3597165514e-01 4.9173413451e-01 -4.5997978340e+00
235 181 194
2 6 207 -91.0600 70.9300 7 279 -37.4700 6.7100
-1.0369702330e+00 4.6973615960e-01 -4.5928377817e+00
183 230 255
2 6 280 -149.1700 67.6100 7 280 -91.3600 6.6700
-8.9611845251e-01 7.6652250393e-01 -4.5342631479e+00
225 165 176
2 6 295 -130.6800 111.6300 7 297 -70.7300 45.9400
9.6186383367e-01 -2.2080204304e-02 -5.6007365195e+00
66 13 22
2 6 381 113.6800 -2.4400 7 379 134.6200 -53.5200
1.2570661144e+00 9.2416350164e-02 -5.5289727347e+00
95 35 39
2 6 269 150.5900 11.3300 7 264 169.3700 -43.5700
1.1320447188e+00 9.9319088473e-02 -5.5871279826e+00
172 101 113
2 6 387 133.9300 11.7800 7 265 154.3500 -41.2100
7.2654233940e-01 1.7001710346e-01 -5.7166298164e+00
111 13 20
2 6 275 83.9800 19.6500 7 269 107.9400 -30.0500
2.1081242281e+00 3.4979176591e-01 -6.4397658998e+00
147 111 51
2 6 277 216.2500 35.8400 7 390 224.0700 -12.4700
9.1950052028e-01 6.1948074017e-01 -5.5129604250e+00
104 11 16
2 6 282 110.3100 74.3300 7 283 137.0200 16.5700
-1.1384542372e-01 6.2477152931e-01 -5.4084345261e+00
106 9 21
2 6 284 -13.8700 76.3700 7 289 23.5400 22.9100
-9.5513831924e-01 4.9093513523e-01 -4.5869823098e+00
255 254 254
2 6 281 -137.4800 70.8400 7 281 -80.3100 8.8500
-9.6670124815e-01 7.8056155191e-01 -4.5562567095e+00
224 166 176
2 6 296 -140.0000 113.4000 7 299 -80.4400 48.0300
-1.0008066983e+00 7.7794512803e-01 -4.5595503381e+00
227 167 179
2 6 424 -144.8100 112.9700 7 422 -85.1200 47.8800
-1.1125058952e+00 7.7585786251e-01 -4.5752964117e+00
133 74 96
2 6 619 -160.5600 112.1700 7 423 -100.0800 48.4700
4.2719224011e-01 1.1639413444e+00 -5.5535803292e+00
161 21 32
2 6 300 50.6900 138.3800 7 305 85.6600 80.4200
1.5974859335e+00 1.3015778404e+00 -5.3110155573e+00
69 31 28
2 6 219 198.3700 161.6700 7 222 225.5300 90.8900
1.5974859335e+00 1.3015778404e+00 -5.3110155573e+00
69 31 28
2 6 220 198.3700 161.6700 7 223 225.5300 90.8900
2.7431667787e+00 -2.8980758285e+00 -9.9272067360e+00
59 47 61
2 6 328 182.6200 -192.8900 7 483 163.4000 -201.1200
2.1942370851e+00 -8.8156583141e-01 -6.4009209778e+00
216 192 86
2 6 527 226.5100 -91.0200 7 519 225.4900 -129.7100
9.2379553504e-01 -3.7787656350e-02 -5.6541623562e+00
173 134 153
2 6 377 108.0300 -4.3600 7 378 129.1000 -54.1600
2.1736421586e+00 6.1501960518e-01 -6.3769695688e+00
111 64 25
2 6 401 225.1300 63.6500 7 399 234.4000 12.2900
-1.0631555064e+00 4.4093977338e-01 -4.5990911093e+00
168 157 198
2 6 595 -152.6200 63.4900 7 881 -95.1300 2.9000
-6.8315815452e-01 6.2985038235e-01 -4.5501824923e+00
170 104 126
2 6 413 -99.1700 91.5100 7 409 -42.6600 25.7000
-9.9203914310e-01 7.4459553013e-01 -4.5439411409e+00
174 107 127
2 6 421 -144.2600 108.2900 7 594 -84.0300 43.5300
-9.9203914310e-01 7.4459553013e-01 -4.5439411409e+00
174 107 127
2 6 422 -144.2600 108.2900 7 595 -84.0300 43.5300
1.7255427138e+00 1.4318059642e+00 -5.4892258613e+00
69 30 30
2 6 307 207.4000 172.1400 7 312 232.5700 102.9200
2.5523876255e+00 -2.9353107108e+00 -1.0264725064e+01
103 99 121
2 6 481 164.3700 -188.9100 7 694 145.7200 -195.7800
2.3211237218e+00 -3.0677950561e+00 -1.1112153301e+01
108 101 118
2 6 484 138.0000 -182.4600 7 712 119.4700 -186.1400
1.7854839938e+00 -3.4334912580e+00 -1.2575549629e+01
97 90 106
2 6 485 93.8900 -180.3500 7 492 74.5900 -179.1000
2.6656173986e+00 -2.6215572254e+00 -1.0142848212e+01
119 113 129
2 6 492 173.5700 -170.8800 7 718 155.9600 -179.5600
2.5827374852e+00 -2.6286231775e+00 -1.0250424416e+01
67 55 65
2 6 495 166.4300 -169.5200 7 723 149.0700 -177.7400
2.4429072199e+00 -2.6066558594e+00 -1.0690508481e+01
64 53 67
2 6 748 150.9400 -161.1800 7 741 133.9300 -168.0300
2.4429072199e+00 -2.6066558594e+00 -1.0690508481e+01
64 53 67
2 6 749 150.9400 -161.1800 7 742 133.9300 -168.0300
2.3770638209e+00 -2.4220263965e+00 -1.1103779317e+01
73 53 61
2 6 503 141.5800 -144.0300 7 752 124.7300 -150.7400
2.3201746325e+00 -2.4181246105e+00 -1.1123961179e+01
124 120 134
2 6 504 137.8000 -143.6700 7 500 121.4700 -149.9600
2.3201746325e+00 -2.4181246105e+00 -1.1123961179e+01
124 120 134
2 6 505 137.8000 -143.6700 7 499 121.4700 -149.9600
2.3597335065e+00 -2.2831837254e+00 -1.0917786564e+01
121 117 134
2 6 508 142.7700 -138.2400 7 506 127.0200 -145.6600
2.5476571806e+00 -6.0116999805e-01 -5.5633426986e+00
240 183 194
2 6 536 302.5600 -71.4400 7 779 300.5400 -123.4900
2.5687794217e+00 -5.6638379353e-01 -5.5105732976e+00
243 196 214
2 6 537 307.9800 -67.9600 7 529 305.9800 -121.1900
2.5790723683e+00 -4.8043338654e-01 -5.4913922619e+00
234 171 187
2 6 540 310.3000 -57.8500 7 788 308.8400 -112.4500
2.2573321867e+00 -6.1116617655e-01 -6.2856343417e+00
177 147 41
2 6 801 237.2500 -64.3000 7 793 237.7000 -106.8100
2.5782908337e+00 -4.2528838614e-01 -5.4522165197e+00
237 187 201
2 6 352 312.4100 -51.6000 7 531 311.4800 -107.3800
9.7198345222e-01 1.4480707440e-02 -5.6153452462e+00
171 124 141
2 6 845 114.4000 1.7200 7 836 135.7400 -49.2500
-5.6153570190e-01 -3.3436405106e-02 -4.7037871530e+00
226 178 187
2 6 376 -79.0300 -4.8400 7 554 -30.6200 -61.1600
-5.1126581795e-01 9.1087615864e-02 -4.6229612549e+00
157 101 112
2 6 574 -73.0800 13.0200 7 841 -23.2000 -46.7300
-5.1126581795e-01 9.1087615864e-02 -4.6229612549e+00
157 101 112
2 6 573 -73.0800 13.0200 7 842 -23.2000 -46.7300
-9.6960145737e-01 8.5201988959e-02 -4.6008371419e+00
215 151 168
2 6 572 -139.1800 12.3200 7 845 -84.6000 -45.1900
-5.1868052533e-01 2.5568238449e-01 -4.5711304111e+00
158 99 111
2 6 582 -74.9300 37.0100 7 861 -23.0000 -25.6100
9.1624426246e-02 6.1922408624e-01 -5.3620509159e+00
233 218 229
2 6 604 11.2900 76.3100 7 907 47.6200 21.0100
1.2108113106e-01 6.3813554706e-01 -5.3594267166e+00
229 219 231
2 6 605 14.9400 78.6900 7 909 51.1400 23.0000
-9.3910031714e-01 6.5562386339e-01 -4.5603060625e+00
241 217 230
2 6 613 -136.0600 95.0200 7 924 -77.2200 31.0200
3.7015937903e-01 9.6898572819e-01 -5.5414906702e+00
203 132 150
2 6 936 44.0700 115.4900 7 956 78.2500 58.9400
-9.4699454959e-01 7.4880258328e-01 -4.5481461976e+00
178 107 123
2 6 618 -137.5100 108.8700 7 593 -77.8800 43.7000
-1.0308154833e+00 7.5998398795e-01 -4.5495957696e+00
232 172 179
2 6 931 -149.9000 110.2100 7 944 -88.9800 46.0800
4.2647610836e-01 1.0835585994e+00 -5.5499992714e+00
151 23 55
2 6 623 50.6400 128.9000 7 606 85.1300 71.4400
2.7390775162e+00 -3.2982988659e+00 -9.7571548133e+00
111 102 120
2 6 661 185.4800 -223.4000 7 652 164.8300 -229.7500
2.4374811748e+00 -3.6250501940e+00 -1.0658610367e+01
100 95 113
2 6 657 151.1500 -224.7100 7 659 130.3400 -227.1100
2.5294928185e+00 -3.4643032342e+00 -1.0411188706e+01
114 111 129
2 6 672 160.5800 -219.8500 7 664 140.0400 -223.6700
2.5615198638e+00 -3.1443781409e+00 -1.0349608428e+01
117 106 126
2 6 697 163.5300 -200.7800 7 683 144.1600 -206.2900
2.4709540150e+00 -2.9324595465e+00 -1.0585438995e+01
57 46 60
2 6 717 154.2200 -183.0900 7 704 135.9300 -188.8600
2.1273836276e+00 -2.2327378774e+00 -1.1445339952e+01
107 92 111
2 6 765 122.9100 -128.8300 7 764 107.3300 -134.7700
1.9492858230e+00 -2.4238721521e+00 -1.2217546669e+01
97 87 99
2 6 764 105.4600 -131.0700 7 765 89.0800 -134.0100
2.5632540899e+00 -6.9988396959e-01 -5.4798997327e+00
247 138 75
2 6 794 309.1300 -84.3700 7 760 305.9400 -136.4300
2.2370274542e+00 -8.2854698710e-01 -6.3118209651e+00
215 192 85
2 6 792 234.1800 -86.7600 7 774 233.2600 -126.9300
2.5733918912e+00 -5.2145575479e-01 -5.4859070166e+00
249 179 194
2 6 803 309.8300 -62.9200 7 786 308.3300 -116.9200
2.5592102518e+00 -5.0785854003e-01 -5.5274384204e+00
234 189 194
2 6 804 305.8500 -60.7900 7 787 304.5500 -114.4100
-1.3259163333e-01 5.9331034024e-01 -5.3554347248e+00
209 176 193
2 6 893 -16.4700 73.1100 7 905 21.9100 19.4200
1.5892728960e+00 1.0857956297e+00 -5.2489925243e+00
159 96 109
2 6 625 199.9600 136.6100 7 960 225.4200 66.1800
5.5461663507e-01 1.0186795374e+00 -5.5610885695e+00
212 136 155
2 6 941 65.7600 120.9300 7 958 98.6100 63.3400
-4.8692225490e-02 5.3444319408e-01 -5.4441036546e+00
243 238 244
2 6 26 -5.8100 64.9600 7 26 29.9300 12.2700
2.0103245159e+00 8.4598017549e-01 -6.2964281968e+00
193 133 142
2 6 29 210.3700 88.3400 7 27 224.1500 35.7300
2.1397459639e+00 -6.4212115418e-01 -6.4168562263e+00
219 186 70
2 6 44 220.6900 -65.8500 7 48 220.9800 -106.9600
-1.0112728297e-01 3.1116767672e-01 -5.5326906037e+00
235 234 243
2 6 48 -12.2800 36.9800 7 82 22.0800 -11.8000
-1.7759136240e-02 1.5458411894e+00 -5.9112368785e+00
161 16 26
2 6 60 -1.4000 173.2900 7 64 33.4800 120.4700
-8.2758890746e-02 1.9340611652e-01 -5.7010019100e+00
198 31 51
2 6 70 -9.8500 22.1800 7 144 21.8300 -23.3500
1.3460930724e+00 2.1007900822e-01 -5.5728111171e+00
188 119 130
2 6 71 160.0900 25.2900 7 80 178.1400 -30.7300
1.4373576957e+00 3.3313476027e-01 -5.7208933431e+00
65 8 8
2 6 73 166.2800 38.6800 7 81 183.6800 -16.3800
1.2727915276e+00 1.2665104694e+00 -5.3885157981e+00
184 137 151
2 6 83 155.8600 155.1500 7 90 185.3700 88.1200
-3.0998324514e+00 3.3066915326e+00 -1.2278390816e+01
24 22 27
2 6 84 -167.2900 177.5300 7 127 -161.1400 181.1900
-3.0998324514e+00 3.3066915326e+00 -1.2278390816e+01
24 22 27
2 6 85 -167.2900 177.5300 7 128 -161.1400 181.1900
-1.3344366312e+00 -2.9699341019e+00 -1.2728626375e+01
63 59 70
2 6 91 -68.4900 -153.3100 7 69 -81.2800 -149.2800
-1.7109133010e-01 2.3647658092e-01 -5.5984452721e+00
231 213 229
2 6 99 -20.9300 27.2300 7 147 13.8800 -18.6700
-1.4287092103e-01 7.1493651593e-01 -5.4051548915e+00
193 32 49
2 6 107 -17.5500 87.3300 7 114 20.9500 33.5300
2.3813192328e+00 -1.1687918231e+00 -6.0034024977e+00
202 197 105
2 6 128 262.0300 -128.7200 7 131 257.7300 -168.6600
1.1862449118e+00 1.2352579174e-01 -5.5618100503e+00
189 123 137
2 6 137 141.0900 14.8000 7 141 161.0500 -39.2400
2.6510165108e-01 5.2526557458e-01 -5.3880634925e+00
230 208 219
2 6 145 32.6400 64.5300 7 210 66.2300 9.1900
-1.3141482738e-01 5.7638376420e-01 -5.4644235529e+00
221 208 222
2 6 149 -15.6700 69.9000 7 213 20.4800 17.4600
-1.4273712610e-01 7.0924019806e-01 -5.3869453495e+00
195 34 51
2 6 152 -17.5100 87.0000 7 155 21.0200 32.8000
-7.3275064607e-02 7.8589225971e-01 -5.4678668552e+00
90 1 7
2 6 155 -9.0000 94.8500 7 219 28.7000 41.2300
1.2016736243e+00 1.3455701248e+00 -5.9827560710e+00
157 20 30
2 6 160 132.4600 148.4200 7 119 158.1200 91.7300
1.5804911483e+00 1.4579381408e+00 -5.4461156619e+00
168 118 129
2 6 162 191.5700 176.7600 7 167 218.6200 107.2600
8.3135965803e-01 -5.0072631008e+00 -1.4787818093e+01
42 42 51
2 6 169 37.3000 -223.5900 7 183 14.2900 -213.7900
2.3863100021e+00 -3.6448737506e+00 -1.0803855635e+01
37 33 48
2 6 171 146.0200 -222.8700 7 179 125.2300 -224.8900
2.3863100021e+00 -3.6448737506e+00 -1.0803855635e+01
37 33 48
2 6 172 146.0200 -222.8700 7 180 125.2300 -224.8900
2.9988454422e+00 -2.9242833197e+00 -9.1084173167e+00
60 49 64
2 6 173 217.3900 -212.3100 7 181 197.1100 -222.7600
2.4526788593e+00 -2.0762483326e+00 -8.2903113150e+00
188 174 148
2 6 176 195.3900 -165.5900 7 186 182.8900 -183.3800
4.8108099633e-01 -3.3184422064e+00 -1.3234254773e+01
105 81 64
2 6 177 24.1400 -165.5700 7 187 7.6300 -161.5100
2.5789852409e+00 -3.6707345699e-01 -5.4499450979e+00
224 181 193
2 6 185 312.7800 -44.4500 7 193 311.9800 -101.2100
2.5789852409e+00 -3.6707345699e-01 -5.4499450979e+00
224 181 193
2 6 186 312.7800 -44.4500 7 194 311.9800 -101.2100
5.9856736677e-01 1.7477909411e+00 -5.9020900095e+00
68 1 1
2 6 225 66.7900 195.5100 7 324 100.5000 138.8500
2.6799439402e+00 -3.2072582436e+00 -9.9737664639e+00
53 42 51
2 6 233 177.5300 -212.5200 7 235 157.5100 -218.7700
2.6799439402e+00 -3.2072582436e+00 -9.9737664639e+00
53 42 51
2 6 234 177.5300 -212.5200 7 236 157.5100 -218.7700
1.7638928543e+00 -3.7297348103e+00 -1.2570794706e+01
10 10 12
2 6 235 92.8200 -195.9600 7 341 72.6800 -193.7500
1.7638928543e+00 -3.7297348103e+00 -1.2570794706e+01
10 10 12
2 6 236 92.8200 -195.9600 7 342 72.6800 -193.7500
2.3434974115e+00 -1.9760991370e+00 -8.5849124717e+00
178 170 140
2 6 241 180.2800 -152.2000 7 241 168.6500 -169.1100
1.5624836718e+00 -2.6467451954e+00 -1.2605965752e+01
110 83 65
2 6 244 82.0000 -138.6500 7 244 65.5000 -139.4600
1.4240312691e+00 -2.5910884202e+00 -1.2597944449e+01
18 29 45
2 6 245 74.8500 -135.7600 7 245 58.7700 -136.6100
2.0953896971e+00 -2.1942447713e+00 -1.1652291474e+01
54 40 42
2 6 248 118.8900 -124.3800 7 248 103.3500 -129.8000
2.5435822913e+00 -6.0531265444e-01 -5.4955202419e+00
225 192 209
2 6 255 305.7500 -72.8600 7 359 303.9000 -125.6300
8.3171400077e-01 1.2882716499e-01 -5.7394876236e+00
138 31 47
2 6 270 95.5200 14.6300 7 267 118.5300 -34.5300
5.5356188874e-01 1.3192342983e-01 -5.6743217093e+00
211 42 80
2 6 271 64.4500 15.3500 7 382 90.1700 -33.7200
-9.8724687122e-01 5.9785853923e-01 -4.5712178077e+00
179 225 255
2 6 288 -142.3700 86.7600 7 292 -84.4000 23.2200
-1.0471930504e+00 7.9657993667e-01 -4.5526233247e+00
152 97 120
2 6 297 -152.0100 115.6100 7 300 -91.1500 51.0200
1.7255427138e+00 1.4318059642e+00 -5.4892258613e+00
69 30 30
2 6 306 207.4000 172.1400 7 311 232.5700 102.9200
2.3298052765e+00 -3.9094481181e+00 -1.0940477409e+01
84 79 97
2 6 315 140.6800 -236.1700 7 460 119.3700 -236.4100
2.5526695691e+00 -3.3357899918e+00 -1.0467110387e+01
98 89 106
2 6 324 160.9800 -210.7600 7 336 141.2100 -214.7500
2.8705930551e+00 -2.8807038043e+00 -9.4122421700e+00
56 43 54
2 6 326 201.4100 -202.3600 7 337 182.0100 -212.0600
2.5387526133e+00 -3.0063430996e+00 -1.0473753383e+01
59 52 64
2 6 330 160.2200 -189.6300 7 339 141.2600 -195.6000
2.5387526133e+00 -3.0063430996e+00 -1.0473753383e+01
59 52 64
2 6 331 160.2200 -189.6300 7 340 141.2600 -195.6000
1.6154320618e+00 -3.2983951913e+00 -1.3229109499e+01
81 74 84
2 6 333 80.8300 -164.6200 7 353 61.6100 -162.5500
1.6846613088e+00 -2.8251100673e+00 -1.2793008406e+01
47 38 45
2 6 337 87.1900 -145.7600 7 504 69.4700 -146.0400
2.0123775136e+00 -2.3608304610e+00 -1.1841888745e+01
52 42 43
2 6 340 112.2200 -131.8100 7 513 96.4900 -135.7700
1.9414080138e+00 -1.1751521839e+00 -6.8710844660e+00
203 182 70
2 6 343 186.6000 -113.1100 7 507 185.2800 -144.2900
2.5515570166e+00 -6.0864107315e-01 -5.5102699909e+00
228 196 213
2 6 348 305.8800 -73.0700 7 358 303.9000 -125.6300
5.4011585000e-01 -2.8125704307e-01 -5.6647574473e+00
123 6 14
2 6 359 62.8500 -32.9500 7 368 86.4700 -78.1700
5.4011585000e-01 -2.8125704307e-01 -5.6647574473e+00
123 6 14
2 6 360 62.8500 -32.9500 7 369 86.4700 -78.1700
2.1765146340e+00 -2.7671529324e-01 -6.2229635875e+00
114 69 10
2 6 362 231.1500 -29.3600 7 545 234.6700 -75.4600
-9.3703174669e-01 -1.9583316015e-01 -4.9857737387e+00
35 44 92
2 6 363 -123.8900 -25.6400 7 371 -78.9400 -74.5800
1.2165516396e+00 1.9087353346e-01 -5.6033152133e+00
173 95 107
2 6 390 143.7400 22.7300 7 383 163.2800 -31.6800
4.7932584220e-01 2.3172914050e-01 -5.6523923185e+00
124 4 14
2 6 391 56.0700 27.1200 7 385 83.2000 -22.8000
2.1462122647e+00 2.9467771195e-01 -6.4585065735e+00
84 49 7
2 6 393 219.5900 30.1500 7 388 226.4700 -17.7900
-4.2286941884e-01 4.2846781222e-01 -4.6097372639e+00
207 155 168
2 6 399 -60.7900 61.2600 7 575 -8.9400 -2.6100
2.2093727127e+00 6.3938284937e-01 -6.3343593285e+00
176 139 90
2 6 402 230.3300 66.5900 7 400 239.6800 14.3700
-6.5612210436e-01 5.7853932079e-01 -4.5674119684e+00
189 126 143
2 6 405 -94.9600 83.6700 7 402 -39.2400 18.6900
-6.5612210436e-01 5.7853932079e-01 -4.5674119684e+00
189 126 143
2 6 406 -94.9600 83.6700 7 403 -39.2400 18.6900
-8.2670040741e-01 5.9130064091e-01 -4.5984655098e+00
247 228 240
2 6 408 -118.8500 84.9200 7 405 -62.0600 21.6800
2.8453127945e-01 7.0570378027e-01 -5.3078934308e+00
219 197 209
2 6 409 35.3800 87.8200 7 586 71.3000 29.8300
4.3630717102e-01 7.2393174274e-01 -5.3684633064e+00
246 224 228
2 6 411 53.3600 88.8200 7 412 87.9100 31.3100
4.3630717102e-01 7.2393174274e-01 -5.3684633064e+00
246 224 228
2 6 412 53.3600 88.8200 7 413 87.9100 31.3100
-6.8315815452e-01 6.2985038235e-01 -4.5501824923e+00
170 104 126
2 6 414 -99.1700 91.5100 7 410 -42.6600 25.7000
-2.3176254536e-02 8.2374964522e-01 -5.4940785119e+00
175 25 37
2 6 416 -2.8300 99.0400 7 418 34.1600 45.0900
-7.7167786130e-01 6.9313166062e-01 -4.5362383369e+00
233 178 193
2 6 418 -112.3800 101.0000 7 415 -54.3100 34.9200
-1.0892415819e+00 7.4792662463e-01 -4.5654083786e+00
229 167 180
2 6 423 -157.5200 108.3900 7 417 -97.2200 44.5100
4.2189599505e-01 1.1655997172e+00 -5.5507711236e+00
155 24 37
2 6 429 50.1500 138.7000 7 432 85.0700 80.6100
1.2323366106e+00 1.1367266074e+00 -5.2016377794e+00
184 132 144
2 6 430 156.3400 144.2500 7 431 187.0500 74.8500
2.8219392621e+00 -3.1437675296e+00 -9.5980863787e+00
52 45 58
2 6 462 194.2300 -216.4900 7 662 173.8300 -224.2000
2.4484056119e+00 -3.4254720197e+00 -1.0645564843e+01
105 97 118
2 6 463 151.9900 -212.6200 7 479 131.9000 -215.9800
2.8218629164e+00 -2.9862197824e+00 -9.5328697341e+00
119 111 128
2 6 467 195.5100 -207.0900 7 675 175.8700 -215.8000
2.1859228573e+00 -3.5358838514e+00 -1.1357037594e+01
85 77 96
2 6 468 127.1700 -205.7500 7 481 107.4000 -206.7600
2.1279375710e+00 -3.4796634055e+00 -1.1503213337e+01
39 35 49
2 6 470 122.3100 -199.8200 7 484 102.6500 -200.8700
2.8098175072e+00 -2.7822229724e+00 -9.6739902228e+00
57 41 47
2 6 478 191.8500 -190.1200 7 485 173.0500 -199.6100
2.8098175072e+00 -2.7822229724e+00 -9.6739902228e+00
57 41 47
2 6 479 191.8500 -190.1200 7 486 173.0500 -199.6100
2.4323980492e+00 -2.9179768045e+00 -1.0822891024e+01
57 46 55
2 6 487 148.4600 -178.2100 7 715 130.2600 -183.3600
1.6614288089e+00 -3.5017350223e+00 -1.2981632110e+01
88 85 103
2 6 488 84.7100 -178.1100 7 494 65.0500 -175.9100
2.4892394762e+00 -2.1785573367e+00 -8.2450150587e+00
187 178 143
2 6 491 199.3600 -174.7300 7 487 186.2200 -192.0400
1.7269719569e+00 -3.1242239882e+00 -1.2789044803e+01
54 48 60
2 6 497 89.3100 -161.3500 7 497 70.8300 -160.6300
2.3421999523e+00 -2.0509574048e+00 -8.5309304669e+00
113 98 80
2 6 500 181.4000 -158.8900 7 493 169.3300 -175.7000
2.1477168072e+00 -2.4407069801e+00 -1.1597439903e+01
63 47 56
2 6 506 122.2000 -139.2300 7 509 106.2400 -143.6000
1.9996977226e+00 -2.2803623233e+00 -1.2045071087e+01
61 47 49
2 6 514 109.7400 -125.0700 7 520 93.8300 -128.9800
1.8363984112e+00 -2.1792705977e+00 -1.2464545416e+01
62 47 49
2 6 518 97.3700 -115.5200 7 784 81.7900 -118.3800
2.2418066949e+00 -8.7407406582e-01 -6.3469196255e+00
214 191 78
2 6 526 233.2600 -91.1200 7 518 232.1800 -130.3400
2.5525326534e+00 -6.3392147558e-01 -5.5782627387e+00
221 70 104
2 6 534 302.3400 -75.1200 7 776 299.9600 -126.6200
2.0959172717e+00 -5.5824764032e-01 -6.5612853006e+00
228 191 78
2 6 541 211.3600 -56.0000 7 797 212.3600 -96.1700
2.2896441006e+00 -4.7050917652e-01 -6.1913613913e+00
229 196 57
2 6 545 244.3700 -50.2200 7 536 245.5100 -95.2800
2.2896441006e+00 -4.7050917652e-01 -6.1913613913e+00
229 196 57
2 6 546 244.3700 -50.2200 7 537 245.5100 -95.2800
8.4307933682e-01 -3.7050482606e-01 -5.4785139606e+00
170 47 61
2 6 548 101.6100 -44.7600 7 802 123.0300 -93.0200
2.2365907614e+00 -3.5464926901e-01 -6.2361632077e+00
98 62 2
2 6 552 236.9700 -37.6000 7 812 239.4100 -83.0000
2.2089265887e+00 -3.1463466184e-01 -6.2353584044e+00
121 76 14
2 6 554 234.1000 -33.3400 7 815 237.0400 -79.0500
2.5854337553e+00 -2.4725681981e-01 -5.4347504345e+00
240 192 195
2 6 555 314.3500 -30.0700 7 543 314.6400 -88.4200
-5.5097905813e-01 9.8020351593e-03 -4.6600272953e+00
218 170 181
2 6 567 -78.1200 1.4000 7 833 -29.0700 -56.5500
-4.8459896729e-01 1.8725385926e-01 -4.6072197193e+00
225 164 172
2 6 579 -69.4400 26.9200 7 561 -19.0400 -34.4800
2.1766730761e+00 3.0921165500e-01 -6.4397319904e+00
176 139 48
2 6 580 223.2500 31.6500 7 571 230.2300 -16.6100
-3.8810091018e-01 4.7676372470e-01 -4.6795267646e+00
220 191 199
2 6 597 -54.8200 67.3100 7 579 -4.6100 3.8500
-1.0827228394e+00 4.8610862598e-01 -4.6021858974e+00
173 160 196
2 6 599 -155.4500 69.8100 7 580 -97.3300 9.2400
3.6921516116e-01 6.6385536596e-01 -5.3797118294e+00
243 214 219
2 6 606 45.2300 81.4400 7 584 79.4000 24.6400
1.4406676457e-01 7.1360001120e-01 -5.4097328133e+00
71 6 13
2 6 609 17.5900 87.1600 7 588 53.4900 31.6000
-1.0297046301e+00 6.3125738363e-01 -4.5727250901e+00
242 226 244
2 6 611 -148.5900 91.4300 7 919 -89.8100 28.1700
-9.5153150215e-01 7.2120483243e-01 -4.5408995474e+00
228 165 173
2 6 615 -138.4500 104.9700 7 590 -78.6700 40.0400
-1.0088549710e+00 8.0877496517e-01 -4.5628413188e+00
157 100 122
2 6 622 -146.0100 117.2200 7 599 -85.8400 52.2600
7.0232719707e-02 1.5369169503e+00 -5.8664336220e+00
108 2 1
2 6 627 7.7400 172.9800 7 612 44.1200 120.1900
-3.9663814603e+00 4.0655389409e+00 -1.1934544603e+01
147 93 87
2 6 636 -219.3100 225.3900 7 1042 -212.5700 230.5300
2.2059928137e+00 -3.9488405408e+00 -1.1274714500e+01
51 45 59
2 6 647 129.3400 -231.3900 7 648 108.0500 -230.9200
2.2469257457e+00 -3.8931854279e+00 -1.1160826879e+01
89 87 105
2 6 648 132.9800 -230.5600 7 650 111.9900 -230.3700
9.8403476630e-01 -5.1202372887e+00 -1.4679316756e+01
49 48 57
2 6 649 44.4100 -230.3700 7 670 20.9800 -220.4700
2.5758254854e+00 -3.5420778290e+00 -1.0318616320e+01
111 107 131
2 6 654 164.9600 -226.8300 7 649 144.0000 -230.4600
2.2401577003e+00 -3.7836492961e+00 -1.1134095201e+01
88 85 102
2 6 658 132.9600 -224.5500 7 661 112.2500 -225.0100
2.6875027823e+00 -3.3543084407e+00 -9.9870565744e+00
59 54 71
2 6 667 177.7700 -221.9900 7 656 157.1800 -227.3800
2.9866223931e+00 -3.0169574807e+00 -9.1323108705e+00
56 47 63
2 6 675 215.9600 -218.4400 7 653 195.3000 -228.2500
2.4049448951e+00 -3.5160094594e+00 -1.0883406831e+01
100 96 119
2 6 679 146.0200 -213.4800 7 676 125.6900 -215.8600
2.3392293744e+00 -3.5418776334e+00 -1.1061874324e+01
56 46 58
2 6 683 139.7600 -211.5600 7 679 119.4700 -213.4200
2.3807681026e+00 -3.3138473261e+00 -1.0807041070e+01
53 46 61
2 6 695 145.5500 -202.6500 7 684 126.1300 -206.0200
2.5368503708e+00 -3.1793094646e+00 -1.0438360525e+01
68 58 74
2 6 696 160.5300 -201.3300 7 682 141.2000 -206.3300
2.1718656233e+00 -3.4476488487e+00 -1.1467129196e+01
88 81 97
2 6 700 125.2000 -198.6300 7 690 105.5600 -199.9000
1.6419907500e+00 -3.8940247614e+00 -1.2974613843e+01
36 26 32
2 6 702 83.7200 -198.2300 7 697 63.1400 -194.6800
2.5272474757e+00 -3.1083315236e+00 -1.0502486289e+01
101 93 110
2 6 705 158.9400 -195.6400 7 689 139.8900 -200.8100
1.9939069263e+00 -3.5328402027e+00 -1.1990987685e+01
52 47 68
2 6 706 109.9300 -194.6400 7 695 90.2300 -194.3500
1.9939069263e+00 -3.5328402027e+00 -1.1990987685e+01
52 47 68
2 6 707 109.9300 -194.6400 7 696 90.2300 -194.3500
2.6824284074e+00 -2.8468471243e+00 -1.0011337538e+01
46 34 46
2 6 712 177.0200 -187.9400 7 693 158.4000 -195.9900
2.1208543706e+00 -3.3208895096e+00 -1.1716177178e+01
90 78 86
2 6 713 119.6500 -187.2700 7 707 100.4300 -188.4600
2.1208543706e+00 -3.3208895096e+00 -1.1716177178e+01
90 78 86
2 6 714 119.6500 -187.2700 7 708 100.4300 -188.4600
2.0016320389e+00 -3.1921186248e+00 -1.1968793170e+01
57 49 60
2 6 724 110.5300 -176.2200 7 725 91.9300 -177.1700
2.0011432526e+00 -3.1117692412e+00 -1.1931918418e+01
89 85 99
2 6 731 110.8700 -172.2900 7 729 92.5000 -173.6500
2.0011432526e+00 -3.1117692412e+00 -1.1931918418e+01
89 85 99
2 6 732 110.8700 -172.2900 7 730 92.5000 -173.6500
2.0729481453e+00 -2.9304661985e+00 -1.1782051375e+01
66 59 74
2 6 742 116.2800 -164.3400 7 744 98.4300 -166.7400
2.0729481453e+00 -2.9304661985e+00 -1.1782051375e+01
66 59 74
2 6 743 116.2800 -164.3400 7 745 98.4300 -166.7400
2.5296713592e+00 -2.5789390624e+00 -1.0476943407e+01
106 99 115
2 6 744 159.5400 -162.6700 7 735 142.3200 -170.4900
2.5296713592e+00 -2.5789390624e+00 -1.0476943407e+01
106 99 115
2 6 745 159.5400 -162.6700 7 736 142.3200 -170.4900
2.4429072199e+00 -2.6066558594e+00 -1.0690508481e+01
64 53 67
2 6 747 150.9400 -161.1800 7 740 133.9300 -168.0300
1.2862337025e+00 -3.0912470668e+00 -1.4133980551e+01
74 67 78
2 6 756 60.2200 -144.4400 7 756 41.5100 -140.8100
2.3798342220e+00 -1.1646549649e+00 -5.9993758908e+00
197 196 106
2 6 767 262.0800 -128.3200 7 739 257.7500 -168.4000
2.3747506476e+00 -2.0751779661e+00 -1.0953874956e+01
71 60 79
2 6 770 143.1900 -125.2500 7 768 128.1000 -133.3900
2.2291260399e+00 -2.0578944415e+00 -1.1199018889e+01
91 79 87
2 6 772 131.5600 -121.4000 7 771 116.6000 -128.7600
2.2291260399e+00 -2.0578944415e+00 -1.1199018889e+01
91 79 87
2 6 773 131.5600 -121.4000 7 772 116.6000 -128.7600
2.0620064078e+00 -2.0765686709e+00 -1.1757312993e+01
62 50 55
2 6 780 115.9900 -116.6200 7 782 100.7300 -122.1600
2.5902450148e+00 -3.0503635023e-01 -5.4088167031e+00
234 190 210
2 6 820 316.3100 -37.3700 7 798 316.3600 -95.2200
2.5955552604e+00 -2.0695700511e-01 -5.4296786168e+00
237 193 207
2 6 829 315.8100 -25.2400 7 811 316.4300 -84.1100
-8.2554028870e-01 4.6634062564e-01 -4.5748407821e+00
181 161 192
2 6 887 -119.1400 67.4600 7 884 -63.0000 4.6200
-2.2185938535e-02 5.8844024101e-01 -5.3579948971e+00
194 171 186
2 6 892 -2.6600 72.6400 7 903 34.3400 18.0500
-1.0344820862e+00 5.1261505158e-01 -4.5735550892e+00
147 198 227
2 6 897 -149.4700 74.0600 7 898 -90.9400 12.3700
5.6919152796e-02 6.0343320610e-01 -5.3566377968e+00
239 225 235
2 6 898 6.9300 74.3600 7 904 43.7200 19.4600
-9.0032633220e-01 6.4531427287e-01 -4.5610635045e+00
235 199 216
2 6 912 -130.4100 93.5200 7 921 -72.0100 29.3400
5.2346251660e-01 8.9307696201e-01 -5.5179673894e+00
204 160 177
2 6 926 62.7600 107.0100 7 947 95.0700 49.4700
-7.9513119415e-01 7.4877346986e-01 -4.5411197440e+00
146 87 107
2 6 928 -115.6700 108.9900 7 939 -57.1300 42.6600
3.7015937903e-01 9.6898572819e-01 -5.5414906702e+00
203 132 150
2 6 935 44.0700 115.4900 7 955 78.2500 58.9400
-9.0546485672e-01 8.2799380849e-01 -4.5632917176e+00
216 161 173
2 6 940 -131.1300 119.8900 7 950 -71.4900 54.2200
-3.9661822469e+00 3.6022142934e+00 -1.1880635109e+01
144 79 71
2 6 965 -220.4800 200.4700 7 1002 -214.1100 205.3900
-5.3684491292e+00 3.6302648905e+00 -1.1708239792e+01
128 72 58
2 6 969 -302.9200 204.9600 7 1018 -297.7800 214.9600
-5.3684491292e+00 3.6302648905e+00 -1.1708239792e+01
128 72 58
2 6 970 -302.9200 204.9600 7 1019 -297.7800 214.9600
-5.5251230343e+00 3.6195920568e+00 -1.1666883817e+01
126 72 64
2 6 971 -312.8800 205.0700 7 639 -307.8900 215.6100
-5.5251230343e+00 3.6195920568e+00 -1.1666883817e+01
126 72 64
2 6 972 -312.8800 205.0700 7 640 -307.8900 215.6100
-3.3724858089e+00 3.7967996018e+00 -1.2001385441e+01
142 89 80
2 6 975 -185.4900 209.2400 7 1011 -178.8100 212.2500
-3.3724858089e+00 3.7967996018e+00 -1.2001385441e+01
142 89 80
2 6 976 -185.4900 209.2400 7 1012 -178.8100 212.2500
-4.9395445245e+00 3.8279424168e+00 -1.1729037651e+01
134 72 65
2 6 990 -278.1800 215.7700 7 1035 -272.0900 224.3200
-4.8893679398e+00 3.9113530525e+00 -1.1686715604e+01
135 75 58
2 6 999 -276.4600 221.1600 7 1041 -269.7600 229.7400
-3.5596629906e+00 4.0682309506e+00 -1.1985068771e+01
143 85 86
2 6 1000 -196.1600 224.4000 7 1038 -188.7900 228.4700
