# Bundle file v0.3
41 730
0 0 0
0 0 0
0 0 0
0 0 0
0 0 0
0 0 0
0 0 0
0 0 0
0 0 0
0 0 0
0 0 0
0 0 0
0 0 0
0 0 0
0 0 0
0 0 0
0 0 0
0 0 0
0 0 0
0 0 0
0 0 0
0 0 0
0 0 0
0 0 0
0 0 0
0 0 0
0 0 0
0 0 0
0 0 0
0 0 0
0 0 0
0 0 0
0 0 0
0 0 0
0 0 0
0 0 0
0 0 0
0 0 0
0 0 0
0 0 0
0 0 0
0 0 0
0 0 0
0 0 0
0 0 0
0 0 0
0 0 0
0 0 0
0 0 0
0 0 0
0 0 0
0 0 0
0 0 0
0 0 0
0 0 0
0 0 0
0 0 0
0 0 0
0 0 0
0 0 0
0 0 0
0 0 0
0 0 0
0 0 0
0 0 0
5.3200000000e+02 0.0000000000e+00 0.0000000000e+00
9.9954156989e-01 -2.1424475440e-02 2.1392566573e-02
2.2551040308e-02 9.9829228077e-01 -5.3888521342e-02
-2.0201500774e-02 5.4346241852e-02 9.9831777775e-01
2.4479381849e+00 -9.8821563991e-02 -9.2601023932e+00
0 0 0
0 0 0
0 0 0
0 0 0
0 0 0
5.3200000000e+02 0.0000000000e+00 0.0000000000e+00
9.8308262245e-01 1.4436029753e-01 -1.1273270128e-01
-1.4461092605e-01 9.8947043813e-01 5.9943425713e-03
1.1241102040e-01 1.0409446313e-02 9.9360726946e-01
3.0104563385e+00 -9.5246103510e-01 -8.7871668222e+00
0 0 0
0 0 0
0 0 0
0 0 0
0 0 0
0 0 0
0 0 0
0 0 0
0 0 0
0 0 0
0 0 0
0 0 0
0 0 0
0 0 0
0 0 0
0 0 0
0 0 0
0 0 0
0 0 0
0 0 0
0 0 0
0 0 0
0 0 0
0 0 0
0 0 0
0 0 0
0 0 0
0 0 0
0 0 0
0 0 0
0 0 0
0 0 0
0 0 0
0 0 0
0 0 0
0 0 0
0 0 0
0 0 0
0 0 0
0 0 0
0 0 0
0 0 0
0 0 0
0 0 0
0 0 0
0 0 0
0 0 0
0 0 0
0 0 0
0 0 0
0 0 0
0 0 0
0 0 0
0 0 0
0 0 0
0 0 0
0 0 0
0 0 0
0 0 0
0 0 0
0 0 0
0 0 0
0 0 0
0 0 0
0 0 0
0 0 0
0 0 0
0 0 0
0 0 0
0 0 0
0 0 0
0 0 0
0 0 0
0 0 0
0 0 0
0 0 0
0 0 0
0 0 0
0 0 0
0 0 0
0 0 0
0 0 0
0 0 0
0 0 0
0 0 0
0 0 0
0 0 0
0 0 0
0 0 0
0 0 0
0 0 0
0 0 0
0 0 0
0 0 0
0 0 0
0 0 0
0 0 0
0 0 0
0 0 0
0 0 0
0 0 0
0 0 0
0 0 0
0 0 0
0 0 0
0 0 0
0 0 0
0 0 0
0 0 0
0 0 0
0 0 0
0 0 0
0 0 0
0 0 0
0 0 0
0 0 0
0 0 0
0 0 0
0 0 0
0 0 0
0 0 0
0 0 0
0 0 0
0 0 0
0 0 0
-3.6824794741e+00 2.0655442486e-01 6.1422438994e+00
126 128 124
2 13 592 -475.1400 -178.1000 15 687 -540.0600 -118.0600
-3.5554278759e+00 3.5289925734e-01 5.6402013524e+00
164 165 157
2 13 3060 -361.5200 -89.7800 15 3344 -386.7100 -61.0300
-3.3949186267e+00 8.7401097490e-03 6.8259021448e+00
31 26 30
2 13 848 -438.1400 -350.9300 15 1003 -605.1900 -272.5700
-2.6366993846e+00 9.6640095550e-01 6.8906545753e+00
16 15 12
2 13 3221 -13.7800 222.3400 15 3579 -111.8400 222.5900
-2.6576028573e+00 9.7198817617e-01 6.8783207278e+00
17 14 11
2 13 3223 -26.3300 224.5700 15 3582 -122.2100 225.9700
-2.6266976871e+00 9.3539910663e-01 6.8874630642e+00
92 83 71
2 13 3220 -7.3400 203.3600 15 4478 -108.1700 202.6200
-2.0121856694e+00 3.0256154446e-01 5.4035647613e+00
170 170 187
2 13 3779 219.2000 -87.4400 15 4136 198.5000 -163.5800
-2.6633234999e+00 9.2941642079e-01 6.8604706670e+00
94 92 79
2 13 4088 -28.9700 197.6800 15 5576 -126.9500 198.5500
-2.6633234999e+00 9.2941642079e-01 6.8604706670e+00
94 92 79
2 13 4089 -28.9700 197.6800 15 5577 -126.9500 198.5500
-2.6769451299e+00 9.3291005501e-01 6.8516271508e+00
91 89 76
2 13 4093 -36.9900 199.0400 15 5578 -133.4600 200.6600
-2.6769451299e+00 9.3291005501e-01 6.8516271508e+00
91 89 76
2 13 4094 -36.9900 199.0400 15 5579 -133.4600 200.6600
-2.6310337034e+00 9.5552141656e-01 6.8909464782e+00
95 91 81
2 13 4105 -10.2100 215.9100 15 5594 -109.4700 215.4800
-2.6521176456e+00 9.6103149939e-01 6.8776542089e+00
90 88 73
2 13 4107 -22.8700 218.1000 15 4487 -119.8600 218.7100
-2.6736584175e+00 9.6669918785e-01 6.8640297981e+00
92 87 76
2 13 4109 -35.6700 220.2600 15 5598 -130.3000 222.0500
-2.5823806157e+00 9.0938424440e-01 6.9084551391e+00
105 100 92
2 13 4079 19.8500 189.5200 15 4461 -86.4000 185.5700
-2.6403034180e+00 9.2404184564e-01 6.8744229844e+00
97 92 76
2 13 4086 -15.2900 195.5800 15 4471 -115.6300 195.1800
-2.6469459992e+00 9.2785025405e-01 6.8723329099e+00
15 14 11
2 13 4090 -19.3000 197.6400 15 4474 -118.9600 197.7700
-2.5912617972e+00 9.1565067550e-01 6.9052100317e+00
96 88 77
2 13 4085 14.3400 192.8400 15 4465 -90.7800 189.9400
-2.6342065648e+00 9.2461971573e-01 6.8809210153e+00
20 16 12
2 13 4087 -11.6700 196.4600 15 5571 -112.8000 195.7600
-2.6696078586e+00 9.3480206205e-01 6.8583784466e+00
16 15 13
2 13 3218 -32.7800 200.4600 15 4479 -129.8400 202.2400
-2.6696078586e+00 9.3480206205e-01 6.8583784466e+00
16 15 13
2 13 3219 -32.7800 200.4600 15 4480 -129.8400 202.2400
-2.6884140861e+00 9.7379995233e-01 6.8562208525e+00
16 16 8
2 13 3222 -44.4400 223.6600 15 4492 -137.2700 226.5300
-2.6779337984e+00 9.7934221777e-01 6.8659330675e+00
17 16 11
2 13 4115 -38.4400 227.8100 15 4495 -131.9400 230.3500
-2.6779337984e+00 9.7934221777e-01 6.8659330675e+00
17 16 11
2 13 4116 -38.4400 227.8100 15 4496 -131.9400 230.3500
-2.6753091281e+00 9.4841060645e-01 6.8579819300e+00
93 90 81
2 13 4100 -36.3500 208.5200 15 5589 -131.9600 210.7700
-2.6753091281e+00 9.4841060645e-01 6.8579819300e+00
93 90 81
2 13 4101 -36.3500 208.5200 15 5587 -131.9600 210.7700
-2.5809843164e+00 9.2445756592e-01 6.9149184308e+00
95 93 75
2 13 4091 20.5600 199.0600 15 4472 -84.9400 195.5900
-2.5809843164e+00 9.2445756592e-01 6.9149184308e+00
95 93 75
2 13 4092 20.5600 199.0600 15 4473 -84.9400 195.5900
-2.6615556152e+00 9.4494643069e-01 6.8663970483e+00
86 85 68
2 13 4098 -28.2100 207.2700 15 4484 -125.3100 208.5700
-2.6294384000e+00 9.7158182584e-01 6.8960793031e+00
90 84 73
2 13 4112 -9.5000 225.9000 15 4489 -107.7000 225.9800
-2.6294384000e+00 9.7158182584e-01 6.8960793031e+00
90 84 73
2 13 4113 -9.5000 225.9000 15 4490 -107.7000 225.9800
-2.6506013973e+00 9.7697790743e-01 6.8834381277e+00
90 88 71
2 13 4114 -22.2700 227.8300 15 4493 -118.2200 229.3500
-2.6719659106e+00 9.8286491058e-01 6.8695807742e+00
89 85 73
2 13 4118 -34.9800 230.2700 15 4497 -128.6000 232.5100
-3.1269498402e+00 -1.5127643097e-02 6.9031879008e+00
104 94 95
2 13 1933 -291.8000 -373.3600 15 1497 -483.6200 -320.8700
-2.6541417445e+00 9.2640294390e-01 6.8656935864e+00
78 75 68
2 13 5173 -23.5200 196.2800 15 5572 -122.4800 196.6700
-2.6297896295e+00 9.2045002078e-01 6.8806102211e+00
92 91 83
2 13 5169 -8.9700 193.9500 15 5568 -110.4900 192.8800
-2.6012592379e+00 9.6346037448e-01 6.9097748098e+00
22 19 9
2 13 5192 7.7100 222.5000 15 5597 -93.1800 220.4300
-2.6118541978e+00 9.3284261372e-01 6.8965369993e+00
85 77 74
2 13 5181 1.6400 202.6200 15 5580 -100.6400 200.9600
-2.6118541978e+00 9.3284261372e-01 6.8965369993e+00
85 77 74
2 13 5182 1.6400 202.6200 15 5581 -100.6400 200.9600
-2.6868865661e+00 9.8723643977e-01 6.8627642413e+00
18 12 2
2 13 4119 -43.8500 232.1100 15 5605 -136.0700 235.4400
-3.6331718464e+00 -3.4245144241e-02 6.9511302874e+00
47 37 63
2 13 2612 -607.1200 -402.7700 15 3155 -784.0400 -286.0800
-2.6630971500e+00 9.7290729408e-01 6.7914510390e+00
81 79 67
2 13 5186 -28.7600 218.3600 15 5596 -114.2000 216.5000
-2.5708718324e+00 9.0574255356e-01 6.9145659100e+00
88 84 73
2 13 5163 26.9400 187.7100 15 5564 -80.4300 183.1900
-2.6016666904e+00 9.5052684648e-01 6.9123605324e+00
23 19 16
2 13 4102 7.6300 214.6000 15 4486 -94.8500 212.9800
-2.5866216412e+00 9.1271871586e-01 6.9081237313e+00
21 18 11
2 13 5165 17.2300 191.4400 15 5566 -88.6200 187.9600
-2.5866216412e+00 9.1271871586e-01 6.9081237313e+00
21 18 11
2 13 5166 17.2300 191.4400 15 5567 -88.6200 187.9600
-2.0313636161e+00 1.2616833452e-02 6.4521172777e+00
101 98 107
2 13 4508 296.8000 -275.7900 15 4881 174.2500 -359.2100
-2.5960811370e+00 9.1393359212e-01 6.9098193564e+00
29 24 17
2 13 5167 11.4800 192.0200 15 4466 -94.4000 189.7900
-9.2480309352e+01 1.6132907129e+02 -4.7058524969e+02
33 45 48
2 13 1618 -278.7900 499.5400 15 1157 -11.0400 437.7600
-2.6445927836e+00 9.4025354332e-01 6.8772119958e+00
99 94 82
2 13 4097 -18.0900 205.4900 15 5582 -117.1200 205.6300
-3.6370002640e+00 4.1854429872e-01 5.4487100902e+00
178 177 176
2 13 3099 -374.3400 -59.9800 15 3382 -383.0000 -32.5800
-3.2799812928e+00 1.1570568978e-02 6.8083815263e+00
72 48 58
2 13 1308 -368.9200 -344.3800 15 1507 -537.9900 -280.5000
-2.6318523349e+00 7.9546947045e-01 6.8461564523e+00
95 82 58
2 13 1489 -8.5000 117.3400 15 1654 -118.1000 114.9500
-2.6745186798e+00 8.0715349807e-01 6.8100425945e+00
92 80 60
2 13 1492 -33.3400 122.5200 15 1657 -137.1000 122.4700
-2.6297896295e+00 9.2045002078e-01 6.8806102211e+00
92 91 83
2 13 5170 -8.9700 193.9500 15 5569 -110.4900 192.8800
-2.5764382896e+00 9.2142394837e-01 6.9159438066e+00
18 15 8
2 13 5174 23.3700 197.2900 15 5570 -82.5600 193.5100
-2.5746962901e+00 9.5518128695e-01 6.9298244828e+00
17 14 11
2 13 4108 24.2100 219.4100 15 5593 -80.1700 215.6400
-2.6672709569e+00 9.7933703742e-01 6.8708932571e+00
16 16 6
2 13 5203 -32.1500 228.2300 15 5600 -126.2900 230.2700
-2.6604842611e+00 8.0475197530e-01 6.8207174251e+00
95 81 62
2 13 2272 -25.2600 121.6300 15 2504 -130.6400 120.7900
-1.9657557928e+00 -7.9475858177e-02 6.7516194172e+00
54 55 75
2 13 2684 369.8600 -361.7400 15 2892 204.5200 -460.8199
-2.6002354082e+00 8.2148787756e-01 6.8718286346e+00
34 33 21
2 13 2275 9.9500 134.3000 15 2509 -100.4600 129.8800
-2.6477767108e+00 8.5697395410e-01 6.8429259070e+00
20 19 15
2 13 4064 -18.6700 153.5300 15 4451 -121.7300 152.4700
-2.6163576352e+00 9.4273347309e-01 6.8934172000e+00
14 14 13
2 13 990 -1.2200 208.3100 15 1088 -102.0700 207.0300
-2.6394375537e+00 6.8111246628e-01 6.7957491053e+00
94 80 59
2 13 3177 -11.3300 49.5000 15 3470 -125.7000 45.3600
-2.6018138024e+00 -1.1802734326e-01 7.1840862165e+00
56 43 68
2 13 1782 25.2400 -485.8700 15 2066 -240.6700 -495.7000
-2.6251334696e+00 4.8592902652e-01 6.7390623547e+00
96 83 58
2 13 3819 -0.7500 -59.9400 15 4257 -126.5800 -69.0000
-2.6652611514e+00 7.9481671192e-01 6.8200050914e+00
25 23 21
2 13 1488 -27.9000 115.7400 15 1656 -134.1500 115.2600
-2.6914844619e+00 9.4707432337e-01 6.8405509868e+00
14 15 9
2 13 1500 -45.5900 206.7100 15 1674 -139.2600 208.7700
-2.5937175526e+00 9.3830057942e-01 6.9088293158e+00
15 15 13
2 13 1501 12.6100 207.1100 15 1673 -90.7400 204.2600
-2.6419878420e+00 6.3246270420e-01 6.7772696591e+00
78 70 59
2 13 1462 -12.1200 21.5400 15 2444 -128.8200 16.7700
-2.6100958657e+00 7.7831824689e-01 6.8438232311e+00
19 19 18
2 13 1477 4.5100 107.4200 15 1647 -106.5400 102.8000
-2.6100958657e+00 7.7831824689e-01 6.8438232311e+00
19 19 18
2 13 1478 4.5100 107.4200 15 1648 -106.5400 102.8000
-2.6008735169e+00 8.6829728699e-01 6.8856404757e+00
20 18 4
2 13 2277 9.0300 162.8700 15 2517 -98.3800 159.7100
-2.6238275752e+00 -1.1438733948e-01 7.1709262303e+00
57 46 68
2 13 1788 10.3100 -480.5699 15 2089 -252.3200 -487.4100
-2.6740691871e+00 6.2057300837e-01 6.7527954233e+00
43 38 28
2 13 3154 -29.9800 14.7300 15 3436 -144.6800 11.7600
-2.6884047313e+00 7.1622432602e-01 6.7709578513e+00
97 87 60
2 13 3180 -39.5800 69.0500 15 3481 -147.3300 68.2500
-2.6749147054e+00 8.5705862061e-01 6.8266512276e+00
51 47 38
2 13 3210 -34.4400 152.5300 15 3544 -135.3600 153.1100
-2.6039841180e+00 8.3930504023e-01 6.8708487194e+00
48 46 37
2 13 3209 7.4700 144.7600 15 3537 -100.9800 140.9700
-2.6716633854e+00 4.9522802616e-01 6.7094720865e+00
100 84 59
2 13 3103 -26.6200 -54.2100 15 3345 -147.7500 -59.7200
-2.6621721551e+00 4.9405906548e-01 6.7158221759e+00
95 83 60
2 13 3825 -21.4000 -54.9500 15 4266 -143.4700 -61.2100
-2.6968665110e+00 5.1580364511e-01 6.7002787400e+00
91 82 60
2 13 3848 -40.6800 -42.7600 15 5304 -158.6800 -46.2500
-2.6815383822e+00 5.1188814765e-01 6.7073632487e+00
97 88 64
2 13 4859 -32.2700 -45.0800 15 5299 -151.5400 -49.5700
-2.6174865507e+00 6.7589480384e-01 6.8058863574e+00
92 81 57
2 13 3173 1.3800 46.8700 15 3466 -114.8500 40.8700
-2.6061724363e+00 6.7365124032e-01 6.8122492740e+00
97 84 62
2 13 4011 7.9700 45.7500 15 4384 -109.3100 38.8600
-2.6061724363e+00 6.7365124032e-01 6.8122492740e+00
97 84 62
2 13 4012 7.9700 45.7500 15 4385 -109.3100 38.8600
-2.6272384139e+00 7.5020515872e-01 6.8295584573e+00
57 48 40
2 13 3190 -5.2000 90.2400 15 4426 -117.1500 86.6400
-2.1654259646e+00 -1.5636733617e-01 7.1703392932e+00
95 91 81
2 13 1762 314.7200 -496.2900 15 1265 59.2100 -579.0900
-2.6896859650e+00 7.4708725942e-01 6.7867848447e+00
92 80 56
2 13 5144 -40.9600 86.9500 15 5511 -147.6500 87.0700
-2.5708171558e+00 9.5178611504e-01 6.9289230187e+00
86 82 71
2 13 4106 26.5800 216.9900 15 5590 -77.9200 213.4000
-2.6373756521e+00 7.4008512859e-01 6.8111494416e+00
16 16 18
2 13 421 -10.9400 83.8700 15 468 -121.5300 80.3800
-2.6055260504e+00 9.5945921625e-01 6.9104422278e+00
90 86 73
2 13 424 5.1500 219.8200 15 724 -96.1400 218.6000
-2.6107633902e+00 9.2171444165e-01 6.8957420969e+00
45 38 31
2 13 988 2.4700 196.0500 15 1081 -100.9300 193.7600
-2.6513035607e+00 9.5031421168e-01 6.8711140488e+00
15 14 12
2 13 992 -22.2300 210.7800 15 1093 -119.3600 211.7500
-2.6357353269e+00 9.4613828662e-01 6.8851968144e+00
14 14 13
2 13 991 -12.9200 209.5100 15 1089 -112.3100 209.6600
-2.6810209975e+00 9.6113539925e-01 6.8599572742e+00
15 15 15
2 13 2281 -39.9300 216.4100 15 2534 -134.5300 218.8800
-2.6614535700e+00 7.1828283649e-01 6.7922518025e+00
58 52 42
2 13 2265 -24.4400 70.6800 15 2479 -134.7100 68.5300
-2.6002354082e+00 8.2148787756e-01 6.8718286346e+00
34 33 21
2 13 2274 9.9500 134.3000 15 2508 -100.4600 129.8800
-1.4137676724e+00 -9.3696217320e-03 6.2186648544e+00
73 85 111
2 13 1348 552.0900 -254.5900 15 955 477.4301 -395.9200
-2.7150692371e+00 3.8273320553e-01 6.6444756983e+00
58 55 42
2 13 3029 -48.0100 -112.7200 15 3272 -171.3300 -117.2100
-2.7150692371e+00 3.8273320553e-01 6.6444756983e+00
58 55 42
2 13 3030 -48.0100 -112.7200 15 3273 -171.3300 -117.2100
-2.7453382706e+00 4.2049490102e-01 6.6353865706e+00
98 89 66
2 13 3051 -64.5700 -92.3300 15 3296 -183.1900 -94.1100
-2.6849289412e+00 6.2330351026e-01 6.7458229677e+00
37 29 25
2 13 3155 -36.0500 16.2500 15 3441 -149.5900 13.9600
-2.6976035067e+00 7.2624266099e-01 6.7701516282e+00
34 28 23
2 13 3183 -44.9500 74.5600 15 3491 -151.5500 74.7800
-2.6482959620e+00 7.6250194068e-01 6.8168858941e+00
93 80 61
2 13 3191 -17.5800 96.9900 15 3506 -126.6900 94.6900
-2.6990998612e+00 7.9121357968e-01 6.7924139213e+00
95 81 58
2 13 3205 -47.0600 112.4900 15 3525 -150.1000 113.7100
-2.6875503736e+00 7.8855434139e-01 6.7993451813e+00
92 79 59
2 13 3204 -40.4800 111.2600 15 3524 -144.6900 111.7900
-2.6386463679e+00 7.7636435683e-01 6.8246848910e+00
92 79 64
2 13 3198 -12.1800 105.4100 15 4440 -120.9400 102.6000
-2.6070736690e+00 7.6850747076e-01 6.8482854767e+00
95 82 63
2 13 3194 6.4400 101.8400 15 3515 -106.1800 96.9500
-2.6933509259e+00 9.8751439299e-01 6.8543484674e+00
97 92 79
2 13 4120 -47.4800 232.1300 15 5604 -138.8400 234.4200
-2.7046654584e+00 3.9926969520e-01 6.6561749025e+00
98 89 65
2 13 3761 -42.8000 -104.3900 15 4204 -166.0900 -109.3500
-2.6349549652e+00 6.7422563062e-01 6.7959000839e+00
43 39 32
2 13 4013 -8.6500 45.7800 15 4387 -123.7800 40.8100
-2.6286059988e+00 6.7879493066e-01 6.8024060402e+00
92 81 58
2 13 3174 -5.0700 48.4000 15 4392 -120.5600 43.3300
-2.5970223655e+00 6.7099551552e-01 6.8171723240e+00
96 81 59
2 13 3170 13.3300 44.3200 15 3461 -104.8400 36.7500
-2.7065934000e+00 7.4579499962e-01 6.7748825215e+00
30 26 21
2 13 4032 -50.4200 85.7800 15 4427 -155.6700 86.9400
-2.7090016990e+00 7.5189967188e-01 6.7720494784e+00
87 76 57
2 13 5145 -51.8300 89.1400 15 5519 -156.1100 90.5200
-2.6725950323e+00 7.3727957354e-01 6.7925445715e+00
47 41 35
2 13 4026 -31.1000 81.4700 15 4421 -139.5000 80.5000
-2.6573406519e+00 7.3350838008e-01 6.8010137698e+00
37 33 28
2 13 4023 -22.3400 79.6500 15 4419 -132.2400 77.5400
-2.7023698431e+00 7.6251340389e-01 6.7772102237e+00
87 79 55
2 13 4041 -48.2800 95.4600 15 4437 -152.2200 96.3900
-2.6637182127e+00 7.5317208668e-01 6.8027729778e+00
89 84 58
2 13 4036 -26.2800 91.1600 15 4428 -134.5100 89.4700
-2.6135961066e+00 7.4085896426e-01 6.8331530222e+00
89 78 57
2 13 4028 2.9000 85.0800 15 4420 -110.4800 80.1400
-2.5966084739e+00 7.6636114276e-01 6.8531684535e+00
93 80 60
2 13 3193 12.6500 100.7100 15 3507 -100.7800 95.2500
-2.5874850625e+00 7.6367355579e-01 6.8579494843e+00
97 80 67
2 13 3192 18.1100 99.3600 15 4430 -96.2100 93.2000
-2.6176668669e+00 8.1267438944e-01 6.8541344191e+00
56 54 46
2 13 4059 -0.3500 128.1100 15 4448 -109.3300 124.5900
-2.6753091281e+00 9.4841060645e-01 6.8579819300e+00
93 90 81
2 13 4099 -36.3500 208.5200 15 5588 -131.9600 210.7700
-2.7162847049e+00 1.1729630258e-01 6.5492391772e+00
44 38 26
2 13 4545 -43.8500 -243.8200 15 4979 -179.1800 -253.3200
-2.7143295554e+00 6.7959820131e-01 6.7435152301e+00
91 84 62
2 13 4016 -53.3100 47.6300 15 5454 -161.0300 48.2000
-2.5945638882e+00 6.6372078104e-01 6.8212542848e+00
32 28 17
2 13 4003 14.8800 40.1200 15 4377 -104.5300 32.4200
-2.6485437905e+00 7.3705493679e-01 6.8064304309e+00
94 79 58
2 13 5137 -17.3400 81.9200 15 5496 -127.6100 79.2000
-2.6201864068e+00 7.7805964020e-01 6.8411019322e+00
90 79 69
2 13 4053 -1.4300 106.9400 15 5531 -112.1000 103.3900
-2.6239570034e+00 7.9015253844e-01 6.8391161040e+00
26 18 16
2 13 4054 -3.8000 113.9900 15 4444 -113.0200 110.7200
-2.5805911045e+00 9.1584659200e-01 6.9135986230e+00
88 85 69
2 13 635 20.9200 193.9200 15 719 -85.3700 189.8900
-3.5804750438e+00 2.1229925165e-01 6.1110293722e+00
62 59 65
2 13 2084 -424.7400 -172.2000 15 2340 -490.5500 -121.7300
6.6437128859e+00 6.5212501593e+00 -1.9383806956e+01
78 72 72
2 13 2286 434.6000 326.6300 15 1669 660.3700 183.4400
-2.6938557579e+00 6.0528745706e-01 6.7384116674e+00
42 35 28
2 13 3146 -40.7200 6.1500 15 3430 -155.0300 4.2200
-2.6058660671e+00 6.0633412048e-01 6.7922224486e+00
50 44 33
2 13 3148 8.8600 6.9200 15 3427 -112.3200 -1.0000
-2.6641395767e+00 3.9602056277e-01 6.6833414555e+00
62 52 45
2 13 3754 -21.0400 -107.1200 15 5170 -148.1600 -115.2600
-2.7116619559e+00 5.3114413162e-01 6.6949654699e+00
96 83 58
2 13 3871 -48.9500 -34.4400 15 5321 -164.7600 -36.4400
-2.6880421883e+00 5.8885212005e-01 6.7356447266e+00
98 87 65
2 13 3926 -37.2200 -3.0900 15 4356 -152.7300 -5.4800
-2.7132714977e+00 6.3698035710e-01 6.7288680774e+00
94 84 61
2 13 3971 -51.8600 23.7100 15 4371 -161.8600 23.4800
-2.7173534573e+00 7.5400980211e-01 6.7668698325e+00
91 81 69
2 13 4035 -56.5300 89.9700 15 5520 -159.8600 92.2300
-2.6361554698e+00 7.2773525806e-01 6.8171903806e+00
27 21 9
2 13 4020 -10.0800 76.8300 15 4412 -122.6600 73.3400
-2.6741761529e+00 7.4340640950e-01 6.7893914351e+00
87 79 58
2 13 5141 -32.0500 85.0000 15 5507 -139.4800 83.9300
-2.6671054719e+00 7.8342551401e-01 6.8112785430e+00
91 81 60
2 13 3203 -28.7300 108.8500 15 3521 -135.0200 108.0500
-2.5035048022e+00 -1.3862602494e-01 7.2310009945e+00
66 53 69
2 13 3423 93.6600 -509.3800 15 3784 -184.5900 -535.0699
-2.6827606277e+00 9.5358336097e-02 6.5611881877e+00
58 55 47
2 13 4525 -26.4100 -255.9500 15 4961 -165.2000 -268.6300
-2.6540374405e+00 1.9710326273e-01 6.6155072081e+00
70 66 54
2 13 4602 -12.8800 -207.9600 15 5004 -149.5800 -221.5600
-1.7974024381e+00 8.1817804757e-02 6.1165944917e+00
88 97 113
2 13 4598 366.3400 -209.8900 15 4023 289.1300 -309.9900
-2.7212398081e+00 5.9668384008e-01 6.7120338035e+00
93 84 60
2 13 4986 -55.4300 1.3000 15 5394 -167.1300 1.0700
-2.6753523073e+00 7.9787628252e-01 6.8077609405e+00
19 19 17
2 13 5154 -33.6800 116.9300 15 5540 -138.0300 117.0300
-2.5859890134e+00 7.8025585358e-01 6.8627751998e+00
91 82 60
2 13 5151 18.8300 109.3200 15 5530 -94.4500 103.4100
-2.6456387069e+00 9.7358481909e-01 6.8857873612e+00
15 16 9
2 13 5200 -19.2600 225.9900 15 5599 -115.8600 227.2400
-2.6742561505e+00 7.2164061419e-01 6.7839577651e+00
91 82 63
2 13 5129 -31.7500 72.3300 15 5478 -140.6000 71.0800
1.0782021012e+01 8.7134046798e+00 -2.7938599858e+01
7 7 7
2 13 300 484.7700 344.1700 15 303 723.3400 191.6200
-2.6007872575e+00 5.2302595233e-01 6.7692822591e+00
98 84 58
2 13 960 12.6300 -39.8200 15 1046 -113.6000 -50.0100
-3.5771869614e+00 2.2469124733e-01 6.1026139170e+00
152 149 134
2 13 2086 -422.3600 -166.4300 15 2348 -486.5700 -116.0900
-3.5560689177e+00 3.9991478118e-01 5.4856423795e+00
170 168 160
2 13 3814 -347.5500 -67.1600 15 4298 -361.2600 -43.4400
-2.5770509587e+00 7.6244016585e-01 6.8649064152e+00
92 85 65
2 13 4042 24.3800 98.9800 15 4429 -90.9800 92.0100
-2.5822033948e+00 7.7532633664e-01 6.8643982724e+00
31 26 21
2 13 4051 21.1400 106.3600 15 4438 -92.8000 100.3600
-2.6146078531e+00 4.8394297815e-01 6.7425365436e+00
86 77 59
2 13 3818 5.1700 -61.0300 15 5250 -121.3000 -71.0700
2.9677523782e+01 3.5339613899e+01 -1.0954115858e+02
254 254 254
2 13 27 361.6100 447.1400 15 39 619.9800 310.4800
3.0134396465e+01 5.5415915622e+01 -1.6061082706e+02
12 12 12
2 13 72 251.8101 488.8400 15 61 512.4399 365.1600
2.6961653161e+01 4.2754531745e+01 -1.4914082555e+02
19 17 18
2 13 96 244.5000 409.3100 15 99 491.3700 286.2900
6.2482563271e+00 6.5713855086e+00 -1.8912745494e+01
8 8 8
2 13 125 422.7800 334.0300 15 147 648.1600 192.2700
4.1643294257e+01 8.0298292568e+01 -2.8717921688e+02
34 39 37
2 13 203 192.5500 412.4500 15 213 440.1100 295.8800
2.3358440773e+01 3.8783980369e+01 -1.1057288341e+02
86 83 78
2 13 344 285.1899 483.5300 15 331 544.7400 356.0200
2.1161023730e+01 4.7652094173e+01 -1.3002594697e+02
15 17 16
2 13 478 220.9500 509.9200 15 508 482.7800 389.9000
-2.7553099537e+00 4.0013124501e-01 6.6168657295e+00
26 28 25
2 13 943 -69.1800 -102.1600 15 1035 -187.4100 -104.0700
3.3418067917e+01 5.2999601104e+01 -1.7771879892e+02
66 64 59
2 13 671 252.5100 429.4299 15 732 503.6200 304.9200
2.2596857238e+01 3.8968821810e+01 -1.1994685330e+02
109 104 82
2 13 684 255.6400 452.8101 15 493 509.0699 328.5100
2.2596857238e+01 3.8968821810e+01 -1.1994685330e+02
109 104 82
2 13 685 255.6400 452.8101 15 494 509.0699 328.5100
2.8824281566e+01 3.8055526914e+01 -1.1536822124e+02
203 219 234
2 13 462 334.5699 458.6899 15 492 593.0601 324.6700
-2.6163576352e+00 9.4273347309e-01 6.8934172000e+00
14 14 13
2 13 989 -1.2200 208.3100 15 1087 -102.0700 207.0300
7.7031258326e+01 1.6773792973e+02 -5.8676750369e+02
97 108 122
2 13 1033 169.7800 428.6799 15 1699 421.9500 314.0300
2.7810397367e+01 4.8555341141e+01 -1.6083873866e+02
70 68 64
2 13 674 233.3000 431.2000 15 735 483.7000 309.9000
3.8374230923e+01 4.5633832140e+01 -1.4605498266e+02
255 254 255
2 13 682 350.7400 444.2700 15 734 608.9200 307.3400
2.6447101963e+01 4.8874520281e+01 -1.5241595690e+02
107 102 82
2 13 687 234.2400 454.7700 15 741 488.2500 333.1300
-3.5040109429e+00 2.3955887378e-01 6.0028026420e+00
154 151 135
2 13 1385 -377.8800 -152.3600 15 1569 -435.9600 -113.0800
-1.8332393757e+00 -9.0333668059e-02 6.7631247052e+00
155 154 154
2 13 531 444.5601 -367.5900 15 604 283.3900 -483.5400
-2.5790755185e+00 7.8294586081e-01 6.8710941389e+00
97 80 56
2 13 1480 22.9900 111.2500 15 1649 -91.1000 105.0600
6.0123520727e+00 6.1060871247e+00 -1.8298193549e+01
103 93 81
2 13 1004 420.8000 316.9600 15 1080 642.7200 175.3000
3.6533985877e+01 5.0832896977e+01 -1.8678337036e+02
18 20 17
2 13 1526 262.5400 395.6600 15 1686 508.8900 270.1300
4.1339184563e+01 8.6123854625e+01 -3.1021846343e+02
160 160 199
2 13 1537 176.3400 410.7000 15 1692 423.2600 296.0400
2.8741165684e+01 7.7556850564e+01 -2.1945225987e+02
31 35 38
2 13 2407 174.1800 507.5000 15 2604 436.1200 392.7300
1.2058308849e+01 1.9466823266e+01 -4.6738102092e+01
194 206 232
2 13 710 348.0601 509.6700 15 759 608.7300 376.4700
2.7216131931e+01 6.8406284870e+01 -1.8471438003e+02
44 48 49
2 13 1078 197.1500 526.4500 15 1141 462.2300 408.5500
3.1799400153e+01 7.3904891200e+01 -1.9942417952e+02
111 121 123
2 13 1082 212.5800 529.1700 15 1142 478.8101 409.1400
-7.4858495846e-01 3.7649938857e-01 4.6290994422e+00
76 105 114
2 13 962 555.7400 -37.3100 15 1023 603.1600 -181.1200
-2.6396232863e+00 7.8648755574e-01 6.8336727217e+00
23 21 17
2 13 1481 -12.9000 111.7000 15 1650 -121.8300 109.1900
4.5231817143e+01 9.7194786947e+01 -3.5553782720e+02
48 63 63
2 13 1534 167.4200 406.3200 15 1689 413.8500 293.1300
3.4084847625e+01 4.7101600281e+01 -1.7038162035e+02
88 90 95
2 13 1531 268.8700 399.4500 15 1687 515.7900 273.0900
4.2397238545e+01 7.5088842845e+01 -2.6946859170e+02
29 33 28
2 13 2309 209.4700 410.4200 15 2554 457.1100 291.6800
3.4189563870e+01 6.2865956116e+01 -2.1777567881e+02
32 35 29
2 13 2317 210.2200 420.2700 15 2558 458.9100 301.5100
4.1862707754e+01 8.4380532778e+01 -2.9510486743e+02
29 32 33
2 13 1549 188.0200 421.4000 15 1695 436.9800 305.3600
3.4648485751e+01 6.5461713368e+01 -2.2343468525e+02
89 85 82
2 13 1553 207.4100 426.6200 15 1696 457.0699 308.0300
3.4545184426e+01 4.0281190723e+01 -1.3307568133e+02
255 255 251
2 13 1556 346.9399 428.1500 15 2555 602.0699 292.3800
4.2586896323e+01 5.2072513871e+01 -1.6632936434e+02
168 193 210
2 13 1578 341.6600 448.3000 15 1698 600.6600 313.1600
2.1554695256e+01 3.8961184597e+01 -1.0609782353e+02
21 24 26
2 13 1619 274.9800 503.1400 15 1724 536.9100 376.7200
2.1985012951e+01 5.1082083031e+01 -1.3772888838e+02
179 188 197
2 13 3336 216.1900 517.8900 15 3653 479.3900 398.2300
-2.6001247346e+00 4.8003814235e-01 6.7518097093e+00
96 84 68
2 13 3095 13.3800 -63.5400 15 3314 -114.6100 -74.4900
-2.5859995708e+00 7.2771673030e-01 6.8584860416e+00
19 16 17
2 13 3187 19.4400 77.9800 15 2483 -98.5000 71.6100
7.7887946747e+00 8.2055973957e+00 -2.1385741573e+01
146 147 193
2 13 1522 456.4301 384.6300 15 2537 695.2800 240.0500
4.3210121649e+01 8.5001538676e+01 -3.0538232034e+02
26 30 27
2 13 2310 187.4800 411.5300 15 2556 434.8900 295.6000
-6.3930550680e+00 -1.4626600104e+01 6.4080133044e+01
153 162 195
2 13 3252 80.0900 423.9600 15 3605 342.7300 318.3700
2.5969010687e+01 3.8082081196e+01 -1.1724234609e+02
130 117 122
2 13 2359 298.2800 452.2900 15 2567 553.7000 322.8200
2.5969010687e+01 3.8082081196e+01 -1.1724234609e+02
130 117 122
2 13 2360 298.2800 452.2900 15 2568 553.7000 322.8200
2.5076475178e+01 4.7503728051e+01 -1.4468702415e+02
20 20 18
2 13 1593 234.3101 463.3700 15 1714 489.4900 341.6900
2.6061760168e+01 4.3784323910e+01 -1.3295205361e+02
69 63 59
2 13 2374 264.4800 462.1799 15 2574 520.4800 337.0400
-3.5627548485e+00 2.2347044824e-01 6.0813535131e+00
94 89 95
2 13 4662 -413.0800 -165.2400 15 5164 -476.3000 -117.3000
-7.2610138134e-01 3.6453195963e-01 4.6810963818e+00
78 90 85
2 13 2169 568.8400 -41.8600 15 1533 615.3900 -187.4800
6.4162316298e+00 7.0160529961e+00 -1.8235828666e+01
142 155 188
2 13 2296 441.7100 364.2400 15 2535 672.8700 220.5000
3.1340095877e+01 4.1678267229e+01 -1.4324776018e+02
45 54 82
2 13 3238 294.0699 414.4500 15 3592 544.0400 285.0400
3.0988952099e+01 6.3350222394e+01 -2.0755817874e+02
100 93 84
2 13 2343 200.0400 441.3800 15 2570 451.7400 324.0100
3.5261962179e+01 4.4441143521e+01 -1.3694085978e+02
178 195 212
2 13 2370 343.9700 458.1799 15 2565 603.6400 322.2000
2.0745512851e+01 3.8106828009e+01 -1.0205803488e+02
130 124 158
2 13 3328 275.3700 509.2700 15 3635 538.1400 383.0000
-1.7635389625e+00 2.1780839853e-01 5.6049049694e+00
92 101 108
2 13 3024 326.0400 -124.0300 15 3188 294.2700 -219.3600
-2.6522585887e+00 5.4701219096e-01 6.7417491464e+00
54 43 36
2 13 4894 -16.6900 -26.1600 15 5330 -137.0700 -32.1000
-2.6049534592e+00 6.6649424891e-01 6.8122495862e+00
39 34 33
2 13 4005 8.7600 41.5600 15 3456 -109.2000 34.6100
-2.6049534592e+00 6.6649424891e-01 6.8122495862e+00
39 34 33
2 13 4006 8.7600 41.5600 15 3457 -109.2000 34.6100
3.5248164865e+00 1.2906126428e+02 -3.9162114938e+02
255 253 255
2 13 69 4.8400 482.4000 15 62 262.3700 388.6900
2.2905993779e+00 2.9815254509e+01 -8.1670948215e+01
255 255 255
2 13 139 58.9900 484.1700 15 221 310.6300 385.1800
3.1095964102e+00 1.3756320345e+02 -4.6423379812e+02
14 14 13
2 13 214 1.2200 438.1600 15 216 251.9000 346.1500
7.0038159381e+00 9.5223543653e+01 -3.1486151618e+02
13 13 15
2 13 215 25.8000 442.3600 15 214 276.1000 347.1800
7.0038159381e+00 9.5223543653e+01 -3.1486151618e+02
13 13 15
2 13 216 25.8000 442.3600 15 215 276.1000 347.1800
3.8101180959e+00 5.2270167202e+01 -1.4447457855e+02
16 16 18
2 13 226 41.3800 504.5900 15 225 299.8600 407.3600
3.5472420022e-02 3.8839326354e+01 -1.0321805352e+02
17 17 21
2 13 479 15.8300 509.4700 15 353 273.6000 415.9800
1.0229079212e+01 1.6105730277e+02 -5.7177444793e+02
254 255 254
2 13 316 15.3900 420.2200 15 322 263.5500 326.0900
-1.0966942367e+01 1.8863910248e+02 -5.5848198484e+02
183 208 249
2 13 224 -37.5600 496.8700 15 226 223.5500 408.1100
8.5472177829e+00 1.6021181021e+01 -3.4534187158e+01
14 14 14
2 13 229 338.3800 531.9000 15 224 597.8500 399.0500
2.6714341258e+01 1.5231168557e+02 -5.5059647533e+02
16 20 20
2 13 662 57.3600 412.1000 15 320 305.2000 315.5600
8.6305090553e+00 7.5030832692e+01 -2.6439438293e+02
253 254 252
2 13 446 42.3500 414.7100 15 490 287.4800 317.6100
6.9834743986e+00 8.5062741617e+01 -2.5888562105e+02
31 31 35
2 13 470 33.6300 474.9200 15 505 288.9500 378.3400
3.0842699202e+01 6.7062723038e+01 -2.1867784702e+02
59 58 63
2 13 454 188.5800 444.0500 15 495 440.6500 328.5500
7.9450037313e+00 8.2341010927e+01 -2.6193955802e+02
126 134 140
2 13 688 38.4700 456.1100 15 752 290.4900 358.7200
3.4349386781e+01 6.9364961158e+01 -2.1413735848e+02
10 10 10
2 13 467 214.2100 467.6899 15 498 470.7000 347.9900
1.0764697326e+01 1.1551607979e+02 -4.0336996318e+02
20 22 22
2 13 1028 29.9500 423.5800 15 1111 277.6899 327.9600
1.0764697326e+01 1.1551607979e+02 -4.0336996318e+02
20 22 22
2 13 1029 29.9500 423.5800 15 1112 277.6899 327.9600
8.4705421583e+00 8.8678948562e+01 -2.6060198006e+02
248 246 254
2 13 1612 40.7300 491.6200 15 1136 298.5601 392.8700
1.9961868793e+01 1.9472278206e+01 -6.9249174304e+01
254 250 254
2 13 1521 384.2100 374.8800 15 1677 629.0699 233.8900
2.2256847273e+00 1.7488536932e+02 -6.1009678314e+02
17 20 21
2 13 1031 -4.7100 426.9100 15 1711 244.9301 335.9500
8.4852741082e+00 9.1931551087e+01 -2.8744706841e+02
126 125 142
2 13 1599 36.2600 465.8900 15 1721 289.6801 367.0600
2.4694867283e+01 6.3162776771e+01 -1.8289493791e+02
114 116 132
2 13 1611 181.3500 491.6500 15 2597 440.6200 377.3100
-2.6335343765e+00 1.9212725692e-01 6.6232302196e+00
68 65 55
2 13 2074 -1.9800 -211.3000 15 2306 -140.0300 -226.3200
2.3023140227e+00 1.9600000773e+01 -6.4488321445e+01
140 145 165
2 13 1523 78.5300 394.1500 15 2557 313.7300 295.4700
-9.4329364958e+00 9.1676753023e+01 -3.2083621971e+02
182 187 216
2 13 1544 -43.8100 418.5300 15 1708 203.1200 333.1000
-2.0557717465e+01 3.0510136677e+02 -1.0676511352e+03
230 227 253
2 13 1557 -38.9900 428.4299 15 1119 211.9200 341.4300
-8.6656599349e-01 1.8286492989e+02 -6.3514431615e+02
242 241 252
2 13 2327 -11.8100 429.2200 15 2578 238.0900 338.3600
-8.6656599349e-01 1.8286492989e+02 -6.3514431615e+02
242 241 252
2 13 2328 -11.8100 429.2200 15 2577 238.0900 338.3600
-4.3281133365e+00 3.4506846442e+02 -1.1507695461e+03
116 144 181
2 13 2352 -18.4800 448.4600 15 2585 236.0601 358.9100
2.4585756076e+00 2.7850657128e+02 -9.2327670073e+02
159 187 230
2 13 1581 -8.8700 449.8800 15 1718 245.7500 359.5600
2.3124784735e+01 4.2585489544e+01 -1.1392319567e+02
33 59 56
2 13 2412 274.0300 514.8700 15 2601 538.2200 388.4600
-3.4722673468e+00 2.3445801812e-01 6.0415731055e+00
150 146 135
2 13 2997 -368.4800 -156.8200 15 3270 -430.7000 -117.8300
-2.6593815033e+00 4.4498620348e-01 6.6961464747e+00
46 39 35
2 13 2150 -19.1200 -80.9500 15 2380 -143.3400 -88.8100
1.0601030014e+01 1.1132752196e+02 -3.9745630114e+02
243 242 249
2 13 2312 30.2300 414.6900 15 2564 276.5000 319.4000
8.6569174480e+00 1.1219072305e+02 -3.9460817667e+02
240 239 249
2 13 3243 23.7700 420.5200 15 3607 270.8600 325.5300
2.5116356845e+01 4.9208010877e+01 -1.4933904252e+02
74 67 64
2 13 2379 227.2900 465.7500 15 2580 482.7700 345.0800
5.8833003927e+00 6.9638667433e+01 -2.0609195998e+02
238 248 254
2 13 3308 38.5700 482.7700 15 3640 294.6400 385.7800
2.7193703833e+01 8.4979555379e+01 -2.3650485662e+02
197 169 205
2 13 2414 152.0400 517.0500 15 2618 415.1400 404.5500
2.0789926955e+01 3.8740474242e+01 -1.0147633613e+02
210 213 225
2 13 2418 277.3101 519.7800 15 2606 541.9200 393.4800
-3.4899053713e+00 3.3137218008e-01 5.6957121098e+00
105 103 113
2 13 3039 -340.9600 -99.4900 15 3319 -372.5400 -73.3500
-3.4671821119e+00 3.5606385956e-01 5.6246091861e+00
118 123 127
2 13 3063 -325.8300 -87.2400 15 3337 -352.0700 -64.7000
-3.2914275430e+00 4.7193095934e-01 5.2015904876e+00
107 116 135
2 13 3872 -232.4100 -32.5500 15 4322 -233.0600 -32.9600
-2.6018299366e+00 4.9866598815e-01 6.7579223017e+00
95 84 62
2 13 1416 12.2600 -53.0800 15 1602 -114.8400 -63.9800
-2.6345202967e+00 8.7881344647e-01 6.8643319304e+00
61 61 53
2 13 4074 -11.1900 167.9800 15 4458 -114.8700 166.3300
6.3673536146e+00 7.0076153339e+00 -1.8409040118e+01
9 22 20
2 13 2294 436.4000 361.3400 15 2533 667.0200 218.9500
-1.2588476500e+00 1.6874371391e+02 -5.9779671291e+02
216 211 242
2 13 3245 -12.2600 420.8100 15 3611 236.1600 330.5100
-3.2820728382e+00 2.1868146287e-01 6.0626610729e+00
86 77 87
2 13 3715 -286.9500 -162.9200 15 4162 -357.0100 -137.7200
-1.7002629571e+00 -4.1903790263e-02 6.4781164252e+00
73 81 102
2 13 2826 463.5100 -301.0500 15 2960 347.5601 -421.9300
2.8578935383e+01 6.6325735882e+01 -1.7010028874e+02
173 205 220
2 13 4200 224.7900 550.6300 15 4535 494.5300 429.4600
-1.7253169920e+00 -1.0949486460e-01 6.7181959703e+00
156 157 158
2 13 2670 494.7800 -368.9300 15 2812 344.0400 -498.0500
5.8408604774e+00 2.4690080572e+01 -6.7404598465e+01
255 255 255
2 13 28 137.7700 475.4000 15 23 387.3199 366.8200
5.8408604774e+00 2.4690080572e+01 -6.7404598465e+01
255 255 255
2 13 29 137.7700 475.4000 15 24 387.3199 366.8200
2.4666183632e+01 5.2739069386e+01 -1.3767412391e+02
251 247 248
2 13 50 241.4399 534.5699 15 63 508.1899 411.3400
1.0567900556e+01 1.2516365012e+01 -3.1372178818e+01
78 82 91
2 13 136 434.9399 448.0701 15 152 687.8000 306.0300
1.0567900556e+01 1.2516365012e+01 -3.1372178818e+01
78 82 91
2 13 137 434.9399 448.0701 15 153 687.8000 306.0300
9.7136123099e+00 1.9333240280e+01 -4.2825859317e+01
250 250 250
2 13 100 312.6899 541.3800 15 104 575.4399 412.9100
1.4317520371e+01 1.6606008017e+01 -5.2556231204e+01
12 13 15
2 13 132 365.2900 399.7800 15 150 610.7700 263.6900
-1.4042377919e+01 1.4591046616e+01 -4.1415734491e+01
11 11 11
2 13 205 -330.7900 413.6800 15 334 -84.4400 367.1000
-1.0801540873e+01 2.0675453478e+01 -6.3847339415e+01
17 15 18
2 13 315 -171.3100 414.2800 15 329 70.9500 347.0000
-1.5115770311e+00 1.3028016712e-02 6.2839438271e+00
169 169 171
2 13 264 519.4100 -252.5500 15 180 436.0000 -383.8900
1.7785787297e+01 1.7093613542e+01 -5.9398427012e+01
11 10 12
2 13 304 397.3700 374.1800 15 307 642.1500 232.8300
-4.9997901971e+00 2.2089203689e+02 -7.7880165431e+02
157 181 218
2 13 317 -19.8500 424.1400 15 324 229.8500 334.9500
-6.5366091278e+00 1.8616253594e+02 -6.3010820313e+02
17 17 17
2 13 330 -24.3400 439.2700 15 500 227.3199 350.1100
1.5743745758e+01 2.8821880194e+01 -7.3187443290e+01
73 72 69
2 13 228 293.1700 516.8101 15 341 555.9200 389.2800
3.9228123858e+01 8.8128798920e+01 -2.2552273479e+02
245 245 254
2 13 355 230.6300 559.9399 15 360 502.9200 437.4200
8.9262611211e-01 1.6459053699e+01 -3.2056320624e+01
150 155 158
2 13 493 100.9700 573.5699 15 537 358.0699 469.5200
-3.8242460562e+00 2.3557725614e-01 6.0525892785e+00
90 88 85
2 13 598 -524.7700 -160.6700 15 698 -575.2400 -94.9200
-1.6877821073e+00 -1.2708162517e-01 6.7485438319e+00
163 162 167
2 13 252 521.3500 -382.0800 15 255 367.3900 -519.1899
1.0205423609e+01 1.2726997244e+01 -4.1598880197e+01
10 11 9
2 13 303 335.7000 370.9200 15 308 571.8199 238.3900
6.2514327820e+01 1.5638158686e+02 -5.3625408368e+02
92 106 124
2 13 453 150.1400 435.5200 15 491 402.4399 323.6700
9.1574475655e+00 9.0949529970e+00 -2.3495932274e+01
219 234 249
2 13 311 483.6700 401.1400 15 313 728.9301 251.9900
-2.6055882035e+00 4.5818782532e-01 6.7463469230e+00
97 87 60
2 13 951 10.5500 -75.5200 15 1040 -118.8300 -86.5000
-2.7037320383e+00 9.6676946016e-01 6.8384578876e+00
15 15 13
2 13 995 -53.0700 217.9500 15 1676 -144.3600 221.2900
-1.0861434848e+01 2.2840809130e+01 -6.8822475680e+01
214 216 238
2 13 673 -162.8000 429.0800 15 503 82.1700 359.7000
4.8807459176e+01 1.1213042435e+02 -4.1366206849e+02
237 241 253
2 13 443 154.1000 404.8400 15 477 400.2900 292.9100
1.0944777158e+01 1.5616922047e+02 -5.3988838463e+02
185 204 244
2 13 672 18.7700 429.9600 15 743 268.5900 335.9200
-2.9047027190e+01 5.6734460313e+01 -1.4951038624e+02
252 254 253
2 13 1077 -251.4900 525.3500 15 1170 18.7100 461.4399
-2.2640832714e+00 -1.5620045194e-01 7.2107808568e+00
90 82 76
2 13 803 254.6700 -508.9700 15 862 -14.2200 -576.5300
-3.6065062352e+00 2.7561258139e-01 5.9304920460e+00
123 124 129
2 13 1399 -413.6200 -134.1300 15 2378 -460.7400 -90.4800
-1.6811956299e+00 5.7556606492e-03 6.3374186947e+00
159 158 164
2 13 880 449.5900 -262.6100 15 961 352.2100 -379.8400
-1.7879501615e+00 3.0925671722e-02 6.2547145155e+00
155 155 155
2 13 888 388.1200 -244.0200 15 965 295.5699 -348.8000
-6.6429464601e+00 2.5996888061e+02 -8.0858584576e+02
87 115 153
2 13 1055 -23.6800 477.3700 15 1133 234.8199 386.9100
-6.6429464601e+00 2.5996888061e+02 -8.0858584576e+02
87 115 153
2 13 1054 -23.6800 477.3700 15 1132 234.8199 386.9100
3.0252160452e+01 7.3465789247e+01 -1.8694075609e+02
108 111 118
2 13 1087 215.8600 558.0400 15 788 486.5100 436.8000
2.6028248960e+01 7.1970017010e+01 -1.7918233043e+02
126 124 129
2 13 725 194.0600 567.9399 15 1161 465.6500 449.7100
-1.8510334589e+00 -8.1704640383e-02 6.6791010601e+00
149 149 143
2 13 1301 420.2900 -350.4000 15 1438 270.0800 -461.0800
-3.6091636597e+00 2.6632419645e-01 5.9631452979e+00
159 153 146
2 13 1392 -418.7500 -140.2600 15 1588 -468.5800 -94.1300
-1.7611019881e+00 -3.7725464998e-02 6.4925887749e+00
59 64 92
2 13 2019 435.8101 -301.9300 15 1469 315.7200 -415.7100
9.5892315728e+00 2.0564457062e+02 -7.1860619274e+02
28 41 47
2 13 1555 7.5600 427.6500 15 1709 257.7500 334.8000
7.4098940913e+00 7.1545518467e+01 -2.1542536470e+02
255 252 255
2 13 1603 45.9400 476.2900 15 1725 300.9200 378.0300
2.5797949472e+01 6.7763419055e+01 -1.9214888148e+02
123 114 120
2 13 2402 179.8000 503.3600 15 2602 440.7600 387.9300
-2.4411075969e+00 -1.5270131174e-01 7.2591409176e+00
58 46 70
2 13 1725 138.5500 -524.9800 15 1892 -147.0200 -561.6700
-3.5344566215e+00 3.4975823413e-01 5.6635895922e+00
164 164 154
2 13 3056 -355.6200 -91.6700 15 3340 -382.8900 -63.4600
-3.5366030478e+00 3.9500623724e-01 5.5038419197e+00
175 171 171
2 13 3090 -341.8700 -69.2700 15 3371 -357.3200 -46.3000
-3.4979732216e+00 4.2064861496e-01 5.4040621503e+00
100 102 126
2 13 3101 -319.2200 -56.5500 15 4309 -328.9200 -39.6000
-1.7363487643e+00 2.3446123950e-01 5.5408889231e+00
73 85 99
2 13 2135 330.2700 -115.0200 15 2314 303.9200 -211.3100
-2.5864035784e+00 6.6022187992e-01 6.8248766437e+00
90 82 56
2 13 2244 19.6900 38.1300 15 3455 -100.5100 29.8600
-2.6002354082e+00 8.2148787756e-01 6.8718286346e+00
34 33 21
2 13 2273 9.9500 134.3000 15 2507 -100.4600 129.8800
5.8360779178e+01 1.5118361020e+02 -5.1001545272e+02
90 135 148
2 13 2345 147.3900 441.5800 15 2573 400.4399 330.3000
5.3681389363e+00 7.8468201230e+01 -2.3378245498e+02
247 250 252
2 13 2392 29.4200 482.8800 15 3641 285.5699 385.9400
2.5116356845e+01 4.9208010877e+01 -1.4933904252e+02
74 67 64
2 13 2378 227.2900 465.7500 15 2579 482.7700 345.0800
2.7193703833e+01 8.4979555379e+01 -2.3650485662e+02
197 169 205
2 13 2415 152.0400 517.0500 15 2619 415.1400 404.5500
3.7702813225e+01 8.6501234550e+01 -2.2650352472e+02
221 220 238
2 13 2431 220.8200 548.1000 15 2642 490.6500 426.3000
1.8769257244e+01 5.1891734511e+01 -1.2153164822e+02
152 163 184
2 13 2441 209.8600 587.0300 15 2661 483.5000 467.4500
-2.0404335601e+00 -8.7607155536e-02 6.8187663160e+00
66 67 87
2 13 2651 338.2200 -378.9800 15 2139 159.1500 -469.3400
-1.9370020523e+00 -8.0040463798e-02 6.7266949021e+00
50 50 78
2 13 2695 381.7300 -358.2700 15 2896 221.2400 -459.2600
-3.5814722302e+00 2.2899651813e-01 6.0462788586e+00
148 144 126
2 13 3717 -416.8400 -160.4700 15 4202 -476.4700 -113.3100
-3.6812612593e+00 2.9072753003e-01 5.8644165670e+00
98 96 109
2 13 3743 -436.8500 -125.5300 15 5233 -476.0400 -78.8400
-1.7312236225e+00 -4.5866605700e-02 6.4963889883e+00
69 73 112
2 13 2815 451.2900 -305.3800 15 2207 331.4600 -424.0200
-3.5573333393e+00 3.8091330571e-01 5.5347164279e+00
173 169 166
2 13 3080 -352.3500 -75.5300 15 3367 -369.8800 -50.4300
-3.5573333393e+00 3.8091330571e-01 5.5347164279e+00
173 169 166
2 13 3081 -352.3500 -75.5300 15 3368 -369.8800 -50.4300
-2.5839384447e+00 6.7978412739e-01 6.8374715399e+00
93 84 69
2 13 4017 20.9800 49.1200 15 3467 -98.7900 42.2000
-2.6489424953e+00 7.7834294077e-01 6.8173610685e+00
93 79 56
2 13 3199 -18.1800 106.1200 15 3519 -125.7500 104.2000
-2.6749147054e+00 8.5705862061e-01 6.8266512276e+00
51 47 38
2 13 3211 -34.4400 152.5300 15 3546 -135.3600 153.1100
-1.7605559654e+01 2.2675691886e+01 -6.9597658521e+01
105 98 111
2 13 3242 -281.2100 420.0800 15 3632 -31.8200 366.0900
2.7193031639e+01 7.1074272618e+01 -2.0451845913e+02
58 69 77
2 13 3318 177.5900 497.8900 15 3636 437.8300 382.8600
3.4903698374e+01 8.1771340794e+01 -2.0906616492e+02
202 208 221
2 13 3348 221.9300 559.1100 15 3681 493.0699 436.2600
1.7795785062e+01 4.8843890515e+01 -1.1313352713e+02
100 115 126
2 13 3350 214.3900 589.9301 15 3694 488.2800 469.8900
-3.7786313487e+00 2.3043951483e-01 6.0838210309e+00
83 83 82
2 13 4663 -509.5900 -165.0600 15 5202 -564.3400 -99.8700
-3.3155092697e+00 2.1436235581e-01 6.0814240295e+00
80 70 78
2 13 4658 -303.3700 -166.4900 15 5119 -374.4500 -137.7600
-3.4707038888e+00 5.0061491474e-01 5.1363848064e+00
116 122 135
2 13 3881 -290.1500 -23.1900 15 4344 -283.2000 -14.8900
-3.4707038888e+00 5.0061491474e-01 5.1363848064e+00
116 122 135
2 13 3882 -290.1500 -23.1900 15 4345 -283.2000 -14.8900
-1.7358070892e+00 2.7123766299e-02 6.2466982084e+00
151 155 144
2 13 3617 410.8600 -244.1000 15 2260 320.7800 -354.4200
-2.5815861393e+00 1.0001169833e+00 6.9267534033e+00
50 50 37
2 13 5207 19.3400 246.5900 15 5614 -79.9200 243.9300
-2.2129705473e+01 2.9930758345e+01 -7.6891360557e+01
255 255 255
2 13 49 -335.5500 505.2900 15 66 -67.3100 452.9800
-7.3164804128e+02 1.5463813484e+03 -4.5357548205e+03
255 255 255
2 13 48 -241.6800 506.6500 15 44 27.7300 441.3700
5.2441876861e+01 -6.0706014962e+01 1.9123853464e+02
255 255 255
2 13 73 -442.7700 499.5400 15 108 -155.2300 455.8900
-2.0543514227e+00 -1.0361505961e-01 6.9395365520e+00
157 154 147
2 13 165 348.1400 -410.3500 15 126 147.6500 -501.6801
-1.8336850698e+01 2.9365438863e+02 -9.6092409374e+02
174 203 247
2 13 338 -38.8900 456.0800 15 332 216.2300 367.5700
-2.5577283983e+00 9.3045962399e-01 6.9299435370e+00
15 15 13
2 13 294 34.8700 204.0200 15 304 -71.9300 199.2700
1.1842602082e+01 1.2153097708e+01 -3.7012677667e+01
68 69 74
2 13 307 418.7200 387.4000 15 311 662.2700 244.6400
-1.1399485907e+01 2.0123783236e+02 -7.0965339473e+02
156 177 212
2 13 319 -32.5100 423.3600 15 326 216.8300 335.7500
-1.9290570953e+00 -6.6489776955e-02 6.6719045790e+00
149 148 143
2 13 381 377.6300 -342.0300 15 425 225.8500 -443.5000
4.8807459176e+01 1.1213042435e+02 -4.1366206849e+02
237 241 253
2 13 444 154.1000 404.8400 15 478 400.2900 292.9100
-2.0061736598e+00 -5.4607089086e-02 6.6746719006e+00
150 149 145
2 13 534 336.9399 -337.6600 15 428 182.6200 -429.0000
-1.6255069749e+00 4.4520304028e-02 6.1474715913e+00
167 162 166
2 13 576 446.0400 -226.8700 15 642 370.4301 -344.1000
-2.6149043276e+00 3.8683600166e-01 6.7144124454e+00
100 86 58
2 13 600 6.0600 -113.4000 15 685 -125.9000 -125.4200
-2.5841453544e+00 7.4099210766e-01 6.8543763265e+00
97 82 62
2 13 984 20.3400 86.0100 15 1067 -95.8100 78.9800
1.0378180369e+01 8.1085973298e+00 -2.6899539099e+01
98 97 105
2 13 640 483.6700 329.0200 15 718 719.4600 177.3300
1.6497587785e+03 -1.9181572034e+03 5.4139261216e+03
17 16 21
2 13 717 -446.9500 525.0601 15 811 -161.1400 481.7600
-3.5998029070e+00 1.8953388744e-01 6.1946614005e+00
68 66 69
2 13 920 -444.9200 -188.9900 15 1555 -518.4100 -132.1300
-1.7879501615e+00 3.0925671722e-02 6.2547145155e+00
155 155 155
2 13 889 388.1200 -244.0200 15 966 295.5699 -348.8000
-1.7802890061e+00 8.7705543024e-02 6.0899802088e+00
165 164 160
2 13 914 370.6000 -204.9000 15 653 296.5200 -306.4200
-1.6517794434e+00 1.1022568846e-01 5.9422820650e+00
155 153 141
2 13 924 406.8400 -183.9800 15 998 350.1500 -293.2700
1.5977085728e+01 1.3110805172e+02 -4.4645844632e+02
203 200 251
2 13 1040 41.3200 435.1600 15 745 291.1500 337.2200
-3.3505415471e+01 6.1101333701e+01 -1.6163718295e+02
254 254 252
2 13 1636 -271.6600 525.6100 15 1788 0.1100 464.1400
-3.3505415471e+01 6.1101333701e+01 -1.6163718295e+02
254 254 252
2 13 1637 -271.6600 525.6100 15 1789 0.1100 464.1400
-3.2878805417e+01 6.2337908710e+01 -1.6452143006e+02
23 24 31
2 13 1080 -262.3700 527.7000 15 1175 9.1700 464.6899
-3.9847435342e+00 1.6945518877e+01 -3.4301334666e+01
66 32 32
2 13 1089 -62.0200 558.6600 15 810 194.6200 474.4000
-2.3252272043e+00 -1.2304693324e-01 7.1120442244e+00
143 142 121
2 13 1231 202.9000 -464.2200 15 1394 -42.7300 -519.5601
-2.0284955526e+00 -9.5340005766e-02 6.8667350640e+00
154 153 148
2 13 1272 352.1000 -391.1100 15 1426 165.3600 -484.9900
-1.8925765770e+00 -6.9163336688e-02 6.6729905231e+00
149 148 145
2 13 1309 397.1801 -343.3800 15 939 246.7900 -448.6700
-1.9868426250e+00 4.4763537024e-03 6.4600134697e+00
168 166 166
2 13 1335 319.6000 -280.7900 15 963 197.1900 -367.7700
-3.4336958189e+00 2.3480589877e-01 6.0161667993e+00
103 104 100
2 13 2103 -348.8300 -154.4800 15 2346 -410.2700 -119.8800
-3.6024235827e+00 2.4974607540e-01 5.9593536632e+00
126 124 132
2 13 1387 -415.0700 -146.1700 15 2368 -466.3400 -102.1700
-1.7139506058e+00 4.1177933666e-02 6.2107295306e+00
156 157 154
2 13 1355 415.6801 -234.9700 15 967 330.8700 -344.9100
-3.2569616619e+00 4.7216895114e-01 5.2191201978e+00
180 183 183
2 13 1423 -221.4600 -32.7500 15 1605 -223.3300 -34.2800
-2.7035517769e+00 8.0423217967e-01 6.7909880600e+00
34 34 35
2 13 1490 -49.7900 119.7900 15 2505 -151.3100 121.6300
2.2209112845e+02 -2.3428777809e+02 7.6441419308e+02
110 104 125
2 13 2375 -433.4400 462.4700 15 2633 -157.6200 421.7300
1.4173689639e+02 -1.8864178368e+02 6.0766581097e+02
45 72 82
2 13 1602 -354.6100 471.1200 15 2632 -82.4600 420.4200
5.3406569344e+00 9.3239692046e+01 -2.9722312465e+02
252 255 255
2 13 1046 20.3300 456.9800 15 1126 272.8700 361.9500
-3.3875915912e+01 5.9824942420e+01 -1.5832935924e+02
27 29 47
2 13 1632 -279.7800 524.6200 15 1790 -7.7900 464.0900
2.3859748142e+01 6.2269405250e+01 -1.4760267572e+02
126 134 137
2 13 1097 217.2100 588.9100 15 1176 492.0699 467.5100
-2.5837991348e+00 -1.2248189595e-01 7.1914444780e+00
55 42 66
2 13 1777 37.5400 -490.1400 15 2044 -230.4700 -503.0100
-1.8993257718e+00 -9.0254733147e-02 6.7590966333e+00
148 149 147
2 13 1942 407.5500 -367.6800 15 2127 243.3800 -475.7600
-1.9335735972e+00 -8.4393779788e-02 6.7398696963e+00
146 146 149
2 13 1947 385.6700 -362.1400 15 2155 223.0400 -464.9500
-3.5118834493e+00 2.3454622200e-01 6.0303727053e+00
106 102 108
2 13 2099 -384.4900 -156.5800 15 3277 -444.6600 -114.9200
-3.5118834493e+00 2.3454622200e-01 6.0303727053e+00
106 102 108
2 13 2100 -384.4900 -156.5800 15 3278 -444.6600 -114.9200
-1.7346233424e+00 4.7168037076e-02 6.1985523238e+00
159 156 158
2 13 1357 404.7000 -231.3800 15 1492 320.5100 -339.1300
-1.5938916990e+00 1.1875400839e-01 5.8840523460e+00
146 143 143
2 13 2082 423.1801 -176.3000 15 2274 373.2300 -289.0800
-3.5795611023e+00 3.8909488521e-01 5.5088598828e+00
168 171 165
2 13 2158 -358.3500 -71.5300 15 2408 -373.5500 -46.6000
-3.2878669436e+00 3.8102991326e-01 5.5028243294e+00
103 110 129
2 13 3088 -248.5000 -72.0500 15 3335 -269.9400 -65.0900
-1.5701320706e+01 1.8500310566e+01 -5.5516453203e+01
94 89 101
2 13 2313 -297.8100 414.4800 15 2586 -50.2600 363.5400
4.9655880416e+00 1.7405678221e+02 -6.0179827511e+02
127 139 178
2 13 2330 1.6400 430.8101 15 2576 251.7100 338.3100
-2.4204054962e+03 2.3054052055e+03 -7.4502902163e+03
163 151 174
2 13 3296 -470.1200 459.4800 15 3670 -194.2800 422.5100
1.7278997259e+02 -2.3412032190e+02 7.4465340547e+02
255 252 252
2 13 2385 -350.7900 475.3900 15 2636 -78.7200 423.9900
7.1406606378e+00 9.1692332387e+00 -1.9644617964e+01
14 15 20
2 13 1584 453.5601 452.7400 15 1697 701.4000 309.6200
-1.3298174470e+01 1.8356583957e+01 -4.3085140784e+01
249 252 249
2 13 2403 -303.7800 503.7600 15 1771 -43.2600 449.2700
4.7728873830e+01 1.2489205860e+02 -3.6789846653e+02
69 71 90
2 13 2400 169.1400 497.6200 15 3637 430.7700 383.3600
2.1706729512e+01 6.3599020462e+01 -1.4967161142e+02
127 148 159
2 13 3352 195.1500 593.0300 15 3696 470.1899 474.5601
-2.4179394088e+00 -1.5763697567e-01 7.2704666261e+00
62 53 65
2 13 2508 155.5900 -530.9500 15 2735 -132.8200 -571.8199
-3.7470056798e+00 1.0794641071e-01 6.5144150828e+00
125 116 110
2 13 3605 -571.4700 -260.2800 15 4131 -674.0200 -169.7700
-3.9150105878e+00 1.3420539150e-01 6.4332348967e+00
101 86 90
2 13 3628 -639.7600 -240.2700 15 4156 -723.3200 -141.6700
-1.9370020523e+00 -8.0040463798e-02 6.7266949021e+00
50 50 78
2 13 2694 381.7300 -358.2700 15 2895 221.2400 -459.2600
-2.0346360434e+00 1.7729076948e-03 6.4849481295e+00
79 77 95
2 13 2861 298.8600 -284.6300 15 3075 171.5700 -368.7900
-1.4697634843e+00 2.2692928649e-02 6.1370764353e+00
166 162 161
2 13 2062 512.8800 -234.0000 15 2252 443.8600 -365.8600
-3.4966220370e+00 3.6822288791e-01 5.5565528981e+00
167 166 156
2 13 3073 -331.1800 -80.4800 15 3347 -352.1600 -58.4200
-3.4798859008e+00 3.8472765083e-01 5.5417740670e+00
171 169 169
2 13 3086 -323.7500 -73.7200 15 3360 -343.2000 -53.1500
1.9154351188e+00 1.5571356008e+02 -5.5037674677e+02
212 201 243
2 13 3244 -4.0900 421.0100 15 3609 244.2400 330.0500
2.7495710004e+02 -2.8423608162e+02 9.3143719409e+02
94 98 134
2 13 3295 -438.0000 459.4399 15 4531 -162.8600 419.2400
-5.7807565010e+00 2.8360310715e+01 -8.3850063127e+01
155 147 185
2 13 2354 -63.1500 449.2300 15 2589 184.0200 366.9600
-2.1277546613e+01 2.3485173454e+01 -6.3667497251e+01
111 102 143
2 13 4157 -375.6500 466.7800 15 4532 -112.6700 421.4700
-1.0103166136e+01 1.9546804612e+01 -4.2454985546e+01
61 59 72
2 13 3346 -221.3600 543.7400 15 3699 41.0800 477.7800
-3.4765673881e+00 1.7091022110e-01 6.2500543217e+00
70 65 81
2 13 3679 -395.0400 -200.4400 15 4148 -479.1000 -150.8000
-3.3706775253e+00 1.6788571622e-01 6.2523977441e+00
81 74 82
2 13 4621 -345.6800 -200.6500 15 4142 -433.5600 -159.9700
-1.8830966788e+00 9.1789950650e-02 6.1139486240e+00
93 89 119
2 13 3671 328.4900 -206.2300 15 3144 249.3400 -298.4900
-1.6382659301e+00 1.0458464589e-01 5.9587969270e+00
79 75 85
2 13 3701 414.5699 -187.0800 15 3142 356.7900 -298.2800
-3.5621353193e+00 3.4405415792e-01 5.6746970044e+00
162 163 152
2 13 3774 -367.5100 -94.3600 15 4264 -395.1500 -64.3000
-3.4133926009e+00 3.3842079473e-01 5.6830628923e+00
168 168 163
2 13 3771 -309.7500 -95.6000 15 4244 -341.8700 -74.8900
-3.2614052243e+00 3.8006628966e-01 5.5064691064e+00
114 117 142
2 13 3802 -238.8500 -72.5800 15 4259 -260.9100 -66.6200
-3.1813209353e+00 4.6141282127e-01 5.2016665552e+00
108 119 136
2 13 3868 -194.2600 -35.4400 15 4302 -197.0100 -41.8900
-3.1813209353e+00 4.6141282127e-01 5.2016665552e+00
108 119 136
2 13 3869 -194.2600 -35.4400 15 4303 -197.0100 -41.8900
-3.3179475059e+00 4.9332911019e-01 5.1192748832e+00
107 115 129
2 13 3879 -237.0500 -24.2100 15 4330 -232.3500 -24.8200
-6.6467541987e-01 1.5986637559e+00 1.0907895944e-01
79 73 64
2 13 4078 287.9800 183.5200 15 5485 426.8000 74.5000
-1.8054735683e+01 1.6487625973e+01 -4.7261018925e+01
53 48 50
2 13 4128 -398.3100 419.4600 15 4521 -144.3500 380.9800
-5.7829874225e+00 2.8191579371e+01 -8.4346104697e+01
20 41 45
2 13 4139 -62.7800 444.6600 15 4516 183.5300 362.0700
-1.9504040150e+00 1.3407998979e-02 6.4118289196e+00
144 148 151
2 13 4513 331.6400 -269.9600 15 4878 216.2700 -361.2600
-1.8544716512e+00 1.0714559461e-01 6.0478573578e+00
100 100 118
2 13 4628 333.7500 -194.3900 15 4942 261.9700 -288.1800
-1.8544716512e+00 1.0714559461e-01 6.0478573578e+00
100 100 118
2 13 4629 333.7500 -194.3900 15 4943 261.9700 -288.1800
-3.2391372603e+00 3.6259567322e-01 5.5533121520e+00
104 109 128
2 13 4800 -233.1900 -80.1300 15 5239 -259.4600 -74.8100
-3.2118396707e+00 3.6496769737e-01 5.5470907085e+00
110 112 136
2 13 4803 -222.5300 -79.0400 15 5238 -248.6500 -75.1700
-1.4863073187e+00 5.3953792402e-01 4.3516925664e+00
119 130 129
2 13 5021 317.2900 8.2500 15 5221 359.7200 -91.5400
-1.5070497871e+01 1.3253656424e+01 -2.6203588461e+01
250 248 255
2 13 18 -513.3000 525.9500 15 8 -238.4300 494.2800
-5.9825027041e+00 2.5493668415e+01 -7.5522935298e+01
17 20 28
2 13 45 -70.9600 442.6700 15 40 174.5100 361.7600
-2.5719838656e+00 9.8024245261e-01 6.9393805720e+00
14 14 12
2 13 89 25.6700 235.6900 15 97 -77.3400 232.3300
-2.6106418349e+00 3.5344891395e-01 6.6984626066e+00
20 20 18
2 13 118 8.6600 -131.6700 15 201 -124.0300 -142.9400
-2.1681662768e+00 -8.4345525410e-02 6.8780833550e+00
163 159 156
2 13 169 272.9200 -389.7200 15 127 79.7900 -464.1801
-1.4392280663e+01 6.8767537386e+00 -1.4390820750e+01
87 83 72
2 13 200 -716.3300 392.7100 15 343 -451.7600 394.6500
-1.9110038153e+01 1.7758878106e+01 -5.0608827571e+01
11 11 11
2 13 209 -401.8500 427.8300 15 340 -145.7900 388.0100
-1.0154691590e+01 1.9336863614e+01 -5.5364495973e+01
27 27 29
2 13 213 -178.4600 436.0701 15 333 66.3400 368.6000
-2.1955464691e+00 -9.6345440671e-02 6.9393064500e+00
79 73 90
2 13 250 264.1600 -408.4100 15 260 58.5400 -480.5500
-1.6898991939e+00 2.8199132612e-02 6.2719632547e+00
161 161 161
2 13 266 435.4800 -246.1100 15 186 345.3900 -359.9900
-1.3698334213e+00 1.7858215945e-02 6.1152974372e+00
168 168 170
2 13 269 552.7100 -233.5200 15 183 490.2300 -373.5700
-1.7930993419e+00 1.2311763227e-01 5.9984806317e+00
170 169 168
2 13 274 354.4000 -183.6200 15 281 289.5400 -281.6500
-1.6818721726e+00 1.3052824384e-01 5.9396310481e+00
80 85 89
2 13 276 394.0100 -175.4800 15 280 337.7300 -282.1300
-2.5063473851e+00 9.5569039425e-01 6.8923191336e+00
28 29 24
2 13 295 64.8700 217.9800 15 208 -34.6200 205.7700
1.4831395234e+01 1.6484464815e+01 -5.6238163768e+01
158 160 173
2 13 306 355.1700 377.5400 15 211 596.5000 240.7100
-6.5007271104e+00 2.1595874900e+01 -6.8522967987e+01
22 22 24
2 13 314 -84.2800 409.6500 15 323 154.7500 330.2800
-3.3459860447e+01 2.5368279847e+01 -7.3406631924e+01
9 9 9
2 13 331 -540.6700 444.5300 15 354 -265.7900 418.6200
3.7642291922e+01 -1.4378885735e+02 4.8725248323e+02
255 255 255
2 13 336 -134.2100 454.3201 15 335 125.5200 377.9100
-4.4100879900e+01 1.0608445260e+02 -3.3758511827e+02
255 255 255
2 13 339 -182.9000 456.5100 15 339 73.6100 386.6900
-3.4656760069e+01 3.0025856039e+01 -8.2444173782e+01
21 25 29
2 13 342 -508.3700 475.0800 15 529 -230.4400 443.6500
1.7147654821e+01 2.3808052486e+01 -6.4305682684e+01
255 254 255
2 13 343 357.1500 479.0601 15 747 616.8800 344.8300
-2.3377835758e+00 -1.3994826090e-01 7.1389707588e+00
147 144 125
2 13 368 197.5600 -482.5400 15 403 -55.8800 -535.2900
-1.9290570953e+00 -6.6489776955e-02 6.6719045790e+00
149 148 143
2 13 383 377.6300 -342.0300 15 426 225.8500 -443.5000
-1.9692487446e+00 -5.2364329296e-02 6.6342256208e+00
108 110 111
2 13 384 350.9600 -329.9400 15 429 203.5300 -425.3300
-1.6354045958e+00 -6.3237572427e-02 6.5148019894e+00
109 111 129
2 13 386 502.2300 -315.1600 15 266 384.2000 -445.2800
-1.6354045958e+00 -6.3237572427e-02 6.5148019894e+00
109 111 129
2 13 387 502.2300 -315.1600 15 267 384.2000 -445.2800
-1.2864308039e+00 -5.7553383307e-02 6.3281389870e+00
166 167 170
2 13 392 632.2600 -286.4100 15 422 553.3900 -446.1600
-1.2864308039e+00 -5.7553383307e-02 6.3281389870e+00
166 167 170
2 13 393 632.2600 -286.4100 15 423 553.3900 -446.1600
-1.9504257253e+00 6.5064214942e-03 6.4821900408e+00
153 149 146
2 13 395 340.3101 -280.8200 15 632 216.6900 -373.7200
-1.4400459985e+00 -2.2202391108e-02 6.2320246575e+00
170 168 171
2 13 397 542.7200 -261.6000 15 273 464.5300 -401.9300
-1.4266741459e+00 3.9421202411e-02 6.1261335761e+00
166 164 165
2 13 401 529.8400 -225.7300 15 277 465.1300 -359.8900
-2.5812004547e+00 2.8821473157e-01 6.6714817419e+00
94 79 54
2 13 403 25.2800 -163.1800 15 291 -110.2600 -181.8800
-2.6772588628e+00 9.7643921378e-01 6.8598595441e+00
26 21 11
2 13 425 -37.8400 226.2000 15 726 -131.1300 227.2100
-1.0074651269e+01 5.1230976338e+00 -9.4275023299e+00
5 4 7
2 13 431 -574.5700 360.1400 15 750 -340.1000 352.1800
-1.0074651269e+01 5.1230976338e+00 -9.4275023299e+00
5 4 7
2 13 432 -574.5700 360.1400 15 751 -340.1000 352.1800
-9.8371698760e+00 5.1770431823e+00 -9.6074524865e+00
4 4 6
2 13 433 -551.3500 361.2300 15 749 -318.7500 350.4900
2.3090157019e+00 1.8135160699e+01 -5.9459845005e+01
133 140 158
2 13 439 85.5100 390.5300 15 731 319.6000 291.5900
8.4768562308e+00 1.0010172948e+01 -2.4364096295e+01
10 10 10
2 13 450 442.7600 428.7100 15 476 689.7500 287.0300
-2.6561074378e+01 2.8131092228e+01 -8.2878954442e+01
9 9 9
2 13 455 -380.5600 444.8700 15 510 -118.5900 402.0800
-4.6691539663e+02 4.3669650922e+02 -1.4318049419e+03
161 170 179
2 13 456 -466.9300 450.1500 15 775 -193.4800 414.2100
-3.8443143242e+01 3.4961601335e+01 -9.7895022916e+01
36 34 47
2 13 472 -486.9100 475.8400 15 527 -210.2200 440.3300
-1.9883225576e+02 2.9930026891e+02 -8.1458054569e+02
35 30 48
2 13 485 -351.7800 536.9301 15 545 -72.4100 483.0800
8.1304451110e+00 1.4084608159e+01 -2.6647787806e+01
22 22 26
2 13 491 399.7100 564.7300 15 521 665.5900 427.4700
-1.7177414523e+00 -1.2084566509e-01 6.7783246669e+00
159 160 156
2 13 529 511.1801 -384.8600 15 585 352.1000 -517.6700
-1.9747260035e+00 -5.9966247568e-02 6.7005183826e+00
154 150 151
2 13 533 357.3800 -343.6900 15 612 200.4300 -439.6100
-1.0798357594e+00 -1.4272110904e-01 6.4468160319e+00
145 142 137
2 13 536 758.8800 -337.0800 15 405 679.9200 -532.0200
-2.0379488597e+00 -5.0503569398e-02 6.6427543560e+00
150 149 145
2 13 537 315.9700 -331.5700 15 617 164.9900 -418.3700
-1.6094093891e+00 1.0060500974e-01 5.9324796464e+00
66 75 82
2 13 590 423.1300 -186.7400 15 654 368.0300 -299.9600
-2.3684153347e+00 1.7034269098e-01 6.0599009842e+00
68 64 59
2 13 594 112.6000 -174.0400 15 288 33.6000 -222.1800
-3.8242460562e+00 2.3557725614e-01 6.0525892785e+00
90 88 85
2 13 597 -524.7700 -160.6700 15 697 -575.2400 -94.9200
-2.6149043276e+00 3.8683600166e-01 6.7144124454e+00
100 86 58
2 13 601 6.0600 -113.4000 15 686 -125.9000 -125.4200
-1.0264618184e+01 5.1974824228e+00 -9.4910704172e+00
93 91 73
2 13 650 -587.2400 364.3500 15 1124 -350.4800 357.7000
-1.5432923135e+01 1.8484662465e+01 -5.4048655152e+01
11 9 11
2 13 664 -298.7600 423.0000 15 755 -49.8400 372.1600
-9.0895705136e+00 7.3509865156e+01 -2.5063783292e+02
17 17 17
2 13 666 -49.9100 425.0500 15 746 197.6300 340.1100
-2.9557722727e+01 2.3241728165e+01 -6.4799537364e+01
173 171 184
2 13 686 -527.8200 453.5200 15 1150 -253.7800 425.4600
-2.3846093009e+00 -1.5364424339e-01 7.2443728128e+00
37 35 38
2 13 794 176.3300 -519.9100 15 874 -104.2700 -566.4700
-2.3653896167e+00 -1.4385283535e-01 7.2028158348e+00
42 39 43
2 13 805 185.4300 -501.8900 15 891 -83.5800 -550.6801
-2.2458671774e+00 -1.3902360249e-01 7.1421731768e+00
61 57 49
2 13 820 257.8700 -480.4399 15 893 6.9700 -547.9399
-1.7930098558e+00 -1.0271183157e-01 6.7510373059e+00
161 156 162
2 13 847 464.4000 -371.3800 15 595 305.9399 -493.2600
-1.3524711910e+00 -7.5910957781e-02 6.3693261986e+00
168 169 173
2 13 867 610.2400 -299.8600 15 608 522.1500 -456.2500
-1.4764475550e+00 -4.5775760641e-02 6.3487927722e+00
167 167 171
2 13 869 547.7500 -285.1700 15 947 456.1000 -426.0601
-1.5172485712e+00 -3.7388852233e-02 6.3315408118e+00
168 167 172
2 13 873 525.4200 -279.8800 15 620 433.6000 -415.6900
-1.5541102951e+00 -2.7823629845e-02 6.3163906629e+00
166 166 170
2 13 876 505.5200 -274.5600 15 953 413.8300 -405.2700
-1.6913115627e+00 1.1069141595e-02 6.3049386397e+00
161 160 162
2 13 883 439.8199 -257.4500 15 634 345.4700 -371.9500
-1.6741952066e+00 5.1500130378e-02 6.1533795900e+00
163 159 160
2 13 902 425.4000 -224.4300 15 972 347.6400 -337.8300
-1.8543889949e+00 9.5649418920e-02 6.3154745445e+00
159 157 158
2 13 904 364.9900 -222.1100 15 983 269.6400 -316.1600
-1.8419195484e+00 7.3823429425e-02 6.1826925091e+00
166 163 163
2 13 905 354.5300 -219.3500 15 982 269.6400 -316.1600
-1.7493482448e+00 7.0983885115e-02 6.1160365892e+00
163 160 154
2 13 909 387.3400 -213.7700 15 980 311.0699 -319.0000
-1.7268866388e+00 7.4271394076e-02 6.1095670623e+00
57 61 88
2 13 911 396.3400 -211.0200 15 979 321.5300 -319.1500
-1.7260528837e+00 7.3739296665e-02 6.1067317377e+00
57 61 88
2 13 912 396.3400 -211.0200 15 649 321.7500 -319.2000
-1.8047790286e+00 8.9388829320e-02 6.0908802602e+00
67 79 104
2 13 915 360.0900 -204.0700 15 992 285.0900 -304.2200
-2.3466912209e+00 3.8983654499e-01 6.1371499030e+00
68 63 54
2 13 949 123.5900 -80.7700 15 294 54.2900 -128.4700
-9.7299349564e+00 5.2127713967e+00 -9.6885329319e+00
102 94 87
2 13 1012 -541.0700 362.4700 15 1122 -309.0800 350.6400
-5.1975926729e+00 1.4901702349e+01 -4.6038188647e+01
15 14 14
2 13 1020 -79.3100 392.9300 15 1700 153.4500 315.6300
2.2256847273e+00 1.7488536932e+02 -6.1009678314e+02
17 20 21
2 13 1030 -4.7100 426.9100 15 1710 244.9301 335.9500
7.8926745894e+00 9.5009350638e+00 -2.2309322219e+01
11 11 9
2 13 1037 447.0200 432.0900 15 1104 693.2400 289.3600
2.1738163084e+00 2.4568187471e+01 -6.8702772400e+01
255 254 255
2 13 1050 69.7500 463.9299 15 1720 317.2200 365.7500
3.5204265569e+01 4.5324389706e+01 -1.3685275182e+02
176 192 213
2 13 1051 343.5699 467.0000 15 1113 604.6000 331.0200
-3.8395021581e+01 3.6463489505e+01 -1.0014601086e+02
255 251 255
2 13 1056 -476.9700 486.0800 15 1160 -199.2600 448.8700
-1.9794012090e+00 1.5745413474e+02 -4.5616718461e+02
175 189 238
2 13 1065 -15.1400 506.0500 15 1752 246.5100 413.1600
-1.3237001950e+01 1.9027231814e+01 -4.2514532406e+01
255 254 255
2 13 1081 -306.0800 527.7800 15 1177 -41.6000 471.8101
-3.9847435342e+00 1.6945518877e+01 -3.4301334666e+01
66 32 32
2 13 1088 -62.0200 558.6600 15 809 194.6200 474.4000
-2.3988656413e+00 -1.6202182175e-01 7.2759892898e+00
33 29 23
2 13 1170 169.4100 -534.4700 15 1267 -120.4900 -579.9301
-2.3988656413e+00 -1.6202182175e-01 7.2759892898e+00
33 29 23
2 13 1171 169.4100 -534.4700 15 1268 -120.4900 -579.9301
-2.2376732121e+00 -1.4957750537e-01 7.1679753634e+00
79 72 61
2 13 1207 266.6500 -492.3600 15 876 9.1100 -564.2100
-2.3641788459e+00 -1.3676846419e-01 7.1788727052e+00
42 33 41
2 13 1210 183.9300 -491.2000 15 1358 -78.7300 -539.4500
-2.2502303968e+00 -8.5403589688e-02 6.9350103646e+00
47 47 58
2 13 1266 231.0800 -401.7200 15 1436 25.3600 -466.8500
-1.7600747011e+00 -1.2367401590e-01 6.7953593199e+00
157 159 156
2 13 1273 491.2600 -390.1800 15 1395 326.9800 -518.0000
-1.7384372182e+00 -1.1531515521e-01 6.7372291465e+00
158 159 153
2 13 1279 491.4700 -375.1500 15 1413 336.9399 -503.9200
-1.9198234911e+00 -8.1229071794e-02 6.7093868438e+00
148 150 143
2 13 1297 388.3400 -355.8900 15 1443 230.8700 -458.7900
-1.9198234911e+00 -8.1229071794e-02 6.7093868438e+00
148 150 143
2 13 1299 388.3400 -355.8900 15 1444 230.8700 -458.7900
-1.4571509943e+00 -1.0723299300e-01 6.5641065859e+00
162 161 167
2 13 1311 601.9399 -341.2200 15 929 486.4700 -495.6899
-1.9431830431e+00 -4.7216933898e-02 6.6263310245e+00
149 146 140
2 13 1318 363.4700 -326.1200 15 1464 218.6500 -423.5500
-1.3107301270e+00 -8.5529944288e-02 6.4217114140e+00
161 162 168
2 13 1323 641.6700 -310.4800 15 934 551.3900 -473.3300
-1.3107301270e+00 -8.5529944288e-02 6.4217114140e+00
161 162 168
2 13 1324 641.6700 -310.4800 15 935 551.3900 -473.3300
-1.7716361848e+00 -3.4670129174e-02 6.4789427420e+00
152 151 147
2 13 1326 428.4301 -298.5300 15 1470 309.4500 -411.4800
-1.9605340904e+00 -7.4659914329e-04 6.4427320632e+00
151 147 144
2 13 1336 330.5000 -280.0800 15 1481 210.2600 -371.6100
-1.9572025666e+00 9.6765858551e-03 6.4231516565e+00
52 55 79
2 13 1338 329.7100 -273.2900 15 2256 212.6500 -363.7200
-1.9661920532e+00 1.3593591644e-02 6.4080425220e+00
167 164 162
2 13 1340 323.5400 -270.2900 15 1488 208.1800 -358.7500
-1.6543772377e+00 -6.9885656720e-03 6.2812255502e+00
162 160 166
2 13 1343 453.3101 -262.3900 15 959 361.2800 -381.7700
-1.7543551447e+00 3.5506173694e-02 6.2395527069e+00
154 153 149
2 13 1350 401.3800 -240.5400 15 1491 311.9700 -347.4000
-1.9157576072e+00 6.0455596826e-02 6.2002630124e+00
159 159 160
2 13 1358 323.4700 -227.0200 15 981 233.4000 -318.7900
-1.4013793824e+00 1.1197839689e-01 5.8109305835e+00
154 154 149
2 13 1375 490.5601 -172.6800 15 1500 452.5400 -300.1100
-1.4013793824e+00 1.1197839689e-01 5.8109305835e+00
154 154 149
2 13 1376 490.5601 -172.6800 15 1501 452.5400 -300.1100
-3.3041493543e+00 2.1875455909e-01 6.0801940207e+00
153 146 132
2 13 1380 -298.3000 -164.4600 15 1551 -369.1900 -136.4900
-3.5166199496e+00 2.5333841116e-01 5.9657513303e+00
78 80 78
2 13 1389 -379.2400 -144.7800 15 1575 -433.1500 -105.5500
-3.4264406058e+00 5.1140153720e-01 5.1075997755e+00
184 181 192
2 13 1430 -273.2900 -18.9200 15 1616 -265.2400 -13.5600
-2.6396232863e+00 7.8648755574e-01 6.8336727217e+00
23 21 17
2 13 1482 -12.9000 111.7000 15 1651 -121.8300 109.1900
-2.6652611514e+00 7.9481671192e-01 6.8200050914e+00
25 23 21
2 13 1487 -27.9000 115.7400 15 1655 -134.1500 115.2600
-2.6903353592e+00 8.1049394183e-01 6.8030208865e+00
96 85 54
2 13 1493 -42.4500 124.0400 15 1658 -144.9300 125.1100
-2.5784790793e+00 8.6392474107e-01 6.8977646666e+00
35 33 20
2 13 1496 22.6500 161.1300 15 1664 -86.7800 156.4200
1.3017034507e+01 1.0615964244e+01 -3.4574934038e+01
69 68 76
2 13 1515 479.5300 358.1700 15 2531 723.1100 207.1800
-5.5567488162e+00 1.5428409970e+01 -4.7646192392e+01
107 96 97
2 13 1527 -86.3400 395.7500 15 2563 147.3200 318.8600
-6.8287044198e+00 4.1186104070e+01 -1.3962567530e+02
134 127 144
2 13 1538 -54.3500 413.5800 15 1707 189.4300 330.2300
-1.3754313944e+01 1.7382847393e+01 -4.7317922253e+01
13 17 25
2 13 1571 -291.5800 443.0900 15 1135 -41.0000 390.7000
3.4466487622e+01 -1.4011074831e+02 4.6713046165e+02
253 254 255
2 13 1592 -129.8700 461.9800 15 1732 130.9900 384.4000
-1.4024309245e+02 3.0831584928e+02 -9.7754960554e+02
255 252 253
2 13 1600 -210.9300 466.9399 15 2615 49.5600 400.0200
-3.7200394354e+01 3.2612804898e+01 -8.7973309576e+01
254 251 252
2 13 1610 -517.6600 487.8500 15 1777 -236.7300 454.5601
-3.3875915912e+01 5.9824942420e+01 -1.5832935924e+02
27 29 47
2 13 1633 -279.7800 524.6200 15 1791 -7.7900 464.0900
1.4539283217e+00 2.0272986553e+01 -4.4360085845e+01
94 58 75
2 13 1642 88.5600 548.9800 15 1767 345.7300 446.6899
-2.5720947575e+00 -1.6673223978e-01 7.3259697663e+00
27 22 20
2 13 1690 49.7400 -557.3700 15 1286 -257.2200 -572.3600
-2.3609460886e+00 -1.5564869477e-01 7.2398546463e+00
60 50 57
2 13 1732 192.1600 -519.6400 15 1877 -86.8300 -569.8400
-2.2620621191e+00 -1.6197289026e-01 7.2199151070e+00
156 157 124
2 13 1738 257.2700 -515.4000 15 1252 -14.2800 -583.3900
-2.2773731900e+00 -1.4408542852e-01 7.1672718692e+00
144 145 104
2 13 1776 240.3101 -490.2500 15 1915 -17.8700 -554.0900
-2.2375168947e+00 -1.4347981314e-01 7.1500009138e+00
154 152 129
2 13 1786 264.3600 -484.6200 15 1318 11.5400 -554.5699
-2.3363168853e+00 -1.2627802743e-01 7.1291763304e+00
143 139 121
2 13 1796 197.4300 -470.5800 15 1991 -52.5100 -524.4100
-1.7529630638e+00 -1.6218165689e-01 6.9449100763e+00
156 158 154
2 13 1829 527.8300 -439.4000 15 1865 338.4301 -577.9600
-1.7453911588e+00 -1.5675947191e-01 6.9296645565e+00
159 158 158
2 13 1838 528.7600 -433.0699 15 1873 342.7900 -571.5300
-1.8236721367e+00 -1.4892069149e-01 6.9395161901e+00
57 61 86
2 13 1839 484.8500 -431.4301 15 1903 292.6500 -559.6600
4.0639341238e+00 -7.0341389282e+00 -1.3864441061e+01
48 50 74
2 13 1878 392.8700 -402.9200 15 1289 489.1000 -570.9399
-1.6880668030e+00 -1.4034667873e-01 6.8228006630e+00
74 75 110
2 13 1881 537.3500 -402.2400 15 1353 372.3500 -543.0800
-1.5584082899e+00 -1.5033933450e-01 6.7805763706e+00
75 79 105
2 13 1885 599.4800 -397.8200 15 1908 448.4301 -554.9700
-1.7457517902e+00 -1.2443953454e-01 6.7883069638e+00
72 78 105
2 13 1903 497.7700 -389.0700 15 2015 335.2600 -518.6801
-2.0979948223e+00 -8.6386137763e-02 6.8494872928e+00
61 64 79
2 13 1916 309.7500 -383.8800 15 2143 123.5200 -468.5800
-1.7697120592e+00 -9.7169496174e-02 6.7099382361e+00
156 157 155
2 13 1949 469.2800 -361.5200 15 2101 318.0200 -484.6801
-1.9456080595e+00 -7.3100126422e-02 6.7046774591e+00
55 52 75
2 13 1964 373.7000 -351.3600 15 2910 216.4200 -450.4600
-1.8869564522e+00 -7.5602440709e-02 6.6890705307e+00
48 51 69
2 13 1966 402.7500 -349.0200 15 2167 249.9700 -455.7300
-1.9954158782e+00 -2.1484317157e-03 6.4827258379e+00
162 157 157
2 13 2031 318.0900 -286.0800 15 2246 192.1400 -373.9000
-1.4697634843e+00 2.2692928649e-02 6.1370764353e+00
166 162 161
2 13 2063 512.8800 -234.0000 15 2253 443.8600 -365.8600
-1.7885237300e+00 7.6706317132e-02 6.1198807400e+00
164 162 165
2 13 2072 370.6500 -212.0600 15 2267 293.0601 -313.5600
-1.2386116407e+00 1.1360956377e-01 5.7231809003e+00
154 155 149
2 13 2088 541.1300 -165.5300 15 2269 515.4200 -303.8900
-3.5643580679e+00 2.2783649739e-01 6.0558180269e+00
153 147 137
2 13 2090 -410.5300 -161.3300 15 2350 -471.5400 -115.1700
-3.5643580679e+00 2.2783649739e-01 6.0558180269e+00
153 147 137
2 13 2091 -410.5300 -161.3300 15 2351 -471.5400 -115.1700
-1.1990368141e+00 1.2042556206e-01 5.6808179856e+00
147 144 141
2 13 2092 549.7200 -160.4100 15 2270 528.5000 -300.3300
-1.2774925871e+00 1.5663993923e-01 5.6066963678e+00
65 72 86
2 13 2108 508.9900 -143.5400 15 1510 490.2100 -274.9300
-3.6157707918e+00 2.8698699997e-01 5.9019853543e+00
160 155 149
2 13 2126 -414.1800 -128.3300 15 2383 -458.1700 -84.6300
-1.1571708454e+00 1.8471329676e-01 5.4435919551e+00
163 162 157
2 13 2128 529.9800 -124.6100 15 1517 525.4000 -261.4600
-9.1787846127e-01 2.1920925370e-01 5.2576846129e+00
114 126 155
2 13 2138 586.6300 -103.7700 15 3172 601.5400 -252.2200
-3.5052622912e+00 3.5596383117e-01 5.6152959378e+00
166 166 159
2 13 2144 -339.7000 -87.2600 15 2397 -364.5300 -62.6100
-2.7415397772e+00 4.5691274544e-01 6.6514351652e+00
92 78 55
2 13 2156 -63.3900 -73.7600 15 3315 -180.5600 -74.6200
-4.1687336042e+00 4.4574329753e-01 5.3794651818e+00
151 144 125
2 13 2168 -561.6900 -52.9100 15 2432 -548.8900 3.5000
-3.4037642243e+00 5.0614818714e-01 5.0997995465e+00
177 178 180
2 13 2189 -265.0500 -20.2300 15 2421 -257.4200 -16.6200
-2.7219948876e+00 5.9002450736e-01 6.7091205583e+00
51 45 43
2 13 2208 -55.7000 -2.3500 15 3422 -167.6700 -2.6600
-2.7134642970e+00 6.0916032907e-01 6.7238617338e+00
40 39 35
2 13 2221 -51.5100 8.0700 15 2435 -163.4900 7.8200
-6.6566095392e-01 5.7382865943e-01 3.8890174174e+00
79 73 46
2 13 2230 498.9100 23.2400 15 2352 572.2000 -111.1200
-1.0150010183e+01 5.5869476047e+00 -9.3443393028e+00
11 12 13
2 13 2305 -584.5500 396.9200 15 2600 -342.7100 387.6700
2.6948450899e+01 8.2722941078e+01 -2.9573563701e+02
255 251 255
2 13 2311 119.9300 411.7900 15 3599 365.7600 305.0800
-1.7269319307e+01 2.2600512351e+01 -6.9295790771e+01
17 20 27
2 13 2316 -276.2700 420.0100 15 2587 -27.0300 366.0400
3.1127425351e+01 9.7394033146e+01 -3.3610380462e+02
199 199 242
2 13 2324 120.7000 427.4600 15 1702 369.3800 320.0800
3.7410521447e+01 1.1445881347e+02 -3.9204895066e+02
93 114 130
2 13 2334 123.3400 432.3500 15 2571 373.3400 324.5200
-1.5858861551e+01 2.0168611244e+01 -5.8272559211e+01
111 120 128
2 13 2336 -290.0600 434.2600 15 1726 -39.5100 380.0900
3.1975037584e+02 -5.2569447756e+02 1.8237008893e+03
168 161 182
2 13 2338 -263.8400 435.1600 15 2596 -4.4200 376.1100
6.4646962198e+01 1.4557795733e+02 -4.9130750912e+02
84 102 122
2 13 2344 171.0200 441.7900 15 2572 424.3101 326.7500
1.7488128025e+02 -3.2266411373e+02 1.1004142431e+03
81 97 106
2 13 2348 -243.2500 444.4600 15 3634 17.2100 381.9800
-5.6989293142e+02 5.1421542342e+02 -1.7012250761e+03
159 155 176
2 13 2351 -480.1700 446.4600 15 2623 -206.0000 412.5900
-4.7619830132e+01 4.4971247891e+01 -1.3003872793e+02
164 178 198
2 13 2383 -470.8000 472.9100 15 2649 -194.5200 435.7800
-3.3969937292e+01 3.1256136222e+01 -8.6240501307e+01
143 144 159
2 13 2386 -478.4800 475.7600 15 2651 -203.0200 440.7600
9.2909171983e+00 1.7076778952e+01 -3.5238918573e+01
103 99 118
2 13 2437 355.5800 557.1700 15 2634 620.8900 423.5900
9.2909171983e+00 1.7076778952e+01 -3.5238918573e+01
103 99 118
2 13 2438 355.5800 557.1700 15 2635 620.8900 423.5900
-2.3942811531e+00 -1.5416631774e-01 7.2485162065e+00
129 128 110
2 13 2514 170.0600 -521.9700 15 2742 -111.8300 -566.3400
-2.3743356738e+00 -1.4362092498e-01 7.2050647839e+00
136 136 124
2 13 2531 179.6100 -502.4100 15 2764 -90.1800 -549.9900
-2.6433624296e+00 -1.0923867278e-01 7.1621784281e+00
66 54 74
2 13 2548 -2.8100 -475.6300 15 2851 -262.9200 -479.2700
-1.7425024695e+00 -1.6168022706e-01 6.9385325820e+00
66 66 96
2 13 2572 532.5200 -437.1000 15 1867 344.8101 -577.7800
-2.1124938992e+00 -1.2157837699e-01 7.0092521580e+00
36 34 47
2 13 2574 323.7300 -435.8000 15 2002 106.4400 -521.9301
-1.8849052355e+00 -9.1972354486e-02 6.7453843271e+00
57 57 84
2 13 2676 413.1500 -366.7700 15 2860 251.5699 -475.2600
-1.7217542569e+00 -1.0493268501e-01 6.7061759761e+00
157 160 159
2 13 2677 494.3101 -364.7100 15 2070 345.7400 -493.3101
-2.1951761019e+00 -5.8714449048e-02 6.7981661977e+00
155 149 149
2 13 2682 248.4301 -362.5300 15 2202 69.5200 -431.1300
-1.9657557928e+00 -7.9475858177e-02 6.7516194172e+00
54 55 75
2 13 2683 369.8600 -361.7400 15 2891 204.5200 -460.8199
-1.3159559386e+00 -1.3640433865e-01 6.5865632341e+00
80 83 116
2 13 2696 678.9600 -356.9200 15 1970 569.4000 -531.2800
-1.8444226895e+00 -8.4564475917e-02 6.6977064496e+00
58 59 78
2 13 2705 426.9700 -354.0700 15 2148 274.3300 -467.1899
-1.4747947365e+00 -1.0616694214e-01 6.5716092947e+00
79 82 111
2 13 2739 594.6899 -342.0000 15 2068 477.3300 -494.6400
-2.0841907214e+00 -4.6635377496e-02 6.6813010401e+00
62 61 75
2 13 2748 296.0900 -335.8700 15 2213 138.6900 -417.3200
-1.7002629571e+00 -4.1903790263e-02 6.4781164252e+00
73 81 102
2 13 2825 463.5100 -301.0500 15 2959 347.5601 -421.9300
-1.9167060299e+00 -2.3088958213e-02 6.5169783658e+00
148 148 137
2 13 2828 361.7900 -299.2200 15 2231 233.1500 -397.0800
-1.7345687258e+00 -3.4513469400e-02 6.4655545847e+00
73 79 109
2 13 2835 444.5300 -296.5000 15 2981 328.7900 -412.8600
-1.3371449085e+00 -6.7081458481e-02 6.3645805981e+00
91 100 123
2 13 2840 616.4700 -294.3800 15 2174 530.3199 -452.9100
-1.3645443777e+00 -6.2605637744e-02 6.3666555345e+00
89 95 116
2 13 2844 603.9900 -293.4700 15 2914 516.3600 -447.8199
-1.3643378096e+00 -6.2569485956e-02 6.3662052854e+00
89 95 116
2 13 2845 603.9900 -293.4700 15 2178 516.4301 -447.6899
-1.7656279589e+00 -2.1719184748e-02 6.4391677228e+00
54 62 87
2 13 2851 425.1400 -287.6900 15 3007 311.7000 -399.5200
-1.7656279589e+00 -2.1719184748e-02 6.4391677228e+00
54 62 87
2 13 2852 425.1400 -287.6900 15 3008 311.7000 -399.5200
-1.4619937162e+00 -3.8702587181e-02 6.3440939196e+00
81 89 116
2 13 2873 553.6300 -281.0400 15 2958 463.7400 -423.2200
-1.9684411777e+00 -2.8972527175e-04 6.4473485155e+00
153 146 146
2 13 2875 327.1801 -280.6000 15 3073 206.2200 -371.1200
-1.4255312655e+00 -3.4756344840e-02 6.3060860300e+00
80 90 117
2 13 2891 563.2500 -274.9800 15 2210 479.0601 -418.9800
-1.9983089113e+00 2.0760496003e-02 6.4102623295e+00
83 85 99
2 13 2908 308.2600 -266.7200 15 3101 191.9600 -353.2000
-1.9983089113e+00 2.0760496003e-02 6.4102623295e+00
83 85 99
2 13 2909 308.2600 -266.7200 15 3102 191.9600 -353.2000
-1.5843313651e+00 -8.9714828006e-03 6.3080623436e+00
75 87 111
2 13 2910 490.0400 -265.0200 15 3027 398.8700 -392.3400
-1.6339416603e+00 9.9879278453e-03 6.2629802803e+00
70 79 91
2 13 2929 459.7900 -253.1400 15 3070 371.7300 -372.4900
-1.8348726980e+00 6.1661900062e-02 6.1956734528e+00
78 86 107
2 13 2956 359.2900 -225.6000 15 3131 272.5699 -323.9200
-1.8549252964e+00 9.7083739311e-02 6.0847676400e+00
71 81 112
2 13 2965 337.5900 -201.2600 15 3150 262.0800 -295.9000
-1.6304963912e+00 1.2561630939e-01 5.8984632256e+00
66 68 72
2 13 2974 410.0699 -174.6500 15 2277 358.2200 -284.6600
-1.5235585533e+00 1.2051929996e-01 5.8180617252e+00
142 141 137
2 13 2980 442.9399 -170.5900 15 2273 399.9600 -288.5800
-1.3496059477e+00 1.1927372586e-01 5.7576335421e+00
150 141 143
2 13 2984 503.1801 -166.3500 15 3148 470.9800 -296.3800
-1.3496059477e+00 1.1927372586e-01 5.7576335421e+00
150 141 143
2 13 2985 503.1801 -166.3500 15 3149 470.9800 -296.3800
-1.6570195372e+00 1.3926186602e-01 5.8210941374e+00
130 129 125
2 13 2989 390.0100 -164.4800 15 3162 343.1700 -271.5100
-1.6800594075e+00 1.5685381976e-01 5.8091353998e+00
75 81 101
2 13 2996 379.3900 -157.1300 15 2287 333.7400 -261.5300
-1.2027766760e+00 1.8511302640e-01 5.4797441557e+00
129 130 128
2 13 3023 518.6200 -126.5400 15 2290 510.6300 -260.4500
-3.2447159707e+00 3.3328075612e-01 5.6739940496e+00
177 176 178
2 13 3044 -242.8100 -95.8300 15 3304 -278.0500 -86.4000
-3.2732337739e+00 3.4059525627e-01 5.6621710029e+00
180 178 181
2 13 3049 -253.2400 -92.8500 15 3306 -286.7400 -81.7900
-3.5208511741e+00 3.7614961818e-01 5.5758651565e+00
167 167 157
2 13 3075 -342.2900 -78.4000 15 3358 -363.2000 -54.1000
-2.1742232436e+00 3.2999654324e-01 5.3619258148e+00
111 120 132
2 13 3076 159.1000 -77.5500 15 3237 139.8700 -143.1400
-3.4391321117e+00 3.7576083155e-01 5.5647626473e+00
175 175 175
2 13 3077 -310.1300 -77.4900 15 3346 -332.3200 -58.7000
-2.7288440829e+00 4.8237015417e-01 6.6717902316e+00
52 46 39
2 13 3098 -57.2700 -60.5100 15 3343 -174.6900 -62.0200
-3.2171804547e+00 4.7844092938e-01 5.1476469399e+00
101 111 129
2 13 3122 -204.1600 -29.2200 15 3379 -202.9000 -34.2700
-3.3920325134e+00 4.9183769561e-01 5.1468543786e+00
112 117 138
2 13 3125 -263.9200 -25.9200 15 3399 -259.2600 -21.3400
-3.3920325134e+00 4.9183769561e-01 5.1468543786e+00
112 117 138
2 13 3126 -263.9200 -25.9200 15 3400 -259.2600 -21.3400
-2.6703735599e+00 5.5712882199e-01 6.7380590181e+00
48 42 27
2 13 3129 -26.9400 -20.6500 15 3394 -145.8400 -24.8800
-2.7166503709e+00 5.6762726310e-01 6.7002848630e+00
50 44 32
2 13 3133 -52.2800 -14.5700 15 3407 -165.2900 -15.6700
-1.5455704907e+00 5.2573191106e-01 4.4184291838e+00
98 119 126
2 13 3145 304.9900 3.9100 15 3295 343.6899 -93.9400
-2.6174865507e+00 6.7589480384e-01 6.8058863574e+00
92 81 57
2 13 3172 1.3800 46.8700 15 3465 -114.8500 40.8700
-2.7040678472e+00 7.7715247474e-01 6.7715696856e+00
95 82 59
2 13 3196 -49.3500 103.7000 15 2499 -151.1800 104.5800
-2.7065662582e+00 7.8524272227e-01 6.7836793031e+00
55 49 42
2 13 3202 -51.1200 108.5900 15 4447 -153.5900 110.3200
-2.7101265619e+00 8.1745219507e-01 6.7894326108e+00
93 81 62
2 13 3207 -53.7200 127.3800 15 3531 -153.7400 129.6100
-2.6576420050e+00 8.3582088281e-01 6.8371660820e+00
67 64 59
2 13 3208 -24.1400 140.6700 15 3536 -128.5500 140.1400
-9.9195753531e+00 5.0540341755e+00 -9.4384651910e+00
19 24 19
2 13 3229 -562.2500 354.7000 15 3621 -329.9200 346.0100
-1.7605559654e+01 2.2675691886e+01 -6.9597658521e+01
105 98 111
2 13 3241 -281.2100 420.0800 15 3631 -31.8200 366.0900
-7.5805644618e+00 4.8334342292e+01 -1.5883050993e+02
58 57 65
2 13 3259 -56.4400 430.0100 15 2582 190.4600 345.5900
2.4369183518e+02 -2.0462124242e+02 6.5433470314e+02
148 146 175
2 13 3304 -553.0200 471.3201 15 3683 -264.5500 442.4700
-1.0346072369e+01 6.9412721094e+00 -9.6698826551e+00
49 50 60
2 13 3312 -593.6300 493.3400 15 3697 -333.8200 476.0800
1.7795785062e+01 4.8843890515e+01 -1.1313352713e+02
100 115 126
2 13 3349 214.3900 589.9301 15 3693 488.2800 469.8900
-1.9323026908e+00 -5.8284642879e-02 6.6420267250e+00
138 141 125
2 13 3534 371.4700 -333.7900 15 2942 224.1600 -433.4000
-1.4795879246e+00 -9.6113405981e-02 6.5457041775e+00
104 111 127
2 13 3535 586.5300 -333.4600 15 3826 472.2900 -483.9000
-1.4795879246e+00 -9.6113405981e-02 6.5457041775e+00
104 111 127
2 13 3536 586.5300 -333.4600 15 3827 472.2900 -483.9000
-1.5948984993e+00 -2.8076961065e-02 6.3822663505e+00
159 163 172
2 13 3582 497.9100 -281.8900 15 2984 397.9900 -410.9600
-1.9537514181e+00 1.8913456602e-02 6.3908647921e+00
62 65 87
2 13 3599 327.5200 -265.0300 15 3978 214.6400 -355.8000
-1.3832760192e+00 -1.3542985466e-02 6.2184544194e+00
160 161 166
2 13 3609 565.7400 -256.3100 15 3006 492.5699 -400.3600
-1.6127898757e+00 2.6058044338e-02 6.2131636133e+00
85 94 119
2 13 3626 461.6200 -240.6600 15 3084 379.8900 -361.0200
-1.7270631523e+00 4.0492222891e-02 6.2099973805e+00
66 69 89
2 13 3643 409.6801 -235.2400 15 3997 324.3101 -344.1900
-1.8565107249e+00 6.6425187833e-02 6.1863221161e+00
79 81 106
2 13 3661 348.4600 -222.9600 15 3133 262.1600 -318.9800
-1.8695654515e+00 9.8736523056e-02 6.0819224330e+00
98 97 120
2 13 3677 330.9200 -200.6700 15 4042 255.3400 -293.6200
-1.8695654515e+00 9.8736523056e-02 6.0819224330e+00
98 97 120
2 13 3678 330.9200 -200.6700 15 4043 255.3400 -293.6200
-1.7321013383e+00 9.7361502447e-02 6.0172090702e+00
76 79 115
2 13 3694 382.4700 -195.0300 15 3141 316.4600 -299.3800
-1.8387552680e+00 1.1405632049e-01 6.0147259342e+00
89 97 127
2 13 3699 336.8900 -188.9300 15 4057 268.6700 -283.6500
-1.6407212735e+00 1.0933529480e-01 5.9418669852e+00
150 147 134
2 13 3703 411.3700 -184.1700 15 4040 355.0500 -294.4800
-1.6232489413e+00 1.3065223698e-01 5.8674343934e+00
120 113 112
2 13 3707 409.1600 -170.5100 15 4060 359.9500 -280.7800
-1.4528691342e+00 1.2778312219e-01 5.7868715746e+00
135 133 140
2 13 3711 466.7600 -165.5200 15 4049 429.0400 -287.8700
-1.3819772619e+00 1.2488477315e-01 5.7749388254e+00
74 78 87
2 13 3713 493.0100 -165.2500 15 3151 458.7400 -293.2400
-1.2872952055e+00 1.2001992853e-01 5.7306165776e+00
128 128 133
2 13 3714 523.4200 -163.9300 15 4033 495.5000 -298.3700
-1.2929618133e+00 1.2819021308e-01 5.7101454018e+00
145 147 143
2 13 3720 518.1600 -159.6700 15 4044 491.5900 -293.0300
-1.1938075290e+00 1.2808044337e-01 5.6637817825e+00
97 103 116
2 13 3725 549.0699 -156.3300 15 4035 529.3600 -296.4200
-1.2865753989e+00 1.3537139928e-01 5.6941704518e+00
122 86 104
2 13 3726 518.2400 -156.0400 15 3153 493.2600 -289.2600
-1.5203970041e+00 1.6226792541e-01 5.7244262336e+00
52 58 58
2 13 3732 432.0900 -149.1700 15 3163 397.6300 -264.4300
-1.0814945780e+00 1.4697646683e-01 5.5442529266e+00
160 167 168
2 13 3734 572.4100 -142.4100 15 4050 564.6600 -287.5300
-1.7056909756e+00 1.8211455188e-01 5.7166201052e+00
114 111 120
2 13 3735 359.2100 -142.5200 15 3178 320.2000 -243.4900
-3.5986141860e+00 2.8445992661e-01 5.9003859818e+00
157 154 145
2 13 3741 -406.7400 -129.2300 15 4231 -451.3200 -86.5900
-3.6812612593e+00 2.9072753003e-01 5.8644165670e+00
98 96 109
2 13 3742 -436.8500 -125.5300 15 5232 -476.0400 -78.8400
-8.5116073136e-01 2.1072951788e-01 5.2379838669e+00
158 167 180
2 13 3759 606.3300 -105.7600 15 4075 624.5100 -258.0000
-3.3932769473e+00 3.2637025072e-01 5.7135162786e+00
127 129 138
2 13 3764 -304.2700 -101.3800 15 4238 -339.5000 -80.8800
-4.5521642911e+00 3.7896028533e-01 5.6615645369e+00
79 72 24
2 13 3776 -756.8000 -90.0600 15 5399 -741.8000 3.5400
-3.1356091708e+00 3.4807179543e-01 5.5915052322e+00
104 111 128
2 13 3781 -195.8600 -86.2400 15 4232 -226.7900 -86.1400
-1.0662633960e+00 2.9765229597e-01 5.0413845660e+00
63 61 56
2 13 3801 507.9700 -72.3800 15 4110 528.5300 -205.1200
-3.3271769225e+00 3.8879082505e-01 5.4827905952e+00
114 121 144
2 13 3807 -261.9200 -69.2900 15 4270 -280.9700 -59.7000
-3.3518532828e+00 3.8857508167e-01 5.4896106916e+00
101 116 140
2 13 3809 -271.5600 -69.4100 15 4272 -290.6500 -58.8200
-2.6697556006e+00 4.6965831362e-01 6.7024102750e+00
64 61 45
2 13 3812 -25.2000 -68.2200 15 5242 -147.7700 -73.9000
-2.6308109843e+00 4.8051392482e-01 6.7350038510e+00
51 44 34
2 13 3816 -3.8500 -62.7600 15 4247 -129.7000 -71.6600
-3.2092522836e+00 4.4877145023e-01 5.2482845474e+00
114 125 145
2 13 3854 -206.1300 -41.1500 15 4291 -211.4000 -44.5100
-3.3224074103e+00 4.7529035050e-01 5.1877041202e+00
110 120 140
2 13 3873 -242.3600 -31.7100 15 4327 -241.6100 -30.0500
-8.2321806208e-01 5.6317190029e-01 3.9778174769e+00
90 84 62
2 13 3964 466.5800 19.2300 15 3284 533.7600 -108.4500
-4.8799647498e+00 7.1554395668e-01 4.4406913787e+00
59 52 31
2 13 4001 -663.6800 39.1500 15 5524 -586.1400 95.3300
-6.6467541987e-01 1.5986637559e+00 1.0907895944e-01
79 73 64
2 13 4076 287.9800 183.5200 15 5484 426.8000 74.5000
1.8420155930e+02 -1.5700581489e+02 5.0210873082e+02
100 136 147
2 13 4160 -549.6300 473.9399 15 5651 -259.9000 443.9000
-1.9277699154e+00 -7.4611601916e-02 6.7085686812e+00
80 73 96
2 13 4414 383.9100 -352.1400 15 3870 226.7200 -454.1801
-1.8977028088e+00 -7.5635580517e-02 6.6962231679e+00
132 137 125
2 13 4420 398.1400 -350.3100 15 4774 243.9100 -455.8300
-2.0611574113e+00 -3.7095965355e-02 6.6226028459e+00
84 82 94
2 13 4459 301.2900 -321.9600 15 3939 153.1900 -405.7700
-2.0611574113e+00 -3.7095965355e-02 6.6226028459e+00
84 82 94
2 13 4460 301.2900 -321.9600 15 3940 153.1900 -405.7700
-1.8917011131e+00 4.7947569215e-02 6.2851729457e+00
151 153 153
2 13 4552 344.1500 -240.3000 15 4005 246.2100 -334.9800
-1.7974024381e+00 8.1817804757e-02 6.1165944917e+00
88 97 113
2 13 4599 366.3400 -209.8900 15 4024 289.1300 -309.9900
-1.7669755777e+00 9.7327984863e-02 6.0495869536e+00
92 99 117
2 13 4622 371.4800 -197.8400 15 4923 301.7900 -299.3700
-1.7669755777e+00 9.7327984863e-02 6.0495869536e+00
92 99 117
2 13 4623 371.4800 -197.8400 15 4924 301.7900 -299.3700
-1.7979888791e+00 1.0440551882e-01 6.0342579284e+00
93 93 117
2 13 4630 356.4200 -193.9900 15 4935 287.3400 -292.5900
-3.5343251559e+00 1.8302048073e-01 6.2158474939e+00
86 79 93
2 13 4633 -417.5600 -192.9700 15 5112 -495.6600 -140.0400
-1.5937078890e+00 1.0622059654e-01 5.9312012187e+00
103 110 118
2 13 4638 429.4200 -184.3100 15 4925 375.4301 -298.4300
-1.2863147508e+00 1.2737681325e-01 5.7217752277e+00
79 84 103
2 13 4675 522.4800 -160.2800 15 4932 495.4600 -294.9600
-1.2863147508e+00 1.2737681325e-01 5.7217752277e+00
79 84 103
2 13 4676 522.4800 -160.2800 15 4933 495.4600 -294.9600
-1.6803940937e+00 1.8796690927e-01 5.6810185997e+00
145 150 153
2 13 4711 365.2400 -138.4300 15 4990 329.5699 -240.5600
-1.6803940937e+00 1.8796690927e-01 5.6810185997e+00
145 150 153
2 13 4712 365.2400 -138.4300 15 4991 329.5699 -240.5600
-1.8476106107e+00 2.3250500724e-01 5.5784399042e+00
101 112 128
2 13 4732 292.1000 -118.0800 15 5017 260.6600 -207.0200
-3.7308124150e+00 3.0976134203e-01 5.8032274531e+00
159 156 144
2 13 4734 -449.6000 -115.2100 15 5256 -482.0600 -68.0900
-8.2433249340e-01 2.2170999420e-01 5.1894673618e+00
152 158 180
2 13 4756 607.9900 -100.3100 15 4081 629.5601 -252.7700
-2.0219266285e+00 3.2180162048e-01 5.3417224715e+00
157 167 184
2 13 4802 212.0700 -78.7600 15 5084 195.6000 -154.1000
-3.3634338586e+00 3.9319556844e-01 5.4666367675e+00
177 179 182
2 13 4813 -274.2900 -67.5100 15 5283 -291.5300 -56.1200
-3.4589750659e+00 4.2449730144e-01 5.4000196729e+00
122 125 144
2 13 4837 -304.7400 -55.0400 15 5313 -314.7200 -39.9700
-7.3967436714e-01 3.8338741402e-01 4.6321753174e+00
96 114 113
2 13 4878 558.7200 -35.5800 15 4125 606.8199 -179.1800
-5.0511109185e+00 5.9032916113e-01 4.8245405428e+00
48 39 31
2 13 4973 -775.1500 -1.8300 15 5491 -703.3400 77.3000
-5.0511109185e+00 5.9032916113e-01 4.8245405428e+00
48 39 31
2 13 4974 -775.1500 -1.8300 15 5492 -703.3400 77.3000
-1.9300332322e+00 5.3865955464e-01 4.5362283738e+00
138 144 150
2 13 5004 200.4000 4.7900 15 5241 230.1200 -74.0700
-2.6054179034e+00 9.2796681998e-01 6.8970991726e+00
90 89 80
2 13 5178 5.5300 199.2500 15 5573 -97.1400 198.0400
-2.3223332994e+00 1.1170549990e+00 6.4553888288e+00
171 167 181
2 13 5214 144.5700 270.9100 15 5608 107.2100 236.8000
-1.8222172920e+02 1.7672412325e+02 -5.5176722308e+02
50 54 69
2 13 5235 -464.6300 466.5800 15 5645 -189.5500 428.8000
6.4086827652e+00 6.9656219486e+01 -2.0755827200e+02
60 134 137
2 13 5239 41.6900 480.1700 15 5640 297.1600 382.2500
