# Bundle file v0.3
41 730
0 0 0
0 0 0
0 0 0
0 0 0
0 0 0
0 0 0
0 0 0
0 0 0
0 0 0
0 0 0
0 0 0
0 0 0
0 0 0
0 0 0
0 0 0
0 0 0
0 0 0
0 0 0
0 0 0
0 0 0
0 0 0
0 0 0
0 0 0
0 0 0
0 0 0
0 0 0
0 0 0
0 0 0
0 0 0
0 0 0
0 0 0
0 0 0
0 0 0
0 0 0
0 0 0
0 0 0
0 0 0
0 0 0
0 0 0
0 0 0
0 0 0
0 0 0
0 0 0
0 0 0
0 0 0
0 0 0
0 0 0
0 0 0
0 0 0
0 0 0
0 0 0
0 0 0
0 0 0
0 0 0
0 0 0
0 0 0
0 0 0
0 0 0
0 0 0
0 0 0
0 0 0
0 0 0
0 0 0
0 0 0
0 0 0
5.3200000000e+02 0.0000000000e+00 0.0000000000e+00
1.0000000000e+00 0.0000000000e+00 0.0000000000e+00
0.0000000000e+00 1.0000000000e+00 0.0000000000e+00
0.0000000000e+00 0.0000000000e+00 1.0000000000e+00
-0.0000000000e+00 -0.0000000000e+00 -0.0000000000e+00
0 0 0
0 0 0
0 0 0
0 0 0
0 0 0
5.3200000000e+02 0.0000000000e+00 0.0000000000e+00
9.7587617913e-01 1.7256805398e-01 -1.3373836305e-01
-1.6505010356e-01 9.8410908843e-01 6.5481030770e-02
1.4291307260e-01 -4.1827847443e-02 9.8885099224e-01
-9.6570905776e-01 2.4598494552e-01 8.3050721424e-02
0 0 0
0 0 0
0 0 0
0 0 0
0 0 0
0 0 0
0 0 0
0 0 0
0 0 0
0 0 0
0 0 0
0 0 0
0 0 0
0 0 0
0 0 0
0 0 0
0 0 0
0 0 0
0 0 0
0 0 0
0 0 0
0 0 0
0 0 0
0 0 0
0 0 0
0 0 0
0 0 0
0 0 0
0 0 0
0 0 0
0 0 0
0 0 0
0 0 0
0 0 0
0 0 0
0 0 0
0 0 0
0 0 0
0 0 0
0 0 0
0 0 0
0 0 0
0 0 0
0 0 0
0 0 0
0 0 0
0 0 0
0 0 0
0 0 0
0 0 0
0 0 0
0 0 0
0 0 0
0 0 0
0 0 0
0 0 0
0 0 0
0 0 0
0 0 0
0 0 0
0 0 0
0 0 0
0 0 0
0 0 0
0 0 0
0 0 0
0 0 0
0 0 0
0 0 0
0 0 0
0 0 0
0 0 0
0 0 0
0 0 0
0 0 0
0 0 0
0 0 0
0 0 0
0 0 0
0 0 0
0 0 0
0 0 0
0 0 0
0 0 0
0 0 0
0 0 0
0 0 0
0 0 0
0 0 0
0 0 0
0 0 0
0 0 0
0 0 0
0 0 0
0 0 0
0 0 0
0 0 0
0 0 0
0 0 0
0 0 0
0 0 0
0 0 0
0 0 0
0 0 0
0 0 0
0 0 0
0 0 0
0 0 0
0 0 0
0 0 0
0 0 0
0 0 0
0 0 0
0 0 0
0 0 0
0 0 0
0 0 0
0 0 0
0 0 0
0 0 0
0 0 0
0 0 0
0 0 0
0 0 0
0 0 0
-1.8855581459e+00 -8.8645484623e-01 -5.7140814587e+00
126 128 124
2 13 592 -475.1400 -178.1000 15 687 -540.0600 -118.0600
-1.6405354211e+00 -6.0504635611e-01 -6.6412869424e+00
164 165 157
2 13 3060 -361.5200 -89.7800 15 3344 -386.7100 -61.0300
-1.3481249529e+00 -1.2402214515e+00 -4.4483787943e+00
31 26 30
2 13 848 -438.1400 -350.9300 15 1003 -605.1900 -272.5700
2.9716296038e-02 5.8032934747e-01 -4.2266850663e+00
16 15 12
2 13 3221 -13.7800 222.3400 15 3579 -111.8400 222.5900
-9.0967720589e-03 5.8993583278e-01 -4.2496040415e+00
17 14 11
2 13 3223 -26.3300 224.5700 15 3582 -122.2100 225.9700
4.9677286621e-02 5.2321324945e-01 -4.2351165524e+00
92 83 71
2 13 3220 -7.3400 203.3600 15 4478 -108.1700 202.6200
1.2265959110e+00 -6.0602666178e-01 -6.9309564710e+00
170 170 187
2 13 3779 219.2000 -87.4400 15 4136 198.5000 -163.5800
-1.7525027714e-02 5.1074855630e-01 -4.2866778805e+00
94 92 79
2 13 4088 -28.9700 197.6800 15 5576 -126.9500 198.5500
-1.7525027714e-02 5.1074855630e-01 -4.2866778805e+00
94 92 79
2 13 4089 -28.9700 197.6800 15 5577 -126.9500 198.5500
-4.2807494319e-02 5.1671768463e-01 -4.3031233355e+00
91 89 76
2 13 4093 -36.9900 199.0400 15 5578 -133.4600 200.6600
-4.2807494319e-02 5.1671768463e-01 -4.3031233355e+00
91 89 76
2 13 4094 -36.9900 199.0400 15 5579 -133.4600 200.6600
4.0698822337e-02 5.6035664609e-01 -4.2269498786e+00
95 91 81
2 13 4105 -10.2100 215.9100 15 5594 -109.4700 215.4800
1.5850438033e-03 5.6980319994e-01 -4.2516494625e+00
90 88 73
2 13 4107 -22.8700 218.1000 15 4487 -119.8600 218.7100
-3.8405358501e-02 5.7953155502e-01 -4.2769666655e+00
92 87 76
2 13 4109 -35.6700 220.2600 15 5598 -130.3000 222.0500
1.3255579603e-01 4.7665674629e-01 -4.1972490693e+00
105 100 92
2 13 4079 19.8500 189.5200 15 4461 -86.4000 185.5700
2.5176562902e-02 5.0164638290e-01 -4.2606685625e+00
97 92 76
2 13 4086 -15.2900 195.5800 15 4471 -115.6300 195.1800
1.2717611018e-02 5.0846102613e-01 -4.2643976196e+00
15 14 11
2 13 4090 -19.3000 197.6400 15 4474 -118.9600 197.7700
1.1588740063e-01 4.8793820766e-01 -4.2030018640e+00
96 88 77
2 13 4085 14.3400 192.8400 15 4465 -90.7800 189.9400
3.6334175648e-02 5.0294716873e-01 -4.2484124998e+00
20 16 12
2 13 4087 -11.6700 196.4600 15 5571 -112.8000 195.7600
-2.9400111432e-02 5.2051174681e-01 -4.2902849504e+00
16 15 13
2 13 3218 -32.7800 200.4600 15 4479 -129.8400 202.2400
-2.9400111432e-02 5.2051174681e-01 -4.2902849504e+00
16 15 13
2 13 3219 -32.7800 200.4600 15 4480 -129.8400 202.2400
-6.5989437502e-02 5.9217602141e-01 -4.2912094496e+00
16 16 8
2 13 3222 -44.4400 223.6600 15 4492 -137.2700 226.5300
-4.6944364507e-02 6.0284576095e-01 -4.2724383562e+00
17 16 11
2 13 4115 -38.4400 227.8100 15 4495 -131.9400 230.3500
-4.6944364507e-02 6.0284576095e-01 -4.2724383562e+00
17 16 11
2 13 4116 -38.4400 227.8100 15 4496 -131.9400 230.3500
-4.0572849467e-02 5.4554680861e-01 -4.2899371147e+00
93 90 81
2 13 4100 -36.3500 208.5200 15 5589 -131.9600 210.7700
-4.0572849467e-02 5.4554680861e-01 -4.2899371147e+00
93 90 81
2 13 4101 -36.3500 208.5200 15 5587 -131.9600 210.7700
1.3436614665e-01 5.0463142791e-01 -4.1839153799e+00
95 93 75
2 13 4091 20.5600 199.0600 15 4472 -84.9400 195.5900
1.3436614665e-01 5.0463142791e-01 -4.1839153799e+00
95 93 75
2 13 4092 20.5600 199.0600 15 4473 -84.9400 195.5900
-1.5033634766e-02 5.3962655959e-01 -4.2742639643e+00
86 85 68
2 13 4098 -28.2100 207.2700 15 4484 -125.3100 208.5700
4.2863747257e-02 5.9020111280e-01 -4.2159744584e+00
90 84 73
2 13 4112 -9.5000 225.9000 15 4489 -107.7000 225.9800
4.2863747257e-02 5.9020111280e-01 -4.2159744584e+00
90 84 73
2 13 4113 -9.5000 225.9000 15 4490 -107.7000 225.9800
3.5870535222e-03 5.9945268931e-01 -4.2395129864e+00
90 88 71
2 13 4114 -22.2700 227.8300 15 4493 -118.2200 229.3500
-3.6073756325e-02 6.0959757269e-01 -4.2651931714e+00
89 85 73
2 13 4118 -34.9800 230.2700 15 4497 -128.6000 232.5100
-8.4537147383e-01 -1.2688568314e+00 -4.3072885333e+00
104 94 95
2 13 1933 -291.8000 -373.3600 15 1497 -483.6200 -320.8700
-4.4553485780e-04 5.0550517399e-01 -4.2770207078e+00
78 75 68
2 13 5173 -23.5200 196.2800 15 5572 -122.4800 196.6700
4.4722072477e-02 4.9538157770e-01 -4.2492269026e+00
92 91 83
2 13 5169 -8.9700 193.9500 15 5568 -110.4900 192.8800
9.5230463557e-02 5.7614773324e-01 -4.1904866552e+00
22 19 9
2 13 5192 7.7100 222.5000 15 5597 -93.1800 220.4300
7.7145723066e-02 5.1902322341e-01 -4.2181057218e+00
85 77 74
2 13 5181 1.6400 202.6200 15 5580 -100.6400 200.9600
7.7145723066e-02 5.1902322341e-01 -4.2181057218e+00
85 77 74
2 13 5182 1.6400 202.6200 15 5581 -100.6400 200.9600
-6.3871317677e-02 6.1717976419e-01 -4.2778517183e+00
18 12 2
2 13 4119 -43.8500 232.1100 15 5605 -136.0700 235.4400
-1.7959322269e+00 -1.3332659322e+00 -4.2113537993e+00
47 37 63
2 13 2612 -607.1200 -402.7700 15 3155 -784.0400 -286.0800
-1.7373019764e-02 5.9134888487e-01 -4.4101405033e+00
81 79 67
2 13 5186 -28.7600 218.3600 15 5596 -114.2000 216.5000
1.5390912101e-01 4.7034727443e-01 -4.1859226857e+00
88 84 73
2 13 5163 26.9400 187.7100 15 5564 -80.4300 183.1900
9.4955125847e-02 5.5217724481e-01 -4.1869511623e+00
23 19 16
2 13 4102 7.6300 214.6000 15 4486 -94.8500 212.9800
1.2455622170e-01 4.8267678352e-01 -4.1977117456e+00
21 18 11
2 13 5165 17.2300 191.4400 15 5566 -88.6200 187.9600
1.2455622170e-01 4.8267678352e-01 -4.1977117456e+00
21 18 11
2 13 5166 17.2300 191.4400 15 5567 -88.6200 187.9600
1.1843620974e+00 -1.1365379723e+00 -5.0730823134e+00
101 98 107
2 13 4508 296.8000 -275.7900 15 4881 174.2500 -359.2100
1.0691310115e-01 4.8458592559e-01 -4.1948335874e+00
29 24 17
2 13 5167 11.4800 192.0200 15 4466 -94.4000 189.7900
-1.2281152680e+02 2.2214195124e+02 -6.5823216238e+02
33 45 48
2 13 1618 -278.7900 499.5400 15 1157 -11.0400 437.7600
1.6457498153e-02 5.3154811386e-01 -4.2541630151e+00
99 94 82
2 13 4097 -18.0900 205.4900 15 5582 -117.1200 205.6300
-1.7938715037e+00 -4.8627834674e-01 -6.9971739364e+00
178 177 176
2 13 3099 -374.3400 -59.9800 15 3382 -383.0000 -32.5800
-1.1317888037e+00 -1.2282514676e+00 -4.4818073273e+00
72 48 58
2 13 1308 -368.9200 -344.3800 15 1507 -537.9900 -280.5000
4.6917573022e-02 2.6372581265e-01 -4.3244953709e+00
95 82 58
2 13 1489 -8.5000 117.3400 15 1654 -118.1000 114.9500
-3.2041582193e-02 2.8360480235e-01 -4.3915733400e+00
92 80 60
2 13 1492 -33.3400 122.5200 15 1657 -137.1000 122.4700
4.4722072477e-02 4.9538157770e-01 -4.2492269026e+00
92 91 83
2 13 5170 -8.9700 193.9500 15 5569 -110.4900 192.8800
1.4290010299e-01 4.9918093367e-01 -4.1821477169e+00
18 15 8
2 13 5174 23.3700 197.2900 15 5570 -82.5600 193.5100
1.4441257594e-01 5.6176281992e-01 -4.1533384823e+00
17 14 11
2 13 4108 24.2100 219.4100 15 5593 -80.1700 215.6400
-2.7222271046e-02 6.0322151007e-01 -4.2629614869e+00
16 16 6
2 13 5203 -32.1500 228.2300 15 5600 -126.2900 230.2700
-6.0910501583e-03 2.7973473116e-01 -4.3715982766e+00
95 81 62
2 13 2272 -25.2600 121.6300 15 2504 -130.6400 120.7900
1.3000190530e+00 -1.2995269246e+00 -4.5345604406e+00
54 55 75
2 13 2684 369.8600 -361.7400 15 2892 204.5200 -460.8199
1.0393901499e-01 3.1319890129e-01 -4.2735458674e+00
34 33 21
2 13 2275 9.9500 134.3000 15 2509 -100.4600 129.8800
1.4826736062e-02 3.7702988939e-01 -4.3252924135e+00
20 19 15
2 13 4064 -18.6700 153.5300 15 4451 -121.7300 152.4700
6.8436955248e-02 5.3718787350e-01 -4.2231105048e+00
14 14 13
2 13 990 -1.2200 208.3100 15 1088 -102.0700 207.0300
3.8759566293e-02 5.1648293448e-02 -4.4284265702e+00
94 80 59
2 13 3177 -11.3300 49.5000 15 3470 -125.7000 45.3600
1.3262182666e-01 -1.4251231052e+00 -3.7893280784e+00
56 43 68
2 13 1782 25.2400 -485.8700 15 2066 -240.6700 -495.7000
7.4713124174e-02 -3.0870150309e-01 -4.5506336741e+00
96 83 58
2 13 3819 -0.7500 -59.9400 15 4257 -126.5800 -69.0000
-1.4536707692e-02 2.6112548652e-01 -4.3740070390e+00
25 23 21
2 13 1488 -27.9000 115.7400 15 1656 -134.1500 115.2600
-7.0205334853e-02 5.4244760300e-01 -4.3227080335e+00
14 15 9
2 13 1500 -45.5900 206.7100 15 1674 -139.2600 208.7700
1.1030466678e-01 5.2980016505e-01 -4.1942898983e+00
15 15 13
2 13 1501 12.6100 207.1100 15 1673 -90.7400 204.2600
3.6473069334e-02 -3.8512120838e-02 -4.4671665858e+00
78 70 59
2 13 1462 -12.1200 21.5400 15 2444 -128.8200 16.7700
8.8076604895e-02 2.3287022026e-01 -4.3295753271e+00
19 19 18
2 13 1477 4.5100 107.4200 15 1647 -106.5400 102.8000
8.8076604895e-02 2.3287022026e-01 -4.3295753271e+00
19 19 18
2 13 1478 4.5100 107.4200 15 1648 -106.5400 102.8000
1.0047944520e-01 3.9986035462e-01 -4.2437997457e+00
20 18 4
2 13 2277 9.0300 162.8700 15 2517 -98.3800 159.7100
9.1949644787e-02 -1.4199685634e+00 -3.8137670676e+00
57 46 68
2 13 1788 10.3100 -480.5699 15 2089 -252.3200 -487.4100
-2.2067632050e-02 -6.2035169967e-02 -4.5146755433e+00
43 38 28
2 13 3154 -29.9800 14.7300 15 3436 -144.6800 11.7600
-5.3144422518e-02 1.1448407492e-01 -4.4727076523e+00
97 87 60
2 13 3180 -39.5800 69.0500 15 3481 -147.3300 68.2500
-3.5258485910e-02 3.7610994322e-01 -4.3562571328e+00
51 47 38
2 13 3210 -34.4400 152.5300 15 3544 -135.3600 153.1100
9.6256980016e-02 3.4604043287e-01 -4.2738587144e+00
48 46 37
2 13 3209 7.4700 144.7600 15 3537 -100.9800 140.9700
-1.1377524328e-02 -2.9391050434e-01 -4.6062938430e+00
100 84 59
2 13 3103 -26.6200 -54.2100 15 3345 -147.7500 -59.7200
6.1575115042e-03 -2.9558422865e-01 -4.5942908013e+00
95 83 60
2 13 3825 -21.4000 -54.9500 15 4266 -143.4700 -61.2100
-5.8866084485e-02 -2.5712183947e-01 -4.6223366137e+00
91 82 60
2 13 3848 -40.6800 -42.7600 15 5304 -158.6800 -46.2500
-3.0373682079e-02 -2.6358672583e-01 -4.6090246170e+00
97 88 64
2 13 4859 -32.2700 -45.0800 15 5299 -151.5400 -49.5700
7.9494783442e-02 4.2987261754e-02 -4.4093410706e+00
92 81 57
2 13 3173 1.3800 46.8700 15 3466 -114.8500 40.8700
1.0043398519e-01 3.9350485617e-02 -4.3973627277e+00
97 84 62
2 13 4011 7.9700 45.7500 15 4384 -109.3100 38.8600
1.0043398519e-01 3.9350485617e-02 -4.3973627277e+00
97 84 62
2 13 4012 7.9700 45.7500 15 4385 -109.3100 38.8600
5.7755028529e-02 1.8009716230e-01 -4.3591595124e+00
57 48 40
2 13 3190 -5.2000 90.2400 15 4426 -117.1500 86.6400
9.3573763598e-01 -1.4597969083e+00 -3.7995465545e+00
95 91 81
2 13 1762 314.7200 -496.2900 15 1265 59.2100 -579.0900
-5.7189402291e-02 1.7162567931e-01 -4.4406514719e+00
92 80 56
2 13 5144 -40.9600 86.9500 15 5511 -147.6500 87.0700
1.5176153183e-01 5.5562056257e-01 -4.1552249276e+00
86 82 71
2 13 4106 26.5800 216.9900 15 5590 -77.9200 213.4000
3.9773415651e-02 1.6092080349e-01 -4.3944323212e+00
16 16 18
2 13 421 -10.9400 83.8700 15 468 -121.5300 80.3800
8.7457263428e-02 5.6859230962e-01 -4.1898075750e+00
90 86 73
2 13 424 5.1500 219.8200 15 724 -96.1400 218.6000
7.9662633805e-02 4.9843502957e-01 -4.2205229357e+00
45 38 31
2 13 988 2.4700 196.0500 15 1081 -100.9300 193.7600
3.6895207908e-03 5.4996316260e-01 -4.2647556903e+00
15 14 12
2 13 992 -22.2300 210.7800 15 1093 -119.3600 211.7500
3.2482817415e-02 5.4279436745e-01 -4.2386230404e+00
14 14 13
2 13 991 -12.9200 209.5100 15 1089 -112.3100 209.6600
-5.1779413676e-02 5.6894454622e-01 -4.2852548478e+00
15 15 15
2 13 2281 -39.9300 216.4100 15 2534 -134.5300 218.8800
-3.6135688149e-03 1.1949066845e-01 -4.4322374216e+00
58 52 42
2 13 2265 -24.4400 70.6800 15 2479 -134.7100 68.5300
1.0393901499e-01 3.1319890129e-01 -4.2735458674e+00
34 33 21
2 13 2274 9.9500 134.3000 15 2508 -100.4600 129.8800
2.2701482427e+00 -1.1221381125e+00 -5.4069520240e+00
73 85 111
2 13 1348 552.0900 -254.5900 15 955 477.4301 -395.9200
-8.5889119433e-02 -5.0438942702e-01 -4.7386749790e+00
58 55 42
2 13 3029 -48.0100 -112.7200 15 3272 -171.3300 -117.2100
-8.5889119433e-02 -5.0438942702e-01 -4.7386749790e+00
58 55 42
2 13 3030 -48.0100 -112.7200 15 3273 -171.3300 -117.2100
-1.4357915638e-01 -4.3612862499e-01 -4.7531165186e+00
98 89 66
2 13 3051 -64.5700 -92.3300 15 3296 -183.1900 -94.1100
-4.2209370658e-02 -5.7492708572e-02 -4.5277000037e+00
37 29 25
2 13 3155 -36.0500 16.2500 15 3441 -149.5900 13.9600
-7.0662697878e-02 1.3264640612e-01 -4.4736085032e+00
34 28 23
2 13 3183 -44.9500 74.5600 15 3491 -151.5500 74.7800
1.8421733528e-02 2.0196649515e-01 -4.3821596871e+00
93 80 61
2 13 3191 -17.5800 96.9900 15 3506 -126.6900 94.6900
-7.6692582980e-02 2.5302836965e-01 -4.4264544266e+00
95 81 58
2 13 3205 -47.0600 112.4900 15 3525 -150.1000 113.7100
-5.5250521406e-02 2.4858316624e-01 -4.4135069907e+00
92 79 59
2 13 3204 -40.4800 111.2600 15 3524 -144.6900 111.7900
3.5588484684e-02 2.2805159426e-01 -4.3661227721e+00
92 79 64
2 13 3198 -12.1800 105.4100 15 4440 -120.9400 102.6000
9.3995162231e-02 2.1483627258e-01 -4.3221377973e+00
95 82 63
2 13 3194 6.4400 101.8400 15 3515 -106.1800 96.9500
-7.5704010150e-02 6.1743569363e-01 -4.2934705199e+00
97 92 79
2 13 4120 -47.4800 232.1300 15 5604 -138.8400 234.4200
-6.7499335149e-02 -4.7321562315e-01 -4.7150756028e+00
98 89 65
2 13 3761 -42.8000 -104.3900 15 4204 -166.0900 -109.3500
4.7372049693e-02 3.9101831756e-02 -4.4285851400e+00
43 39 32
2 13 4013 -8.6500 45.7800 15 4387 -123.7800 40.8100
5.8816863492e-02 4.7848385127e-02 -4.4159302121e+00
92 81 58
2 13 3174 -5.0700 48.4000 15 4392 -120.5600 43.3300
1.1740139078e-01 3.4854904775e-02 -4.3881672626e+00
96 81 59
2 13 3170 13.3300 44.3200 15 3461 -104.8400 36.7500
-8.8322151290e-02 1.6849749571e-01 -4.4633503769e+00
30 26 21
2 13 4032 -50.4200 85.7800 15 4427 -155.6700 86.9400
-9.2998875372e-02 1.7971274515e-01 -4.4681055946e+00
87 76 57
2 13 5145 -51.8300 89.1400 15 5519 -156.1100 90.5200
-2.5128501639e-02 1.5419497753e-01 -4.4303406515e+00
47 41 35
2 13 4026 -31.1000 81.4700 15 4421 -139.5000 80.5000
3.1914955516e-03 1.4787270521e-01 -4.4144949297e+00
37 33 28
2 13 4023 -22.3400 79.6500 15 4419 -132.2400 77.5400
-8.1220335270e-02 1.9967578238e-01 -4.4573409029e+00
87 79 55
2 13 4041 -48.2800 95.4600 15 4437 -152.2200 96.3900
-9.5218338722e-03 1.8402043749e-01 -4.4096220400e+00
89 84 58
2 13 4036 -26.2800 91.1600 15 4428 -134.5100 89.4700
8.3387770899e-02 1.6338136210e-01 -4.3528659885e+00
89 78 57
2 13 4028 2.9000 85.0800 15 4420 -110.4800 80.1400
1.1338517860e-01 2.1130825520e-01 -4.3129517034e+00
93 80 60
2 13 3193 12.6500 100.7100 15 3507 -100.7800 95.2500
1.3030838644e-01 2.0672065330e-01 -4.3040333266e+00
97 80 67
2 13 3192 18.1100 99.3600 15 4430 -96.2100 93.2000
7.2357258079e-02 2.9616954100e-01 -4.3076409220e+00
56 54 46
2 13 4059 -0.3500 128.1100 15 4448 -109.3300 124.5900
-4.0572849467e-02 5.4554680861e-01 -4.2899371147e+00
93 90 81
2 13 4099 -36.3500 208.5200 15 5588 -131.9600 210.7700
-7.4965885293e-02 -9.9538586546e-01 -4.9397770456e+00
44 38 26
2 13 4545 -43.8500 -243.8200 15 4979 -179.1800 -253.3200
-9.9214605386e-02 4.5443577876e-02 -4.5277794610e+00
91 84 62
2 13 4016 -53.3100 47.6300 15 5454 -161.0300 48.2000
1.2217019802e-01 2.1511403715e-02 -4.3812287312e+00
32 28 17
2 13 4003 14.8800 40.1200 15 4377 -104.5300 32.4200
1.9264632680e-02 1.5482418965e-01 -4.4038382441e+00
94 79 58
2 13 5137 -17.3400 81.9200 15 5496 -127.6100 79.2000
6.9418309495e-02 2.3197158499e-01 -4.3350209872e+00
90 79 69
2 13 4053 -1.4300 106.9400 15 5531 -112.1000 103.3900
6.1957781366e-02 2.5420537727e-01 -4.3376956243e+00
26 18 16
2 13 4054 -3.8000 113.9900 15 4444 -113.0200 110.7200
1.3549070742e-01 4.8869134305e-01 -4.1870924766e+00
88 85 69
2 13 635 20.9200 193.9200 15 719 -85.3700 189.8900
-1.6921865916e+00 -8.7005066124e-01 -5.7716364152e+00
62 59 65
2 13 2084 -424.7400 -172.2000 15 2340 -490.5500 -121.7300
1.2766268705e+01 8.1571230310e+00 -3.8172223015e+01
78 72 72
2 13 2286 434.6000 326.6300 15 1669 660.3700 183.4400
-5.7883048279e-02 -9.1286667623e-02 -4.5434097899e+00
42 35 28
2 13 3146 -40.7200 6.1500 15 3430 -155.0300 4.2200
1.0424950595e-01 -8.5136145908e-02 -4.4405651844e+00
50 44 33
2 13 3148 8.8600 6.9200 15 3427 -112.3200 -1.0000
7.3180261095e-03 -4.7700609174e-01 -4.6635171255e+00
62 52 45
2 13 3754 -21.0400 -107.1200 15 5170 -148.1600 -115.2600
-8.6907391327e-02 -2.2946462473e-01 -4.6313046781e+00
96 83 58
2 13 3871 -48.9500 -34.4400 15 5321 -164.7600 -36.4400
-4.6325414308e-02 -1.2144124772e-01 -4.5498589312e+00
98 87 65
2 13 3926 -37.2200 -3.0900 15 4356 -152.7300 -5.4800
-9.5116842964e-02 -3.3488486531e-02 -4.5587939452e+00
94 84 61
2 13 3971 -51.8600 23.7100 15 4371 -161.8600 23.4800
-1.0852238934e-01 1.8326825579e-01 -4.4777963948e+00
91 81 69
2 13 4035 -56.5300 89.9700 15 5520 -159.8600 92.2300
4.2420241331e-02 1.3810605627e-01 -4.3843934904e+00
27 21 9
2 13 4020 -10.0800 76.8300 15 4412 -122.6600 73.3400
-2.8251515856e-02 1.6547725299e-01 -4.4356339087e+00
87 79 58
2 13 5141 -32.0500 85.0000 15 5507 -139.4800 83.9300
-1.7285939800e-02 2.3993583952e-01 -4.3912348937e+00
91 81 60
2 13 3203 -28.7300 108.8500 15 3521 -135.0200 108.0500
3.1434416731e-01 -1.4558948247e+00 -3.7022933924e+00
66 53 69
2 13 3423 93.6600 -509.3800 15 3784 -184.5900 -535.0699
-1.2063592182e-02 -1.0337435381e+00 -4.9182281416e+00
58 55 47
2 13 4525 -26.4100 -255.9500 15 4961 -165.2000 -268.6300
3.5831546560e-02 -8.4398274408e-01 -4.8069394061e+00
70 66 54
2 13 4602 -12.8800 -207.9600 15 5004 -149.5800 -221.5600
1.6035670909e+00 -9.9130971391e-01 -5.6404045795e+00
88 97 113
2 13 4598 366.3400 -209.8900 15 4023 289.1300 -309.9900
-1.0786866682e-01 -1.0853420635e-01 -4.5939789763e+00
93 84 60
2 13 4986 -55.4300 1.3000 15 5394 -167.1300 1.0700
-3.3151994156e-02 2.6637620493e-01 -4.3966960872e+00
19 19 17
2 13 5154 -33.6800 116.9300 15 5540 -138.0300 117.0300
1.3228139792e-01 2.3746808451e-01 -4.2935499384e+00
91 82 60
2 13 5151 18.8300 109.3200 15 5530 -94.4500 103.4100
1.2902294590e-02 5.9333796036e-01 -4.2353346047e+00
15 16 9
2 13 5200 -19.2600 225.9900 15 5599 -115.8600 227.2400
-2.7363486664e-02 1.2514692631e-01 -4.4477093663e+00
91 82 63
2 13 5129 -31.7500 72.3300 15 5478 -140.6000 71.0800
1.6322685876e+01 9.9522060951e+00 -4.3992032913e+01
7 7 7
2 13 300 484.7700 344.1700 15 303 723.3400 191.6200
1.1763916564e-01 -2.3888852634e-01 -4.4904007754e+00
98 84 58
2 13 960 12.6300 -39.8200 15 1046 -113.6000 -50.0100
-1.6863585567e+00 -8.4666170410e-01 -5.7862719128e+00
152 149 134
2 13 2086 -422.3600 -166.4300 15 2348 -486.5700 -116.0900
-1.6402712918e+00 -5.1689842603e-01 -6.9264180439e+00
170 168 160
2 13 3814 -347.5500 -67.1600 15 4298 -361.2600 -43.4400
1.4954703181e-01 2.0487953908e-01 -4.2909112273e+00
92 85 65
2 13 4042 24.3800 98.9800 15 4429 -90.9800 92.0100
1.3946603209e-01 2.2850771321e-01 -4.2908879925e+00
31 26 21
2 13 4051 21.1400 106.3600 15 4438 -92.8000 100.3600
9.4237454536e-02 -3.1182089234e-01 -4.5439489332e+00
86 77 59
2 13 3818 5.1700 -61.0300 15 5250 -121.3000 -71.0700
2.6378942632e+01 2.8245496081e+01 -9.3828181792e+01
254 254 254
2 13 27 361.6100 447.1400 15 39 619.9800 310.4800
2.6382664858e+01 4.3451203823e+01 -1.3130890301e+02
12 12 12
2 13 72 251.8101 488.8400 15 61 512.4399 365.1600
2.4771262797e+01 3.4552881332e+01 -1.2668574230e+02
19 17 18
2 13 96 244.5000 409.3100 15 99 491.3700 286.2900
1.2381279180e+01 8.3163674746e+00 -3.8005260015e+01
8 8 8
2 13 125 422.7800 334.0300 15 147 648.1600 192.2700
2.8111113778e+01 4.9046824508e+01 -1.7836466784e+02
34 39 37
2 13 203 192.5500 412.4500 15 213 440.1100 295.8800
2.3927155908e+01 3.4735227191e+01 -1.0620702230e+02
86 83 78
2 13 344 285.1899 483.5300 15 331 544.7400 356.0200
2.2718097469e+01 4.4081185375e+01 -1.2736383167e+02
15 17 16
2 13 478 220.9500 509.9200 15 508 482.7800 389.9000
-1.6086189454e-01 -4.7437305215e-01 -4.7896315881e+00
26 28 25
2 13 943 -69.1800 -102.1600 15 1035 -187.4100 -104.0700
2.7008795831e+01 3.8537655541e+01 -1.3412261995e+02
66 64 59
2 13 671 252.5100 429.4299 15 732 503.6200 304.9200
2.3317868378e+01 3.4853658278e+01 -1.1448624827e+02
109 104 82
2 13 684 255.6400 452.8101 15 493 509.0699 328.5100
2.3317868378e+01 3.4853658278e+01 -1.1448624827e+02
109 104 82
2 13 685 255.6400 452.8101 15 494 509.0699 328.5100
2.6089145751e+01 3.0850951151e+01 -9.9827578776e+01
203 219 234
2 13 462 334.5699 458.6899 15 492 593.0601 324.6700
6.8436955248e-02 5.3718787350e-01 -4.2231105048e+00
14 14 13
2 13 989 -1.2200 208.3100 15 1087 -102.0700 207.0300
4.3480162489e+01 8.8425556381e+01 -3.0843529741e+02
97 108 122
2 13 1033 169.7800 428.6799 15 1699 421.9500 314.0300
2.5098525400e+01 3.8684023864e+01 -1.3394520833e+02
70 68 64
2 13 674 233.3000 431.2000 15 735 483.7000 309.9000
2.8909947738e+01 3.1588936691e+01 -1.0584817410e+02
255 254 255
2 13 682 350.7400 444.2700 15 734 608.9200 307.3400
2.4741822819e+01 4.0245960273e+01 -1.3156392274e+02
107 102 82
2 13 687 234.2400 454.7700 15 741 488.2500 333.1300
-1.5463669633e+00 -8.1466785038e-01 -5.9709650992e+00
154 151 135
2 13 1385 -377.8800 -152.3600 15 1569 -435.9600 -113.0800
1.5358427494e+00 -1.3072662128e+00 -4.5011441443e+00
155 154 154
2 13 531 444.5601 -367.5900 15 604 283.3900 -483.5400
1.4479929320e-01 2.4273497232e-01 -4.2777047827e+00
97 80 56
2 13 1480 22.9900 111.2500 15 1649 -91.1000 105.0600
1.2136384543e+01 7.7244260544e+00 -3.7419825888e+01
103 93 81
2 13 1004 420.8000 316.9600 15 1080 642.7200 175.3000
2.7736066258e+01 3.4937231923e+01 -1.3289083430e+02
18 20 17
2 13 1526 262.5400 395.6600 15 1686 508.8900 270.1300
2.7773478471e+01 5.2134088669e+01 -1.9054653369e+02
160 160 199
2 13 1537 176.3400 410.7000 15 1692 423.2600 296.0400
2.5114919369e+01 5.9954328376e+01 -1.7414105347e+02
31 35 38
2 13 2407 174.1800 507.5000 15 2604 436.1200 392.7300
1.7605896847e+01 2.2479384157e+01 -6.4913562603e+01
194 206 232
2 13 710 348.0601 509.6700 15 759 608.7300 376.4700
2.5074973151e+01 5.5768487949e+01 -1.5576156435e+02
44 48 49
2 13 1078 197.1500 526.4500 15 1141 462.2300 408.5500
2.6805736083e+01 5.6023826485e+01 -1.5562959042e+02
111 121 123
2 13 1082 212.5800 529.1700 15 1142 478.8101 409.1400
3.3843697540e+00 -3.9526897439e-01 -8.0049569985e+00
76 105 114
2 13 962 555.7400 -37.3100 15 1023 603.1600 -181.1200
3.3148318094e-02 2.4676057633e-01 -4.3486202592e+00
23 21 17
2 13 1481 -12.9000 111.7000 15 1650 -121.8300 109.1900
2.8667952584e+01 5.5690362623e+01 -2.0585681910e+02
48 63 63
2 13 1534 167.4200 406.3200 15 1689 413.8500 293.1300
2.7157035263e+01 3.3816684371e+01 -1.2729906480e+02
88 90 95
2 13 1531 268.8700 399.4500 15 1687 515.7900 273.0900
2.8520347578e+01 4.5901568319e+01 -1.6780539471e+02
29 33 28
2 13 2309 209.4700 410.4200 15 2554 457.1100 291.6800
2.6674697899e+01 4.3913862993e+01 -1.5644195670e+02
32 35 29
2 13 2317 210.2200 420.2700 15 2558 458.9100 301.5100
2.8167955956e+01 5.1388500349e+01 -1.8255391694e+02
29 32 33
2 13 1549 188.0200 421.4000 15 1695 436.9800 305.3600
2.6790314726e+01 4.5369364139e+01 -1.5904034924e+02
89 85 82
2 13 1553 207.4100 426.6200 15 1696 457.0699 308.0300
2.7788959335e+01 2.9491053356e+01 -1.0277457947e+02
255 255 251
2 13 1556 346.9399 428.1500 15 2555 602.0699 292.3800
2.9949642124e+01 3.3891679230e+01 -1.1236544657e+02
168 193 210
2 13 1578 341.6600 448.3000 15 1698 600.6600 313.1600
2.3152788879e+01 3.6270491473e+01 -1.0629228585e+02
21 24 26
2 13 1619 274.9800 503.1400 15 1724 536.9100 376.7200
2.3100547551e+01 4.6477314435e+01 -1.3208409324e+02
179 188 197
2 13 3336 216.1900 517.8900 15 3653 479.3900 398.2300
1.2103399714e-01 -3.1828174296e-01 -4.5266111182e+00
96 84 68
2 13 3095 13.3800 -63.5400 15 3314 -114.6100 -74.4900
1.3454637332e-01 1.4026291366e-01 -4.3063477426e+00
19 16 17
2 13 3187 19.4400 77.9800 15 2483 -98.5000 71.6100
1.3877813353e+01 1.0146441189e+01 -3.9600819733e+01
146 147 193
2 13 1522 456.4301 384.6300 15 2537 695.2800 240.0500
2.8390729401e+01 5.0601321516e+01 -1.8447203108e+02
26 30 27
2 13 2310 187.4800 411.5300 15 2556 434.8900 295.6000
-1.0062997503e+01 -3.7764128103e+01 1.3324216756e+02
153 162 195
2 13 3252 80.0900 423.9600 15 3605 342.7300 318.3700
2.4903864015e+01 3.2267069268e+01 -1.0604989022e+02
130 117 122
2 13 2359 298.2800 452.2900 15 2567 553.7000 322.8200
2.4903864015e+01 3.2267069268e+01 -1.0604989022e+02
130 117 122
2 13 2360 298.2800 452.2900 15 2568 553.7000 322.8200
2.4263432737e+01 4.0262881339e+01 -1.2898601049e+02
20 20 18
2 13 1593 234.3101 463.3700 15 1714 489.4900 341.6900
2.4846239213e+01 3.6821641412e+01 -1.1822653457e+02
69 63 59
2 13 2374 264.4800 462.1799 15 2574 520.4800 337.0400
-1.6585374070e+00 -8.4813335871e-01 -5.8261453800e+00
94 89 95
2 13 4662 -413.0800 -165.2400 15 5164 -476.3000 -117.3000
3.4198641301e+00 -4.1458371004e-01 -7.9097351096e+00
78 90 85
2 13 2169 568.8400 -41.8600 15 1533 615.3900 -187.4800
1.2554917325e+01 8.9017064669e+00 -3.6969315125e+01
142 155 188
2 13 2296 441.7100 364.2400 15 2535 672.8700 220.5000
2.6579441924e+01 3.1731051250e+01 -1.1469320184e+02
45 54 82
2 13 3238 294.0699 414.4500 15 3592 544.0400 285.0400
2.5775579346e+01 4.6801055470e+01 -1.5804770384e+02
100 93 84
2 13 2343 200.0400 441.3800 15 2570 451.7400 324.0100
2.8137854968e+01 3.2368890063e+01 -1.0492255262e+02
178 195 212
2 13 2370 343.9700 458.1799 15 2565 603.6400 322.2000
2.2792319065e+01 3.6130184223e+01 -1.0449570013e+02
130 124 158
2 13 3328 275.3700 509.2700 15 3635 538.1400 383.0000
1.6667021611e+00 -7.4274573961e-01 -6.5372630682e+00
92 101 108
2 13 3024 326.0400 -124.0300 15 3188 294.2700 -219.3600
2.1774497457e-02 -1.9712253126e-01 -4.5410806599e+00
54 43 36
2 13 4894 -16.6900 -26.1600 15 5330 -137.0700 -32.1000
1.0299132554e-01 2.6167321672e-02 -4.3979902986e+00
39 34 33
2 13 4005 8.7600 41.5600 15 3456 -109.2000 34.6100
1.0299132554e-01 2.6167321672e-02 -4.3979902986e+00
39 34 33
2 13 4006 8.7600 41.5600 15 3457 -109.2000 34.6100
7.4425209837e+00 1.1783354303e+02 -3.6163976791e+02
255 253 255
2 13 69 4.8400 482.4000 15 62 262.3700 388.6900
7.5355804971e+00 4.1009843941e+01 -1.2538182185e+02
255 255 255
2 13 139 58.9900 484.1700 15 221 310.6300 385.1800
7.3058368149e+00 1.1961978377e+02 -4.0740265014e+02
14 14 13
2 13 214 1.2200 438.1600 15 216 251.9000 346.1500
1.0513612713e+01 8.6944986699e+01 -2.9310541183e+02
13 13 15
2 13 215 25.8000 442.3600 15 214 276.1000 347.1800
1.0513612713e+01 8.6944986699e+01 -2.9310541183e+02
13 13 15
2 13 216 25.8000 442.3600 15 215 276.1000 347.1800
8.9130004986e+00 6.4496633437e+01 -1.8840280730e+02
16 16 18
2 13 226 41.3800 504.5900 15 225 299.8600 407.3600
4.5400939583e+00 5.4782093551e+01 -1.5833557691e+02
17 17 21
2 13 479 15.8300 509.4700 15 353 273.6000 415.9800
1.3532466029e+01 1.3431928533e+02 -4.7913743051e+02
254 255 254
2 13 316 15.3900 420.2200 15 322 263.5500 326.0900
-5.5803686260e+00 1.8144890434e+02 -5.3922422592e+02
183 208 249
2 13 224 -37.5600 496.8700 15 226 223.5500 408.1100
1.4734749655e+01 2.0187154192e+01 -5.5807087722e+01
14 14 14
2 13 229 338.3800 531.9000 15 224 597.8500 399.0500
2.4078756639e+01 1.1238597304e+02 -4.0784151575e+02
16 20 20
2 13 662 57.3600 412.1000 15 320 305.2000 315.5600
1.2133452040e+01 6.9960720643e+01 -2.5321569059e+02
253 254 252
2 13 446 42.3500 414.7100 15 490 287.4800 317.6100
1.0958756170e+01 8.4405628218e+01 -2.6336544737e+02
31 31 35
2 13 470 33.6300 474.9200 15 505 288.9500 378.3400
2.5577759471e+01 4.9292006777e+01 -1.6528955539e+02
59 58 63
2 13 454 188.5800 444.0500 15 495 440.6500 328.5500
1.1682713311e+01 7.9399206840e+01 -2.5902893398e+02
126 134 140
2 13 688 38.4700 456.1100 15 752 290.4900 358.7200
2.7105028056e+01 4.9264250841e+01 -1.5629450755e+02
10 10 10
2 13 467 214.2100 467.6899 15 498 470.7000 347.9900
1.2926893926e+01 9.4038764313e+01 -3.3243863013e+02
20 22 22
2 13 1028 29.9500 423.5800 15 1111 277.6899 327.9600
1.2926893926e+01 9.4038764313e+01 -3.3243863013e+02
20 22 22
2 13 1029 29.9500 423.5800 15 1112 277.6899 327.9600
1.2173722720e+01 8.6546384233e+01 -2.6040833237e+02
248 246 254
2 13 1612 40.7300 491.6200 15 1136 298.5601 392.8700
2.2095925673e+01 1.8418681964e+01 -7.4256347914e+01
254 250 254
2 13 1521 384.2100 374.8800 15 1677 629.0699 233.8900
7.3721780073e+00 1.5463092733e+02 -5.4165561399e+02
17 20 21
2 13 1031 -4.7100 426.9100 15 1711 244.9301 335.9500
1.1862201424e+01 8.5561845780e+01 -2.7325586925e+02
126 125 142
2 13 1599 36.2600 465.8900 15 1721 289.6801 367.0600
2.3736532639e+01 5.2884138145e+01 -1.5876124513e+02
114 116 132
2 13 1611 181.3500 491.6500 15 2597 440.6200 377.3100
7.3875803605e-02 -8.5188548254e-01 -4.7922084419e+00
68 65 55
2 13 2074 -1.9800 -211.3000 15 2306 -140.0300 -226.3200
7.6613393626e+00 2.6955246613e+01 -1.0301039564e+02
140 145 165
2 13 1523 78.5300 394.1500 15 2557 313.7300 295.4700
-5.4066493040e+00 1.0099419768e+02 -3.6166110295e+02
182 187 216
2 13 1544 -43.8100 418.5300 15 1708 203.1200 333.1000
-1.1911747463e+01 2.9862893790e+02 -1.0424087880e+03
230 227 253
2 13 1557 -38.9900 428.4299 15 1119 211.9200 341.4300
4.8165071636e+00 1.6473176992e+02 -5.7422374672e+02
242 241 252
2 13 2327 -11.8100 429.2200 15 2578 238.0900 338.3600
4.8165071636e+00 1.6473176992e+02 -5.7422374672e+02
242 241 252
2 13 2328 -11.8100 429.2200 15 2577 238.0900 338.3600
4.0326181612e+00 3.3823664406e+02 -1.1222655508e+03
116 144 181
2 13 2352 -18.4800 448.4600 15 2585 236.0601 358.9100
9.3578601890e+00 2.6628994932e+02 -8.8002366424e+02
159 187 230
2 13 1581 -8.8700 449.8800 15 1718 245.7500 359.5600
2.3926403034e+01 3.8544501004e+01 -1.1019247835e+02
33 59 56
2 13 2412 274.0300 514.8700 15 2601 538.2200 388.4600
-1.4869989263e+00 -8.2245344695e-01 -5.8981583638e+00
150 146 135
2 13 2997 -368.4800 -156.8200 15 3270 -430.7000 -117.8300
1.3831189955e-02 -3.8619363075e-01 -4.6350519121e+00
46 39 35
2 13 2150 -19.1200 -80.9500 15 2380 -143.3400 -88.8100
1.2805901140e+01 9.0553212473e+01 -3.2755565849e+02
243 242 249
2 13 2312 30.2300 414.6900 15 2564 276.5000 319.4000
1.1447810481e+01 9.3472621065e+01 -3.3318961587e+02
240 239 249
2 13 3243 23.7700 420.5200 15 3607 270.8600 325.5300
2.4238467153e+01 4.1582222003e+01 -1.3245587870e+02
74 67 64
2 13 2379 227.2900 465.7500 15 2580 482.7700 345.0800
1.0485735486e+01 7.5643406118e+01 -2.3181862886e+02
238 248 254
2 13 3308 38.5700 482.7700 15 3640 294.6400 385.7800
2.4222851808e+01 6.6425660730e+01 -1.8917702055e+02
197 169 205
2 13 2414 152.0400 517.0500 15 2618 415.1400 404.5500
2.2869403416e+01 3.6822802968e+01 -1.0416457577e+02
210 213 225
2 13 2418 277.3101 519.7800 15 2606 541.9200 393.4800
-1.5166984869e+00 -6.4179664328e-01 -6.5369860505e+00
105 103 113
2 13 3039 -340.9600 -99.4900 15 3319 -372.5400 -73.3500
-1.4731128774e+00 -5.9428028590e-01 -6.6667897767e+00
118 123 127
2 13 3063 -325.8300 -87.2400 15 3337 -352.0700 -64.7000
-1.1355602799e+00 -3.6787142428e-01 -7.4336325982e+00
107 116 135
2 13 3872 -232.4100 -32.5500 15 4322 -233.0600 -32.9600
1.1697266760e-01 -2.8395432683e-01 -4.5136401973e+00
95 84 62
2 13 1416 12.2600 -53.0800 15 1602 -114.8400 -63.9800
3.8057903939e-02 4.1802467197e-01 -4.2832684517e+00
61 61 53
2 13 4074 -11.1900 167.9800 15 4458 -114.8700 166.3300
1.2509543554e+01 8.9018612824e+00 -3.7257083042e+01
9 22 20
2 13 2294 436.4000 361.3400 15 2533 667.0200 218.9500
4.3273898448e+00 1.5060049464e+02 -5.3626868459e+02
216 211 242
2 13 3245 -12.2600 420.8100 15 3611 236.1600 330.5100
-1.1276642594e+00 -8.4100407331e-01 -5.8550868263e+00
86 77 87
2 13 3715 -286.9500 -162.9200 15 4162 -357.0100 -137.7200
1.7726253276e+00 -1.2068068594e+00 -4.9914781446e+00
73 81 102
2 13 2826 463.5100 -301.0500 15 2960 347.5601 -421.9300
2.6031552596e+01 5.3990962313e+01 -1.4367339283e+02
173 205 220
2 13 4200 224.7900 550.6300 15 4535 494.5300 429.4600
1.7273261412e+00 -1.3315012567e+00 -4.5712578616e+00
156 157 158
2 13 2670 494.7800 -368.9300 15 2812 344.0400 -498.0500
1.1736991111e+01 3.2002036312e+01 -9.9805232616e+01
255 255 255
2 13 28 137.7700 475.4000 15 23 387.3199 366.8200
1.1736991111e+01 3.2002036312e+01 -9.9805232616e+01
255 255 255
2 13 29 137.7700 475.4000 15 24 387.3199 366.8200
2.4526599613e+01 4.6174712299e+01 -1.2687617418e+02
251 247 248
2 13 50 241.4399 534.5699 15 63 508.1899 411.3400
1.6332518317e+01 1.4747598020e+01 -4.8788666603e+01
78 82 91
2 13 136 434.9399 448.0701 15 152 687.8000 306.0300
1.6332518317e+01 1.4747598020e+01 -4.8788666603e+01
78 82 91
2 13 137 434.9399 448.0701 15 153 687.8000 306.0300
1.5780936023e+01 2.3751497096e+01 -6.4307298337e+01
250 250 250
2 13 100 312.6899 541.3800 15 104 575.4399 412.9100
1.8972816576e+01 1.7820846261e+01 -6.6848337763e+01
12 13 15
2 13 132 365.2900 399.7800 15 150 610.7700 263.6900
-2.3856756770e+01 2.9246755040e+01 -1.0626738814e+02
11 11 11
2 13 205 -330.7900 413.6800 15 334 -84.4400 367.1000
-1.4852694624e+01 3.7929730079e+01 -1.3746171454e+02
17 15 18
2 13 315 -171.3100 414.2800 15 329 70.9500 347.0000
2.1009493954e+00 -1.0911852896e+00 -5.3051999518e+00
169 169 171
2 13 264 519.4100 -252.5500 15 180 436.0000 -383.8900
2.0975305187e+01 1.6930816608e+01 -6.8271162413e+01
11 10 12
2 13 304 397.3700 374.1800 15 307 642.1500 232.8300
1.8618948588e+00 2.0701409704e+02 -7.3048573492e+02
157 181 218
2 13 317 -19.8500 424.1400 15 324 229.8500 334.9500
-4.3108929127e-01 1.7171591053e+02 -5.8342112798e+02
17 17 17
2 13 330 -24.3400 439.2700 15 500 227.3199 350.1100
2.0098480473e+01 3.0556050539e+01 -8.6954677052e+01
73 72 69
2 13 228 293.1700 516.8101 15 341 555.9200 389.2800
2.9335424937e+01 6.0506937268e+01 -1.5819985940e+02
245 245 254
2 13 355 230.6300 559.9399 15 360 502.9200 437.4200
5.8490753482e+00 2.5275448426e+01 -6.4466252839e+01
150 155 158
2 13 493 100.9700 573.5699 15 537 358.0699 469.5200
-2.1535239491e+00 -8.3972355770e-01 -5.8804950976e+00
90 88 85
2 13 598 -524.7700 -160.6700 15 698 -575.2400 -94.9200
1.7931374871e+00 -1.3596040613e+00 -4.5139800477e+00
163 162 167
2 13 252 521.3500 -382.0800 15 255 367.3900 -519.1899
1.5957190846e+01 1.4924337338e+01 -6.0869412811e+01
10 11 9
2 13 303 335.7000 370.9200 15 308 571.8199 238.3900
3.7229201494e+01 8.5754860757e+01 -2.9397772040e+02
92 106 124
2 13 453 150.1400 435.5200 15 491 402.4399 323.6700
1.5075114949e+01 1.0910758207e+01 -4.0710468366e+01
219 234 249
2 13 311 483.6700 401.1400 15 313 728.9301 251.9900
1.1193676148e-01 -3.5894714601e-01 -4.5389699244e+00
97 87 60
2 13 951 10.5500 -75.5200 15 1040 -118.8300 -86.5000
-9.3800869455e-02 5.7855968752e-01 -4.3251589748e+00
15 15 13
2 13 995 -53.0700 217.9500 15 1676 -144.3600 221.2900
-1.4853060238e+01 4.1804056552e+01 -1.4583947383e+02
214 216 238
2 13 673 -162.8000 429.0800 15 503 82.1700 359.7000
2.9847361611e+01 6.2057372357e+01 -2.3045699606e+02
237 241 253
2 13 443 154.1000 404.8400 15 477 400.2900 292.9100
1.3761051832e+01 1.2874599193e+02 -4.4748037798e+02
185 204 244
2 13 672 18.7700 429.9600 15 743 268.5900 335.9200
-6.7183267843e+01 1.4410186425e+02 -4.0346062595e+02
252 254 253
2 13 1077 -251.4900 525.3500 15 1170 18.7100 461.4399
7.5534340394e-01 -1.4684064831e+00 -3.7313390042e+00
90 82 76
2 13 803 254.6700 -508.9700 15 862 -14.2200 -576.5300
-1.7403847536e+00 -7.5282247640e-01 -6.1052115673e+00
123 124 129
2 13 1399 -413.6200 -134.1300 15 2378 -460.7400 -90.4800
1.8064941029e+00 -1.1191145358e+00 -5.2359316844e+00
159 158 164
2 13 880 449.5900 -262.6100 15 961 352.2100 -379.8400
1.6197811845e+00 -1.0826348824e+00 -5.3964021415e+00
155 155 155
2 13 888 388.1200 -244.0200 15 965 295.5699 -348.8000
-1.8681451115e-01 2.4813543928e+02 -7.7026194594e+02
87 115 153
2 13 1055 -23.6800 477.3700 15 1133 234.8199 386.9100
-1.8681451115e-01 2.4813543928e+02 -7.7026194594e+02
87 115 153
2 13 1054 -23.6800 477.3700 15 1132 234.8199 386.9100
2.6546554192e+01 5.7898844524e+01 -1.5203785606e+02
108 111 118
2 13 1087 215.8600 558.0400 15 788 486.5100 436.8000
2.4876049629e+01 6.0842559555e+01 -1.5672592030e+02
126 124 129
2 13 725 194.0600 567.9399 15 1161 465.6500 449.7100
1.5054577803e+00 -1.2929369933e+00 -4.6533805021e+00
149 149 143
2 13 1301 420.2900 -350.4000 15 1438 270.0800 -461.0800
-1.7457504588e+00 -7.7039247786e-01 -6.0448619493e+00
159 153 146
2 13 1392 -418.7500 -140.2600 15 1588 -468.5800 -94.1300
1.6655959002e+00 -1.2047900375e+00 -4.9732082155e+00
59 64 92
2 13 2019 435.8101 -301.9300 15 1469 315.7200 -415.7100
1.4531283102e+01 1.8419072187e+02 -6.4407446300e+02
28 41 47
2 13 1555 7.5600 427.6500 15 1709 257.7500 334.8000
1.1744242811e+01 7.4621440528e+01 -2.3217330129e+02
255 252 255
2 13 1603 45.9400 476.2900 15 1725 300.9200 378.0300
2.4166746546e+01 5.5599280200e+01 -1.6294087399e+02
123 114 120
2 13 2402 179.8000 503.3600 15 2602 440.7600 387.9300
4.2942044630e-01 -1.4770649709e+00 -3.6500170313e+00
58 46 70
2 13 1725 138.5500 -524.9800 15 1892 -147.0200 -561.6700
-1.6011843360e+00 -6.0980462889e-01 -6.5970332254e+00
164 164 154
2 13 3056 -355.6200 -91.6700 15 3340 -382.8900 -63.4600
-1.6035507643e+00 -5.2505930557e-01 -6.8919581103e+00
175 171 171
2 13 3090 -341.8700 -69.2700 15 3371 -357.3200 -46.3000
-1.5290532669e+00 -4.7489084805e-01 -7.0742507195e+00
100 102 126
2 13 3101 -319.2200 -56.5500 15 4309 -328.9200 -39.6000
1.7148558162e+00 -7.1080109187e-01 -6.6453022339e+00
73 85 99
2 13 2135 330.2700 -115.0200 15 2314 303.9200 -211.3100
1.3735930549e-01 1.5416322665e-02 -4.3745532662e+00
90 82 56
2 13 2244 19.6900 38.1300 15 3455 -100.5100 29.8600
1.0393901499e-01 3.1319890129e-01 -4.2735458674e+00
34 33 21
2 13 2273 9.9500 134.3000 15 2507 -100.4600 129.8800
3.5132586948e+01 8.3487214177e+01 -2.8186109796e+02
90 135 148
2 13 2345 147.3900 441.5800 15 2573 400.4399 330.3000
9.7618954113e+00 8.2669958597e+01 -2.5358371071e+02
247 250 252
2 13 2392 29.4200 482.8800 15 3641 285.5699 385.9400
2.4238467153e+01 4.1582222003e+01 -1.3245587870e+02
74 67 64
2 13 2378 227.2900 465.7500 15 2579 482.7700 345.0800
2.4222851808e+01 6.6425660730e+01 -1.8917702055e+02
197 169 205
2 13 2415 152.0400 517.0500 15 2619 415.1400 404.5500
2.8706304175e+01 6.0175092729e+01 -1.6106246047e+02
221 220 238
2 13 2431 220.8200 548.1000 15 2642 490.6500 426.3000
2.1812240687e+01 5.1526314254e+01 -1.2809474880e+02
152 163 184
2 13 2441 209.8600 587.0300 15 2661 483.5000 467.4500
1.1653095298e+00 -1.3212353946e+00 -4.4211063454e+00
66 67 87
2 13 2651 338.2200 -378.9800 15 2139 159.1500 -469.3400
1.3518083859e+00 -1.2978839268e+00 -4.5767538348e+00
50 50 78
2 13 2695 381.7300 -358.2700 15 2896 221.2400 -459.2600
-1.6934197213e+00 -8.3881022503e-01 -5.8917148258e+00
148 144 126
2 13 3717 -416.8400 -160.4700 15 4202 -476.4700 -113.3100
-1.8813479540e+00 -7.2856136947e-01 -6.2293518863e+00
98 96 109
2 13 3743 -436.8500 -125.5300 15 5233 -476.0400 -78.8400
1.7182661977e+00 -1.2167715154e+00 -4.9632084956e+00
69 73 112
2 13 2815 451.2900 -305.3800 15 2207 331.4600 -424.0200
-1.6429469682e+00 -5.5259318499e-01 -6.8363037562e+00
173 169 166
2 13 3080 -352.3500 -75.5300 15 3367 -369.8800 -50.4300
-1.6429469682e+00 -5.5259318499e-01 -6.8363037562e+00
173 169 166
2 13 3081 -352.3500 -75.5300 15 3368 -369.8800 -50.4300
1.4082140617e-01 5.1707566648e-02 -4.3495067207e+00
93 84 69
2 13 4017 20.9800 49.1200 15 3467 -98.7900 42.2000
1.6541489628e-02 2.3128524354e-01 -4.3798502416e+00
93 79 56
2 13 3199 -18.1800 106.1200 15 3519 -125.7500 104.2000
-3.5258485910e-02 3.7610994322e-01 -4.3562571328e+00
51 47 38
2 13 3211 -34.4400 152.5300 15 3546 -135.3600 153.1100
-3.2068218779e+01 4.7705026239e+01 -1.7032275610e+02
105 98 111
2 13 3242 -281.2100 420.0800 15 3632 -31.8200 366.0900
2.4591542632e+01 5.6535172949e+01 -1.6762215537e+02
58 69 77
2 13 3318 177.5900 497.8900 15 3636 437.8300 382.8600
2.8023666460e+01 5.9701402572e+01 -1.5656817942e+02
202 208 221
2 13 3348 221.9300 559.1100 15 3681 493.0699 436.2600
2.1315537430e+01 4.9653431015e+01 -1.2279243821e+02
100 115 126
2 13 3350 214.3900 589.9301 15 3694 488.2800 469.8900
-2.0675444050e+00 -8.4690961020e-01 -5.8221566886e+00
83 83 82
2 13 4663 -509.5900 -165.0600 15 5202 -564.3400 -99.8700
-1.1909848255e+00 -8.5104858265e-01 -5.8215731107e+00
80 70 78
2 13 4658 -303.3700 -166.4900 15 5119 -374.4500 -137.7600
-1.4744727661e+00 -3.2360118793e-01 -7.5649431319e+00
116 122 135
2 13 3881 -290.1500 -23.1900 15 4344 -283.2000 -14.8900
-1.4744727661e+00 -3.2360118793e-01 -7.5649431319e+00
116 122 135
2 13 3882 -290.1500 -23.1900 15 4345 -283.2000 -14.8900
1.7116638575e+00 -1.0850889749e+00 -5.4037609425e+00
151 155 144
2 13 3617 410.8600 -244.1000 15 2260 320.7800 -354.4200
1.2981180550e-01 6.4477089752e-01 -4.1551509706e+00
50 50 37
2 13 5207 19.3400 246.5900 15 5614 -79.9200 243.9300
-4.7185506478e+01 7.0886395638e+01 -2.0704032690e+02
255 255 255
2 13 49 -335.5500 505.2900 15 66 -67.3100 452.9800
-7.2286872494e+02 1.5572670986e+03 -4.5353433543e+03
255 255 255
2 13 48 -241.6800 506.6500 15 44 27.7300 441.3700
5.8953994030e+01 -6.5054444092e+01 1.9252654664e+02
255 255 255
2 13 73 -442.7700 499.5400 15 108 -155.2300 455.8900
1.1387059756e+00 -1.3522467291e+00 -4.2052746906e+00
157 154 147
2 13 165 348.1400 -410.3500 15 126 147.6500 -501.6801
-1.0633878444e+01 2.8618545956e+02 -9.3406853381e+02
174 203 247
2 13 338 -38.8900 456.0800 15 332 216.2300 367.5700
1.7689265817e-01 5.1660074461e-01 -4.1548413060e+00
15 15 13
2 13 294 34.8700 204.0200 15 304 -71.9300 199.2700
1.7228474341e+01 1.3749575979e+01 -5.3367337340e+01
68 69 74
2 13 307 418.7200 387.4000 15 311 662.2700 244.6400
-4.4795554168e+00 1.8896335140e+02 -6.6830372474e+02
156 177 212
2 13 319 -32.5100 423.3600 15 326 216.8300 335.7500
1.3663992620e+00 -1.2723538164e+00 -4.6732843121e+00
149 148 143
2 13 381 377.6300 -342.0300 15 425 225.8500 -443.5000
2.9847361611e+01 6.2057372357e+01 -2.3045699606e+02
237 241 253
2 13 444 154.1000 404.8400 15 478 400.2900 292.9100
1.2281038537e+00 -1.2575413457e+00 -4.6750814901e+00
150 149 145
2 13 534 336.9399 -337.6600 15 428 182.6200 -429.0000
1.9051663887e+00 -1.0443473432e+00 -5.5630123582e+00
167 162 166
2 13 576 446.0400 -226.8700 15 642 370.4301 -344.1000
9.8337257243e-02 -4.9126291810e-01 -4.6049260913e+00
100 86 58
2 13 600 6.0600 -113.4000 15 685 -125.9000 -125.4200
1.3752816393e-01 1.6489732669e-01 -4.3125724613e+00
97 82 62
2 13 984 20.3400 86.0100 15 1067 -95.8100 78.9800
1.6000769465e+01 9.3159714217e+00 -4.3212419599e+01
98 97 105
2 13 640 483.6700 329.0200 15 718 719.4600 177.3300
1.6705141945e+03 -1.9257965554e+03 5.4016807762e+03
17 16 21
2 13 717 -446.9500 525.0601 15 811 -161.1400 481.7600
-1.7295050859e+00 -9.1378317828e-01 -5.6167479917e+00
68 66 69
2 13 920 -444.9200 -188.9900 15 1555 -518.4100 -132.1300
1.6197811845e+00 -1.0826348824e+00 -5.3964021415e+00
155 155 155
2 13 889 388.1200 -244.0200 15 966 295.5699 -348.8000
1.6339194351e+00 -9.7926862722e-01 -5.6849812396e+00
165 164 160
2 13 914 370.6000 -204.9000 15 653 296.5200 -306.4200
1.8604642187e+00 -9.2829687563e-01 -5.9269001072e+00
155 153 141
2 13 924 406.8400 -183.9800 15 998 350.1500 -293.2700
1.6420253737e+01 1.0136631881e+02 -3.4816727454e+02
203 200 251
2 13 1040 41.3200 435.1600 15 745 291.1500 337.2200
-8.6574622669e+01 1.7074973961e+02 -4.7770974443e+02
254 254 252
2 13 1636 -271.6600 525.6100 15 1788 0.1100 464.1400
-8.6574622669e+01 1.7074973961e+02 -4.7770974443e+02
254 254 252
2 13 1637 -271.6600 525.6100 15 1789 0.1100 464.1400
-8.2647616420e+01 1.6998657741e+02 -4.7371869714e+02
23 24 31
2 13 1080 -262.3700 527.7000 15 1175 9.1700 464.6899
-2.1433160239e+00 2.8975373254e+01 -7.5969315168e+01
66 32 32
2 13 1089 -62.0200 558.6600 15 810 194.6200 474.4000
6.4422441959e-01 -1.4120896300e+00 -3.9113930187e+00
143 142 121
2 13 1231 202.9000 -464.2200 15 1394 -42.7300 -519.5601
1.1861868061e+00 -1.3344961750e+00 -4.3339917510e+00
154 153 148
2 13 1272 352.1000 -391.1100 15 1426 165.3600 -484.9900
1.4313906531e+00 -1.2739679584e+00 -4.6677202867e+00
149 148 145
2 13 1309 397.1801 -343.3800 15 939 246.7900 -448.6700
1.2642752507e+00 -1.1477157483e+00 -5.0548456547e+00
168 166 166
2 13 1335 319.6000 -280.7900 15 963 197.1900 -367.7700
-1.4135090302e+00 -8.1958488653e-01 -5.9447749400e+00
103 104 100
2 13 2103 -348.8300 -154.4800 15 2346 -410.2700 -119.8800
-1.7320967775e+00 -8.0106530400e-01 -6.0533137196e+00
126 124 132
2 13 1387 -415.0700 -146.1700 15 2368 -466.3400 -102.1700
1.7500462404e+00 -1.0579135207e+00 -5.4637733681e+00
156 157 154
2 13 1355 415.6801 -234.9700 15 967 330.8700 -344.9100
-1.0709752161e+00 -3.6562775758e-01 -7.3985827086e+00
180 183 183
2 13 1423 -221.4600 -32.7500 15 1605 -223.3300 -34.2800
-8.5499627957e-02 2.7698686463e-01 -4.4280480562e+00
34 34 35
2 13 1490 -49.7900 119.7900 15 2505 -151.3100 121.6300
1.9937279139e+02 -2.0699798369e+02 6.6588829289e+02
110 104 125
2 13 2375 -433.4400 462.4700 15 2633 -157.6200 421.7300
1.2900203882e+02 -1.6923353272e+02 5.3339482785e+02
45 72 82
2 13 1602 -354.6100 471.1200 15 2632 -82.4600 420.4200
9.2703979885e+00 8.9367126724e+01 -2.9089979338e+02
252 255 255
2 13 1046 20.3300 456.9800 15 1126 272.8700 361.9500
-8.9336212056e+01 1.7025355792e+02 -4.7732431759e+02
27 29 47
2 13 1632 -279.7800 524.6200 15 1790 -7.7900 464.0900
2.4329032098e+01 5.5885115574e+01 -1.3854533284e+02
126 134 137
2 13 1097 217.2100 588.9100 15 1176 492.0699 467.5100
1.6602501739e-01 -1.4320384704e+00 -3.7757444561e+00
55 42 66
2 13 1777 37.5400 -490.1400 15 2044 -230.4700 -503.0100
1.4187159915e+00 -1.3131427413e+00 -4.5153971733e+00
148 149 147
2 13 1942 407.5500 -367.6800 15 2127 243.3800 -475.7600
1.3578550444e+00 -1.3055234216e+00 -4.5530175274e+00
146 146 149
2 13 1947 385.6700 -362.1400 15 2155 223.0400 -464.9500
-1.5616776878e+00 -8.2451699819e-01 -5.9199604311e+00
106 102 108
2 13 2099 -384.4900 -156.5800 15 3277 -444.6600 -114.9200
-1.5616776878e+00 -8.2451699819e-01 -5.9199604311e+00
106 102 108
2 13 2100 -384.4900 -156.5800 15 3278 -444.6600 -114.9200
1.7138149471e+00 -1.0488253037e+00 -5.4879663565e+00
159 156 158
2 13 1357 404.7000 -231.3800 15 1492 320.5100 -339.1300
1.9616400219e+00 -9.0836115201e-01 -6.0201786835e+00
146 143 143
2 13 2082 423.1801 -176.3000 15 2274 373.2300 -289.0800
-1.6848366882e+00 -5.3844225980e-01 -6.8847489612e+00
168 171 165
2 13 2158 -358.3500 -71.5300 15 2408 -373.5500 -46.6000
-1.1322176060e+00 -5.3760504152e-01 -6.8822404628e+00
103 110 129
2 13 3088 -248.5000 -72.0500 15 3335 -269.9400 -65.0900
-2.7566812088e+01 3.7974595710e+01 -1.3756499222e+02
94 89 101
2 13 2313 -297.8100 414.4800 15 2586 -50.2600 363.5400
9.5937970778e+00 1.5174377902e+02 -5.2671326565e+02
127 139 178
2 13 2330 1.6400 430.8101 15 2576 251.7100 338.3100
-2.4310939000e+03 2.2961134985e+03 -7.4514770486e+03
163 151 174
2 13 3296 -470.1200 459.4800 15 3670 -194.2800 422.5100
1.6271230815e+02 -2.1803473943e+02 6.8061274242e+02
255 252 252
2 13 2385 -350.7900 475.3900 15 2636 -78.7200 423.9900
1.3315493622e+01 1.1676561038e+01 -3.8227924581e+01
14 15 20
2 13 1584 453.5601 452.7400 15 1697 701.4000 309.6200
-2.2325952389e+01 3.7214731685e+01 -1.0905702669e+02
249 252 249
2 13 2403 -303.7800 503.7600 15 1771 -43.2600 449.2700
3.0342948310e+01 7.2783945701e+01 -2.1588935613e+02
69 71 90
2 13 2400 169.1400 497.6200 15 3637 430.7700 383.3600
2.3207158860e+01 5.9139128080e+01 -1.4547371643e+02
127 148 159
2 13 3352 195.1500 593.0300 15 3696 470.1899 474.5601
4.7204433556e-01 -1.4843529874e+00 -3.6289387150e+00
62 53 65
2 13 2508 155.5900 -530.9500 15 2735 -132.8200 -571.8199
-2.0097516997e+00 -1.0743797383e+00 -5.0203609315e+00
125 116 110
2 13 3605 -571.4700 -260.2800 15 4131 -674.0200 -169.7700
-2.3263804757e+00 -1.0340960467e+00 -5.1677959108e+00
101 86 90
2 13 3628 -639.7600 -240.2700 15 4156 -723.3200 -141.6700
1.3518083859e+00 -1.2978839268e+00 -4.5767538348e+00
50 50 78
2 13 2694 381.7300 -358.2700 15 2895 221.2400 -459.2600
1.1783132804e+00 -1.1566418504e+00 -5.0151570057e+00
79 77 95
2 13 2861 298.8600 -284.6300 15 3075 171.5700 -368.7900
2.1747595603e+00 -1.0699719982e+00 -5.5582807340e+00
166 162 161
2 13 2062 512.8800 -234.0000 15 2252 443.8600 -365.8600
-1.5278034067e+00 -5.7307123397e-01 -6.7941103715e+00
167 166 156
2 13 3073 -331.1800 -80.4800 15 3347 -352.1600 -58.4200
-1.4964834098e+00 -5.4126692888e-01 -6.8194750362e+00
171 169 169
2 13 3086 -323.7500 -73.7200 15 3360 -343.2000 -53.1500
6.7791853184e+00 1.3560975088e+02 -4.8239384082e+02
212 201 243
2 13 3244 -4.0900 421.0100 15 3609 244.2400 330.0500
2.5967174194e+02 -2.6461582400e+02 8.5769408989e+02
94 98 134
2 13 3295 -438.0000 459.4399 15 4531 -162.8600 419.2400
-4.3963489165e+00 4.5661114245e+01 -1.5134284694e+02
155 147 185
2 13 2354 -63.1500 449.2300 15 2589 184.0200 366.9600
-4.4538272476e+01 5.4379265291e+01 -1.7315376601e+02
111 102 143
2 13 4157 -375.6500 466.7800 15 4532 -112.6700 421.4700
-1.4677101002e+01 3.7627088019e+01 -1.0155171788e+02
61 59 72
2 13 3346 -221.3600 543.7400 15 3699 41.0800 477.7800
-1.4969702087e+00 -9.4171958314e-01 -5.5134875836e+00
70 65 81
2 13 3679 -395.0400 -200.4400 15 4148 -479.1000 -150.8000
-1.2969911769e+00 -9.4127481563e-01 -5.5078616837e+00
81 74 82
2 13 4621 -345.6800 -200.6500 15 4142 -433.5600 -159.9700
1.4517692989e+00 -9.8004863608e-01 -5.6561906092e+00
93 89 119
2 13 3671 328.4900 -206.2300 15 3144 249.3400 -298.4900
1.8839001971e+00 -9.3737319374e-01 -5.8957350833e+00
79 75 85
2 13 3701 414.5699 -187.0800 15 3142 356.7900 -298.2800
-1.6536285271e+00 -6.2200451647e-01 -6.5776491198e+00
162 163 152
2 13 3774 -367.5100 -94.3600 15 4264 -395.1500 -64.3000
-1.3719031787e+00 -6.2436394632e-01 -6.5569393886e+00
168 168 163
2 13 3771 -309.7500 -95.6000 15 4244 -341.8700 -74.8900
-1.0823582040e+00 -5.3794519372e-01 -6.8740308994e+00
114 117 142
2 13 3802 -238.8500 -72.5800 15 4259 -260.9100 -66.6200
-9.2749797873e-01 -3.8161905367e-01 -7.4258045534e+00
108 119 136
2 13 3868 -194.2600 -35.4400 15 4302 -197.0100 -41.8900
-9.2749797873e-01 -3.8161905367e-01 -7.4258045534e+00
108 119 136
2 13 3869 -194.2600 -35.4400 15 4303 -197.0100 -41.8900
-1.1845795350e+00 -3.2925830762e-01 -7.5865257296e+00
107 115 129
2 13 3879 -237.0500 -24.2100 15 4330 -232.3500 -24.8200
3.5482349534e+00 1.7090304293e+00 -1.5607795014e+01
79 73 64
2 13 4078 287.9800 183.5200 15 5485 426.8000 74.5000
-3.4799684469e+01 3.5544196912e+01 -1.2711846605e+02
53 48 50
2 13 4128 -398.3100 419.4600 15 4521 -144.3500 380.9800
-4.3717265958e+00 4.5263888064e+01 -1.5178196627e+02
20 41 45
2 13 4139 -62.7800 444.6600 15 4516 183.5300 362.0700
1.3298517522e+00 -1.1283101717e+00 -5.1365458582e+00
144 148 151
2 13 4513 331.6400 -269.9600 15 4878 216.2700 -361.2600
1.5030328119e+00 -9.4989986734e-01 -5.7693330694e+00
100 100 118
2 13 4628 333.7500 -194.3900 15 4942 261.9700 -288.1800
1.5030328119e+00 -9.4989986734e-01 -5.7693330694e+00
100 100 118
2 13 4629 333.7500 -194.3900 15 4943 261.9700 -288.1800
-1.0407168707e+00 -5.6934108074e-01 -6.7871964618e+00
104 109 128
2 13 4800 -233.1900 -80.1300 15 5239 -259.4600 -74.8100
-9.8924028197e-01 -5.6338507183e-01 -6.7968954663e+00
110 112 136
2 13 4803 -222.5300 -79.0400 15 5238 -248.6500 -75.1700
2.1568608943e+00 -1.4955409892e-01 -8.6728968049e+00
119 130 129
2 13 5021 317.2900 8.2500 15 5221 359.7200 -91.5400
-2.7419550304e+01 2.7362983280e+01 -7.6651517483e+01
250 248 255
2 13 18 -513.3000 525.9500 15 8 -238.4300 494.2800
-4.8850344578e+00 4.1730358841e+01 -1.4055498895e+02
17 20 28
2 13 45 -70.9600 442.6700 15 40 174.5100 361.7600
1.4817682970e-01 6.0828850245e-01 -4.1333316265e+00
14 14 12
2 13 89 25.6700 235.6900 15 97 -77.3400 232.3300
1.0794552339e-01 -5.5267616848e-01 -4.6373969195e+00
20 20 18
2 13 118 8.6600 -131.6700 15 201 -124.0300 -142.9400
9.3351748566e-01 -1.3266311515e+00 -4.3237903868e+00
163 159 156
2 13 169 272.9200 -389.7200 15 127 79.7900 -464.1801
-2.4989653328e+01 1.2751628022e+01 -4.9374858729e+01
87 83 72
2 13 200 -716.3300 392.7100 15 343 -451.7600 394.6500
-3.7854882995e+01 3.9079091000e+01 -1.3696095972e+02
11 11 11
2 13 209 -401.8500 427.8300 15 340 -145.7900 388.0100
-1.3854293845e+01 3.5663991402e+01 -1.2229063599e+02
27 27 29
2 13 213 -178.4600 436.0701 15 333 66.3400 368.6000
8.8313083891e-01 -1.3512305650e+00 -4.2157000772e+00
79 73 90
2 13 250 264.1600 -408.4100 15 260 58.5400 -480.5500
1.7915569022e+00 -1.0793878053e+00 -5.3520699767e+00
161 161 161
2 13 266 435.4800 -246.1100 15 186 345.3900 -359.9900
2.3456143834e+00 -1.0697544883e+00 -5.5800928876e+00
168 168 170
2 13 269 552.7100 -233.5200 15 183 490.2300 -373.5700
1.6116042595e+00 -9.1626091696e-01 -5.8474070800e+00
170 169 168
2 13 274 354.4000 -183.6200 15 281 289.5400 -281.6500
1.8073026658e+00 -8.9425457165e-01 -5.9346241818e+00
80 85 89
2 13 276 394.0100 -175.4800 15 280 337.7300 -282.1300
2.7181308011e-01 5.6500786124e-01 -4.2196519511e+00
28 29 24
2 13 295 64.8700 217.9800 15 208 -34.6200 205.7700
1.9237344641e+01 1.7386515032e+01 -6.9616820216e+01
158 160 173
2 13 306 355.1700 377.5400 15 211 596.5000 240.7100
-5.8540262109e+00 3.5761286258e+01 -1.3135705574e+02
22 22 24
2 13 314 -84.2800 409.6500 15 323 154.7500 330.2800
-9.3357892801e+01 7.3469417006e+01 -2.4714234459e+02
9 9 9
2 13 331 -540.6700 444.5300 15 354 -265.7900 418.6200
4.8625697979e+01 -1.8346870829e+02 6.0084985692e+02
255 255 255
2 13 336 -134.2100 454.3201 15 335 125.5200 377.9100
-6.0569905148e+01 1.5940470030e+02 -5.1985324151e+02
255 255 255
2 13 339 -182.9000 456.5100 15 339 73.6100 386.6900
-1.0093724391e+02 9.1184936025e+01 -2.8503567769e+02
21 25 29
2 13 342 -508.3700 475.0800 15 529 -230.4400 443.6500
2.0899366319e+01 2.4399445080e+01 -7.5197942274e+01
255 254 255
2 13 343 357.1500 479.0601 15 747 616.8800 344.8300
6.2133205831e-01 -1.4443662598e+00 -3.8645690111e+00
147 144 125
2 13 368 197.5600 -482.5400 15 403 -55.8800 -535.2900
1.3663992620e+00 -1.2723538164e+00 -4.6732843121e+00
149 148 143
2 13 383 377.6300 -342.0300 15 426 225.8500 -443.5000
1.2948072369e+00 -1.2500866101e+00 -4.7440717919e+00
108 110 111
2 13 384 350.9600 -329.9400 15 429 203.5300 -425.3300
1.8858735834e+00 -1.2392741839e+00 -4.9191094004e+00
109 111 129
2 13 386 502.2300 -315.1600 15 266 384.2000 -445.2800
1.8858735834e+00 -1.2392741839e+00 -4.9191094004e+00
109 111 129
2 13 387 502.2300 -315.1600 15 267 384.2000 -445.2800
2.4853367142e+00 -1.1957037169e+00 -5.1956735902e+00
166 167 170
2 13 392 632.2600 -286.4100 15 422 553.3900 -446.1600
2.4853367142e+00 -1.1957037169e+00 -5.1956735902e+00
166 167 170
2 13 393 632.2600 -286.4100 15 423 553.3900 -446.1600
1.3288305243e+00 -1.1411018619e+00 -5.0104413309e+00
153 149 146
2 13 395 340.3101 -280.8200 15 632 216.6900 -373.7200
2.2255736678e+00 -1.1473305452e+00 -5.3887873814e+00
170 168 171
2 13 397 542.7200 -261.6000 15 273 464.5300 -401.9300
2.2479975123e+00 -1.0364992815e+00 -5.5689274262e+00
166 164 165
2 13 401 529.8400 -225.7300 15 277 465.1300 -359.8900
1.6579294955e-01 -6.7131161141e-01 -4.6915149854e+00
94 79 54
2 13 403 25.2800 -163.1800 15 291 -110.2600 -181.8800
-4.5407594912e-02 5.9745391616e-01 -4.2838043410e+00
26 21 11
2 13 425 -37.8400 226.2000 15 726 -131.1300 227.2100
-1.4970409000e+01 8.7553604431e+00 -3.7189877911e+01
5 4 7
2 13 431 -574.5700 360.1400 15 750 -340.1000 352.1800
-1.4970409000e+01 8.7553604431e+00 -3.7189877911e+01
5 4 7
2 13 432 -574.5700 360.1400 15 751 -340.1000 352.1800
-1.4447975410e+01 8.8556025517e+00 -3.7471003005e+01
4 4 6
2 13 433 -551.3500 361.2300 15 749 -318.7500 350.4900
7.6973931634e+00 2.5099423405e+01 -9.6832700396e+01
133 140 158
2 13 439 85.5100 390.5300 15 731 319.6000 291.5900
1.4548738588e+01 1.2325981697e+01 -4.2726391228e+01
10 10 10
2 13 450 442.7600 428.7100 15 476 689.7500 287.0300
-6.2303313046e+01 7.1314609882e+01 -2.3893654634e+02
9 9 9
2 13 455 -380.5600 444.8700 15 510 -118.5900 402.0800
-4.7889493352e+02 4.4582627378e+02 -1.4785166634e+03
161 170 179
2 13 456 -466.9300 450.1500 15 775 -193.4800 414.2100
-1.2307471087e+02 1.1633955062e+02 -3.6356556087e+02
36 34 47
2 13 472 -486.9100 475.8400 15 527 -210.2200 440.3300
-2.2027474398e+02 3.3577380064e+02 -9.1878551456e+02
35 30 48
2 13 485 -351.7800 536.9301 15 545 -72.4100 483.0800
1.4383858499e+01 1.7991938217e+01 -4.6558526479e+01
22 22 26
2 13 491 399.7100 564.7300 15 521 665.5900 427.4700
1.7400264794e+00 -1.3514296089e+00 -4.4637029227e+00
159 160 156
2 13 529 511.1801 -384.8600 15 585 352.1000 -517.6700
1.2841350932e+00 -1.2646686544e+00 -4.6257867717e+00
154 150 151
2 13 533 357.3800 -343.6900 15 612 200.4300 -439.6100
2.8287078362e+00 -1.3242410103e+00 -4.9566321155e+00
145 142 137
2 13 536 758.8800 -337.0800 15 405 679.9200 -532.0200
1.1715277320e+00 -1.2526546477e+00 -4.7354986792e+00
150 149 145
2 13 537 315.9700 -331.5700 15 617 164.9900 -418.3700
1.9345944883e+00 -9.4213549243e-01 -5.9381921015e+00
66 75 82
2 13 590 423.1300 -186.7400 15 654 368.0300 -299.9600
5.7516697976e-01 -8.7241927346e-01 -5.8041320238e+00
68 64 59
2 13 594 112.6000 -174.0400 15 288 33.6000 -222.1800
-2.1535239491e+00 -8.3972355770e-01 -5.8804950976e+00
90 88 85
2 13 597 -524.7700 -160.6700 15 697 -575.2400 -94.9200
9.8337257243e-02 -4.9126291810e-01 -4.6049260913e+00
100 86 58
2 13 601 6.0600 -113.4000 15 686 -125.9000 -125.4200
-1.5395857459e+01 8.9182612896e+00 -3.7388264896e+01
93 91 73
2 13 650 -587.2400 364.3500 15 1124 -350.4800 357.7000
-2.6988699215e+01 3.7907690987e+01 -1.3423003129e+02
11 9 11
2 13 664 -298.7600 423.0000 15 755 -49.8400 372.1600
-6.2907616739e+00 9.1999284638e+01 -3.2404074784e+02
17 17 17
2 13 666 -49.9100 425.0500 15 746 197.6300 340.1100
-7.5552126085e+01 6.2299513504e+01 -2.0509373506e+02
173 171 184
2 13 686 -527.8200 453.5200 15 1150 -253.7800 425.4600
5.3374572397e-01 -1.4740993108e+00 -3.6751104522e+00
37 35 38
2 13 794 176.3300 -519.9100 15 874 -104.2700 -566.4700
5.6952695020e-01 -1.4542330637e+00 -3.7494314823e+00
42 39 43
2 13 805 185.4300 -501.8900 15 891 -83.5800 -550.6801
7.8926011130e-01 -1.4349006436e+00 -3.8538159576e+00
61 57 49
2 13 820 257.8700 -480.4399 15 893 6.9700 -547.9399
1.6075485795e+00 -1.3258142312e+00 -4.5195616741e+00
161 156 162
2 13 847 464.4000 -371.3800 15 595 305.9399 -493.2600
2.3739665145e+00 -1.2346033887e+00 -5.1357407282e+00
168 169 173
2 13 867 610.2400 -299.8600 15 608 522.1500 -456.2500
2.1622506882e+00 -1.1928659941e+00 -5.1896396364e+00
167 167 171
2 13 869 547.7500 -285.1700 15 947 456.1000 -426.0601
2.0922195771e+00 -1.1816527766e+00 -5.2259425083e+00
168 167 172
2 13 873 525.4200 -279.8800 15 620 433.6000 -415.6900
2.0286403974e+00 -1.1679104254e+00 -5.2577688062e+00
166 166 170
2 13 876 505.5200 -274.5600 15 953 413.8300 -405.2700
1.7891875732e+00 -1.1103544800e+00 -5.2949944176e+00
161 160 162
2 13 883 439.8199 -257.4500 15 634 345.4700 -371.9500
1.8200541072e+00 -1.0359089760e+00 -5.5592188906e+00
163 159 160
2 13 902 425.4000 -224.4300 15 972 347.6400 -337.8300
1.4990328696e+00 -9.7155132897e-01 -5.2906438172e+00
159 157 158
2 13 904 364.9900 -222.1100 15 983 269.6400 -316.1600
1.5241765498e+00 -1.0094745373e+00 -5.5289643593e+00
166 163 163
2 13 905 354.5300 -219.3500 15 982 269.6400 -316.1600
1.6884695743e+00 -1.0069525878e+00 -5.6353609379e+00
163 160 154
2 13 909 387.3400 -213.7700 15 980 311.0699 -319.0000
1.7278201131e+00 -9.9920897495e-01 -5.6431733094e+00
57 61 88
2 13 911 396.3400 -211.0200 15 979 321.5300 -319.1500
1.7293477074e+00 -1.0000883752e+00 -5.6481620597e+00
57 61 88
2 13 912 396.3400 -211.0200 15 649 321.7500 -319.2000
1.5907033878e+00 -9.7816560015e-01 -5.6866587072e+00
67 79 104
2 13 915 360.0900 -204.0700 15 992 285.0900 -304.2200
6.0449701775e-01 -4.6912387559e-01 -5.6413011917e+00
68 63 54
2 13 949 123.5900 -80.7700 15 294 54.2900 -128.4700
-1.4213468238e+01 8.9238562717e+00 -3.7595921879e+01
102 94 87
2 13 1012 -541.0700 362.4700 15 1122 -309.0800 350.6400
-3.8878123192e+00 2.4772023042e+01 -9.5097862545e+01
15 14 14
2 13 1020 -79.3100 392.9300 15 1700 153.4500 315.6300
7.3721780073e+00 1.5463092733e+02 -5.4165561399e+02
17 20 21
2 13 1030 -4.7100 426.9100 15 1710 244.9301 335.9500
1.4015362732e+01 1.1854765769e+01 -4.0793654136e+01
11 11 9
2 13 1037 447.0200 432.0900 15 1104 693.2400 289.3600
7.4675202687e+00 3.4340543985e+01 -1.0977027462e+02
255 254 255
2 13 1050 69.7500 463.9299 15 1720 317.2200 365.7500
2.8169071034e+01 3.3111586628e+01 -1.0515558191e+02
176 192 213
2 13 1051 343.5699 467.0000 15 1113 604.6000 331.0200
-1.2338949743e+02 1.2201827191e+02 -3.7249610850e+02
255 251 255
2 13 1056 -476.9700 486.0800 15 1160 -199.2600 448.8700
2.5699010542e+00 1.4801072393e+02 -4.3182470909e+02
175 189 238
2 13 1065 -15.1400 506.0500 15 1752 246.5100 413.1600
-2.2308994157e+01 3.8762742259e+01 -1.0808129359e+02
255 254 255
2 13 1081 -306.0800 527.7800 15 1177 -41.6000 471.8101
-2.1433160239e+00 2.8975373254e+01 -7.5969315168e+01
66 32 32
2 13 1088 -62.0200 558.6600 15 809 194.6200 474.4000
5.0720653739e-01 -1.4908981804e+00 -3.6185479675e+00
33 29 23
2 13 1170 169.4100 -534.4700 15 1267 -120.4900 -579.9301
5.0720653739e-01 -1.4908981804e+00 -3.6185479675e+00
33 29 23
2 13 1171 169.4100 -534.4700 15 1268 -120.4900 -579.9301
8.0411721403e-01 -1.4536932574e+00 -3.8073164836e+00
79 72 61
2 13 1207 266.6500 -492.3600 15 876 9.1100 -564.2100
5.7196513890e-01 -1.4409543291e+00 -3.7924926354e+00
42 33 41
2 13 1210 183.9300 -491.2000 15 1358 -78.7300 -539.4500
7.8330483908e-01 -1.3357652800e+00 -4.2261210563e+00
47 47 58
2 13 1266 231.0800 -401.7200 15 1436 25.3600 -466.8500
1.6655863361e+00 -1.3606758396e+00 -4.4383639956e+00
157 159 156
2 13 1273 491.2600 -390.1800 15 1395 326.9800 -518.0000
1.7042263163e+00 -1.3433015674e+00 -4.5392570683e+00
158 159 153
2 13 1279 491.4700 -375.1500 15 1413 336.9399 -503.9200
1.3827650841e+00 -1.2984195823e+00 -4.6062790810e+00
148 150 143
2 13 1297 388.3400 -355.8900 15 1443 230.8700 -458.7900
1.3827650841e+00 -1.2984195823e+00 -4.6062790810e+00
148 150 143
2 13 1299 388.3400 -355.8900 15 1444 230.8700 -458.7900
2.1938714745e+00 -1.3008444953e+00 -4.8097658007e+00
162 161 167
2 13 1311 601.9399 -341.2200 15 929 486.4700 -495.6899
1.3412782898e+00 -1.2384649459e+00 -4.7551021328e+00
149 146 140
2 13 1318 363.4700 -326.1200 15 1464 218.6500 -423.5500
2.4438143589e+00 -1.2475959441e+00 -5.0369261911e+00
161 162 168
2 13 1323 641.6700 -310.4800 15 934 551.3900 -473.3300
2.4438143589e+00 -1.2475959441e+00 -5.0369261911e+00
161 162 168
2 13 1324 641.6700 -310.4800 15 935 551.3900 -473.3300
1.6471816871e+00 -1.2001636531e+00 -4.9986609038e+00
152 151 147
2 13 1326 428.4301 -298.5300 15 1470 309.4500 -411.4800
1.3117749602e+00 -1.1549165405e+00 -5.0833594770e+00
151 147 144
2 13 1336 330.5000 -280.0800 15 1481 210.2600 -371.6100
1.3176704184e+00 -1.1356806468e+00 -5.1173346391e+00
52 55 79
2 13 1338 329.7100 -273.2900 15 2256 212.6500 -363.7200
1.3017482401e+00 -1.1292666904e+00 -5.1452849589e+00
167 164 162
2 13 1340 323.5400 -270.2900 15 1488 208.1800 -358.7500
1.8546485399e+00 -1.1394486096e+00 -5.3335476684e+00
162 160 166
2 13 1343 453.3101 -262.3900 15 959 361.2800 -381.7700
1.6789452285e+00 -1.0715574357e+00 -5.4185275684e+00
154 153 149
2 13 1350 401.3800 -240.5400 15 1491 311.9700 -347.4000
1.3934577652e+00 -1.0395327420e+00 -5.5083393737e+00
159 159 160
2 13 1358 323.4700 -227.0200 15 981 233.4000 -318.7900
2.2937379230e+00 -9.0503636916e-01 -6.1159104233e+00
154 154 149
2 13 1375 490.5601 -172.6800 15 1500 452.5400 -300.1100
2.2937379230e+00 -9.0503636916e-01 -6.1159104233e+00
154 154 149
2 13 1376 490.5601 -172.6800 15 1501 452.5400 -300.1100
-1.1697254511e+00 -8.4218696157e-01 -5.8231200230e+00
153 146 132
2 13 1380 -298.3000 -164.4600 15 1551 -369.1900 -136.4900
-1.5700298009e+00 -7.8956533930e-01 -6.0394543152e+00
78 80 78
2 13 1389 -379.2400 -144.7800 15 1575 -433.1500 -105.5500
-1.3903795820e+00 -3.0112460111e-01 -7.6146426428e+00
184 181 192
2 13 1430 -273.2900 -18.9200 15 1616 -265.2400 -13.5600
3.3148318094e-02 2.4676057633e-01 -4.3486202592e+00
23 21 17
2 13 1482 -12.9000 111.7000 15 1651 -121.8300 109.1900
-1.4536707692e-02 2.6112548652e-01 -4.3740070390e+00
25 23 21
2 13 1487 -27.9000 115.7400 15 1655 -134.1500 115.2600
-6.1442811826e-02 2.8914517816e-01 -4.4047762999e+00
96 85 54
2 13 1493 -42.4500 124.0400 15 1658 -144.9300 125.1100
1.4192872563e-01 3.9263435558e-01 -4.2210327956e+00
35 33 20
2 13 1496 22.6500 161.1300 15 1664 -86.7800 156.4200
1.7968709800e+01 1.1587547200e+01 -4.8923930222e+01
69 68 76
2 13 1515 479.5300 358.1700 15 2531 723.1100 207.1800
-4.5259215353e+00 2.5802726407e+01 -9.8325661636e+01
107 96 97
2 13 1527 -86.3400 395.7500 15 2563 147.3200 318.8600
-4.9686461751e+00 6.0450947505e+01 -2.1935093228e+02
134 127 144
2 13 1538 -54.3500 413.5800 15 1707 189.4300 330.2300
-2.2998683516e+01 3.4895277350e+01 -1.1745310218e+02
13 17 25
2 13 1571 -291.5800 443.0900 15 1135 -41.0000 390.7000
4.5919464702e+01 -1.8352018313e+02 5.9042391494e+02
253 254 255
2 13 1592 -129.8700 461.9800 15 1732 130.9900 384.4000
-1.3914470910e+02 3.1932948989e+02 -1.0159464578e+03
255 252 253
2 13 1600 -210.9300 466.9399 15 2615 49.5600 400.0200
-1.1561478784e+02 1.0522329673e+02 -3.2026740003e+02
254 251 252
2 13 1610 -517.6600 487.8500 15 1777 -236.7300 454.5601
-8.9336212056e+01 1.7025355792e+02 -4.7732431759e+02
27 29 47
2 13 1633 -279.7800 524.6200 15 1791 -7.7900 464.0900
6.6051353437e+00 3.0266067555e+01 -8.0825989902e+01
94 58 75
2 13 1642 88.5600 548.9800 15 1767 345.7300 446.6899
1.8646740181e-01 -1.5136884443e+00 -3.5320986318e+00
27 22 20
2 13 1690 49.7400 -557.3700 15 1286 -257.2200 -572.3600
5.7737881480e-01 -1.4758010601e+00 -3.6826461298e+00
60 50 57
2 13 1732 192.1600 -519.6400 15 1877 -86.8300 -569.8400
7.5907839758e-01 -1.4788871554e+00 -3.7151669957e+00
156 157 124
2 13 1738 257.2700 -515.4000 15 1252 -14.2800 -583.3900
7.3146114596e-01 -1.4470368972e+00 -3.8102121507e+00
144 145 104
2 13 1776 240.3101 -490.2500 15 1915 -17.8700 -554.0900
8.0450851231e-01 -1.4423950925e+00 -3.8395018462e+00
154 152 129
2 13 1786 264.3600 -484.6200 15 1318 11.5400 -554.5699
6.2368696331e-01 -1.4190494624e+00 -3.8809644925e+00
143 139 121
2 13 1796 197.4300 -470.5800 15 1991 -52.5100 -524.4100
1.6770610039e+00 -1.4300113740e+00 -4.1728734137e+00
156 158 154
2 13 1829 527.8300 -439.4000 15 1865 338.4301 -577.9600
1.6904024045e+00 -1.4194179553e+00 -4.1988896169e+00
159 158 158
2 13 1838 528.7600 -433.0699 15 1873 342.7900 -571.5300
1.5520266935e+00 -1.4130120373e+00 -4.1885788525e+00
57 61 86
2 13 1839 484.8500 -431.4301 15 1903 292.6500 -559.6600
1.0116014661e+01 -1.0559104894e+01 -3.3338094931e+01
48 50 74
2 13 1878 392.8700 -402.9200 15 1289 489.1000 -570.9399
1.7919137217e+00 -1.3837507309e+00 -4.3823433406e+00
74 75 110
2 13 1881 537.3500 -402.2400 15 1353 372.3500 -543.0800
2.0180119708e+00 -1.3884515518e+00 -4.4425320877e+00
75 79 105
2 13 1885 599.4800 -397.8200 15 1908 448.4301 -554.9700
1.6908913281e+00 -1.3606454834e+00 -4.4494411318e+00
72 78 105
2 13 1903 497.7700 -389.0700 15 2015 335.2600 -518.6801
1.0610482597e+00 -1.3241777401e+00 -4.3702387255e+00
61 64 79
2 13 1916 309.7500 -383.8800 15 2143 123.5200 -468.5800
1.6490497415e+00 -1.3134680690e+00 -4.5901138333e+00
156 157 155
2 13 1949 469.2800 -361.5200 15 2101 318.0200 -484.6801
1.3365777223e+00 -1.2859628274e+00 -4.6166649646e+00
55 52 75
2 13 1964 373.7000 -351.3600 15 2910 216.4200 -450.4600
1.4413433929e+00 -1.2851879705e+00 -4.6387829072e+00
48 51 69
2 13 1966 402.7500 -349.0200 15 2167 249.9700 -455.7300
1.2487829440e+00 -1.1605280244e+00 -5.0153581107e+00
162 157 157
2 13 2031 318.0900 -286.0800 15 2246 192.1400 -373.9000
2.1747595603e+00 -1.0699719982e+00 -5.5582807340e+00
166 162 161
2 13 2063 512.8800 -234.0000 15 2253 443.8600 -365.8600
1.6193330800e+00 -9.9981192418e-01 -5.6336657860e+00
164 162 165
2 13 2072 370.6500 -212.0600 15 2267 293.0601 -313.5600
2.5701611396e+00 -8.8893959320e-01 -6.2385568265e+00
154 155 149
2 13 2088 541.1300 -165.5300 15 2269 515.4200 -303.8900
-1.6611817842e+00 -8.4003046231e-01 -5.8736501726e+00
153 147 137
2 13 2090 -410.5300 -161.3300 15 2350 -471.5400 -115.1700
-1.6611817842e+00 -8.4003046231e-01 -5.8736501726e+00
153 147 137
2 13 2091 -410.5300 -161.3300 15 2351 -471.5400 -115.1700
2.6368848465e+00 -8.7370972753e-01 -6.3043356986e+00
147 144 141
2 13 2092 549.7200 -160.4100 15 2270 528.5000 -300.3300
2.5053371293e+00 -8.1599388155e-01 -6.4480239356e+00
65 72 86
2 13 2108 508.9900 -143.5400 15 1510 490.2100 -274.9300
-1.7578574884e+00 -7.3201008225e-01 -6.1579368642e+00
160 155 149
2 13 2126 -414.1800 -128.3300 15 2383 -458.1700 -84.6300
2.7085360365e+00 -7.5724322329e-01 -6.7062812217e+00
163 162 157
2 13 2128 529.9800 -124.6100 15 1517 525.4000 -261.4600
3.1044334636e+00 -6.7918042953e-01 -6.9719117163e+00
114 126 155
2 13 2138 586.6300 -103.7700 15 3172 601.5400 -252.2200
-1.5450156834e+00 -5.9654502549e-01 -6.6857584294e+00
166 166 159
2 13 2144 -339.7000 -87.2600 15 2397 -364.5300 -62.6100
-1.3840972419e-01 -3.6848084515e-01 -4.7199141033e+00
92 78 55
2 13 2156 -63.3900 -73.7600 15 3315 -180.5600 -74.6200
-2.8060366694e+00 -4.6265987236e-01 -7.1374103687e+00
151 144 125
2 13 2168 -561.6900 -52.9100 15 2432 -548.8900 3.5000
-1.3469862774e+00 -3.0976313691e-01 -7.6279476966e+00
177 178 180
2 13 2189 -265.0500 -20.2300 15 2421 -257.4200 -16.6200
-1.0892728950e-01 -1.2090915196e-01 -4.6000137558e+00
51 45 43
2 13 2208 -55.7000 -2.3500 15 3422 -167.6700 -2.6600
-9.4196736853e-02 -8.5045830506e-02 -4.5706856538e+00
40 39 35
2 13 2221 -51.5100 8.0700 15 2435 -163.4900 7.8200
3.5241145159e+00 -5.0412805995e-02 -9.2411122339e+00
79 73 46
2 13 2230 498.9100 23.2400 15 2352 572.2000 -111.1200
-1.5178281734e+01 9.7180101645e+00 -3.7037802037e+01
11 12 13
2 13 2305 -584.5500 396.9200 15 2600 -342.7100 387.6700
2.2576470576e+01 5.9247948423e+01 -2.1585130315e+02
255 251 255
2 13 2311 119.9300 411.7900 15 3599 365.7600 305.0800
-3.1137198370e+01 4.7263968765e+01 -1.6863609394e+02
17 20 27
2 13 2316 -276.2700 420.0100 15 2587 -27.0300 366.0400
2.4082827888e+01 6.5463127535e+01 -2.2904493319e+02
199 199 242
2 13 2324 120.7000 427.4600 15 1702 369.3800 320.0800
2.6422098025e+01 7.1413399970e+01 -2.4675544182e+02
93 114 130
2 13 2334 123.3400 432.3500 15 2571 373.3400 324.5200
-2.7958613846e+01 4.1637504579e+01 -1.4353711800e+02
111 120 128
2 13 2336 -290.0600 434.2600 15 1726 -39.5100 380.0900
3.1868879217e+02 -5.2849007130e+02 1.8150202288e+03
168 161 182
2 13 2338 -263.8400 435.1600 15 2596 -4.4200 376.1100
3.5801168715e+01 7.4729951014e+01 -2.5237399049e+02
84 102 122
2 13 2344 171.0200 441.7900 15 2572 424.3101 326.7500
1.7496654439e+02 -3.2460793146e+02 1.0897088997e+03
81 97 106
2 13 2348 -243.2500 444.4600 15 3634 17.2100 381.9800
-5.7889169251e+02 5.1880319655e+02 -1.7355193356e+03
159 155 176
2 13 2351 -480.1700 446.4600 15 2623 -206.0000 412.5900
-1.9539357572e+02 1.9018117720e+02 -5.9800976987e+02
164 178 198
2 13 2383 -470.8000 472.9100 15 2649 -194.5200 435.7800
-9.7330554881e+01 9.3848434816e+01 -2.9289776953e+02
143 144 159
2 13 2386 -478.4800 475.7600 15 2651 -203.0200 440.7600
1.5438389819e+01 2.1241264385e+01 -5.5798415380e+01
103 99 118
2 13 2437 355.5800 557.1700 15 2634 620.8900 423.5900
1.5438389819e+01 2.1241264385e+01 -5.5798415380e+01
103 99 118
2 13 2438 355.5800 557.1700 15 2635 620.8900 423.5900
5.1589577778e-01 -1.4758863661e+00 -3.6679641639e+00
129 128 110
2 13 2514 170.0600 -521.9700 15 2742 -111.8300 -566.3400
5.5304672113e-01 -1.4545575041e+00 -3.7456642519e+00
136 136 124
2 13 2531 179.6100 -502.4100 15 2764 -90.1800 -549.9900
5.5684288921e-02 -1.4118479761e+00 -3.8298609726e+00
66 54 74
2 13 2548 -2.8100 -475.6300 15 2851 -262.9200 -479.2700
1.6955091841e+00 -1.4280263286e+00 -4.1830963525e+00
66 66 96
2 13 2572 532.5200 -437.1000 15 1867 344.8101 -577.7800
1.0332696545e+00 -1.3905360665e+00 -4.0851636481e+00
36 34 47
2 13 2574 323.7300 -435.8000 15 2002 106.4400 -521.9301
1.4446489851e+00 -1.3148866770e+00 -4.5388174511e+00
57 57 84
2 13 2676 413.1500 -366.7700 15 2860 251.5699 -475.2600
1.7335967495e+00 -1.3229108673e+00 -4.5919423349e+00
157 160 159
2 13 2677 494.3101 -364.7100 15 2070 345.7400 -493.3101
8.8505014614e-01 -1.2816349266e+00 -4.4685657159e+00
155 149 149
2 13 2682 248.4301 -362.5300 15 2202 69.5200 -431.1300
1.3000190530e+00 -1.2995269246e+00 -4.5345604406e+00
54 55 75
2 13 2683 369.8600 -361.7400 15 2891 204.5200 -460.8199
2.4338776073e+00 -1.3382154141e+00 -4.7506442727e+00
80 83 116
2 13 2696 678.9600 -356.9200 15 1970 569.4000 -531.2800
1.5169465543e+00 -1.2975755965e+00 -4.6193977856e+00
58 59 78
2 13 2705 426.9700 -354.0700 15 2148 274.3300 -467.1899
2.1635431829e+00 -1.3007152060e+00 -4.7989649943e+00
79 82 111
2 13 2739 594.6899 -342.0000 15 2068 477.3300 -494.6400
1.0875001304e+00 -1.2497241155e+00 -4.6698343350e+00
62 61 75
2 13 2748 296.0900 -335.8700 15 2213 138.6900 -417.3200
1.7726253276e+00 -1.2068068594e+00 -4.9914781446e+00
73 81 102
2 13 2825 463.5100 -301.0500 15 2959 347.5601 -421.9300
1.3894290546e+00 -1.1920053387e+00 -4.9467981898e+00
148 148 137
2 13 2828 361.7900 -299.2200 15 2231 233.1500 -397.0800
1.7124976567e+00 -1.1965508236e+00 -5.0178349127e+00
73 79 109
2 13 2835 444.5300 -296.5000 15 2981 328.7900 -412.8600
2.3995877378e+00 -1.2174695254e+00 -5.1406215221e+00
91 100 123
2 13 2840 616.4700 -294.3800 15 2174 530.3199 -452.9100
2.3531017246e+00 -1.2122028916e+00 -5.1412546947e+00
89 95 116
2 13 2844 603.9900 -293.4700 15 2914 516.3600 -447.8199
2.3534615123e+00 -1.2121196328e+00 -5.1420273828e+00
89 95 116
2 13 2845 603.9900 -293.4700 15 2178 516.4301 -447.6899
1.6579303237e+00 -1.1761750814e+00 -5.0679672836e+00
54 62 87
2 13 2851 425.1400 -287.6900 15 3007 311.7000 -399.5200
1.6579303237e+00 -1.1761750814e+00 -5.0679672836e+00
54 62 87
2 13 2852 425.1400 -287.6900 15 3008 311.7000 -399.5200
2.1867980873e+00 -1.1789268394e+00 -5.1950001760e+00
81 89 116
2 13 2873 553.6300 -281.0400 15 2958 463.7400 -423.2200
1.2975607683e+00 -1.1547668297e+00 -5.0759194644e+00
153 146 146
2 13 2875 327.1801 -280.6000 15 3073 206.2200 -371.1200
2.2495524003e+00 -1.1684584808e+00 -5.2562271916e+00
80 90 117
2 13 2891 563.2500 -274.9800 15 2210 479.0601 -418.9800
1.2440214412e+00 -1.1188898716e+00 -5.1441417586e+00
83 85 99
2 13 2908 308.2600 -266.7200 15 3101 191.9600 -353.2000
1.2440214412e+00 -1.1188898716e+00 -5.1441417586e+00
83 85 99
2 13 2909 308.2600 -266.7200 15 3102 191.9600 -353.2000
1.9758523290e+00 -1.1369138499e+00 -5.2753997089e+00
75 87 111
2 13 2910 490.0400 -265.0200 15 3027 398.8700 -392.3400
1.8898883298e+00 -1.1072203279e+00 -5.3616053646e+00
70 79 91
2 13 2929 459.7900 -253.1400 15 3070 371.7300 -372.4900
1.5368645719e+00 -1.0308834925e+00 -5.5058071980e+00
78 86 107
2 13 2956 359.2900 -225.6000 15 3131 272.5699 -323.9200
1.5019704688e+00 -9.6820380014e-01 -5.7041168766e+00
71 81 112
2 13 2965 337.5900 -201.2600 15 3150 262.0800 -295.9000
1.8976406231e+00 -8.9897870150e-01 -6.0000637584e+00
66 68 72
2 13 2974 410.0699 -174.6500 15 2277 358.2200 -284.6600
2.0841018217e+00 -8.9953904209e-01 -6.1248789511e+00
142 141 137
2 13 2980 442.9399 -170.5900 15 2273 399.9600 -288.5800
2.3823135082e+00 -8.8788969002e-01 -6.1995629938e+00
150 141 143
2 13 2984 503.1801 -166.3500 15 3148 470.9800 -296.3800
2.3823135082e+00 -8.8788969002e-01 -6.1995629938e+00
150 141 143
2 13 2985 503.1801 -166.3500 15 3149 470.9800 -296.3800
1.8522651942e+00 -8.7638553018e-01 -6.1409409417e+00
130 129 125
2 13 2989 390.0100 -164.4800 15 3162 343.1700 -271.5100
1.8116653046e+00 -8.4658920209e-01 -6.1645860216e+00
75 81 101
2 13 2996 379.3900 -157.1300 15 2287 333.7400 -261.5300
2.6318423946e+00 -7.6000266372e-01 -6.6529482061e+00
129 130 128
2 13 3023 518.6200 -126.5400 15 2290 510.6300 -260.4500
-1.0529028723e+00 -6.2448988412e-01 -6.5661163621e+00
177 176 178
2 13 3044 -242.8100 -95.8300 15 3304 -278.0500 -86.4000
-1.1067247447e+00 -6.1244239905e-01 -6.5889739198e+00
180 178 181
2 13 3049 -253.2400 -92.8500 15 3306 -286.7400 -81.7900
-1.5745325054e+00 -5.5957677334e-01 -6.7582747204e+00
167 167 157
2 13 3075 -342.2900 -78.4000 15 3358 -363.2000 -54.1000
9.3542586825e-01 -5.6631027572e-01 -7.0284158801e+00
111 120 132
2 13 3076 159.1000 -77.5500 15 3237 139.8700 -143.1400
-1.4194592075e+00 -5.5584235730e-01 -6.7755103848e+00
175 175 175
2 13 3077 -310.1300 -77.4900 15 3346 -332.3200 -58.7000
-1.1630554911e-01 -3.2067347947e-01 -4.6793854113e+00
52 46 39
2 13 3098 -57.2700 -60.5100 15 3343 -174.6900 -62.0200
-9.9449121905e-01 -3.5175184049e-01 -7.5273259443e+00
101 111 129
2 13 3122 -204.1600 -29.2200 15 3379 -202.9000 -34.2700
-1.3253278133e+00 -3.3593366802e-01 -7.5409703416e+00
112 117 138
2 13 3125 -263.9200 -25.9200 15 3399 -259.2600 -21.3400
-1.3253278133e+00 -3.3593366802e-01 -7.5409703416e+00
112 117 138
2 13 3126 -263.9200 -25.9200 15 3400 -259.2600 -21.3400
-1.2212692062e-02 -1.7930623646e-01 -4.5476831497e+00
48 42 27
2 13 3129 -26.9400 -20.6500 15 3394 -145.8400 -24.8800
-9.7840328253e-02 -1.6213725281e-01 -4.6182424917e+00
50 44 32
2 13 3133 -52.2800 -14.5700 15 3407 -165.2900 -15.6700
2.0542843935e+00 -1.7712547227e-01 -8.5706677001e+00
98 119 126
2 13 3145 304.9900 3.9100 15 3295 343.6899 -93.9400
7.9494783442e-02 4.2987261754e-02 -4.4093410706e+00
92 81 57
2 13 3172 1.3800 46.8700 15 3465 -114.8500 40.8700
-8.4868690755e-02 2.2674505222e-01 -4.4664518358e+00
95 82 59
2 13 3196 -49.3500 103.7000 15 2499 -151.1800 104.5800
-9.0140198550e-02 2.4164443060e-01 -4.4434223714e+00
55 49 42
2 13 3202 -51.1200 108.5900 15 4447 -153.5900 110.3200
-9.8259391038e-02 3.0123240307e-01 -4.4298981436e+00
93 81 62
2 13 3207 -53.7200 127.3800 15 3531 -153.7400 129.6100
-2.4866510923e-03 3.3743217026e-01 -4.3382279688e+00
67 64 59
2 13 3208 -24.1400 140.6700 15 3536 -128.5500 140.1400
-1.4623317526e+01 8.6063230375e+00 -3.7159342478e+01
19 24 19
2 13 3229 -562.2500 354.7000 15 3621 -329.9200 346.0100
-3.2068218779e+01 4.7705026239e+01 -1.7032275610e+02
105 98 111
2 13 3241 -281.2100 420.0800 15 3631 -31.8200 366.0900
-5.8968851833e+00 6.9985891975e+01 -2.4358400584e+02
58 57 65
2 13 3259 -56.4400 430.0100 15 2582 190.4600 345.5900
1.8456778412e+02 -1.5117788157e+02 4.7721034169e+02
148 146 175
2 13 3304 -553.0200 471.3201 15 3683 -264.5500 442.4700
-1.5722618153e+01 1.2548660192e+01 -3.7752271751e+01
49 50 60
2 13 3312 -593.6300 493.3400 15 3697 -333.8200 476.0800
2.1315537430e+01 4.9653431015e+01 -1.2279243821e+02
100 115 126
2 13 3349 214.3900 589.9301 15 3693 488.2800 469.8900
1.3608251292e+00 -1.2576410088e+00 -4.7267102331e+00
138 141 125
2 13 3534 371.4700 -333.7900 15 2942 224.1600 -433.4000
2.1554052810e+00 -1.2832282769e+00 -4.8447963865e+00
104 111 127
2 13 3535 586.5300 -333.4600 15 3826 472.2900 -483.9000
2.1554052810e+00 -1.2832282769e+00 -4.8447963865e+00
104 111 127
2 13 3536 586.5300 -333.4600 15 3827 472.2900 -483.9000
1.9570363138e+00 -1.1722267920e+00 -5.1465078175e+00
159 163 172
2 13 3582 497.9100 -281.8900 15 2984 397.9900 -410.9600
1.3240401693e+00 -1.1185247746e+00 -5.1741451067e+00
62 65 87
2 13 3599 327.5200 -265.0300 15 3978 214.6400 -355.8000
2.3221502125e+00 -1.1267759447e+00 -5.4025433581e+00
160 161 166
2 13 3609 565.7400 -256.3100 15 3006 492.5699 -400.3600
1.9268363566e+00 -1.0764920504e+00 -5.4456708612e+00
85 94 119
2 13 3626 461.6200 -240.6600 15 3084 379.8900 -361.0200
1.7271202604e+00 -1.0602295493e+00 -5.4670178707e+00
66 69 89
2 13 3643 409.6801 -235.2400 15 3997 324.3101 -344.1900
1.4985787396e+00 -1.0239915697e+00 -5.5250786235e+00
79 81 106
2 13 3661 348.4600 -222.9600 15 3133 262.1600 -318.9800
1.4760428476e+00 -9.6635006328e-01 -5.7111487329e+00
98 97 120
2 13 3677 330.9200 -200.6700 15 4042 255.3400 -293.6200
1.4760428476e+00 -9.6635006328e-01 -5.7111487329e+00
98 97 120
2 13 3678 330.9200 -200.6700 15 4043 255.3400 -293.6200
1.7193946308e+00 -9.5788541109e-01 -5.8070144363e+00
76 79 115
2 13 3694 382.4700 -195.0300 15 3141 316.4600 -299.3800
1.5311295203e+00 -9.3612402748e-01 -5.8258129328e+00
89 97 127
2 13 3699 336.8900 -188.9300 15 4057 268.6700 -283.6500
1.8797427433e+00 -9.2902120103e-01 -5.9259040737e+00
150 147 134
2 13 3703 411.3700 -184.1700 15 4040 355.0500 -294.4800
1.9105514148e+00 -8.8932864461e-01 -6.0535912363e+00
120 113 112
2 13 3707 409.1600 -170.5100 15 4060 359.9500 -280.7800
2.2056943681e+00 -8.8101327959e-01 -6.1667446219e+00
135 133 140
2 13 3711 466.7600 -165.5200 15 4049 429.0400 -287.8700
2.3268805913e+00 -8.8055293034e-01 -6.1747158766e+00
74 78 87
2 13 3713 493.0100 -165.2500 15 3151 458.7400 -293.2400
2.4880092133e+00 -8.8155782844e-01 -6.2348078647e+00
128 128 133
2 13 3714 523.4200 -163.9300 15 4033 495.5000 -298.3700
2.4785200839e+00 -8.6755702527e-01 -6.2713204596e+00
145 147 143
2 13 3720 518.1600 -159.6700 15 4044 491.5900 -293.0300
2.6456298092e+00 -8.5981126298e-01 -6.3324650519e+00
97 103 116
2 13 3725 549.0699 -156.3300 15 4035 529.3600 -296.4200
2.4893056671e+00 -8.5435584984e-01 -6.2975857689e+00
122 86 104
2 13 3726 518.2400 -156.0400 15 3153 493.2600 -289.2600
2.0895920235e+00 -8.2472639217e-01 -6.2868226550e+00
52 58 58
2 13 3732 432.0900 -149.1700 15 3163 397.6300 -264.4300
2.8335456575e+00 -8.1767344982e-01 -6.5161225777e+00
160 167 168
2 13 3734 572.4100 -142.4100 15 4050 564.6600 -287.5300
1.7675062981e+00 -8.0296062564e-01 -6.3314852176e+00
114 111 120
2 13 3735 359.2100 -142.5200 15 3178 320.2000 -243.4900
-1.7252190626e+00 -7.3580319925e-01 -6.1608879402e+00
157 154 145
2 13 3741 -406.7400 -129.2300 15 4231 -451.3200 -86.5900
-1.8813479540e+00 -7.2856136947e-01 -6.2293518863e+00
98 96 109
2 13 3742 -436.8500 -125.5300 15 5232 -476.0400 -78.8400
3.2131905137e+00 -6.8900978313e-01 -6.9901699808e+00
158 167 180
2 13 3759 606.3300 -105.7600 15 4075 624.5100 -258.0000
-1.3340590395e+00 -6.4580124963e-01 -6.5003811403e+00
127 129 138
2 13 3764 -304.2700 -101.3800 15 4238 -339.5000 -80.8800
-3.5348636635e+00 -6.0742081884e-01 -6.6000914660e+00
79 72 24
2 13 3776 -756.8000 -90.0600 15 5399 -741.8000 3.5400
-8.4609375220e-01 -5.9061461635e-01 -6.7111569385e+00
104 111 128
2 13 3781 -195.8600 -86.2400 15 4232 -226.7900 -86.1400
2.8624166156e+00 -5.5255343230e-01 -7.3797242277e+00
63 61 56
2 13 3801 507.9700 -72.3800 15 4110 528.5300 -205.1200
-1.2063409431e+00 -5.2526505878e-01 -6.9212357035e+00
114 121 144
2 13 3807 -261.9200 -69.2900 15 4270 -280.9700 -59.7000
-1.2530910243e+00 -5.2702808358e-01 -6.9098624284e+00
101 116 140
2 13 3809 -271.5600 -69.4100 15 4272 -290.6500 -58.8200
-6.6151657482e-03 -3.4111597049e-01 -4.6216858135e+00
64 61 45
2 13 3812 -25.2000 -68.2200 15 5242 -147.7700 -73.9000
6.4500342039e-02 -3.1900972554e-01 -4.5588558525e+00
51 44 34
2 13 3816 -3.8500 -62.7600 15 4247 -129.7000 -71.6600
-9.8072327195e-01 -4.0671144042e-01 -7.3429937797e+00
114 125 145
2 13 3854 -206.1300 -41.1500 15 4291 -211.4000 -44.5100
-1.1939213154e+00 -3.6322262912e-01 -7.4615305130e+00
110 120 140
2 13 3873 -242.3600 -31.7100 15 4327 -241.6100 -30.0500
3.2693970513e+00 -7.6036408575e-02 -9.1387403070e+00
90 84 62
2 13 3964 466.5800 19.2300 15 3284 533.7600 -108.4500
-4.1677526686e+00 1.3155703859e-02 -8.9128026262e+00
59 52 31
2 13 4001 -663.6800 39.1500 15 5524 -586.1400 95.3300
3.5482349534e+00 1.7090304293e+00 -1.5607795014e+01
79 73 64
2 13 4076 287.9800 183.5200 15 5484 426.8000 74.5000
1.2550266091e+02 -1.0405161471e+02 3.2657340007e+02
100 136 147
2 13 4160 -549.6300 473.9399 15 5651 -259.9000 443.9000
1.3683679660e+00 -1.2871323194e+00 -4.6079111861e+00
80 73 96
2 13 4414 383.9100 -352.1400 15 3870 226.7200 -454.1801
1.4221281903e+00 -1.2862447024e+00 -4.6270712111e+00
132 137 125
2 13 4420 398.1400 -350.3100 15 4774 243.9100 -455.8300
1.1296683897e+00 -1.2301347342e+00 -4.7728711407e+00
84 82 94
2 13 4459 301.2900 -321.9600 15 3939 153.1900 -405.7700
1.1296683897e+00 -1.2301347342e+00 -4.7728711407e+00
84 82 94
2 13 4460 301.2900 -321.9600 15 3940 153.1900 -405.7700
1.4351917003e+00 -1.0605377873e+00 -5.3539293737e+00
151 153 153
2 13 4552 344.1500 -240.3000 15 4005 246.2100 -334.9800
1.6035670909e+00 -9.9130971391e-01 -5.6404045795e+00
88 97 113
2 13 4599 366.3400 -209.8900 15 4024 289.1300 -309.9900
1.6576570516e+00 -9.6078795333e-01 -5.7544437716e+00
92 99 117
2 13 4622 371.4800 -197.8400 15 4923 301.7900 -299.3700
1.6576570516e+00 -9.6078795333e-01 -5.7544437716e+00
92 99 117
2 13 4623 371.4800 -197.8400 15 4924 301.7900 -299.3700
1.6030833298e+00 -9.5042590720e-01 -5.7857876235e+00
93 93 117
2 13 4630 356.4200 -193.9900 15 4935 287.3400 -292.5900
-1.6058972149e+00 -9.2231979798e-01 -5.5771175953e+00
86 79 93
2 13 4633 -417.5600 -192.9700 15 5112 -495.6600 -140.0400
1.9616333860e+00 -9.3085572305e-01 -5.9373775038e+00
103 110 118
2 13 4638 429.4200 -184.3100 15 4925 375.4301 -298.4300
2.4895307581e+00 -8.6848037920e-01 -6.2494698193e+00
79 84 103
2 13 4675 522.4800 -160.2800 15 4932 495.4600 -294.9600
2.4895307581e+00 -8.6848037920e-01 -6.2494698193e+00
79 84 103
2 13 4676 522.4800 -160.2800 15 4933 495.4600 -294.9600
1.8120669403e+00 -7.9054439119e-01 -6.3901120020e+00
145 150 153
2 13 4711 365.2400 -138.4300 15 4990 329.5699 -240.5600
1.8120669403e+00 -7.9054439119e-01 -6.3901120020e+00
145 150 153
2 13 4712 365.2400 -138.4300 15 4991 329.5699 -240.5600
1.5185317287e+00 -7.2207281751e-01 -6.5972489906e+00
101 112 128
2 13 4732 292.1000 -118.0800 15 5017 260.6600 -207.0200
-1.9748843122e+00 -6.9552563192e-01 -6.3434956008e+00
159 156 144
2 13 4734 -449.6000 -115.2100 15 5256 -482.0600 -68.0900
3.2570434734e+00 -6.6802525603e-01 -7.0667663527e+00
152 158 180
2 13 4756 607.9900 -100.3100 15 4081 629.5601 -252.7700
1.2095812543e+00 -5.7167081442e-01 -7.0417727213e+00
157 167 184
2 13 4802 212.0700 -78.7600 15 5084 195.6000 -154.1000
-1.2746682659e+00 -5.1900687132e-01 -6.9529883887e+00
177 179 182
2 13 4813 -274.2900 -67.5100 15 5283 -291.5300 -56.1200
-1.4552579132e+00 -4.6560187395e-01 -7.0795227030e+00
122 125 144
2 13 4837 -304.7400 -55.0400 15 5313 -314.7200 -39.9700
3.3984689606e+00 -3.8285097603e-01 -7.9967941970e+00
96 114 113
2 13 4878 558.7200 -35.5800 15 4125 606.8199 -179.1800
-4.4915858397e+00 -2.3276061342e-01 -8.1815690764e+00
48 39 31
2 13 4973 -775.1500 -1.8300 15 5491 -703.3400 77.3000
-4.4915858397e+00 -2.3276061342e-01 -8.1815690764e+00
48 39 31
2 13 4974 -775.1500 -1.8300 15 5492 -703.3400 77.3000
1.3793538039e+00 -1.7347800570e-01 -8.4465450080e+00
138 144 150
2 13 5004 200.4000 4.7900 15 5241 230.1200 -74.0700
8.9273522399e-02 5.1024025490e-01 -4.2173830213e+00
90 89 80
2 13 5178 5.5300 199.2500 15 5573 -97.1400 198.0400
6.1326078857e-01 8.6741052373e-01 -4.9958101030e+00
171 167 181
2 13 5214 144.5700 270.9100 15 5608 107.2100 236.8000
-2.4873237926e+02 2.4183046620e+02 -7.7186076710e+02
50 54 69
2 13 5235 -464.6300 466.5800 15 5645 -189.5500 428.8000
1.0939971427e+01 7.4703696457e+01 -2.3043691212e+02
60 134 137
2 13 5239 41.6900 480.1700 15 5640 297.1600 382.2500
