# Bundle file v0.3
101 355
0 0 0
0 0 0
0 0 0
0 0 0
0 0 0
0 0 0
0 0 0
0 0 0
0 0 0
0 0 0
0 0 0
0 0 0
0 0 0
0 0 0
0 0 0
0 0 0
0 0 0
0 0 0
0 0 0
0 0 0
0 0 0
0 0 0
0 0 0
0 0 0
0 0 0
0 0 0
0 0 0
0 0 0
0 0 0
0 0 0
0 0 0
0 0 0
0 0 0
0 0 0
0 0 0
0 0 0
0 0 0
0 0 0
0 0 0
0 0 0
0 0 0
0 0 0
0 0 0
0 0 0
0 0 0
0 0 0
0 0 0
0 0 0
0 0 0
0 0 0
0 0 0
0 0 0
0 0 0
0 0 0
0 0 0
0 0 0
0 0 0
0 0 0
0 0 0
0 0 0
0 0 0
0 0 0
0 0 0
0 0 0
0 0 0
0 0 0
0 0 0
0 0 0
0 0 0
0 0 0
0 0 0
0 0 0
0 0 0
0 0 0
0 0 0
0 0 0
0 0 0
0 0 0
0 0 0
0 0 0
0 0 0
0 0 0
0 0 0
0 0 0
0 0 0
0 0 0
0 0 0
0 0 0
0 0 0
0 0 0
0 0 0
0 0 0
0 0 0
0 0 0
0 0 0
5.3200000000e+02 0.0000000000e+00 0.0000000000e+00
-8.9240226390e-01 -4.2378139211e-01 1.5500816460e-01
4.4450886647e-01 -7.6647853788e-01 4.6359736691e-01
-7.7653506163e-02 4.8261784330e-01 8.7238176867e-01
1.9152382997e-01 3.5554142029e+00 6.2048693434e+00
5.3200000000e+02 0.0000000000e+00 0.0000000000e+00
8.8827562558e-01 2.7312400577e-01 -3.6928267015e-01
-4.4295532697e-01 7.2203425567e-01 -5.3146694341e-01
1.2147835736e-01 6.3566485754e-01 7.6234716343e-01
-1.7269680367e+00 -4.0399948410e+00 5.5245997789e+00
5.3200000000e+02 0.0000000000e+00 0.0000000000e+00
9.3239914565e-01 3.4315290231e-01 -1.1348091832e-01
-3.5320149433e-01 9.3171009095e-01 -8.4646387013e-02
7.6684663356e-02 1.1900584886e-01 9.8992781067e-01
1.2313171237e-01 -7.7626279171e-01 7.0121635527e+00
5.3200000000e+02 0.0000000000e+00 0.0000000000e+00
9.2169506325e-01 3.3878182313e-01 -1.8895789665e-01
-3.8654126641e-01 8.4306338593e-01 -3.7393846643e-01
3.2619928753e-02 4.1769726314e-01 9.0800051576e-01
-4.1908713299e-01 -2.8544501607e+00 6.4365420117e+00
5.3200000000e+02 0.0000000000e+00 0.0000000000e+00
9.5444043970e-01 2.4404520483e-01 -1.7171308937e-01
-2.9214301316e-01 8.8144614382e-01 -3.7108645274e-01
6.0793971096e-02 4.0434469645e-01 9.1258394657e-01
-2.8095519200e-01 -2.7371175794e+00 6.4946111960e+00
5.3200000000e+02 0.0000000000e+00 0.0000000000e+00
9.5387282084e-01 2.4757948268e-01 -1.6979705952e-01
-2.9294460383e-01 8.9129041253e-01 -3.4609949381e-01
6.5651357599e-02 3.7987603278e-01 9.2270477346e-01
-2.6794951242e-01 -2.5629246129e+00 6.5660512703e+00
5.3200000000e+02 0.0000000000e+00 0.0000000000e+00
9.4733054663e-01 2.4886689332e-01 -2.0156910683e-01
-3.0090429589e-01 9.0714780457e-01 -2.9417590890e-01
1.0964232820e-01 3.3933483475e-01 9.3425394288e-01
-4.9623335510e-01 -2.2057803761e+00 6.6817132324e+00
5.3200000000e+02 0.0000000000e+00 0.0000000000e+00
9.4857066887e-01 2.5470541712e-01 -1.8798626716e-01
-2.9318356314e-01 9.3082160629e-01 -2.1820755159e-01
1.1940303371e-01 2.6209976680e-01 9.5762551542e-01
-3.9903676937e-01 -1.6639806600e+00 6.8432943236e+00
5.3200000000e+02 0.0000000000e+00 0.0000000000e+00
9.8901311058e-01 6.4802452551e-02 -1.3286726176e-01
-9.4548578381e-02 9.6821446376e-01 -2.3156277439e-01
1.1363816889e-01 2.4158103051e-01 9.6370377828e-01
-6.6063523952e-03 -1.5631838522e+00 6.8732597952e+00
5.3200000000e+02 0.0000000000e+00 0.0000000000e+00
9.9746998444e-01 -8.1332948519e-03 -7.0622090359e-02
3.8322742071e-04 9.9403436215e-01 -1.0906667690e-01
7.1087855985e-02 1.0876367219e-01 9.9152255665e-01
4.2325868484e-01 -6.0482272769e-01 7.0108976633e+00
5.3200000000e+02 0.0000000000e+00 0.0000000000e+00
9.9642221909e-01 4.9643621501e-02 -6.8397895850e-02
-6.9543439833e-02 9.4149801317e-01 -3.2976537292e-01
4.8025735690e-02 3.3334216962e-01 9.4158192775e-01
4.4783471993e-01 -2.2244068803e+00 6.6765481481e+00
5.3200000000e+02 0.0000000000e+00 0.0000000000e+00
9.9749104922e-01 1.9399855999e-03 -7.0766116003e-02
-1.4620212135e-02 9.8371987769e-01 -1.7911295774e-01
6.9266558420e-02 1.7969818778e-01 9.8128013594e-01
4.2550281452e-01 -1.1107389219e+00 6.9500404250e+00
5.3200000000e+02 0.0000000000e+00 0.0000000000e+00
9.9827381672e-01 -1.3662158896e-02 -5.7120331453e-02
9.9206515697e-03 9.9781766804e-01 -6.5280027763e-02
5.7887542040e-02 6.4600671565e-02 9.9623078938e-01
5.1924321354e-01 -2.8794381348e-01 7.0255950397e+00
5.3200000000e+02 0.0000000000e+00 0.0000000000e+00
9.9083877705e-01 -1.0254881117e-01 -8.7876386018e-02
1.0735876669e-01 9.9286647080e-01 5.1867777771e-02
8.1930538304e-02 -6.0826905919e-02 9.9478011360e-01
2.8240102769e-01 6.2500723819e-01 7.0169238903e+00
5.3200000000e+02 0.0000000000e+00 0.0000000000e+00
9.8990344298e-01 -6.6577044240e-02 -1.2513461057e-01
4.2200254483e-02 9.8122025101e-01 -1.8821784593e-01
1.3531560185e-01 1.8103678131e-01 9.7412287300e-01
2.7654495332e-02 -1.1130394139e+00 6.9607001720e+00
5.3200000000e+02 0.0000000000e+00 0.0000000000e+00
9.8888037260e-01 -7.5120322110e-02 -1.2834541635e-01
6.8279836432e-02 9.9604247882e-01 -5.6896786503e-02
1.3211159158e-01 4.7500711401e-02 9.9009606089e-01
3.2682026783e-03 -1.6826625960e-01 7.0472674852e+00
5.3200000000e+02 0.0000000000e+00 0.0000000000e+00
9.8760073825e-01 -8.1460573719e-02 -1.3419745430e-01
8.6531636227e-02 9.9572245004e-01 3.2389480091e-02
1.3098495236e-01 -4.3600199748e-02 9.9042514348e-01
-3.9780062817e-02 4.7306034476e-01 7.0335171230e+00
5.3200000000e+02 0.0000000000e+00 0.0000000000e+00
9.8871543896e-01 -8.4100269969e-02 -1.2397146989e-01
9.9123109754e-02 9.8775672056e-01 1.2046273325e-01
1.1232270416e-01 -1.3139180180e-01 9.8494659985e-01
3.2288134064e-02 1.0983835452e+00 6.9637566061e+00
5.3200000000e+02 0.0000000000e+00 0.0000000000e+00
9.8777271537e-01 -8.2113890793e-02 -1.3252309878e-01
1.0508966083e-01 9.7859540700e-01 1.7693838639e-01
1.1515739645e-01 -1.8870171788e-01 9.7525916336e-01
-2.7869559236e-02 1.4968255683e+00 6.8888748958e+00
5.3200000000e+02 0.0000000000e+00 0.0000000000e+00
9.8634371109e-01 -1.2547742679e-01 -1.0668410829e-01
1.4375690432e-01 9.7200086567e-01 1.8587164818e-01
8.0374349488e-02 -1.9866990840e-01 9.7676518746e-01
1.4415725898e-01 1.5991537893e+00 6.8680633975e+00
5.3200000000e+02 0.0000000000e+00 0.0000000000e+00
9.7805457051e-01 -1.5872388092e-01 -1.3496661336e-01
1.7885575464e-01 9.7188315351e-01 1.5314618816e-01
1.0686382048e-01 -1.7392488477e-01 9.7894343980e-01
-6.7255767622e-02 1.4050864560e+00 6.9111405931e+00
5.3200000000e+02 0.0000000000e+00 0.0000000000e+00
9.7366125523e-01 -1.7144712144e-01 -1.5029851834e-01
2.0203567372e-01 9.5428987041e-01 2.2025537400e-01
1.0566620374e-01 -2.4481978633e-01 9.6379350776e-01
-1.8064375371e-01 1.8956045559e+00 6.7910724113e+00
5.3200000000e+02 0.0000000000e+00 0.0000000000e+00
9.6648209804e-01 -2.1509605416e-01 -1.4016433803e-01
2.4227210077e-01 9.4477163833e-01 2.2070518932e-01
8.4950475919e-02 -2.4726552304e-01 9.6521664809e-01
-1.2278941972e-01 1.9377175006e+00 6.7856149895e+00
5.3200000000e+02 0.0000000000e+00 0.0000000000e+00
9.6134405481e-01 -2.2713756645e-01 -1.5564746767e-01
2.6774940050e-01 9.0302455646e-01 3.3594182376e-01
6.4248477135e-02 -3.6463019119e-01 9.2893323595e-01
-2.3741350059e-01 2.7638766007e+00 6.4928378712e+00
5.3200000000e+02 0.0000000000e+00 0.0000000000e+00
9.6190869558e-01 -2.3515060292e-01 -1.3941253644e-01
2.7256425696e-01 8.6412995413e-01 4.2306990936e-01
2.0985404456e-02 -4.4495349906e-01 8.9530776634e-01
-1.2312821404e-01 3.3769000827e+00 6.2053011963e+00
0 0 0
0 0 0
0 0 0
0 0 0
0 0 0
0 0 0
0 0 0
0 0 0
0 0 0
0 0 0
0 0 0
0 0 0
0 0 0
0 0 0
0 0 0
0 0 0
0 0 0
0 0 0
0 0 0
0 0 0
0 0 0
0 0 0
0 0 0
0 0 0
0 0 0
0 0 0
0 0 0
0 0 0
0 0 0
0 0 0
0 0 0
0 0 0
0 0 0
0 0 0
0 0 0
0 0 0
0 0 0
0 0 0
0 0 0
0 0 0
0 0 0
0 0 0
0 0 0
0 0 0
0 0 0
0 0 0
0 0 0
0 0 0
0 0 0
0 0 0
0 0 0
0 0 0
0 0 0
0 0 0
0 0 0
0 0 0
0 0 0
0 0 0
0 0 0
0 0 0
0 0 0
0 0 0
0 0 0
0 0 0
0 0 0
0 0 0
0 0 0
0 0 0
0 0 0
0 0 0
0 0 0
0 0 0
0 0 0
0 0 0
0 0 0
0 0 0
0 0 0
0 0 0
0 0 0
0 0 0
0 0 0
0 0 0
0 0 0
0 0 0
0 0 0
0 0 0
0 0 0
0 0 0
0 0 0
0 0 0
0 0 0
0 0 0
0 0 0
0 0 0
0 0 0
0 0 0
0 0 0
0 0 0
0 0 0
0 0 0
0 0 0
0 0 0
0 0 0
0 0 0
0 0 0
0 0 0
0 0 0
0 0 0
0 0 0
0 0 0
0 0 0
0 0 0
0 0 0
0 0 0
0 0 0
0 0 0
0 0 0
0 0 0
0 0 0
0 0 0
0 0 0
0 0 0
0 0 0
0 0 0
0 0 0
0 0 0
0 0 0
0 0 0
0 0 0
0 0 0
0 0 0
0 0 0
0 0 0
0 0 0
0 0 0
0 0 0
0 0 0
0 0 0
0 0 0
0 0 0
0 0 0
0 0 0
0 0 0
0 0 0
0 0 0
0 0 0
0 0 0
0 0 0
0 0 0
0 0 0
0 0 0
0 0 0
0 0 0
0 0 0
0 0 0
0 0 0
0 0 0
0 0 0
0 0 0
0 0 0
0 0 0
0 0 0
0 0 0
0 0 0
0 0 0
0 0 0
0 0 0
0 0 0
0 0 0
0 0 0
0 0 0
0 0 0
0 0 0
0 0 0
0 0 0
0 0 0
0 0 0
0 0 0
0 0 0
0 0 0
0 0 0
0 0 0
0 0 0
0 0 0
0 0 0
0 0 0
0 0 0
0 0 0
0 0 0
0 0 0
5.3200000000e+02 0.0000000000e+00 0.0000000000e+00
9.5605867559e-01 2.9013810862e-01 4.2091409533e-02
-2.8271002535e-01 9.5039699304e-01 -1.2969424503e-01
-7.7632792003e-02 1.1209564468e-01 9.9066024249e-01
1.2318744400e+00 -1.0205739148e+00 6.8871895207e+00
5.3200000000e+02 0.0000000000e+00 0.0000000000e+00
9.3154062148e-01 3.4974669405e-01 -9.9545570114e-02
-3.4698648148e-01 7.7304278680e-01 -5.3104164757e-01
-1.0877707571e-01 5.2922783353e-01 8.4147813282e-01
2.2193320686e-01 -3.9285846627e+00 5.8671525919e+00
5.3200000000e+02 0.0000000000e+00 0.0000000000e+00
9.3741210437e-01 3.2460527508e-01 -1.2605539247e-01
-3.4481864130e-01 8.1480846659e-01 -4.6603354748e-01
-4.8565946832e-02 4.8033173761e-01 8.7574126924e-01
3.8249746871e-02 -3.4657395468e+00 6.1558153462e+00
5.3200000000e+02 0.0000000000e+00 0.0000000000e+00
9.7454915946e-01 2.1839889997e-01 -5.0555477350e-02
-2.2306029057e-01 9.2227633944e-01 -3.1567461170e-01
-2.2316867356e-02 3.1891734697e-01 9.4751975348e-01
5.8502518597e-01 -2.2758998192e+00 6.6574493668e+00
5.3200000000e+02 0.0000000000e+00 0.0000000000e+00
9.9543185765e-01 2.7646689101e-02 -9.1384229243e-02
-4.3151426545e-02 9.8409541907e-01 -1.7231993659e-01
8.5166725661e-02 1.7547611445e-01 9.8079292519e-01
2.8737169520e-01 -1.0909056056e+00 6.9693873232e+00
5.3200000000e+02 0.0000000000e+00 0.0000000000e+00
9.9683498560e-01 -4.4973841867e-02 -6.5554290643e-02
4.4897064193e-02 9.9898811773e-01 -2.6446673934e-03
6.5606898271e-02 -3.0689821209e-04 9.9784549942e-01
4.5818110927e-01 1.8970505027e-01 7.0439575607e+00
5.3200000000e+02 0.0000000000e+00 0.0000000000e+00
9.9069390498e-01 -1.2211457260e-01 -6.0113374423e-02
1.2820124301e-01 9.8554198151e-01 1.1077654975e-01
4.5716823117e-02 -1.1745226197e-01 9.9202567418e-01
4.7785495032e-01 1.0622710011e+00 6.9662990151e+00
5.3200000000e+02 0.0000000000e+00 0.0000000000e+00
9.7723633860e-01 -2.0726120551e-01 -4.5298247295e-02
2.1210607976e-01 9.5900470513e-01 1.8793878384e-01
4.4888133892e-03 -1.9326864265e-01 9.8113560853e-01
5.5431426865e-01 1.6794190507e+00 6.8407948871e+00
5.3200000000e+02 0.0000000000e+00 0.0000000000e+00
9.7060175201e-01 -2.2987086159e-01 -7.1355630396e-02
2.4067904992e-01 9.2989653833e-01 2.7814748412e-01
2.4153518722e-03 -2.8714424074e-01 9.5788430987e-01
3.6170997529e-01 2.3357851463e+00 6.6590003696e+00
5.3200000000e+02 0.0000000000e+00 0.0000000000e+00
9.5712092966e-01 -2.8131352535e-01 -6.9153643861e-02
2.8754497720e-01 8.9358443346e-01 3.4470965515e-01
-3.5176868641e-02 -3.4981360855e-01 9.3615865492e-01
3.5583777933e-01 2.8454154753e+00 6.4600828143e+00
5.3200000000e+02 0.0000000000e+00 0.0000000000e+00
9.1094757398e-01 -3.8876633299e-01 -1.3796831442e-01
4.1082607832e-01 8.2466256944e-01 3.8878474757e-01
-3.7369115969e-02 -4.1084350415e-01 9.1093971495e-01
-1.8989036085e-01 3.2604514025e+00 6.2671817854e+00
5.3200000000e+02 0.0000000000e+00 0.0000000000e+00
9.7499424412e-01 -2.0480398888e-01 -8.6264419547e-02
2.1387990403e-01 9.7018575111e-01 1.1399559203e-01
6.0345758710e-02 -1.2959527186e-01 9.8972898054e-01
2.6549068019e-01 1.1632127797e+00 6.9627729120e+00
5.3200000000e+02 0.0000000000e+00 0.0000000000e+00
9.5914601882e-01 -2.6317960266e-01 -1.0380467878e-01
2.8254081679e-01 9.0985696709e-01 3.0386014263e-01
1.4477618604e-02 -3.2077530481e-01 9.4704466758e-01
1.1736959742e-01 2.5530682878e+00 6.5881120375e+00
0 0 0
0 0 0
0 0 0
0 0 0
0 0 0
0 0 0
0 0 0
0 0 0
0 0 0
0 0 0
0 0 0
0 0 0
0 0 0
0 0 0
0 0 0
0 0 0
0 0 0
0 0 0
0 0 0
0 0 0
0 0 0
0 0 0
0 0 0
0 0 0
0 0 0
0 0 0
0 0 0
0 0 0
0 0 0
0 0 0
-9.2891252316e-01 -1.5529433058e-01 -7.0438058793e+00
30 31 52
29 28 44 -50.2500 47.6900 32 66 -37.5100 21.3400 27 52 -5.0600 17.1200 29 50 -44.8700 130.7100 30 48 -36.7600 78.1300 31 43 -42.2100 39.6600 33 95 -12.1600 162.9000 34 74 -7.5800 96.4300 35 78 -4.5900 56.1100 36 63 -9.8100 8.4200 86 37 11.6900 81.1600 87 50 -1.0300 95.7000 23 46 31.0500 76.5900 24 42 25.0600 52.5000 25 48 37.1100 17.7100 26 43 32.6200 -20.7000 37 68 -4.3800 -21.3900 84 22 49.1500 97.0900 85 22 11.6000 98.0500 22 46 20.0800 40.8300 19 34 41.1100 6.4800 20 37 50.9800 -3.3500 21 48 24.6000 1.8900 38 81 -21.9700 19.5100 39 76 -16.1200 52.5100 88 69 -12.1600 79.0500 93 77 -21.2400 92.6500 82 12 26.1900 80.4600 83 15 33.6600 142.3100
-9.2806145550e-01 -1.5739708722e-01 -7.0420265967e+00
23 21 21
30 28 42 -43.8300 30.2500 32 65 -28.7500 6.7600 27 68 -1.1100 -2.5900 29 64 -38.8200 109.7500 30 47 -29.7200 59.4300 33 94 -3.3400 146.9800 34 73 1.3300 82.0900 35 77 4.2200 42.4500 36 62 -1.0200 -5.0800 86 50 20.5400 59.1600 87 49 10.7000 78.4900 23 76 29.1600 51.6300 24 53 23.7700 27.5800 25 83 35.9300 -5.7800 26 74 31.0400 -44.3500 37 67 4.2300 -34.8300 84 43 47.6100 67.7000 85 29 15.1300 72.9300 22 58 16.1100 15.6500 19 49 33.7300 -19.8300 20 73 43.2300 -29.2000 21 61 19.8500 -24.3200 38 69 -11.6200 7.4700 39 75 -5.5400 41.9000 88 67 2.4500 64.3200 93 63 -5.0900 79.8600 40 81 -0.0100 33.0800 89 70 -20.6000 68.1300 82 19 23.8200 44.6000 83 28 31.0100 111.0500
-9.2441982796e-01 -1.5742138471e-01 -7.0451012384e+00
26 27 30
22 28 41 -8.7000 28.4000 32 64 5.9800 5.7300 27 67 31.9000 -4.1300 29 63 -1.8300 106.7500 30 46 5.9300 57.1300 33 93 32.0900 143.9300 34 72 35.4000 79.3300 35 76 37.7900 39.9200 36 61 32.3400 -7.4900 86 49 60.3800 54.7700 23 75 63.0400 48.3300 24 76 57.7400 24.4600 25 82 68.7900 -9.5300 26 73 64.3900 -48.3500 37 66 37.4200 -37.0500 84 42 86.2100 56.9400 85 41 52.3600 64.1500 22 80 49.6800 13.5700 19 67 68.1400 -19.2900 20 74 77.2900 -27.4700 21 85 53.8500 -23.4700 82 27 65.4100 44.8600
-9.2532368392e-01 -1.6134733825e-01 -7.0395548790e+00
93 90 102
25 28 73 -20.6300 -7.4800 32 74 -2.0100 -25.3300 27 110 18.6500 -44.1900 29 114 -15.2600 65.6700 30 75 -5.6600 19.6400 31 55 -11.0200 -14.7600 33 110 22.9500 112.5100 34 88 27.4400 50.5600 35 90 30.2300 12.1700 36 73 25.1200 -35.4200 86 69 49.9300 10.3800 87 62 44.2400 38.6600 23 120 40.4600 1.2000 24 116 35.5900 -22.4600 25 131 47.1400 -55.1700 26 126 42.6000 -94.8500 37 80 30.3100 -65.1000 84 69 60.4100 2.8000 85 50 34.9500 17.1100 22 123 23.0100 -32.9400 21 162 26.1400 -72.3100 38 79 16.9600 -19.5700 39 73 23.2400 17.7700 88 66 39.3000 30.7000 93 62 34.9500 50.5900
-9.2392406459e-01 -1.6140742354e-01 -7.0410017560e+00
95 93 105
15 28 94 -6.5300 -7.3700 32 97 12.3600 -25.0900 27 140 31.7800 -43.5400 29 146 -0.7200 65.9800 30 96 8.6900 19.7300 31 79 3.2900 -14.8600 86 89 66.0400 10.2500 23 163 53.5600 1.7800 24 152 48.9100 -21.9900 25 173 60.2100 -55.0600 26 154 55.9100 -94.7800 84 84 75.9200 1.6100 85 106 50.0600 15.8100 22 157 36.0000 -32.4000 21 164 39.2300 -70.8100
-9.3667866944e-01 -1.5136486987e-01 -7.0460303086e+00
64 64 74
10 28 47 -112.6100 81.2400 32 49 -98.6800 44.8800 27 69 -64.6400 56.9400 30 36 -99.8200 113.0100 31 30 -103.0000 70.9600 86 40 -62.6900 124.7500 23 62 -28.7600 138.8800 25 62 -18.6300 74.9700 26 56 -23.0400 36.8800 85 23 -56.5900 159.3800
-9.2385535992e-01 -1.6137656609e-01 -7.0407897333e+00
95 93 105
23 28 95 -6.5300 -7.3700 32 98 12.3600 -25.0900 27 141 31.7800 -43.5400 29 147 -0.7200 65.9800 30 97 8.6900 19.7300 31 80 3.2900 -14.8600 33 136 37.4100 112.0400 34 104 41.5000 50.0400 35 107 44.1800 11.5300 36 87 39.0100 -35.9300 86 90 66.0400 10.2500 87 77 60.8800 37.1200 23 164 53.5600 1.7800 24 153 48.9100 -21.9900 25 174 60.2100 -55.0600 26 155 55.9100 -94.7800 37 88 44.2300 -65.3600 84 85 75.9200 1.6100 38 95 31.4300 -20.2100 39 84 37.6500 17.3900 88 81 56.2800 29.4600 93 74 52.6300 50.4900 40 99 42.8700 11.2200
-9.2866622693e-01 -1.6106968892e-01 -7.0370814481e+00
96 92 107
23 28 96 -55.4200 -6.0800 32 99 -36.9200 -24.6100 27 142 -13.6200 -43.4900 29 148 -51.6100 67.4800 30 98 -41.0800 21.1600 31 81 -45.6800 -12.8200 33 137 -12.2000 115.1300 34 105 -6.7800 53.0000 35 108 -3.6700 14.5700 36 88 -8.7600 -33.1900 86 91 9.5200 13.3700 87 78 2.9400 44.1300 23 165 8.1100 2.3800 24 154 3.0000 -20.8300 25 175 15.2100 -52.9500 26 157 10.1800 -92.2400 37 89 -3.3100 -62.8700 84 88 21.6800 9.8700 38 96 -18.6000 -17.0100 39 85 -11.8300 19.7100 88 82 -2.9600 35.3500 93 75 -9.0300 52.6000 89 76 -24.7200 44.1900
-9.2959511452e-01 -1.6090427509e-01 -7.0363217122e+00
97 94 113
14 28 98 -65.8000 -5.1700 32 101 -47.3500 -23.9900 27 145 -23.3200 -42.7700 29 150 -62.4900 68.5800 30 100 -51.6900 22.1700 31 84 -56.0100 -11.8400 33 140 -22.6500 116.2900 86 93 -2.7100 14.8400 23 167 -1.6400 3.3800 24 155 -6.8000 -19.7100 25 177 5.6600 -51.5600 26 159 0.5000 -90.7400 84 90 9.8900 12.9000 85 81 -14.2000 26.4500
-9.1971351922e-01 -1.6186124797e-01 -7.0448696059e+00
90 89 105
11 28 117 30.9800 -8.9100 32 116 50.1000 -26.0100 27 176 66.9900 -44.1200 29 191 37.9200 64.0100 30 127 46.7300 17.9300 31 100 40.5400 -16.8700 33 165 75.8400 109.1400 86 123 108.6500 7.4200 24 212 83.8500 -23.4800 25 243 94.9000 -57.4700 26 219 91.2200 -97.5400
-9.3702425941e-01 -1.5400296692e-01 -7.0444465057e+00
55 58 65
12 28 5 -114.8600 60.5900 32 7 -100.8700 23.2700 27 5 -71.4700 32.7800 29 6 -119.2100 151.2300 30 6 -106.4900 91.9500 31 6 -109.9500 49.0200 33 6 -79.4800 169.1200 34 7 -72.8400 100.4600 35 9 -68.1300 57.5600 86 2 -72.3800 94.5900 87 6 -84.1400 103.6300 37 9 -67.4500 -18.4300
-9.3718316624e-01 -1.6533076116e-01 -7.0398356137e+00
50 56 63
23 28 8 -129.3500 -46.3300 32 9 -107.3900 -73.1900 27 13 -86.0600 -69.9300 29 9 -128.2700 32.5000 30 8 -116.4600 -16.4400 31 8 -120.9800 -52.7700 33 8 -82.7600 68.5000 34 10 -76.2600 6.8900 35 10 -72.0900 -32.4500 36 8 -77.9700 -81.0800 86 3 -84.4200 -27.6900 87 9 -89.7900 -13.6600 37 7 -72.6900 -111.4100 85 4 -101.6100 6.4600 38 12 -92.4000 -80.2300 39 14 -80.4000 -44.3900 88 14 -97.2500 -41.7100 93 13 -98.3800 -34.7500 40 13 -71.4100 -49.4700 89 12 -116.6000 -43.4200 41 13 -70.6500 -19.4600 90 10 -100.9900 -47.7000 94 9 -95.2600 -40.3500
-9.1521951415e-01 -1.6882339542e-01 -7.0504610299e+00
103 105 104
12 28 28 64.0300 -60.0400 32 34 89.5400 -82.3200 27 46 94.3900 -85.6700 29 41 67.3300 14.1300 30 34 78.4100 -33.7400 31 27 73.3400 -70.1700 33 42 110.1400 49.7300 34 37 114.6500 -10.7200 35 43 118.3200 -49.8500 36 36 114.8800 -97.6600 86 11 138.8500 -51.6900 37 38 121.1600 -128.1000
-9.3485767908e-01 -1.6061518223e-01 -7.0350803439e+00
39 48 51
20 28 39 -121.7300 -3.2600 32 46 -103.0100 -24.7100 27 66 -74.2300 -40.6600 29 46 -121.4700 72.1200 30 44 -108.6000 24.3100 31 41 -112.1200 -9.8400 33 46 -78.6900 118.2600 34 53 -71.0000 55.2100 35 56 -66.8900 16.4600 36 46 -72.1000 -31.3400 86 35 -69.6700 18.6600 87 38 -78.0200 50.3400 37 47 -66.1500 -61.1700 85 28 -77.9200 36.8900 38 42 -84.7300 -18.4000 39 37 -76.5900 16.5700 88 38 -85.3600 35.6400 93 34 -93.5600 46.2900 40 35 -69.2100 11.1900 89 37 -110.2500 40.7900
-9.3531941840e-01 -1.6737446096e-01 -7.0388213979e+00
76 83 93
25 28 89 -112.8000 -65.2000 32 92 -90.9000 -94.3200 27 136 -70.8200 -88.1800 29 108 -112.9500 12.5000 30 71 -100.3500 -37.4300 31 75 -104.9700 -74.3800 34 84 -61.1500 -13.9800 35 104 -57.3900 -52.9700 36 83 -63.1900 -101.5800 86 62 -66.6300 -54.6500 87 71 -71.7300 -39.1600 37 76 -57.9600 -131.8100 85 71 -87.9800 -24.2700 38 77 -72.9700 -92.9500 39 69 -62.0800 -56.8100 88 77 -73.5700 -57.5200 93 58 -72.2700 -48.9700 40 75 -54.4800 -62.6100 89 61 -91.0500 -60.1600 41 69 -53.3000 -34.3800 90 58 -79.9100 -66.3700 94 47 -74.1100 -59.1200 42 69 -41.2100 -54.1900 43 56 -33.8200 -35.7000 91 35 -79.6100 -19.4000
-9.2969222948e-01 -1.6086566975e-01 -7.0369245417e+00
97 94 113
20 28 97 -65.8000 -5.1700 32 100 -47.3500 -23.9900 27 144 -23.3200 -42.7700 29 149 -62.4900 68.5800 30 99 -51.6900 22.1700 31 83 -56.0100 -11.8400 33 139 -22.6500 116.2900 34 106 -17.0400 53.9600 35 109 -13.6600 15.5800 36 89 -18.8000 -32.3200 86 92 -2.7100 14.8400 87 79 -9.5300 46.1700 37 90 -13.2800 -61.8500 84 89 9.8900 12.9000 85 80 -14.2000 26.4500 38 105 -29.0900 -15.8700 39 97 -22.2400 20.6500 88 92 -15.6400 37.1300 93 84 -22.2600 53.4600 89 87 -37.9800 45.5300
-9.1967476265e-01 -1.6180869545e-01 -7.0438178195e+00
90 89 105
8 28 116 30.9800 -8.9100 32 115 50.1000 -26.0100 27 175 66.9900 -44.1200 29 190 37.9200 64.0100 30 126 46.7300 17.9300 31 99 40.5400 -16.8700 33 164 75.8400 109.1400 86 122 108.6500 7.4200
-9.3892329534e-01 -1.5245844875e-01 -7.0426118736e+00
66 68 73
14 28 18 -138.2000 74.4100 32 29 -124.6700 38.5900 29 14 -141.4900 167.0800 30 21 -128.0100 106.1600 31 13 -130.3600 62.9700 33 23 -103.2500 184.6500 34 20 -94.5900 114.7100 35 24 -89.6100 72.5500 36 24 -93.9200 24.0500 87 14 -109.4700 124.1400 38 27 -108.9600 32.9300 39 28 -101.6600 62.5200 88 30 -120.3900 98.4600 40 37 -94.0600 50.6100
-9.3202241123e-01 -1.6287613957e-01 -7.0352910243e+00
86 97 119
20 28 37 -91.3600 -26.9000 32 44 -71.2600 -46.2600 31 39 -81.5900 -33.6400 33 61 -46.7900 94.6600 34 51 -40.6600 33.2700 35 54 -36.9100 -4.8800 36 45 -42.0900 -52.8100 86 33 -33.8600 -11.4400 87 36 -39.8500 21.3200 37 46 -36.5300 -82.6200 38 53 -52.8900 -36.6800 39 51 -44.8300 0.0500 88 48 -44.9300 11.7600 93 33 -50.5200 25.8400 40 50 -38.0900 -4.5400 89 36 -66.9900 19.1400 41 41 -37.1000 31.4000 90 30 -57.5900 15.2000 94 25 -56.2800 23.1200 42 42 -25.6100 15.3400
-9.2690404662e-01 -1.5238522700e-01 -7.0507738960e+00
76 73 87
6 28 45 -25.9100 69.6300 32 48 -15.0000 37.6000 33 64 10.8500 179.1000 35 79 16.3500 69.4900 36 64 11.1000 22.1200 86 51 36.6100 107.2700
-1.0637194112e+00 -4.6779130497e-02 -7.3217821431e+00
118 116 117
15 28 49 -186.4500 193.1100 32 103 -180.0400 92.1400 31 66 -190.1200 170.4400 34 89 -158.0600 157.6300 35 91 -151.4500 108.0800 36 74 -154.3400 60.7100 37 92 -148.2900 31.1500 38 82 -168.5800 26.8400 39 74 -159.4700 37.5700 88 94 -196.1300 72.2500 93 83 -195.1100 52.4400 89 74 -216.1100 18.6400 41 88 -165.5000 -1.9200 90 88 -205.1600 -30.5900 94 90 -193.1900 -52.6900
-9.1840785775e-01 -1.6865915481e-01 -7.0499557661e+00
88 94 100
19 28 69 39.4800 -59.1700 32 43 64.9500 -82.8800 29 109 42.0100 15.9500 30 72 53.7200 -32.3400 31 53 48.4000 -69.2400 33 91 85.0800 49.3100 34 66 89.8100 -11.3900 35 69 93.4100 -50.6000 36 56 89.8100 -98.2900 86 81 107.5900 -51.3000 87 58 109.3700 -42.1800 37 61 95.7700 -128.9900 38 61 86.9000 -89.5400 39 57 95.1800 -51.4200 88 61 112.9300 -55.5400 93 60 119.4500 -34.2900 40 61 101.9100 -59.5600 89 53 104.6700 -50.5000 90 48 114.9600 -60.0700
-9.3358117075e-01 -1.6749250714e-01 -7.0395300171e+00
70 76 97
10 28 90 -95.4000 -64.5300 32 71 -73.0000 -92.6900 30 91 -82.4100 -37.5800 33 107 -50.0200 47.5100 34 83 -44.2700 -13.4200 35 86 -40.6100 -52.4100 87 59 -49.5900 -39.2700 37 75 -40.5400 -131.3200 88 53 -50.9000 -56.6300 93 48 -49.3400 -46.6100
-9.3615517960e-01 -1.6416013068e-01 -7.0348454084e+00
88 93 97
11 28 92 -133.1400 -39.9200 32 96 -112.6000 -64.1000 30 94 -120.4700 -13.0700 31 78 -124.4400 -47.3500 33 134 -87.8900 78.4500 34 102 -80.9900 17.2800 35 105 -76.9900 -21.0500 36 85 -82.5700 -69.5800 86 87 -87.2800 -26.0800 87 74 -93.7800 2.2600 37 86 -76.9200 -99.4300
-9.3330334855e-01 -1.7289757657e-01 -7.0338871340e+00
176 176 176
4 28 0 -104.8200 -131.8900 29 0 -104.7100 -53.8200 24 1 -76.9100 -112.3600 25 1 -59.8200 -158.3600
-9.1526518119e-01 -1.7337090477e-01 -7.0496168830e+00
171 173 170
4 28 4 64.4200 -94.4600 30 5 75.4900 -67.2800 31 3 78.8000 -110.8900 85 2 87.5300 -84.8000
-9.2235153441e-01 -1.5334727989e-01 -7.0560949605e+00
66 65 81
8 28 15 10.0400 59.1000 27 20 52.6300 34.7400 29 13 18.4900 145.8400 30 19 24.0300 90.2100 31 16 16.3500 49.9500 86 8 76.0900 93.2500 85 11 73.3300 110.0700 83 6 101.6400 169.5500
-1.0637166362e+00 -4.7154566208e-02 -7.3346194867e+00
124 122 123
6 28 19 -179.3700 185.9600 31 18 -182.6500 163.0900 34 21 -150.5800 151.2700 35 25 -144.0600 101.7700 36 25 -147.2000 54.6700 87 22 -178.5000 135.6600
-9.3633848143e-01 -1.6791573017e-01 -7.0384048150e+00
177 179 178
19 28 33 -121.9600 -70.6700 29 57 -121.7600 5.4900 30 30 -109.3800 -44.5700 34 46 -70.8300 -19.0600 36 43 -72.3300 -106.8800 86 27 -77.9800 -62.3300 87 34 -83.4200 -45.1900 37 36 -67.8200 -138.1600 85 25 -100.2200 -30.5000 38 49 -83.1300 -98.6600 39 46 -72.2000 -62.7900 88 46 -86.3200 -64.6400 93 43 -84.3400 -56.8800 40 44 -64.6300 -68.6900 89 31 -104.0800 -68.9200 41 36 -64.6300 -42.1700 90 24 -93.3200 -75.9600 94 21 -88.1800 -69.2800 42 38 -53.2700 -62.9800
-9.2607255216e-01 -1.6786601272e-01 -7.0443160923e+00
75 86 108
2 28 34 -23.0400 -60.9000 27 106 11.3000 -85.1000
-9.3690263686e-01 -1.6683448340e-01 -7.0381704688e+00
46 53 59
7 28 35 -128.7300 -60.6100 27 59 -86.0200 -85.0200 29 59 -128.5900 15.9700 30 40 -116.3200 -33.7800 31 28 -121.6900 -69.3100 86 29 -85.1000 -49.9000 85 37 -107.8400 -17.7900
-9.3650749017e-01 -1.6073942940e-01 -7.0360676319e+00
151 160 163
5 28 38 -133.9900 -4.4400 29 62 -135.1800 74.0600 30 43 -121.5600 23.8300 31 42 -124.9400 -11.7500 86 34 -86.0900 18.5400
-9.2847579188e-01 -1.5232621453e-01 -7.0492628140e+00
78 76 90
3 28 46 -39.4800 71.4100 33 65 -3.3700 181.1700 86 39 21.4200 109.2700
-9.2601983193e-01 -1.6799789885e-01 -7.0447701134e+00
73 84 106
10 28 56 -22.9400 -61.5800 29 58 -21.5100 15.0800 30 60 -9.6900 -34.4000 31 52 -13.9600 -71.3600 33 57 22.1100 49.4900 34 49 27.6700 -11.9000 35 52 30.6000 -50.2800 86 46 37.6500 -52.1400 38 52 22.0000 -89.7300 93 49 45.3600 -39.3800
-9.2053605677e-01 -1.6844648133e-01 -7.0484202142e+00
77 85 107
17 28 57 24.2500 -60.2900 32 33 46.6600 -84.1000 27 83 55.6400 -83.6700 29 86 26.4800 15.7500 30 41 37.4700 -32.8500 31 36 32.3800 -69.8700 33 43 67.7600 49.5100 34 48 73.8000 -12.2200 35 44 76.0300 -50.3800 36 37 72.2900 -98.3900 86 28 90.1700 -51.0100 87 29 90.3500 -40.6000 37 39 77.9500 -128.6300 38 50 69.9100 -90.1700 39 47 78.7000 -52.2500 88 35 93.7500 -54.2800 93 30 99.6500 -34.2700
-9.3675553695e-01 -1.5128982418e-01 -7.0449578828e+00
65 65 75
4 28 60 -113.6100 82.0800 27 96 -65.9200 57.9900 29 65 -114.4400 175.0300 31 56 -107.0700 74.0800
-1.0706686093e+00 -3.9628494588e-02 -7.3293389163e+00
10 12 13
7 28 63 -192.6900 198.8200 31 58 -195.3900 176.7900 34 75 -163.7700 163.2800 35 80 -157.0800 113.1700 36 65 -159.5000 66.0800 87 65 -191.4900 147.5900 37 69 -153.5500 36.2500
-9.3682173312e-01 -1.6565244503e-01 -7.0363301955e+00
90 96 102
4 28 70 -134.0300 -52.7100 30 73 -121.7900 -26.0600 31 65 -125.4400 -60.2900 86 84 -90.7200 -40.9100
-9.2292993102e-01 -1.6030668275e-01 -7.0431931698e+00
32 30 38
12 28 75 2.6400 3.9000 27 146 41.4500 -30.9900 29 151 9.5800 78.6700 30 101 18.2300 31.6000 31 85 12.2900 -3.8400 86 94 75.9900 23.9900 23 168 66.3600 15.8900 24 157 61.5800 -8.0100 25 180 72.4700 -41.7100 26 161 68.3400 -81.0800 84 91 90.1400 16.9000 22 227 50.2800 -18.7100
-9.2853004200e-01 -1.5827411800e-01 -7.0408290503e+00
83 82 104
5 28 99 -49.2100 21.6700 29 155 -44.6500 99.3300 30 102 -35.1000 50.3900 31 86 -40.3400 14.3100 86 95 14.6000 48.4600
-9.3762065104e-01 -1.5766780908e-01 -7.0373324900e+00
99 104 108
5 28 100 -141.0700 26.8600 29 157 -143.1100 107.4700 30 103 -129.4900 56.1200 86 96 -96.0200 58.8500 85 86 -99.9500 87.8900
-9.4030212980e-01 -1.5357959789e-01 -7.0413829965e+00
86 90 93
4 28 102 -153.3200 63.9000 29 159 -158.5600 154.6800 30 104 -143.5200 96.5000 31 87 -146.2800 55.9100
-9.3557490164e-01 -1.6335678877e-01 -7.0349529378e+00
95 102 106
4 28 112 -126.9600 -31.5700 30 120 -114.4300 -4.9000 31 96 -117.7600 -38.2600 86 118 -79.8200 -16.5500
-9.3515356888e-01 -1.6319680490e-01 -7.0336341647e+00
95 102 106
3 28 113 -126.9600 -31.5700 30 121 -114.4300 -4.9000 31 97 -117.7600 -38.2600
-9.3453863873e-01 -1.6172956679e-01 -7.0340891991e+00
80 89 92
3 28 114 -120.1000 -15.6500 30 124 -106.8800 11.3500 31 98 -110.6700 -22.3300
-9.2583416670e-01 -1.5828779427e-01 -7.0426926723e+00
65 63 66
16 28 118 -23.0800 21.8200 27 148 18.0700 -11.9700 29 154 -16.9600 99.3200 30 128 -8.5400 50.4700 31 101 -14.2900 14.1200 86 124 45.0600 47.5800 23 124 47.0300 38.9200 24 167 41.8600 15.1900 25 188 53.4500 -18.5300 26 168 48.8300 -57.2700 84 96 68.4000 48.9900 85 108 36.6400 57.4900 22 171 32.8900 3.4500 19 151 49.6800 -30.8700 20 163 59.2000 -39.1900 21 170 36.7300 -35.3300
-9.2651820589e-01 -1.5823771277e-01 -7.0421021809e+00
64 62 63
13 28 119 -30.1500 22.6100 27 185 11.6500 -11.3200 29 192 -24.2400 100.2300 86 125 37.3200 48.6200 23 172 40.9200 39.6600 24 168 35.6600 15.9600 25 189 47.2700 -17.6400 26 169 42.6100 -56.3300 84 97 61.5400 50.9400 22 174 26.6700 4.1900 19 152 43.5400 -30.6100 20 164 52.8100 -39.1100 21 171 30.5800 -35.1000
-9.2535030396e-01 -1.5741243992e-01 -7.0441053596e+00
65 65 67
17 28 120 -17.7800 29.0600 27 189 23.7100 -3.5300 29 194 -11.0600 107.6900 30 129 -2.9000 57.9700 86 139 50.4700 56.3800 23 177 54.7300 49.1900 24 172 49.2700 25.2400 25 193 60.6400 -8.9200 26 174 56.1300 -47.6300 84 99 76.7900 60.1500 85 112 43.1500 66.8000 22 175 41.3400 13.5100 19 153 59.6000 -20.3300 20 168 68.8600 -28.7000 21 172 45.4200 -24.5200 82 53 55.6700 41.0100 83 62 60.8800 102.2300
-9.2535919432e-01 -1.5737914767e-01 -7.0440184449e+00
65 65 67
15 28 121 -17.7800 29.0600 27 190 23.7100 -3.5300 29 195 -11.0600 107.6900 23 178 54.7300 49.1900 24 173 49.2700 25.2400 25 194 60.6400 -8.9200 26 175 56.1300 -47.6300 84 100 76.7900 60.1500 85 113 43.1500 66.8000 22 176 41.3400 13.5100 19 154 59.6000 -20.3300 20 169 68.8600 -28.7000 21 173 45.4200 -24.5200 82 54 55.6700 41.0100 83 63 60.8800 102.2300
-9.2717646127e-01 -1.5738761521e-01 -7.0428803489e+00
66 64 65
16 28 122 -35.1900 30.6600 27 191 7.1400 -2.3600 29 158 -29.4800 109.6800 30 130 -20.9100 59.7400 31 102 -26.5000 22.9200 33 166 5.3500 147.2500 86 126 30.4300 59.1000 23 179 37.8800 50.8200 24 176 32.4900 27.0800 25 195 44.3000 -6.8200 26 176 39.5500 -45.3800 84 101 57.6500 65.3100 85 116 24.6600 71.4600 22 177 24.6400 15.0900 82 40 35.1300 43.0500 83 64 41.5700 107.0800
-9.2825078649e-01 -1.5646730288e-01 -7.0429944385e+00
63 65 69
14 28 123 -44.3900 38.5000 27 198 -1.3100 6.4400 29 200 -39.3900 119.3400 30 133 -30.5100 68.2000 31 105 -36.0700 30.8500 86 127 19.0500 69.4400 23 190 30.9600 62.3300 24 187 25.4600 38.5200 25 206 37.4200 4.4100 26 186 32.7500 -34.0600 84 107 49.7200 80.4300 22 188 18.9000 26.6500 19 161 37.6900 -8.4100 21 184 22.7700 -13.0600
-9.2758204425e-01 -1.5646267757e-01 -7.0434968208e+00
68 71 74
18 28 149 -38.1000 38.3800 27 196 4.7300 6.4400 29 198 -32.4900 118.9800 30 131 -24.0500 67.9400 31 103 -29.8000 30.6000 86 140 26.3900 68.8900 23 186 37.3000 61.9700 24 185 31.7700 38.0400 25 203 43.7400 3.8300 26 184 38.8900 -34.6400 84 105 56.9200 78.8300 85 117 22.2700 82.8200 22 186 25.0900 26.1200 19 159 44.2700 -8.6100 20 176 53.7400 -17.9200 21 182 29.2100 -12.9800 82 43 33.7900 59.4200 83 67 41.0800 122.0400
-9.2757854610e-01 -1.5646368818e-01 -7.0435003278e+00
68 71 74
17 28 150 -38.1000 38.3800 27 197 4.7300 6.4400 29 199 -32.4900 118.9800 30 132 -24.0500 67.9400 31 104 -29.8000 30.6000 23 187 37.3000 61.9700 24 186 31.7700 38.0400 25 204 43.7400 3.8300 26 185 38.8900 -34.6400 84 106 56.9200 78.8300 85 118 22.2700 82.8200 22 187 25.0900 26.1200 19 160 44.2700 -8.6100 20 177 53.7400 -17.9200 21 183 29.2100 -12.9800 82 44 33.7900 59.4200 83 68 41.0800 122.0400
-9.3393580755e-01 -1.4229957137e-01 -7.0480422555e+00
183 183 183
8 32 2 -83.5700 114.9600 35 3 -51.7700 145.9100 36 2 -54.4800 98.1600 37 2 -48.1000 66.5600 38 0 -60.5200 101.8500 39 5 -57.9800 128.5500 40 3 -51.2600 111.8600 90 2 -88.2300 142.1600
-9.1250387335e-01 -1.7430319955e-01 -7.0521208701e+00
179 179 178
16 32 4 108.7300 -124.4300 34 4 133.4200 -50.8600 35 5 141.4000 -92.4200 87 2 165.1000 -94.6900 38 1 141.5200 -131.1300 39 3 153.8400 -92.4600 88 3 172.0900 -103.9800 93 3 188.5900 -79.1200 40 4 161.7700 -94.9900 89 2 174.4800 -95.0000 41 5 178.8700 -62.6800 90 3 186.9400 -101.5400 94 2 193.8200 -91.9700 42 3 199.4500 -90.9600 43 0 214.6400 -92.5500 91 0 180.7200 -72.9800
-9.4659211598e-01 -1.5192873172e-01 -7.0521056700e+00
121 123 122
6 32 12 -154.5200 21.2800 33 10 -135.5400 164.8200 34 11 -127.9000 96.3800 35 11 -123.6700 55.3000 36 9 -127.9000 9.1100 37 8 -121.6700 -22.3100
-9.3503876098e-01 -1.5269397624e-01 -7.0435871324e+00
64 61 80
8 32 19 -89.7600 38.2800 31 12 -94.2500 62.4400 33 16 -65.9800 183.3100 34 19 -59.7300 114.8000 35 19 -54.3100 73.5800 36 16 -59.4800 25.3000 87 21 -67.7600 121.7700 37 21 -54.5100 -5.0100
-9.3546389276e-01 -1.6232517243e-01 -7.0338128338e+00
47 54 60
6 32 45 -110.5900 -43.7000 33 62 -85.8400 99.1300 34 67 -78.6300 37.0800 35 71 -74.6700 -1.5600 87 46 -89.5700 28.4200 37 62 -73.9100 -78.9100
-9.3623249485e-01 -1.6095905171e-01 -7.0351522652e+00
148 156 159
5 32 62 -115.3600 -30.6100 33 92 -91.1600 112.0900 34 69 -83.5700 49.1900 36 58 -84.6400 -37.7300 37 64 -78.6700 -67.4500
-9.3547707163e-01 -1.6536958509e-01 -7.0326244052e+00
112 120 125
4 32 94 -111.1000 -76.4200 33 132 -86.3600 66.4300 34 123 -79.6200 5.7900 35 121 -75.6900 -32.1800
-9.3585965870e-01 -1.6532866283e-01 -7.0339315316e+00
112 120 125
7 32 95 -111.1000 -76.4200 33 133 -86.3600 66.4300 34 124 -79.6200 5.7900 35 122 -75.6900 -32.1800 36 84 -81.4100 -80.9700 87 73 -93.4300 -12.6600 37 85 -75.9100 -111.0000
-9.3451047439e-01 -1.6177683893e-01 -7.0339313381e+00
91 100 103
7 32 114 -101.1700 -36.7600 33 163 -76.6900 105.6600 34 127 -69.4200 43.6400 35 125 -65.3300 5.3200 36 101 -70.6300 -42.8100 87 93 -76.6000 36.0800 37 102 -64.9200 -72.5900
-1.0605302417e+00 -1.7706462958e-01 -7.3106827167e+00
166 168 164
12 32 129 -166.9300 -96.1200 31 125 -185.6200 -26.1500 35 137 -140.9500 -75.0800 36 128 -148.4800 -122.7400 86 219 -168.8300 32.7000 87 116 -178.8900 -48.7900 38 131 -159.8300 -159.5700 39 107 -141.8900 -144.4200 40 145 -135.9800 -179.7400 89 104 -193.8200 -173.2700 41 130 -140.2800 -187.0700 90 128 -183.0400 -224.6600
-1.0797677593e+00 -2.2921089607e-02 -7.3568757170e+00
49 50 50
4 32 130 -182.5600 105.5600 31 108 -192.5500 185.8600 34 151 -161.2900 172.4600 87 106 -188.0300 156.8900
-1.0622165898e+00 -2.8434415802e-02 -7.3210411070e+00
95 94 90
7 32 151 -180.9500 117.2700 31 150 -190.0900 197.7400 34 152 -158.9400 184.7000 35 162 -151.9300 133.6100 36 135 -154.1800 85.4200 87 140 -185.4500 170.2300 37 139 -147.2200 55.5100
-1.0622165898e+00 -2.8434415802e-02 -7.3210411070e+00
95 94 90
7 32 152 -180.9500 117.2700 31 151 -190.0900 197.7400 34 153 -158.9400 184.7000 35 163 -151.9300 133.6100 36 136 -154.1800 85.4200 87 141 -185.4500 170.2300 37 140 -147.2200 55.5100
-9.2592294011e-01 -1.5528158410e-01 -7.0462811690e+00
33 35 51
11 27 51 20.7400 15.4300 29 49 -14.9600 127.3400 23 45 56.8000 74.0100 24 41 50.5500 49.4200 25 47 62.2500 14.4900 26 42 57.6800 -24.1000 84 29 78.2900 88.9200 22 45 45.7500 38.0000 19 33 67.8300 5.5400 20 36 77.5000 -3.2100 21 47 50.7200 1.1300
-9.3561291905e-01 -1.6475800574e-01 -7.0368393914e+00
48 54 60
4 27 62 -77.4100 -72.5100 29 61 -121.3300 32.5800 86 32 -74.8200 -29.4500 85 26 -91.2800 -2.6200
-9.3631324218e-01 -1.6052356158e-01 -7.0353128366e+00
152 160 163
3 27 86 -86.2300 -37.0500 29 91 -135.3200 74.2500 85 39 -94.9500 44.3800
-9.2923567463e-01 -1.5408268232e-01 -7.0454630402e+00
92 88 105
10 27 92 -5.1600 28.2300 29 98 -43.5900 141.8800 23 82 30.4100 91.9300 24 82 24.7600 67.2900 25 86 36.8600 32.0000 26 77 32.3900 -6.2800 22 82 20.8500 55.9800 19 52 42.4300 22.7300 20 56 52.0400 12.5500 21 63 24.9900 17.7900
-9.2532443742e-01 -1.6132107681e-01 -7.0395468237e+00
98 91 109
15 27 109 18.6500 -44.1900 29 113 -15.2600 65.6700 86 68 49.9300 10.3800 87 61 44.2400 38.6600 23 119 40.4600 1.2000 24 115 35.5900 -22.4600 25 130 47.1400 -55.1700 26 125 42.6000 -94.8500 84 68 60.4100 2.8000 85 49 34.9500 17.1100 22 122 23.0100 -32.9400 38 78 16.9600 -19.5700 39 72 23.2400 17.7700 88 65 39.3000 30.7000 93 61 34.9500 50.5900
-9.2934209908e-01 -1.5663462793e-01 -7.0415818155e+00
80 82 108
12 27 113 -12.2000 5.5300 29 117 -51.3100 118.8200 30 76 -41.9900 67.8200 86 97 5.7300 69.4600 23 130 19.3200 60.7600 24 95 13.5300 37.3600 25 106 25.8600 3.6100 26 132 21.2700 -35.0400 22 103 6.7200 25.3200 19 84 25.1900 -10.7000 20 95 35.0400 -20.5300 21 105 10.5100 -15.2600
-9.2856358553e-01 -1.6105405599e-01 -7.0366561238e+00
98 94 111
6 27 143 -13.6200 -43.4900 31 82 -45.6800 -12.8200 33 138 -12.2000 115.1300 23 166 8.1100 2.3800 25 176 15.2100 -52.9500 26 158 10.1800 -92.2400
-9.3546705697e-01 -1.6286746172e-01 -7.0357366163e+00
154 159 163
3 27 174 -79.9800 -59.4100 29 145 -122.1900 50.5400 85 79 -88.9600 15.0300
-9.2507466027e-01 -1.5649294666e-01 -7.0453196953e+00
62 66 69
11 27 195 27.8800 4.0500 29 196 -6.3800 115.1900 23 184 60.3200 59.1200 24 230 55.1100 34.7300 25 198 66.0700 0.2700 26 236 61.8500 -38.4100 84 146 83.2100 70.5400 22 183 47.7200 23.4100 19 112 66.3100 -9.3600 20 173 76.1800 -17.8000 21 179 51.5300 -13.6300
-9.3941980377e-01 -1.5339816998e-01 -7.0401437605e+00
138 144 148
2 27 206 -98.6600 37.8300 29 202 -153.7400 156.1400
-1.0173307251e+00 -1.5966883905e-01 -7.2126630483e+00
55 57 54
3 27 238 -144.9200 72.9500 86 166 -166.8500 60.6700 87 117 -177.3800 -19.6700
-9.3529642565e-01 -1.5907893687e-01 -7.0344348970e+00
43 51 54
2 29 47 -127.1300 88.3300 86 20 -77.1500 38.6800
-9.2472208034e-01 -1.6827361525e-01 -7.0463369172e+00
81 89 110
7 29 83 -8.8300 14.8300 30 59 2.3000 -34.1700 31 51 -2.1600 -71.5100 33 90 34.1200 47.8900 35 68 42.4400 -52.0600 36 55 38.3700 -100.0200 38 60 33.7000 -91.3400
-9.1974988546e-01 -1.6211104147e-01 -7.0458907396e+00
93 90 109
5 29 189 37.9200 64.0100 30 125 46.7300 17.9300 24 211 83.8500 -23.4800 25 242 94.9000 -57.4700 26 218 91.2200 -97.5400
-9.3356031345e-01 -1.6743345562e-01 -7.0395659668e+00
72 78 100
2 31 63 -86.8900 -73.7800 86 80 -45.2700 -54.9700
-9.2210219633e-01 -1.5400928745e-01 -7.0513732657e+00
68 65 82
6 33 22 49.9300 168.5500 34 27 51.8600 101.3700 35 34 54.1700 60.2600 36 28 48.2900 13.1300 87 31 66.4600 94.9400 38 46 40.0600 20.1000
-9.3493967883e-01 -1.6304558297e-01 -7.0337590289e+00
107 114 120
6 33 160 -80.1600 91.3800 34 125 -73.0900 30.1600 35 123 -68.9600 -8.0100 36 99 -74.3600 -56.2100 87 91 -82.4600 19.1000 37 100 -68.7200 -86.0600
-9.3493967883e-01 -1.6304558297e-01 -7.0337590289e+00
107 114 120
6 33 162 -80.1600 91.3800 34 126 -73.0900 30.1600 35 124 -68.9600 -8.0100 36 100 -74.3600 -56.2100 87 92 -82.4600 19.1000 37 101 -68.7200 -86.0600
-9.3714747861e-01 -1.6061087968e-01 -7.0387819936e+00
154 159 163
2 35 72 -79.3500 10.1900 87 37 -96.0400 40.4800
-9.0588627409e-01 -1.6752191508e-01 -7.0452232463e+00
132 132 132
5 27 4 179.2600 -94.3100 23 5 186.1300 -82.0900 24 3 183.7800 -103.3700 25 7 194.9600 -135.7100 22 4 156.2500 -121.7000
-9.3882687200e-01 -1.5199321144e-01 -7.0427876468e+00
66 73 76
9 27 37 -88.1800 51.6300 23 30 -53.3200 134.5000 24 18 -58.3600 108.2600 25 32 -42.9800 71.7400 26 25 -47.3900 34.1700 84 19 -55.4600 179.6900 85 13 -91.3300 159.3700 22 26 -55.0700 98.6600 82 3 -97.3200 173.9600
-9.3652249049e-01 -1.6079173497e-01 -7.0364033152e+00
152 160 163
2 27 87 -86.2300 -37.0500 85 40 -94.9500 44.3800
-9.3678152710e-01 -1.6494392249e-01 -7.0365778184e+00
106 113 119
2 27 137 -88.5800 -74.4500 85 76 -105.5900 -1.6400
-9.3678152710e-01 -1.6494392249e-01 -7.0365778184e+00
106 113 119
2 27 138 -88.5800 -74.4500 85 77 -105.5900 -1.6400
-9.3772140785e-01 -1.6629345781e-01 -7.0377586054e+00
131 135 138
2 27 169 -94.0100 -81.1700 85 74 -115.1200 -10.5500
-9.3772140785e-01 -1.6629345781e-01 -7.0377586054e+00
131 135 138
2 27 170 -94.0100 -81.1700 85 75 -115.1200 -10.5500
-9.3650892986e-01 -1.5947171159e-01 -7.0379383059e+00
94 101 107
2 27 180 -81.8700 -21.9500 85 110 -88.2900 63.1200
-9.2716351779e-01 -1.5755980668e-01 -7.0430827145e+00
69 69 70
9 27 192 7.1400 -2.3600 23 180 37.8800 50.8200 25 196 44.3000 -6.8200 26 177 39.5500 -45.3800 22 178 24.6400 15.0900 19 156 42.6600 -19.9100 20 171 52.0100 -28.8400 21 175 28.6100 -24.2900 82 41 35.1300 43.0500
-9.4039852793e-01 -1.5315565471e-01 -7.0427321104e+00
135 139 142
7 27 237 -100.1100 44.2500 23 199 -71.0600 124.8800 24 193 -76.0300 99.9300 25 216 -59.4200 63.8900 26 194 -63.9500 26.5500 84 161 -75.1200 171.2600 82 47 -125.6900 163.9900
-1.1405942090e+00 -2.2141449791e-01 -7.3722211245e+00
52 53 56
4 27 295 -209.3200 20.8800 29 295 -251.1400 68.7000 84 282 -248.7300 226.1400 85 175 -274.9300 107.3400
-9.2570142550e-01 -1.5641686779e-01 -7.0449566544e+00
66 67 72
8 29 197 -13.0600 116.4400 23 185 54.7900 60.1900 24 181 49.0000 36.0400 25 200 60.6100 1.4800 26 181 56.3600 -37.1300 22 184 42.3100 24.3300 20 174 71.4500 -17.7500 21 180 46.7200 -13.3400
-9.3770940592e-01 -1.5490840421e-01 -7.0387244560e+00
84 87 92
2 29 201 -139.7500 139.2800 85 120 -91.6000 123.1500
-9.3726602632e-01 -1.6520340124e-01 -7.0399794171e+00
48 55 61
2 31 9 -120.9800 -52.7700 85 5 -101.6100 6.4600
-9.0503667351e-01 -1.6874895443e-01 -7.0476492211e+00
132 132 132
4 23 6 186.1300 -82.0900 24 4 183.7800 -103.3700 25 8 194.9600 -135.7100 22 5 156.2500 -121.7000
-9.1790384193e-01 -1.6981652288e-01 -7.0559843997e+00
163 164 166
5 23 18 82.1900 -27.9100 24 20 79.2600 -52.5300 25 24 90.6500 -87.5300 26 18 87.3300 -128.7000 22 32 65.2200 -56.9300
-9.3794009075e-01 -1.6456228661e-01 -7.0372015185e+00
67 78 82
4 23 24 -83.9200 4.8600 25 27 -74.7100 -53.4800 26 11 -81.6000 -92.0600 84 17 -102.7400 7.2900
-9.4316883578e-01 -1.5292628077e-01 -7.0473301975e+00
179 183 184
4 23 31 -79.3300 143.6200 24 26 -85.7100 116.2100 25 33 -67.8400 79.3000 84 13 -94.5000 184.2200
-9.2726159544e-01 -1.5376431416e-01 -7.0461881532e+00
99 95 110
8 23 81 48.5500 89.2300 24 81 42.6700 64.4300 25 85 54.0600 28.9900 26 76 49.5800 -9.3300 22 81 38.5400 53.1700 19 51 61.9400 20.8400 20 55 71.3000 11.5100 21 62 44.0300 16.1700
-9.4100986272e-01 -1.5335873473e-01 -7.0419022294e+00
79 85 88
5 23 105 -78.1800 127.6100 24 101 -83.9800 100.0400 25 146 -65.9200 65.2200 84 46 -85.1200 165.8000 82 32 -138.4900 166.8800
-9.3665846071e-01 -1.5046886294e-01 -7.0418501198e+00
70 68 82
5 23 135 -33.0700 142.2100 24 104 -37.1300 115.1800 25 220 -23.9400 79.3000 26 196 -28.3500 41.2900 22 138 -38.6400 108.0900
-9.3854565020e-01 -1.5062176742e-01 -7.0401342752e+00
85 86 89
5 23 136 -55.7400 144.2900 24 196 -61.4200 118.5900 25 221 -44.6800 81.3500 26 197 -49.0800 43.5500 22 202 -59.4800 111.1700
-9.2713261099e-01 -1.5758328882e-01 -7.0433968235e+00
66 66 68
7 23 181 37.8800 50.8200 24 177 32.4900 27.0800 25 197 44.3000 -6.8200 26 178 39.5500 -45.3800 22 179 24.6400 15.0900 82 42 35.1300 43.0500 83 65 41.5700 107.0800
-9.2476211805e-01 -1.5546882072e-01 -7.0433023059e+00
30 28 39
6 23 189 65.1400 62.0100 24 184 59.5400 37.6500 25 202 70.7200 3.2100 26 183 66.2100 -35.3800 22 185 52.8300 26.0800 21 186 57.2700 -10.5600
-9.2886643873e-01 -1.5642597789e-01 -7.0433744214e+00
22 22 32
9 23 191 25.8500 65.9300 24 188 20.2600 41.8600 25 208 32.4900 7.8500 26 187 27.7500 -30.7700 84 108 43.4100 85.1900 22 189 14.0700 30.2600 19 162 33.2900 -4.3200 20 178 43.0600 -13.8000 21 187 18.0500 -9.5400
-9.4075215001e-01 -1.6411978859e-01 -7.0157982562e+00
32 34 33
3 23 213 -226.4600 -78.8000 24 204 -235.7000 -120.4400 84 168 -296.7800 -155.3800
-9.4075215001e-01 -1.6411978859e-01 -7.0157982562e+00
32 34 33
3 23 214 -226.4600 -78.8000 24 205 -235.7000 -120.4400 84 169 -296.7800 -155.3800
-9.3573600792e-01 -1.6484252760e-01 -7.0427842156e+00
38 46 49
4 24 71 -59.0300 -15.3700 25 79 -44.9200 -46.2200 26 67 -50.9800 -84.8400 84 26 -56.0400 25.9700
-9.4170169392e-01 -1.6502570936e-01 -7.0172125965e+00
15 17 15
3 24 142 -236.4500 -106.4300 25 163 -229.8900 -149.5000 84 171 -294.9600 -141.5400
-9.2578352971e-01 -1.5666536176e-01 -7.0434373120e+00
21 22 24
4 24 179 47.5100 30.8500 26 180 53.8900 -42.0000 84 102 75.1700 67.1300 22 181 39.4700 19.1300
-9.4188544433e-01 -1.6597166285e-01 -7.0173888514e+00
5 7 4
3 24 206 -238.2700 -116.5100 26 213 -241.8800 -200.6800 84 170 -298.4400 -151.7600
-9.4092199200e-01 -1.5884552943e-01 -7.0494260714e+00
99 108 113
5 24 233 -73.9000 60.2800 25 265 -58.2400 26.6300 26 239 -63.2700 -10.9000 84 154 -74.0100 123.3200 83 79 -99.1700 170.5600
-9.3687685590e-01 -1.5238560926e-01 -7.0107121160e+00
108 110 107
4 24 277 -206.8900 17.4900 25 306 -194.3100 -24.5600 84 220 -254.5300 -11.1600 21 297 -198.9300 140.3400
-9.4193990909e-01 -1.6607297559e-01 -7.0169263943e+00
30 32 29
2 24 302 -243.7300 -124.6600 84 209 -305.7800 -159.9100
-9.3491335871e-01 -1.4854505187e-01 -7.0066528318e+00
3 5 2
4 25 213 -198.4800 31.6200 26 189 -201.5900 -4.4500 84 143 -257.4400 47.6800 83 69 -301.8500 126.7800
-9.3733937954e-01 -1.6682340420e-01 -7.0377595459e+00
72 76 79
2 25 241 -71.8000 -70.9100 84 82 -98.0600 -14.2200
-9.3475189355e-01 -1.4855298605e-01 -7.0067012067e+00
49 51 48
2 26 241 -189.7700 -8.2600 84 186 -244.7200 43.2200
-9.3475189355e-01 -1.4855298605e-01 -7.0067012067e+00
49 51 48
2 26 242 -189.7700 -8.2600 84 187 -244.7200 43.2200
-9.1876538361e-01 -1.6942544977e-01 -7.0466902993e+00
165 167 166
2 84 4 87.5600 -57.1400 85 7 71.7400 -54.7000
-9.7384036833e-01 -2.4890993642e-01 -7.1221196141e+00
174 173 174
2 84 123 -192.4900 -73.4100 85 61 -200.3900 -161.6300
-1.0419741008e+00 -2.9776875541e-01 -7.2620356486e+00
35 34 32
2 84 138 -206.0200 31.8200 85 101 -221.0600 -73.0600
-1.0419741008e+00 -2.9776875541e-01 -7.2620356486e+00
35 34 32
2 84 139 -206.0200 31.8200 85 102 -221.0600 -73.0600
-9.4028775172e-01 -1.7086072380e-01 -7.0409389842e+00
179 179 177
2 29 5 -149.6500 -10.5900 22 7 -119.6700 -46.9700
-9.3604932954e-01 -1.5015017174e-01 -7.0090633855e+00
62 64 61
5 23 101 -199.5700 95.5100 24 190 -202.6300 53.7300 25 137 -188.9500 12.6300 84 95 -246.9400 30.8100 83 46 -289.9100 106.9500
-9.3888932691e-01 -1.5963452930e-01 -7.0150380069e+00
71 71 68
4 23 156 -198.7400 -28.2100 24 145 -206.4400 -69.0300 26 119 -206.6200 -150.4400 84 78 -260.4500 -102.4500
-9.3650055943e-01 -1.5125359285e-01 -7.0098501871e+00
130 131 129
3 23 195 -201.6900 77.7300 24 183 -206.5200 36.5500 84 135 -252.5800 8.5200
-9.3760720687e-01 -1.5307410527e-01 -7.0112759769e+00
28 29 26
4 23 234 -212.1800 53.6200 25 251 -205.7100 -28.6700 26 224 -210.7400 -65.1800 84 182 -266.0800 -15.5600
-9.2720651020e-01 -1.5921517497e-01 -7.0373871928e+00
33 25 25
3 24 121 22.2500 -4.7800 26 163 29.0900 -76.3200 22 167 11.3100 -16.1500
-1.0085351640e+00 -2.7223504077e-02 -7.2297453876e+00
73 76 75
15 32 133 -159.9900 193.3300 35 169 -129.4700 210.6400 36 142 -130.8200 158.4200 37 122 -123.0000 125.4300 88 119 -172.7200 181.7400 93 117 -182.3900 163.6000 40 156 -135.2200 103.3800 89 99 -199.5000 130.6900 41 164 -150.3400 103.4600 90 131 -187.5800 79.9500 94 149 -179.6300 58.7600 42 219 -141.4200 43.6300 43 256 -144.7000 7.2700 91 138 -195.5600 46.4400 92 234 -192.0300 -5.8700
-9.3281503442e-01 -1.6714680304e-01 -7.0399942773e+00
63 72 97
10 35 32 -33.3500 -48.5600 37 27 -32.9700 -127.2800 38 26 -47.3100 -87.7300 39 27 -37.3300 -51.5600 88 27 -41.0600 -51.4600 93 21 -39.3400 -40.2500 40 26 -30.2300 -57.6000 89 15 -56.0000 -51.6600 41 19 -26.2700 -28.3400 94 14 -41.6000 -51.6100
-9.3136685070e-01 -1.6785630480e-01 -7.0406572275e+00
79 83 102
3 35 120 -18.7400 -53.5900 39 94 -21.5900 -56.7100 88 90 -22.5600 -58.5800
-9.2389714542e-01 -1.6151356579e-01 -7.0401006936e+00
97 93 107
4 87 76 60.8800 37.1200 88 80 56.2800 29.4600 93 73 52.6300 50.4900 40 98 42.8700 11.2200
-9.3466594508e-01 -1.5550173401e-01 -7.0101307762e+00
5 5 3
4 23 10 -167.6800 -23.1600 24 8 -175.0600 -61.8300 25 10 -165.2200 -102.8800 26 3 -173.0700 -141.6000
-9.3516785046e-01 -1.5677572481e-01 -7.0040744120e+00
66 66 64
3 23 35 -261.1200 -114.3500 24 30 -273.6300 -158.1500 25 37 -269.7300 -202.6400
-9.3593923273e-01 -1.5633102315e-01 -7.0043870492e+00
8 10 7
3 23 36 -274.9800 -92.8900 24 31 -286.5600 -136.4300 25 38 -281.7700 -180.2000
-9.3866646695e-01 -1.6598484913e-01 -7.0406680187e+00
66 76 81
3 23 41 -84.2200 4.1200 22 57 -98.7900 -17.6900 82 18 -154.2300 -26.6500
-9.3968386936e-01 -1.5245486940e-01 -7.0099364766e+00
7 9 6
4 23 59 -269.2300 72.1300 24 55 -274.1300 31.2300 25 59 -259.5500 -10.2900 26 54 -265.2100 -46.3400
-9.3523503455e-01 -1.5668705262e-01 -7.0047435764e+00
5 7 4
3 23 70 -252.0200 -101.8400 24 63 -262.8300 -144.9900 25 72 -257.9900 -188.9600
-9.3696498100e-01 -1.5616797868e-01 -7.0051146552e+00
81 83 80
3 23 90 -287.3700 -71.1800 24 89 -297.7100 -113.4500 25 96 -291.4800 -156.4300
-9.3507223738e-01 -1.5684757349e-01 -7.0044998395e+00
61 63 60
3 23 114 -251.3000 -110.6300 24 136 -263.3300 -153.5000 25 156 -259.8000 -197.8400
-9.3393278168e-01 -1.5410350933e-01 -7.0099239838e+00
57 64 77
4 23 118 -151.6800 -1.2100 24 149 -158.1300 -41.0000 25 166 -148.1700 -82.9100 26 151 -154.7600 -121.5100
-9.3522970124e-01 -1.5694504260e-01 -7.0028458214e+00
67 69 66
2 23 144 -286.3300 -137.5700 25 121 -297.8600 -228.5800
-9.3686842117e-01 -1.5637383152e-01 -7.0040169172e+00
8 10 7
2 23 149 -305.4600 -91.0800 25 159 -312.9900 -177.9700
-9.3634832748e-01 -1.5667015074e-01 -7.0043238549e+00
87 90 87
4 23 210 -285.9700 -98.3400 24 200 -297.6000 -141.6600 25 234 -293.1400 -185.2200 26 210 -307.9000 -228.4900
-9.3680102077e-01 -1.5629952658e-01 -7.0041601576e+00
79 81 77
2 23 211 -300.7600 -87.9300 25 237 -308.2600 -174.5900
-9.3299258310e-01 -1.5503538330e-01 -7.0088799292e+00
12 12 10
4 23 217 -144.4000 -35.6300 24 264 -151.6100 -75.4800 25 165 -142.6700 -118.5900 26 149 -150.4600 -158.3500
-9.3343158456e-01 -1.5495950421e-01 -7.0084399862e+00
41 41 39
2 23 218 -157.5100 -35.1300 26 215 -163.7800 -157.9700
-9.3471182200e-01 -1.5475109232e-01 -7.0080947274e+00
76 33 35
3 23 221 -189.6200 -24.7600 24 209 -197.1700 -65.4800 25 240 -188.2800 -108.4900
-9.3590511184e-01 -1.5659546814e-01 -7.0050292707e+00
52 53 50
3 23 263 -263.3800 -90.4700 24 258 -274.1300 -133.0400 25 288 -268.6500 -176.3700
-9.3425334798e-01 -1.5631400929e-01 -7.0082010032e+00
39 41 38
3 23 269 -181.2300 -59.8700 24 263 -189.6000 -99.6000 26 308 -190.4800 -182.5300
-9.3507533409e-01 -1.5473879430e-01 -7.0088428438e+00
72 42 46
2 23 273 -188.6400 -15.3700 25 301 -186.4600 -97.5900
-9.3687315135e-01 -1.5033671745e-01 -7.0112763840e+00
37 37 35
3 23 295 -187.4000 106.8800 24 343 -191.6100 64.8700 21 307 -182.2200 191.4400
-9.3582269598e-01 -1.5637834269e-01 -7.0051838702e+00
0 1 0
3 23 312 -257.6700 -84.2200 25 289 -263.1500 -170.1200 26 262 -276.1000 -212.3100
-9.3481812269e-01 -1.5607850662e-01 -7.0064382824e+00
5 7 4
4 23 314 -215.4600 -69.8200 24 260 -225.2300 -111.7800 25 292 -217.7600 -154.8000 26 265 -227.9000 -196.0100
-9.3715758600e-01 -1.5602642906e-01 -7.0055421685e+00
83 85 83
2 23 319 -284.4100 -61.0300 25 354 -287.4100 -145.3900
-9.3491075624e-01 -1.5494140842e-01 -7.0078231808e+00
63 64 59
3 23 320 -197.6300 -29.8300 25 299 -196.8700 -113.2700 26 309 -204.9700 -152.8200
-9.3599925649e-01 -1.5444115045e-01 -7.0109360363e+00
52 52 52
4 23 325 -183.8600 12.1200 24 312 -190.4700 -26.3800 25 359 -179.2100 -66.8400 26 314 -186.0600 -104.8400
-9.3928731093e-01 -1.5368317602e-01 -7.0085694808e+00
198 200 195
3 23 332 -281.6700 34.4600 24 319 -288.2400 -6.6300 25 368 -275.5200 -47.6100
-9.3568733742e-01 -1.4995345694e-01 -7.0128547043e+00
110 109 106
2 23 351 -148.9200 112.7200 25 395 -139.0500 28.6900
-9.3568733742e-01 -1.4995345694e-01 -7.0128547043e+00
110 109 106
2 23 352 -148.9200 112.7200 25 396 -139.0500 28.6900
-9.2469608835e-01 -1.6827500277e-01 -7.0444653593e+00
76 84 103
2 37 60 44.0000 -130.3600 88 51 53.8400 -56.3000
-9.1138333052e-01 -1.4833188235e-01 -7.0482663420e+00
178 178 178
2 22 3 191.7500 46.2200 21 3 195.1400 10.3200
-9.4822060250e-01 -1.4926621922e-01 -7.0245481957e+00
81 83 80
2 22 16 -235.6700 155.5200 21 16 -237.7900 190.7800
-9.4694355702e-01 -1.5320100270e-01 -7.0235469315e+00
4 6 2
2 22 24 -239.9300 93.7800 21 27 -243.1700 128.3000
-9.2428720863e-01 -1.6134262168e-01 -7.0409631950e+00
96 91 104
2 22 158 36.0000 -32.4000 21 165 39.2300 -70.8100
-9.4308946728e-01 -1.4964807584e-01 -7.0255145308e+00
15 14 12
2 22 206 -162.9900 123.9300 21 214 -164.6600 155.4100
-9.4516426550e-01 -1.5046258386e-01 -7.0250362141e+00
136 138 135
2 22 258 -195.9100 123.3600 21 302 -198.0300 155.2900
-9.4294821419e-01 -1.4928606397e-01 -7.0254941673e+00
80 79 77
2 22 296 -159.6700 127.9800 21 259 -161.8400 160.3000
-9.4189241975e-01 -1.5216884052e-01 -7.0241712197e+00
84 84 76
2 22 343 -165.7600 81.9700 21 349 -166.9600 116.2400
-9.5064671188e-01 -1.5084529640e-01 -7.0243720813e+00
46 48 49
2 22 358 -272.6100 146.0500 21 372 -277.0000 179.5000
-9.4981715104e-01 -1.4823591340e-01 -7.0238846633e+00
42 44 41
2 22 360 -257.8800 178.9200 21 373 -263.2300 218.8100
-9.5346204742e-01 -1.4850017722e-01 -7.0239278376e+00
102 104 99
2 22 364 -305.8500 194.7400 21 374 -312.8300 232.2300
-9.2571172920e-01 -1.5607459242e-01 -7.0444549354e+00
60 59 65
2 20 175 71.4500 -17.7500 21 181 46.7200 -13.3400
-9.3407784142e-01 -1.6149830590e-01 -7.0372778439e+00
42 47 53
5 38 13 -71.4300 -30.0800 39 15 -62.6200 4.0100 88 15 -67.9200 21.6800 93 10 -74.9500 30.9000 40 14 -56.0700 -2.5100
-9.3509046375e-01 -1.5324824791e-01 -7.0417015895e+00
66 65 81
2 38 28 -77.9900 34.4500 88 29 -81.3400 98.7300
-9.3991139149e-01 -1.6264338219e-01 -7.0400910490e+00
67 72 75
6 38 41 -117.0800 -55.0800 39 36 -106.9200 -20.1000 88 37 -128.6300 -9.6900 93 32 -132.7800 -4.4600 40 49 -99.0900 -30.0200 89 48 -153.1000 -17.6300
-9.3345197361e-01 -1.6002775892e-01 -7.0353334407e+00
90 93 98
6 38 43 -71.0900 -9.8600 39 38 -63.3300 25.3300 88 39 -67.8300 45.9400 93 35 -76.2000 58.4900 40 36 -56.2400 19.6600 89 38 -92.6500 52.3100
-9.3594130542e-01 -1.5835785882e-01 -7.0358777867e+00
45 53 56
8 38 44 -94.3200 2.2000 39 39 -87.2400 35.5300 93 46 -108.6200 69.2800 40 52 -79.9200 27.8100 89 52 -128.0400 63.7500 41 53 -85.3300 62.7500 90 43 -118.5500 54.7400 94 38 -118.3400 58.7200
-9.3598930946e-01 -1.5816321604e-01 -7.0365118315e+00
45 53 56
3 38 45 -94.3200 2.2000 39 40 -87.2400 35.5300 88 40 -99.6100 60.0500
-9.3530689011e-01 -1.6466179790e-01 -7.0351772325e+00
38 47 54
2 38 63 -84.9600 -61.1800 88 55 -86.5500 -18.1800
-9.3623337374e-01 -1.6197582860e-01 -7.0365615138e+00
47 54 60
3 38 66 -93.0300 -35.8300 39 50 -84.2700 -3.6500 89 50 -121.6400 13.9000
-9.3609264536e-01 -1.6169997355e-01 -7.0340003504e+00
221 226 230
4 38 67 -99.3900 -28.8900 39 60 -90.5100 6.4000 93 52 -112.2900 33.0800 40 78 -82.7400 1.2800
-9.3610698328e-01 -1.6169158050e-01 -7.0340561507e+00
221 226 230
3 38 68 -99.3900 -28.8900 39 61 -90.5100 6.4000 40 79 -82.7400 1.2800
-9.3567700032e-01 -1.6515080149e-01 -7.0336881577e+00
148 155 161
6 38 90 -92.6300 -65.0500 39 80 -81.7000 -28.0500 88 78 -96.8500 -23.7000 93 70 -99.0600 -12.6900 40 93 -73.6800 -31.5600 89 64 -117.4100 -17.9800
-9.3516984646e-01 -1.6395857033e-01 -7.0334759431e+00
163 170 177
6 38 91 -89.1000 -50.3800 39 81 -78.8700 -13.9400 88 79 -92.2500 -5.8600 93 71 -95.6500 6.1100 40 95 -71.1900 -17.2500 89 66 -113.7700 1.4800
-9.3517256615e-01 -1.6391173901e-01 -7.0336100734e+00
163 170 177
5 38 92 -89.1000 -50.3800 39 82 -78.8700 -13.9400 93 72 -95.6500 6.1100 40 94 -71.1900 -17.2500 89 65 -113.7700 1.4800
-9.3150816386e-01 -1.6776559332e-01 -7.0414286226e+00
72 78 103
10 38 102 -31.8000 -93.2800 93 81 -20.1800 -46.5700 40 108 -14.4000 -63.0200 41 85 -10.0700 -34.4700 90 66 -26.3700 -66.0700 94 67 -21.3800 -58.5100 42 89 2.9000 -55.2000 43 69 12.6900 -38.0900 91 54 -28.6500 -20.0500 92 40 -28.2900 -12.0900
-9.3828911664e-01 -1.6552002042e-01 -7.0360275280e+00
188 191 194
7 38 103 -111.5000 -76.0800 88 91 -121.1800 -36.0300 93 69 -123.1900 -30.3200 40 92 -92.6700 -46.2000 89 63 -144.0400 -37.4200 41 72 -95.1800 -16.1700 90 60 -132.0100 -42.9500
-9.3779412682e-01 -1.6566525615e-01 -7.0334277754e+00
102 106 109
3 38 120 -115.0900 -73.4400 39 96 -104.2500 -37.7500 93 82 -128.7400 -26.4400
-9.3417724290e-01 -1.6284450771e-01 -7.0337937032e+00
46 50 56
4 39 83 -70.1700 -1.0500 88 64 -77.8400 11.5400 40 96 -62.6600 -4.5300 89 67 -101.0700 18.8500
-1.0851026432e+00 4.1394630535e-02 -7.3244993837e+00
138 136 128
14 32 107 -216.0600 204.9700 35 112 -184.8200 220.2100 36 94 -184.8000 168.0800 37 94 -175.8500 135.1300 38 100 -200.5900 130.7800 39 88 -196.2400 140.3500 88 97 -230.9600 185.3000 93 87 -239.2400 161.2900 40 101 -187.3800 101.3100 89 90 -257.5400 127.2800 41 76 -204.0500 96.4300 90 76 -243.7600 72.6700 94 95 -234.2300 48.0600 42 119 -194.3900 32.5900
-1.0699835525e+00 3.6484877513e-02 -7.3375917201e+00
75 77 74
17 32 117 -188.5600 193.0300 35 127 -158.1300 208.2000 36 140 -158.1700 156.8900 37 105 -150.6600 124.0900 38 110 -174.6200 120.1400 39 98 -170.0900 130.8800 88 104 -202.6500 172.9300 93 91 -210.7000 151.4900 40 111 -162.0500 92.6100 89 96 -228.7900 117.3300 41 110 -177.5900 88.5400 90 107 -215.8500 64.2500 94 117 -206.9100 40.7800 42 142 -168.6900 25.4400 43 159 -172.5900 -15.5000 91 113 -223.2700 24.5900 92 143 -218.0000 -33.0500
-9.3966319779e-01 -1.5109416662e-01 -7.0115120932e+00
83 85 82
4 23 19 -245.3000 108.0700 24 24 -250.2700 67.0100 25 30 -234.1800 25.2200 26 24 -237.8000 -10.5500
-9.3983448750e-01 -1.5539335769e-01 -7.0085141687e+00
104 109 105
4 23 23 -293.8300 0.3800 24 21 -301.4000 -39.8500 25 25 -290.4500 -78.9000 26 19 -299.8000 -116.5900
-9.4144514889e-01 -1.4805334619e-01 -7.0113800957e+00
3 4 0
4 23 34 -284.4500 191.3500 24 29 -285.1100 145.9200 25 36 -263.9400 100.4400 26 28 -264.4700 64.0000
-9.3792894675e-01 -1.5518901082e-01 -7.0084647362e+00
86 88 85
2 23 40 -254.7200 -8.6100 24 36 -262.6500 -48.6800
-9.3638669746e-01 -1.5690753660e-01 -7.0042561496e+00
88 90 87
2 23 69 -289.4500 -104.0100 24 62 -301.8500 -147.7000
-9.4189800011e-01 -1.5001013132e-01 -7.0109876142e+00
2 4 2
4 23 84 -299.1900 145.8700 24 84 -301.5000 103.0800 25 110 -283.0400 59.6900 26 79 -284.7000 24.2700
-9.4140397157e-01 -1.5247218454e-01 -7.0100080692e+00
134 134 132
2 23 97 -303.1700 83.0800 24 96 -308.3000 42.1800
-9.4010163382e-01 -1.5171958330e-01 -7.0115067595e+00
89 91 88
4 23 102 -255.1300 97.0000 24 97 -259.2900 56.6400 25 107 -243.6600 15.3500 26 99 -247.9900 -20.5900
-9.4171647001e-01 -1.4749255252e-01 -7.0112827253e+00
107 109 105
3 23 110 -291.6300 207.5200 24 132 -291.0700 160.8700 25 150 -268.5900 114.5100
-9.4019216938e-01 -1.5413504762e-01 -7.0082849697e+00
127 127 124
3 23 123 -305.4100 28.5700 25 132 -299.9800 -52.8000 26 160 -308.1700 -89.4800
-9.4172420394e-01 -1.4818235300e-01 -7.0112461708e+00
5 5 0
3 23 137 -292.3500 189.7500 25 224 -272.0200 98.9400 26 198 -272.7100 62.8700
-9.3647541988e-01 -1.4640876667e-01 -7.0135987352e+00
13 13 13
2 23 139 -147.2200 198.9400 24 131 -150.3200 154.4300
-9.3104767923e-01 -1.5879214062e-01 -7.0054961164e+00
11 12 11
3 23 141 -145.7000 -168.1700 24 134 -155.4400 -211.2700 82 93 -250.9700 -121.5200
-9.3362869202e-01 -1.5527162534e-01 -7.0089504760e+00
41 41 39
2 23 155 -157.3100 -35.5700 24 144 -164.6800 -75.7300
-9.4072348711e-01 -1.5229439787e-01 -7.0104709548e+00
131 132 130
2 23 197 -282.3100 84.5300 25 201 -271.3700 2.8200
-9.3428707907e-01 -1.5616517770e-01 -7.0124811842e+00
175 176 174
4 23 222 -140.6100 -20.1000 24 267 -147.9100 -56.4100 25 302 -137.4300 -96.0400 26 216 -144.4200 -135.4100
-9.4044170249e-01 -1.4930373106e-01 -7.0121185025e+00
7 7 5
3 23 247 -252.2400 154.6400 25 315 -237.0300 68.4500 26 353 -239.0700 32.9100
-9.4064342305e-01 -1.4801596826e-01 -7.0116135849e+00
107 104 99
2 23 250 -261.9100 186.6500 24 245 -262.8400 141.8300
-9.3503593219e-01 -1.5732439826e-01 -7.0026255892e+00
56 58 57
2 23 255 -286.2900 -152.1200 24 253 -300.5900 -198.2400
-9.3891286926e-01 -1.5257167893e-01 -7.0097408784e+00
8 10 7
2 23 287 -255.1000 63.4600 24 330 -260.9700 22.3200
-9.4096413480e-01 -1.4933075393e-01 -7.0097834753e+00
101 101 101
2 23 298 -298.1500 155.1700 24 350 -300.6900 110.1200
-9.4024835210e-01 -1.5458028400e-01 -7.0082201646e+00
111 111 109
2 23 326 -307.9000 18.6300 25 364 -302.8200 -61.9200
-9.4004551272e-01 -1.5379132150e-01 -7.0086783715e+00
60 60 58
2 23 333 -296.5700 37.9500 26 319 -297.0400 -80.4500
-9.4047456575e-01 -1.5256742086e-01 -7.0094256705e+00
85 86 81
3 23 341 -293.3500 72.4500 24 334 -298.7700 31.1400 25 380 -283.4800 -10.2000
-9.4208313585e-01 -1.5246808121e-01 -7.0101811537e+00
98 92 74
3 23 347 -315.0100 88.2000 25 390 -302.8500 6.4200 26 344 -307.6500 -29.0600
-9.4219347481e-01 -1.5025842888e-01 -7.0110647862e+00
101 103 100
2 23 358 -303.4900 141.8800 25 402 -286.8600 56.5400
-9.4228348687e-01 -1.4993422902e-01 -7.0111666043e+00
108 109 110
2 23 360 -303.2600 150.1200 24 349 -305.6300 107.4500
-9.4203828048e-01 -1.4766239455e-01 -7.0115062629e+00
95 95 89
2 23 373 -294.5100 204.6500 25 416 -271.6900 112.4500
-9.9552045813e-01 2.7011268726e-02 -7.2282516346e+00
116 118 117
6 37 108 -105.5300 217.7500 38 115 -132.1600 219.6200 39 103 -132.5500 233.8200 89 102 -189.6100 229.7500 41 116 -143.3000 195.1800 90 113 -177.9100 173.0200
-9.8626790715e-01 1.7486477624e-03 -7.1929197695e+00
22 26 26
10 37 110 -108.4600 224.6100 38 101 -135.3300 227.4900 40 102 -128.6000 201.5600 41 82 -147.1900 204.1400 90 79 -181.7700 182.7400 94 80 -177.4700 159.3100 42 97 -137.2800 137.7300 43 105 -141.0900 100.2000 91 80 -195.0900 146.0200 92 94 -197.7300 89.4100
-9.9099580491e-01 1.8020228939e-03 -7.1887042903e+00
96 97 94
6 37 126 -120.4600 228.9500 38 127 -147.7200 232.1200 40 116 -140.7800 204.8300 41 119 -160.1100 207.0300 90 115 -195.3700 185.9800 94 97 -190.6100 161.3500
-9.8311938574e-01 -1.2346499155e-03 -7.1815421138e+00
118 121 114
8 37 130 -110.0100 236.7300 40 136 -130.7800 214.2300 41 143 -149.8200 217.1400 90 138 -184.6400 196.1700 94 157 -180.9800 172.5600 42 243 -139.2200 150.4300 43 278 -143.2200 113.1200 92 192 -201.6800 102.6900
-1.0138388364e+00 3.2644655990e-02 -7.2464544261e+00
56 58 55
5 37 146 -125.2100 201.3000 38 146 -151.3000 202.0400 39 138 -150.7500 215.3900 89 133 -209.0000 208.9900 41 174 -160.7000 174.7600
-9.3225156883e-01 -1.4597528589e-01 -7.0018438981e+00
6 5 1
2 84 64 -255.0500 -106.2900 22 126 -194.0100 14.6700
-9.4047016510e-01 -1.4863470259e-01 -7.0468756847e+00
180 182 181
3 38 29 -113.1800 50.3100 39 41 -106.6400 76.6800 40 55 -99.0900 62.4300
-9.3453427118e-01 -1.6281655689e-01 -7.0330342331e+00
163 171 173
3 38 93 -85.1100 -36.3400 40 77 -68.0500 -3.2500 89 55 -109.0800 21.6600
-9.4183565747e-01 -1.6110163680e-01 -7.0464289622e+00
72 76 81
6 39 48 -106.3900 -22.4000 93 44 -132.3400 -5.9400 40 48 -99.0900 -30.0200 89 47 -153.1000 -17.6300 41 62 -101.9000 -10.8000 90 49 -140.5000 -36.3000
-9.3758578563e-01 -1.6403966454e-01 -7.0379413693e+00
56 61 65
4 39 58 -90.1600 -27.5200 93 50 -110.3300 -12.2000 40 62 -82.4700 -33.5300 89 46 -129.6500 -21.7400
-9.1423557026e-01 -1.6258410004e-01 -7.0496630199e+00
50 51 55
2 39 71 120.5700 4.0700 40 76 125.2600 -3.6700
-9.2806179557e-01 -1.6819263659e-01 -7.0433703945e+00
84 87 106
3 39 93 11.7800 -56.3600 89 73 5.9200 -58.0000 90 67 16.4000 -65.6400
-9.3690212085e-01 -1.6618173105e-01 -7.0360581473e+00
75 86 91
5 39 95 -85.9900 -44.3500 40 109 -78.1200 -49.3400 89 83 -123.6000 -43.4700 41 86 -78.9100 -18.7100 90 68 -111.4600 -47.3400
-9.3642474918e-01 -1.6401560129e-01 -7.0354139508e+00
131 135 140
3 39 110 -86.3600 -20.8400 93 90 -105.2100 -3.4500 40 125 -78.6800 -25.7000
-9.3338867913e-01 -1.6193163220e-01 -7.0348417648e+00
41 46 52
2 93 17 -71.8400 35.5300 89 18 -89.3100 29.7200
-9.3578808480e-01 -1.5216733844e-01 -7.0441714221e+00
75 75 87
4 93 37 -94.5200 106.7400 40 38 -66.6700 52.5900 89 40 -111.5300 93.9600 41 55 -72.9300 83.0600
-9.3059286618e-01 -1.6807849994e-01 -7.0411987466e+00
89 92 111
8 93 88 -9.7900 -46.5500 40 107 -5.5600 -63.6100 89 93 -25.8900 -59.4600 41 107 -0.7500 -35.1400 90 87 -15.0500 -66.8000 94 89 -9.8100 -59.1700 42 112 13.0000 -56.0900 91 71 -16.6300 -20.9100
-1.0840621913e+00 3.4374014828e-02 -7.3578399381e+00
7 9 6
12 32 68 -194.5600 174.5700 36 75 -163.8400 139.5600 37 93 -154.4500 108.1400 38 70 -180.9600 102.8600 88 71 -209.2600 154.3100 93 64 -214.0500 132.4700 40 67 -167.7400 75.0200 89 71 -233.6400 98.1500 41 75 -181.5500 71.2900 90 90 -217.3700 46.6700 94 93 -207.6300 23.0700 42 93 -173.3700 7.9300
-1.0793561795e+00 3.8209327475e-02 -7.3589452235e+00
100 103 98
13 32 131 -188.2800 180.0600 35 139 -158.1300 195.0900 37 141 -150.7200 112.1100 38 121 -174.6500 108.1900 88 103 -202.9000 159.4900 93 103 -209.0600 138.0300 40 155 -161.1400 80.4500 89 109 -227.7900 104.0400 41 163 -176.1700 75.9400 90 162 -214.5600 51.1100 43 244 -171.0700 -28.2900 91 136 -221.4700 11.3800 92 113 -216.5100 -45.6600
-1.0777818992e+00 -3.4065394661e-02 -7.3514885575e+00
114 114 116
7 32 146 -181.9700 93.4400 39 122 -161.5400 39.1200 88 128 -197.5600 73.6100 89 120 -218.4700 20.4900 41 158 -166.8100 -0.6600 90 156 -206.6400 -29.1500 94 179 -195.0000 -51.0600
-1.1715045116e+00 -3.3606478646e-01 -7.3741367683e+00
81 80 78
3 29 276 -269.2800 -59.2100 30 170 -262.7700 -150.4400 84 268 -294.8800 95.4100
-1.0065972038e+00 1.5485957676e-02 -7.2308357029e+00
42 44 45
8 36 103 -130.2300 230.8700 38 111 -147.5600 195.7100 39 100 -146.7300 208.8100 40 113 -138.9700 168.5400 41 114 -156.5100 168.8300 90 111 -192.3700 147.0600 94 120 -186.4600 123.7200 42 145 -146.4000 103.9800
-1.0065468975e+00 1.5506502172e-02 -7.2309169125e+00
42 44 45
10 36 104 -130.2300 230.8700 38 112 -147.5600 195.7100 39 101 -146.7300 208.8100 40 114 -138.9700 168.5400 41 115 -156.5100 168.8300 90 112 -192.3700 147.0600 94 121 -186.4600 123.7200 42 146 -146.4000 103.9800 91 115 -203.5800 109.9200 92 145 -203.4700 53.4400
-9.3784266832e-01 -1.4699587285e-01 -7.0116006460e+00
1 3 0
3 24 2 -204.9500 149.2100 25 5 -187.4800 101.5700 26 1 -188.4500 67.0000
-9.3255429753e-01 -1.5607149330e-01 -7.0081277550e+00
10 10 8
3 24 111 -153.7200 -107.6400 25 124 -145.8400 -151.5100 26 147 -153.7400 -191.7300
-9.3280571799e-01 -1.5532906265e-01 -7.0085417018e+00
10 11 8
3 24 143 -152.6600 -86.1800 25 164 -143.7000 -129.2400 26 148 -151.7300 -169.9300
-9.3641495462e-01 -1.5645278570e-01 -7.0042370519e+00
2 4 1
3 24 201 -300.0100 -138.1500 25 235 -295.3800 -181.2600 26 211 -309.9600 -224.2400
-9.3719993973e-01 -1.5213111823e-01 -7.0107923029e+00
28 30 27
2 24 228 -211.6300 26.8900 25 257 -198.3300 -15.2100
-9.4087402974e-01 -1.5263654313e-01 -7.0426972104e+00
79 87 89
4 24 242 -78.8600 106.9600 25 316 -62.1200 70.0300 26 287 -66.6000 32.3000 82 48 -132.0200 174.1300
-9.3490875244e-01 -1.5640934010e-01 -7.0021277496e+00
4 6 4
2 24 254 -304.8900 -188.4800 25 282 -303.5100 -234.6800
-9.3401917002e-01 -1.5536130787e-01 -7.0097541831e+00
32 32 32
2 24 266 -165.9900 -66.5300 25 239 -156.5100 -108.4500
-9.3578075145e-01 -1.5653277623e-01 -7.0047908403e+00
3 5 3
3 24 299 -274.3300 -136.7900 25 286 -269.1900 -180.1700 26 261 -282.4000 -222.9100
-9.3732239818e-01 -1.5177449739e-01 -7.0114263296e+00
124 126 123
2 24 337 -205.8900 38.3900 25 382 -192.1600 -3.7200
-9.4662464835e-01 -1.5790849341e-01 -7.0392542750e+00
47 46 43
2 26 285 -137.6000 -4.0800 82 105 -253.7000 132.9000
-1.0080271398e+00 2.1339665270e-02 -7.2320881469e+00
28 30 29
8 37 12 -127.2700 202.2200 38 9 -151.4900 199.0500 40 11 -141.9600 173.8800 41 14 -158.6800 174.0500 90 12 -193.1400 153.1800 94 12 -187.7400 132.7900 42 14 -149.0000 111.6800 91 10 -206.8200 118.4700
-9.3464645641e-01 -1.4804866203e-01 -7.0078064135e+00
14 13 11
2 84 23 -190.2400 99.6600 83 16 -230.0200 180.2500
-9.3384753473e-01 -1.5027339664e-01 -7.0061272633e+00
41 41 39
2 84 49 -216.5700 -111.6900 83 31 -248.3500 -41.5100
-9.4032582750e-01 -1.5517951001e-01 -7.0446111644e+00
122 129 135
3 84 156 -73.6800 149.1500 82 59 -121.7400 128.2500 83 82 -99.1700 200.7700
-9.3500281781e-01 -1.4922473961e-01 -7.0071652616e+00
61 63 60
2 84 184 -247.2100 18.2600 83 111 -288.6500 92.7900
-9.3433058911e-01 -1.4854219146e-01 -7.0072662662e+00
110 109 104
2 84 263 -191.1500 47.4700 83 130 -230.4600 123.9700
-9.9737504613e-01 1.6721350749e-02 -7.2084162346e+00
92 92 89
9 38 72 -146.6400 227.0500 40 69 -139.5000 199.9500 41 60 -158.3400 201.3400 90 54 -193.2400 179.8800 94 52 -188.4500 156.0100 42 62 -148.4600 135.0700 43 61 -153.7400 97.4600 91 47 -207.4000 142.7400 92 43 -210.4700 85.6400
-9.2588552094e-01 -1.6826489554e-01 -7.0455042385e+00
75 79 102
2 38 76 23.4300 -92.7300 41 71 47.7700 -33.9900
-1.0149329001e+00 3.0940058960e-02 -7.2477353747e+00
6 7 9
8 38 113 -151.9600 197.3300 40 115 -143.2500 170.5400 89 91 -209.8700 203.5900 41 97 -161.2500 169.8800 90 94 -197.1900 147.5100 94 96 -191.2500 123.8400 43 162 -154.5800 66.7900 92 120 -208.2500 53.1800
-9.1856710717e-01 -1.6869795690e-01 -7.0494011078e+00
73 76 83
4 40 45 102.2000 -58.9600 41 48 112.3300 -29.0800 94 48 120.3900 -50.5300 42 55 128.5600 -52.2600
-9.3825312205e-01 -1.6597235636e-01 -7.0379641693e+00
50 58 61
4 40 46 -85.9200 -53.4400 89 33 -133.8500 -48.2800 41 39 -87.4400 -25.2100 90 27 -122.5500 -55.3200
-9.3825312205e-01 -1.6597235636e-01 -7.0379641693e+00
50 58 61
4 40 47 -85.9200 -53.4400 89 34 -133.8500 -48.2800 41 38 -87.4400 -25.2100 90 26 -122.5500 -55.3200
-9.2020537513e-01 -1.6895453734e-01 -7.0482659208e+00
73 73 91
4 40 74 89.5000 -62.8500 41 70 99.3000 -33.3400 90 47 99.7000 -62.2900 94 56 106.2600 -54.6400
-9.3674976325e-01 -1.6633672641e-01 -7.0354802259e+00
105 110 114
5 40 110 -78.1200 -49.3400 89 84 -123.6000 -43.4700 41 87 -78.9100 -18.7100 90 69 -111.4600 -47.3400 94 92 -106.1400 -38.8100
-9.2083909478e-01 -1.6833615498e-01 -7.0475834801e+00
69 76 91
2 89 22 83.1900 -48.7700 90 13 91.6900 -57.5600
-9.2040090003e-01 -1.6832112960e-01 -7.0490243149e+00
75 81 97
2 89 32 84.2600 -49.9000 90 25 95.3900 -59.6200
-9.2805352214e-01 -1.6993027164e-01 -7.0470721849e+00
181 183 182
4 41 11 34.3300 -60.0000 90 9 19.5000 -92.3700 94 8 28.0300 -83.7200 92 7 22.4900 -34.4500
-9.3339283240e-01 -1.6002998999e-01 -7.0354307957e+00
116 119 124
4 41 42 -57.3800 55.8800 90 42 -82.3400 45.5100 94 36 -80.7300 51.3800 42 59 -45.6700 38.4400
-9.3886787221e-01 -1.5120858063e-01 -7.0418002395e+00
178 180 179
4 41 44 -107.3500 93.8200 90 45 -141.1200 88.4100 42 46 -96.9900 66.0700 43 36 -93.5800 78.4900
-1.0145107943e+00 -2.0359516958e-02 -7.2449730413e+00
79 83 91
10 38 99 -146.9300 123.1400 39 87 -142.8000 135.4900 88 87 -173.1000 175.8700 93 80 -182.2700 157.8100 40 100 -135.3900 98.4300 89 79 -199.9800 124.3000 41 78 -150.5100 98.3700 90 64 -187.8100 74.4800 94 58 -179.6500 53.8500 42 94 -141.1700 40.6900
-9.9224980063e-01 5.7604758049e-03 -7.1816297101e+00
132 132 126
8 40 87 -149.7700 220.7300 41 83 -169.5000 223.5300 90 81 -205.4400 203.2200 94 83 -201.3700 178.7600 42 99 -158.3400 156.0400 43 107 -162.1100 118.3700 91 83 -219.3400 165.1200 92 97 -222.1700 106.4300
-9.9888706629e-01 4.6310125274e-03 -7.1783375876e+00
132 123 118
8 40 103 -165.2300 220.1600 41 101 -185.1000 222.5200 90 98 -222.7000 203.0500 94 99 -217.9800 177.6200 42 151 -174.2700 155.2500 43 170 -177.8100 117.2100 91 101 -236.1100 164.0100 92 126 -237.9200 103.7700
-1.0022359034e+00 5.6535685423e-03 -7.1797506609e+00
63 60 51
8 40 117 -170.9900 218.0900 41 123 -191.1300 220.2800 90 118 -228.5300 200.7200 94 130 -223.8000 175.3500 42 185 -179.0400 152.6700 43 206 -182.6300 114.7600 91 148 -241.2200 161.1400 92 191 -243.2300 100.9100
-9.8393392548e-01 9.9080922948e-03 -7.1832327109e+00
116 117 109
8 40 120 -133.3500 229.7800 41 126 -152.9800 233.2900 90 123 -187.4600 212.2300 94 133 -184.1600 188.1900 42 196 -142.3300 164.8100 43 214 -146.4200 127.3700 91 121 -202.3000 174.9200 92 151 -206.2900 116.8900
-9.8393392548e-01 9.9080922948e-03 -7.1832327109e+00
116 117 109
8 40 121 -133.3500 229.7800 41 127 -152.9800 233.2900 90 124 -187.4600 212.2300 94 134 -184.1600 188.1900 42 197 -142.3300 164.8100 43 215 -146.4200 127.3700 91 122 -202.3000 174.9200 92 152 -206.2900 116.8900
-1.0002747741e+00 4.3204806765e-03 -7.1715829325e+00
122 114 111
4 40 122 -175.0700 229.6100 94 132 -228.9500 187.1200 42 195 -181.9700 163.2700 91 120 -246.2000 172.6600
-9.8790974218e-01 8.1798960487e-03 -7.1959296416e+00
83 90 83
8 40 130 -130.8900 206.9600 41 120 -149.5400 209.3600 90 116 -184.2000 188.1100 94 125 -179.8600 164.6900 42 148 -139.3600 142.8500 43 167 -143.2200 105.5000 91 117 -197.7800 151.4000 92 149 -200.5100 94.8400
-1.0137610678e+00 1.2458460983e-02 -7.1910613303e+00
25 24 22
8 40 132 -182.5600 207.3800 41 137 -202.9100 208.7900 90 135 -241.4600 189.1200 94 124 -235.1500 162.7000 42 181 -190.4100 141.8000 43 267 -194.5400 103.1900 91 142 -253.9000 149.1900 92 241 -254.9000 87.9500
-9.9921956796e-01 7.8911822583e-03 -7.1896796134e+00
115 110 105
8 40 133 -156.4300 209.2900 41 100 -176.0300 211.1300 90 80 -211.8500 191.0700 94 98 -207.7100 166.1900 42 149 -164.8200 144.5400 43 168 -168.5800 106.5600 91 100 -225.6300 152.5800 92 122 -227.9700 93.6000
-9.9111115654e-01 3.0190804372e-03 -7.1848705483e+00
122 126 113
5 40 134 -144.3400 212.1500 94 126 -195.0500 170.1300 42 183 -152.7400 147.8800 43 203 -156.8300 110.4200 92 187 -215.8000 98.7300
-9.9360359313e-01 4.7228964910e-03 -7.1851307948e+00
44 43 38
8 40 135 -149.2600 213.1800 41 141 -168.6200 215.7000 90 137 -204.6700 195.3400 94 156 -200.3500 170.9500 42 184 -157.5900 148.7100 43 204 -161.3700 111.1300 91 147 -218.0100 157.4900 92 188 -220.5700 99.1400
-1.0049984727e+00 6.5473834817e-03 -7.1797150002e+00
128 121 115
8 40 137 -176.3700 217.9900 41 144 -196.6800 220.3000 90 119 -234.4900 200.8400 94 128 -229.5200 174.8900 42 186 -184.4300 152.6300 43 207 -188.0600 114.6200 91 118 -247.4500 161.0900 92 189 -249.2700 100.2200
-1.0044314515e+00 6.2034656000e-03 -7.1771739694e+00
58 48 42
8 40 139 -177.6700 221.5500 41 146 -198.2000 223.8500 90 140 -235.9700 204.6100 94 160 -231.3200 178.6300 42 190 -185.5700 156.0900 43 209 -189.5100 117.8600 91 149 -249.2200 164.6800 92 194 -251.0900 103.5400
-1.0044314515e+00 6.2034656000e-03 -7.1771739694e+00
58 48 42
8 40 140 -177.6700 221.5500 41 147 -198.2000 223.8500 90 141 -235.9700 204.6100 94 161 -231.3200 178.6300 42 191 -185.5700 156.0900 43 210 -189.5100 117.8600 91 150 -249.2200 164.6800 92 195 -251.0900 103.5400
-9.9929433080e-01 6.7598219321e-03 -7.1731079838e+00
61 52 47
8 40 142 -171.4700 231.5500 41 149 -192.4900 234.5900 90 145 -229.3500 215.0000 94 164 -225.4400 189.4300 42 198 -180.1500 165.9200 43 287 -183.7500 127.5700 91 153 -243.4800 175.3300 92 196 -246.0700 114.1500
-9.8158634142e-01 8.2262960129e-03 -7.1801305413e+00
60 72 70
8 40 143 -130.8200 233.1000 41 150 -150.4500 236.5500 90 146 -184.8700 215.9400 94 165 -181.8300 191.7800 42 199 -140.0200 168.1500 43 294 -144.1500 130.4300 91 154 -199.9800 178.2900 92 197 -204.1900 120.2900
-9.8158634142e-01 8.2262960129e-03 -7.1801305413e+00
60 72 70
8 40 144 -130.8200 233.1000 41 151 -150.4500 236.5500 90 147 -184.8700 215.9400 94 166 -181.8300 191.7800 42 200 -140.0200 168.1500 43 295 -144.1500 130.4300 91 155 -199.9800 178.2900 92 198 -204.1900 120.2900
-9.9556547487e-01 6.0898978086e-03 -7.1894032226e+00
38 36 31
8 40 170 -149.5400 208.5000 41 177 -168.7700 210.6600 90 172 -204.9700 190.1400 94 193 -200.3200 165.8700 42 239 -157.8600 144.1200 43 271 -161.6300 106.3900 91 186 -218.3400 152.3800 92 244 -220.2700 94.1700
-1.0126592664e+00 7.6933586549e-03 -7.1849779270e+00
149 148 146
8 40 171 -185.9000 208.5700 41 138 -206.1600 210.1400 90 136 -244.8000 190.5000 94 153 -239.1400 164.6500 42 182 -193.7500 142.8500 43 202 -197.4700 104.6200 91 143 -257.2800 150.3600 92 178 -258.0600 88.8400
-1.0086955887e+00 6.5378127734e-03 -7.1849694777e+00
92 90 88
4 40 172 -178.3400 208.8300 94 192 -231.0300 164.9600 42 237 -186.1800 143.2200 43 270 -189.8200 104.9200
-1.0058545359e+00 6.5281853789e-03 -7.1830109259e+00
105 102 97
7 40 173 -174.7900 213.0400 41 179 -194.9300 214.8900 90 175 -232.8200 195.4000 94 195 -227.6100 169.6800 43 273 -186.4700 109.3900 91 188 -245.5000 155.4900 92 247 -246.7500 94.9100
-1.0068981543e+00 6.4392864515e-03 -7.1817684455e+00
53 45 42
8 40 175 -178.0000 213.9200 41 142 -198.2000 215.8500 90 139 -236.2200 196.4000 94 155 -230.9600 170.6000 42 241 -185.9500 148.4700 43 275 -189.6200 110.3400 91 146 -249.0500 156.6500 92 185 -250.4000 95.8800
-9.9126244398e-01 7.0203964673e-03 -7.1783094691e+00
56 55 43
8 40 180 -151.0900 228.3900 41 187 -171.0600 231.5300 90 183 -206.9600 211.5500 94 198 -202.9300 186.4700 42 251 -159.7600 163.4400 43 283 -163.5000 125.2900 91 199 -221.0500 172.8800 92 253 -224.4000 113.6500
-9.8685332242e-01 7.9479410646e-03 -7.1791895534e+00
121 120 108
8 40 181 -141.7300 231.0300 41 191 -161.7600 234.4000 90 143 -196.8400 214.0100 94 203 -193.2100 189.4300 42 255 -150.8400 166.1500 43 291 -154.9400 128.3500 91 203 -211.6800 176.0300 92 256 -214.9800 117.1100
-9.4698137893e-01 -1.5313502362e-01 -7.0646295014e+00
71 75 76
3 41 40 -104.2100 -0.6000 90 29 -142.6500 -24.3600 94 50 -135.1600 -32.4000
-9.3523217552e-01 -1.6364218353e-01 -7.0337768473e+00
133 142 147
4 41 93 -73.4200 20.0400 90 75 -103.4600 1.5400 94 74 -100.7700 9.6300 42 116 -62.5100 5.0900
-9.3483131171e-01 -1.5815589732e-01 -7.0367778735e+00
117 118 122
2 90 31 -100.6800 55.1600 94 37 -99.4900 58.9800
-9.3426686872e-01 -1.6161144945e-01 -7.0326026076e+00
59 63 66
2 90 53 -98.9600 39.1400 94 57 -98.5000 46.8700
-9.4575439193e-01 -1.4491830579e-01 -7.0303019207e+00
33 33 33
2 90 189 -297.5200 219.9300 94 219 -296.5400 209.1000
-1.1044147305e+00 6.5041443430e-02 -7.3836908185e+00
83 84 79
9 36 27 -175.0100 154.7800 37 22 -166.9000 122.5400 38 18 -190.5100 118.0000 39 20 -185.7600 127.7900 88 24 -219.9400 170.6300 40 23 -177.8300 89.5600 89 25 -243.0200 112.8700 41 21 -193.3900 84.4300 42 23 -181.9900 19.7500
-1.0856441871e+00 -2.1116156451e-03 -7.3780132125e+00
97 90 84
10 38 138 -168.7400 51.9200 39 123 -160.8100 62.7900 88 131 -196.0000 98.7400 93 113 -197.6000 79.1700 89 125 -218.1800 45.9600 90 158 -206.2500 -3.9600 94 180 -195.1500 -25.5400 42 216 -158.9300 -37.5600 91 172 -210.2400 -40.8400 92 226 -201.2300 -96.1500
-1.0856441871e+00 -2.1116156451e-03 -7.3780132125e+00
97 90 84
10 38 139 -168.7400 51.9200 39 124 -160.8100 62.7900 88 132 -196.0000 98.7400 93 114 -197.6000 79.1700 89 126 -218.1800 45.9600 90 159 -206.2500 -3.9600 94 181 -195.1500 -25.5400 42 217 -158.9300 -37.5600 91 173 -210.2400 -40.8400 92 227 -201.2300 -96.1500
-9.2914138023e-01 -1.6821417855e-01 -7.0421948167e+00
80 83 98
3 39 108 0.9900 -56.9700 42 111 28.4100 -56.5100 43 92 40.0900 -40.1100
-1.0662343990e+00 -7.7365901899e-03 -7.3334974546e+00
19 19 17
3 39 126 -163.0200 80.8800 90 161 -208.4500 14.6900 91 177 -213.6200 -23.0400
-1.0132149476e+00 2.9019704972e-02 -7.2441763376e+00
15 16 17
4 39 136 -150.4300 212.3700 90 168 -196.4500 149.6000 42 227 -150.2700 106.4600 92 237 -207.7000 55.3000
-1.0112553991e+00 -2.1779628426e-02 -7.2377542363e+00
60 61 65
5 88 120 -172.7200 181.7400 89 100 -199.5000 130.6900 94 150 -179.6300 58.7600 91 139 -195.5600 46.4400 92 235 -192.0300 -5.8700
-1.0376012665e+00 4.6076286405e-02 -7.2055714197e+00
146 147 147
5 40 88 -214.7400 229.9200 41 84 -236.5300 229.5500 42 123 -222.1000 158.7500 43 106 -225.4600 117.3400 92 123 -288.3800 99.1300
-1.0323600684e+00 4.2328060417e-02 -7.2018854554e+00
6 18 41
7 40 89 -208.3000 231.7200 90 83 -270.1800 212.7800 94 100 -264.2600 183.7300 42 124 -216.2700 160.9200 43 108 -219.5000 120.8200 91 102 -283.4100 167.6100 92 125 -283.3000 102.8700
-1.0335490107e+00 4.6326947397e-02 -7.2121259525e+00
118 118 119
8 40 104 -202.8100 223.3300 41 102 -224.0300 223.2100 90 82 -260.7200 203.4500 94 81 -254.2300 175.6200 42 121 -210.5800 153.5500 43 134 -213.6900 112.8800 91 81 -273.8100 160.1100 92 95 -274.7100 95.9500
-1.0331442132e+00 4.5296953427e-02 -7.2110887115e+00
118 118 119
7 40 105 -202.8100 223.3300 41 103 -224.0300 223.2100 94 82 -254.2300 175.6200 42 122 -210.5800 153.5500 43 135 -213.6900 112.8800 91 82 -273.8100 160.1100 92 96 -274.7100 95.9500
-9.9976301442e-01 6.7344911100e-03 -7.1801700721e+00
134 125 120
2 40 119 -165.8300 220.4500 43 171 -177.8100 117.2100
-1.0048171258e+00 6.1272367992e-03 -7.1793109164e+00
128 121 115
7 40 138 -176.3700 217.9900 41 145 -196.6800 220.3000 90 120 -234.4900 200.8400 42 187 -184.4300 152.6300 43 208 -188.0600 114.6200 91 119 -247.4500 161.0900 92 190 -249.2700 100.2200
-9.8338164244e-01 2.3727662250e-03 -7.1778592658e+00
70 76 56
2 40 141 -134.8200 225.1600 43 213 -147.7900 123.2000
-1.0215283831e+00 3.4932314622e-02 -7.2021143048e+00
7 16 43
8 40 179 -189.0500 224.7300 41 183 -210.0700 225.0200 90 99 -249.5000 207.5600 94 197 -243.0800 178.7100 42 192 -197.4400 156.1500 43 279 -200.9600 115.6700 91 194 -261.1000 162.9600 92 249 -262.6700 99.8500
-9.9759205979e-01 6.2456713302e-03 -7.1736493979e+00
126 113 110
7 40 182 -167.7300 231.0200 41 189 -188.2300 233.7300 90 144 -225.2400 214.2900 42 254 -176.1000 165.3600 43 286 -179.8500 127.0600 91 201 -239.1200 174.6600 92 255 -241.7100 113.8200
-9.8866714573e-01 8.6568580915e-03 -7.1759951020e+00
53 49 44
4 40 184 -147.9300 236.3800 90 149 -203.6000 219.4100 43 296 -160.8300 132.4600 91 208 -218.3800 180.8700
-1.0088859897e+00 2.4587137901e-02 -7.2371673779e+00
47 49 47
8 89 81 -206.5000 208.7700 41 79 -158.2700 174.7200 90 77 -193.8200 152.5200 94 78 -187.9400 128.8100 42 95 -148.0300 109.1000 43 102 -151.4300 70.6300 91 78 -205.3800 114.9200 92 91 -205.5600 58.2400
-1.0133884434e+00 1.5400938847e-02 -7.1881547819e+00
168 167 164
5 41 46 -206.1800 218.5800 90 55 -244.5800 198.6300 94 53 -238.9800 171.5900 91 50 -256.4900 157.8600 92 44 -257.8300 96.0100
-1.0103914898e+00 3.6634110258e-02 -7.2264707095e+00
109 108 106
7 41 98 -171.5800 203.2800 90 114 -206.3200 181.0100 94 123 -200.8000 156.3300 42 147 -160.7100 135.4400 43 163 -164.3500 96.2500 91 116 -219.3000 141.8900 92 146 -221.0200 83.1600
-9.8354241934e-01 -4.2663713576e-03 -7.1801944556e+00
34 40 37
4 41 139 -150.7700 213.4400 94 154 -181.7400 168.7700 43 274 -144.0800 109.9300 91 145 -199.3700 155.8800
-1.0018226485e+00 1.0051573987e-02 -7.1775102970e+00
125 115 111
5 41 148 -194.0300 231.4900 90 184 -230.5800 212.1100 94 200 -226.2400 186.3600 42 250 -181.4500 163.1700 43 282 -184.7900 124.8800
-9.9916051239e-01 9.1566462057e-03 -7.1849317409e+00
126 122 117
4 41 181 -180.6200 220.4200 90 177 -216.9900 199.9600 94 196 -212.7800 175.4600 91 193 -230.7000 161.6300
-1.0373095212e+00 5.3043249563e-02 -7.2194018143e+00
130 133 132
5 41 182 -224.0200 221.6400 94 159 -254.4300 173.9400 43 276 -214.2400 111.1600 91 190 -274.2100 158.2400 92 245 -275.0400 93.9800
-1.0011377752e+00 4.9617355246e-03 -7.1753989025e+00
131 120 116
4 41 184 -193.2000 226.4500 42 247 -181.2300 158.3700 91 195 -243.8700 167.5500 92 251 -246.3600 106.5500
-1.0008083656e+00 3.9045212411e-03 -7.1744074638e+00
131 120 116
5 41 185 -193.2000 226.4500 94 163 -226.6600 181.0800 42 248 -181.2300 158.3700 91 196 -243.8700 167.5500 92 252 -246.3600 106.5500
-1.0299034619e+00 3.4328737538e-02 -7.1955713073e+00
4 14 39
6 41 186 -231.9800 228.9600 90 182 -271.8000 210.6000 42 193 -217.4600 159.1400 43 211 -220.9500 118.7100 91 151 -284.0500 166.5900 92 150 -284.0500 101.5100
-1.0418940289e+00 5.3162941693e-02 -7.2088249977e+00
37 40 44
7 41 190 -240.8300 233.3200 90 186 -281.1900 215.0800 94 131 -275.1600 185.1000 42 194 -226.5700 161.7300 43 212 -229.9800 120.3700 91 152 -293.4200 169.7000 92 193 -293.5800 102.4200
-9.8445549667e-01 3.1745976794e-03 -7.1732708394e+00
77 74 65
2 41 192 -160.4600 237.0000 91 206 -210.6900 178.6700
-9.9136202561e-01 3.8466098641e-03 -7.1709235208e+00
91 77 70
6 90 100 -213.6700 218.3800 94 103 -209.9900 193.0100 42 152 -166.0400 169.5100 43 172 -169.7200 131.1100 91 103 -227.9600 179.0700 92 153 -231.6800 119.0700
-9.9299219437e-01 4.3849120725e-03 -7.1681990388e+00
139 128 125
6 90 101 -220.6000 223.3400 94 136 -216.5600 197.4600 42 156 -171.8900 173.5300 43 175 -175.6100 135.1000 91 124 -234.8800 183.4800 92 156 -238.0900 122.3600
-9.9299219437e-01 4.3849120725e-03 -7.1681990388e+00
139 128 125
6 90 102 -220.6000 223.3400 94 137 -216.5600 197.4600 42 157 -171.8900 173.5300 43 176 -175.6100 135.1000 91 125 -234.8800 183.4800 92 157 -238.0900 122.3600
-9.9895812898e-01 5.7841030027e-03 -7.1677077546e+00
140 129 123
6 90 103 -234.7900 223.3700 94 104 -230.2900 196.7700 42 155 -184.4000 172.7100 43 174 -188.1300 134.1500 91 104 -248.7600 182.6800 92 155 -251.4700 120.7200
-9.9950852908e-01 8.3453796211e-03 -7.1666097845e+00
56 51 46
6 90 126 -237.8500 229.7100 94 138 -233.4800 202.8500 42 158 -187.1500 178.2500 43 178 -190.9400 139.5300 91 126 -251.8800 188.4600 92 159 -254.7600 125.6700
-9.9517196040e-01 4.5816750021e-03 -7.1659159632e+00
133 123 115
4 90 152 -228.1500 226.8900 42 203 -178.5300 176.0900 91 157 -242.6000 186.1000 92 199 -245.4900 124.3400
-9.9235451077e-01 -2.4788696772e-04 -7.1663407427e+00
72 57 52
3 90 187 -219.9900 218.9200 91 207 -234.1500 179.4500 92 257 -237.5800 118.4400
-9.9445413825e-01 -3.8946642498e-03 -7.1583717484e+00
134 122 116
2 90 194 -233.9000 225.6200 92 259 -250.9700 122.4900
-9.9105191000e-01 3.3268413131e-03 -7.1646102102e+00
60 52 50
4 90 195 -219.9200 229.2600 42 261 -171.4400 178.7800 91 210 -234.5800 189.1000 92 261 -238.3000 127.7200
-9.3646229198e-01 -1.6403269037e-01 -7.0356258602e+00
93 100 104
5 94 71 -108.3200 -10.2800 42 114 -68.4800 -11.4600 43 100 -64.2500 12.2600 91 76 -114.3400 31.4800 92 90 -115.1400 35.4800
-9.1719755455e-01 -1.6216236174e-01 -7.0455053682e+00
53 50 66
4 42 30 123.1400 16.2300 43 40 136.5800 35.7700 91 30 102.1500 62.2000 92 33 90.5900 72.6900
-9.3448860515e-01 -1.5247715124e-01 -7.0691777941e+00
69 72 95
2 43 21 -10.8600 -33.7200 92 24 -54.9200 -10.1500
-9.3223951492e-01 -1.6287376798e-01 -7.0352868018e+00
80 91 113
3 43 41 -19.4700 40.8500 91 36 -64.3800 63.9900 92 32 -70.6600 68.6200
-9.4021524987e-01 -1.6110550489e-01 -7.0475437470e+00
63 67 71
3 43 57 -73.4800 -30.4800 91 45 -123.0000 -13.8600 92 56 -121.5300 -12.5100
-9.3709242549e-01 -1.6489206813e-01 -7.0376755211e+00
88 95 101
3 43 96 -62.8100 -9.8900 91 73 -111.9300 5.1000 92 89 -111.1900 13.1600
-9.3533537326e-01 -1.6144228241e-01 -7.0334092709e+00
127 134 138
2 43 101 -63.4600 56.8100 92 93 -119.3900 82.1800
-9.4039897562e-01 -1.6126719355e-01 -7.0456605956e+00
141 149 152
3 43 158 -79.7400 -24.9600 91 95 -131.4500 -7.7200 92 118 -127.6200 -6.8800
-9.2238816839e-01 -1.5925940890e-01 -7.0676751069e+00
58 59 77
2 91 55 38.1000 -19.8000 92 41 36.8700 -9.4100
